------------------------------------------------------------------------------------------------------------------------

[2025-02-25 20:56:54 #1 store] 
Database 'C:\Users\baque\Downloads\Rides24-master\Rides24-master\src\main\resources\rides.temp' is opened by 27220@LAPTOP-8LAMOHBR

[2025-02-25 20:56:55 #2 type.registry] 
New type domain.Driver

[2025-02-25 20:56:55 #3 type] 
Type domain.Driver is not enhanced.

[2025-02-25 20:56:55 #4 type.registry] 
New type domain.Ride

[2025-02-25 20:56:55 #5 type] 
Type domain.Ride is not enhanced.

[2025-02-25 20:56:55 #6 type.registry] 
New type java.util.Vector<java.lang.Object>

[2025-02-25 20:56:55 #7 type.registry] 
New type java.util.Vector<domain.Ride>

------------------------------------------------------------------------------------------------------------------------

[2025-02-25 20:58:26 #1 store] 
Database 'C:\Users\baque\Downloads\Rides24-master\Rides24-master\src\main\resources\rides.temp' is opened by 14716@LAPTOP-8LAMOHBR

[2025-02-25 20:58:27 #2 type.registry] 
New type domain.Driver

[2025-02-25 20:58:27 #3 type] 
Type domain.Driver is not enhanced.

[2025-02-25 20:58:27 #4 type.registry] 
New type domain.Ride

[2025-02-25 20:58:27 #5 type] 
Type domain.Ride is not enhanced.

[2025-02-25 20:58:27 #6 type.registry] 
New type java.util.Vector<java.lang.Object>

[2025-02-25 20:58:27 #7 type.registry] 
New type java.util.Vector<domain.Ride>

