------------------------------------------------------------------------------------------------------------------------

[2025-03-05 12:53:07 #1 store] 
Database 'C:\Users\34639\eclipse-workspace\IS\Rides24\src\main\resources\rides.temp' has been recovered (tr. 1-8)

[2025-03-05 12:53:08 #2 store] 
Database 'C:\Users\34639\eclipse-workspace\IS\Rides24\src\main\resources\rides.temp' is opened by 10264@DESKTOP-MHH985K

[2025-03-05 12:53:08 #3 type] 
Type domain.Driver is not enhanced.

[2025-03-05 12:53:08 #4 type] 
Type domain.Ride is not enhanced.

[2025-03-05 12:53:08 #5 type] 
Type domain.Passenger is not enhanced.

------------------------------------------------------------------------------------------------------------------------

[2025-03-05 12:54:05 #1 store] 
Database 'C:\Users\34639\eclipse-workspace\IS\Rides24\src\main\resources\rides.temp' is opened by 15800@DESKTOP-MHH985K

[2025-03-05 12:54:05 #2 type] 
Type domain.Driver is not enhanced.

[2025-03-05 12:54:05 #3 type] 
Type domain.Ride is not enhanced.

[2025-03-05 12:54:05 #4 type] 
Type domain.Passenger is not enhanced.

------------------------------------------------------------------------------------------------------------------------

[2025-03-05 13:29:04 #1 store] 
Database 'C:\Users\34639\eclipse-workspace\IS\Rides24\src\main\resources\rides.temp' is opened by 2304@DESKTOP-MHH985K

[2025-03-05 13:29:04 #2 type] 
Type domain.Driver is not enhanced.

[2025-03-05 13:29:04 #3 type] 
Type domain.Ride is not enhanced.

[2025-03-05 13:29:04 #4 type] 
Type domain.Passenger is not enhanced.

------------------------------------------------------------------------------------------------------------------------

[2025-03-05 13:31:53 #1 store] 
Database 'C:\Users\34639\eclipse-workspace\IS\Rides24\src\main\resources\rides.temp' is opened by 1792@DESKTOP-MHH985K

[2025-03-05 13:31:53 #2 type] 
Type domain.Driver is not enhanced.

[2025-03-05 13:31:53 #3 type] 
Type domain.Ride is not enhanced.

[2025-03-05 13:31:53 #4 type] 
Type domain.Passenger is not enhanced.

------------------------------------------------------------------------------------------------------------------------

[2025-03-05 13:32:55 #1 store] 
Database 'C:\Users\34639\eclipse-workspace\IS\Rides24\src\main\resources\rides.temp' is opened by 20160@DESKTOP-MHH985K

[2025-03-05 13:32:55 #2 type] 
Type domain.Driver is not enhanced.

[2025-03-05 13:32:56 #3 type] 
Type domain.Ride is not enhanced.

[2025-03-05 13:32:56 #4 type] 
Type domain.Passenger is not enhanced.

------------------------------------------------------------------------------------------------------------------------

[2025-03-05 13:33:16 #1 store] 
Database 'C:\Users\34639\eclipse-workspace\IS\Rides24\src\main\resources\rides.temp' is opened by 3704@DESKTOP-MHH985K

[2025-03-05 13:33:16 #2 type] 
Type domain.Driver is not enhanced.

[2025-03-05 13:33:16 #3 type] 
Type domain.Ride is not enhanced.

[2025-03-05 13:33:16 #4 type] 
Type domain.Passenger is not enhanced.

------------------------------------------------------------------------------------------------------------------------

[2025-03-05 13:33:28 #1 store] 
Database 'C:\Users\34639\eclipse-workspace\IS\Rides24\src\main\resources\rides.temp' has been recovered (tr. 12-12)

[2025-03-05 13:33:28 #2 store] 
Database 'C:\Users\34639\eclipse-workspace\IS\Rides24\src\main\resources\rides.temp' is opened by 11496@DESKTOP-MHH985K

[2025-03-05 13:33:28 #3 type] 
Type domain.Driver is not enhanced.

[2025-03-05 13:33:28 #4 type] 
Type domain.Ride is not enhanced.

[2025-03-05 13:33:28 #5 type] 
Type domain.Passenger is not enhanced.

------------------------------------------------------------------------------------------------------------------------

[2025-03-05 13:37:11 #1 store] 
Database 'C:\Users\34639\eclipse-workspace\IS\Rides24\src\main\resources\rides.temp' is opened by 3184@DESKTOP-MHH985K

[2025-03-05 13:37:11 #2 type] 
Type domain.Driver is not enhanced.

[2025-03-05 13:37:11 #3 type] 
Type domain.Ride is not enhanced.

[2025-03-05 13:37:11 #4 type] 
Type domain.Passenger is not enhanced.

------------------------------------------------------------------------------------------------------------------------

[2025-03-05 18:44:48 #1 store] 
Database 'C:\Users\baque\Downloads\rides24_hecho_en_kontseilu\Rides24\src\main\resources\rides.temp' is opened by 16868@LAPTOP-8LAMOHBR

[2025-03-05 18:44:48 #2 type] 
Type domain.Driver is not enhanced.

[2025-03-05 18:44:49 #3 type] 
Type domain.Ride is not enhanced.

[2025-03-05 18:44:49 #4 type] 
Type domain.Passenger is not enhanced.

------------------------------------------------------------------------------------------------------------------------

[2025-03-05 18:45:01 #1 store] 
Database 'C:\Users\baque\Downloads\rides24_hecho_en_kontseilu\Rides24\src\main\resources\rides.temp' is opened by 21748@LAPTOP-8LAMOHBR

[2025-03-05 18:45:01 #2 type] 
Type domain.Driver is not enhanced.

[2025-03-05 18:45:01 #3 type] 
Type domain.Ride is not enhanced.

[2025-03-05 18:45:01 #4 type] 
Type domain.Passenger is not enhanced.

------------------------------------------------------------------------------------------------------------------------

[2025-03-05 19:28:54 #1 store] 
Database 'C:\Users\baque\Downloads\rides24_hecho_en_kontseilu\Rides24\src\main\resources\rides.temp' has been recovered (tr. 13-13)

[2025-03-05 19:28:54 #2 store] 
Database 'C:\Users\baque\Downloads\rides24_hecho_en_kontseilu\Rides24\src\main\resources\rides.temp' is opened by 14840@LAPTOP-8LAMOHBR

[2025-03-05 19:28:54 #3 type] 
Type domain.Driver is not enhanced.

[2025-03-05 19:28:54 #4 type] 
Type domain.Ride is not enhanced.

[2025-03-05 19:28:54 #5 type] 
Type domain.Passenger is not enhanced.

------------------------------------------------------------------------------------------------------------------------

[2025-03-05 19:29:49 #1 store] 
Database 'C:\Users\baque\Downloads\rides24_hecho_en_kontseilu\Rides24\src\main\resources\rides.temp' has been recovered (tr. 14-14)

[2025-03-05 19:29:49 #2 store] 
Database 'C:\Users\baque\Downloads\rides24_hecho_en_kontseilu\Rides24\src\main\resources\rides.temp' is opened by 32604@LAPTOP-8LAMOHBR

[2025-03-05 19:29:50 #3 type] 
Type domain.Driver is not enhanced.

[2025-03-05 19:29:50 #4 type] 
Type domain.Ride is not enhanced.

[2025-03-05 19:29:50 #5 type] 
Type domain.Passenger is not enhanced.

------------------------------------------------------------------------------------------------------------------------

[2025-03-05 20:14:22 #1 store] 
Database 'C:\Users\34639\Desktop\IS\Rides_quieroTerminarloYaa\Rides24\src\main\resources\rides.temp' has been recovered (tr. 15-15)

[2025-03-05 20:14:22 #2 store] 
Database 'C:\Users\34639\Desktop\IS\Rides_quieroTerminarloYaa\Rides24\src\main\resources\rides.temp' is opened by 12380@DESKTOP-MHH985K

[2025-03-05 20:14:22 #3 type] 
Type domain.Driver is not enhanced.

[2025-03-05 20:14:22 #4 type] 
Type domain.Ride is not enhanced.

[2025-03-05 20:14:22 #5 type] 
Type domain.Passenger is not enhanced.

------------------------------------------------------------------------------------------------------------------------

[2025-03-05 20:15:00 #1 store] 
Database 'C:\Users\34639\Desktop\IS\Rides_quieroTerminarloYaa\Rides24\src\main\resources\rides.temp' is opened by 21768@DESKTOP-MHH985K

[2025-03-05 20:15:01 #2 type] 
Type domain.Driver is not enhanced.

[2025-03-05 20:15:01 #3 type] 
Type domain.Ride is not enhanced.

[2025-03-05 20:15:01 #4 type] 
Type domain.Passenger is not enhanced.

------------------------------------------------------------------------------------------------------------------------

[2025-03-05 20:37:31 #1 store] 
Database 'C:\Users\34639\Desktop\IS\Rides_quieroTerminarloYaa\Rides24\src\main\resources\rides.temp' has been recovered (tr. 16-16)

[2025-03-05 20:37:31 #2 store] 
Database 'C:\Users\34639\Desktop\IS\Rides_quieroTerminarloYaa\Rides24\src\main\resources\rides.temp' is opened by 6488@DESKTOP-MHH985K

[2025-03-05 20:37:31 #3 type] 
Type domain.Driver is not enhanced.

[2025-03-05 20:37:31 #4 type] 
Type domain.Ride is not enhanced.

[2025-03-05 20:37:31 #5 type] 
Type domain.Passenger is not enhanced.

------------------------------------------------------------------------------------------------------------------------

[2025-03-05 20:37:45 #1 store] 
Database 'C:\Users\34639\Desktop\IS\Rides_quieroTerminarloYaa\Rides24\src\main\resources\rides.temp' is opened by 22780@DESKTOP-MHH985K

[2025-03-05 20:37:45 #2 type] 
Type domain.Driver is not enhanced.

[2025-03-05 20:37:45 #3 type] 
Type domain.Ride is not enhanced.

[2025-03-05 20:37:45 #4 type] 
Type domain.Passenger is not enhanced.

------------------------------------------------------------------------------------------------------------------------

[2025-03-05 20:38:40 #1 store] 
Database 'C:\Users\34639\Desktop\IS\Rides_quieroTerminarloYaa\Rides24\src\main\resources\rides.temp' has been recovered (tr. 17-17)

[2025-03-05 20:38:40 #2 store] 
Database 'C:\Users\34639\Desktop\IS\Rides_quieroTerminarloYaa\Rides24\src\main\resources\rides.temp' is opened by 12040@DESKTOP-MHH985K

[2025-03-05 20:38:40 #3 type] 
Type domain.Driver is not enhanced.

[2025-03-05 20:38:40 #4 type] 
Type domain.Ride is not enhanced.

[2025-03-05 20:38:40 #5 type] 
Type domain.Passenger is not enhanced.

------------------------------------------------------------------------------------------------------------------------

[2025-03-05 20:42:29 #1 store] 
Database 'C:\Users\34639\Desktop\IS\Rides_quieroTerminarloYaa\Rides24\src\main\resources\rides.temp' is opened by 19900@DESKTOP-MHH985K

[2025-03-05 20:42:29 #2 type] 
Type domain.Driver is not enhanced.

[2025-03-05 20:42:29 #3 type] 
Type domain.Ride is not enhanced.

[2025-03-05 20:42:29 #4 type] 
Type domain.Passenger is not enhanced.

------------------------------------------------------------------------------------------------------------------------

[2025-03-05 20:56:23 #1 store] 
Database 'C:\Users\34639\Desktop\IS\Rides_quieroTerminarloYaa\Rides24\src\main\resources\rides.temp' is opened by 11240@DESKTOP-MHH985K

[2025-03-05 20:56:23 #2 type] 
Type domain.Driver is not enhanced.

[2025-03-05 20:56:23 #3 type] 
Type domain.Ride is not enhanced.

[2025-03-05 20:56:23 #4 type] 
Type domain.Passenger is not enhanced.

------------------------------------------------------------------------------------------------------------------------

[2025-03-05 20:57:29 #1 store] 
Database 'C:\Users\34639\Desktop\IS\Rides_quieroTerminarloYaa\Rides24\src\main\resources\rides.temp' is opened by 5188@DESKTOP-MHH985K

[2025-03-05 20:57:29 #2 type] 
Type domain.Driver is not enhanced.

[2025-03-05 20:57:29 #3 type] 
Type domain.Ride is not enhanced.

[2025-03-05 20:57:29 #4 type] 
Type domain.Passenger is not enhanced.

------------------------------------------------------------------------------------------------------------------------

[2025-03-05 20:57:42 #1 store] 
Database 'C:\Users\34639\Desktop\IS\Rides_quieroTerminarloYaa\Rides24\src\main\resources\rides.temp' is opened by 21208@DESKTOP-MHH985K

[2025-03-05 20:57:42 #2 type] 
Type domain.Driver is not enhanced.

[2025-03-05 20:57:42 #3 type] 
Type domain.Ride is not enhanced.

[2025-03-05 20:57:42 #4 type] 
Type domain.Passenger is not enhanced.

------------------------------------------------------------------------------------------------------------------------

[2025-03-05 20:59:31 #1 store] 
Database 'C:\Users\34639\Desktop\IS\Rides_quieroTerminarloYaa\Rides24\src\main\resources\rides.temp' has been recovered (tr. 18-18)

[2025-03-05 20:59:31 #2 store] 
Database 'C:\Users\34639\Desktop\IS\Rides_quieroTerminarloYaa\Rides24\src\main\resources\rides.temp' is opened by 20708@DESKTOP-MHH985K

[2025-03-05 20:59:31 #3 type] 
Type domain.Driver is not enhanced.

[2025-03-05 20:59:31 #4 type] 
Type domain.Ride is not enhanced.

[2025-03-05 20:59:31 #5 type] 
Type domain.Passenger is not enhanced.

------------------------------------------------------------------------------------------------------------------------

[2025-03-05 21:00:31 #1 store] 
Database 'C:\Users\34639\Desktop\IS\Rides_quieroTerminarloYaa\Rides24\src\main\resources\rides.temp' is opened by 3244@DESKTOP-MHH985K

[2025-03-05 21:00:31 #2 type] 
Type domain.Driver is not enhanced.

[2025-03-05 21:00:31 #3 type] 
Type domain.Ride is not enhanced.

[2025-03-05 21:00:31 #4 type] 
Type domain.Passenger is not enhanced.

------------------------------------------------------------------------------------------------------------------------

[2025-03-05 21:01:55 #1 store] 
Database 'C:\Users\34639\Desktop\IS\Rides_quieroTerminarloYaa\Rides24\src\main\resources\rides.temp' is opened by 21492@DESKTOP-MHH985K

[2025-03-05 21:01:55 #2 type] 
Type domain.Driver is not enhanced.

[2025-03-05 21:01:55 #3 type] 
Type domain.Ride is not enhanced.

[2025-03-05 21:01:55 #4 type] 
Type domain.Passenger is not enhanced.

------------------------------------------------------------------------------------------------------------------------

[2025-03-05 21:02:22 #1 store] 
Database 'C:\Users\34639\Desktop\IS\Rides_quieroTerminarloYaa\Rides24\src\main\resources\rides.temp' is opened by 20504@DESKTOP-MHH985K

[2025-03-05 21:02:22 #2 type] 
Type domain.Driver is not enhanced.

[2025-03-05 21:02:22 #3 type] 
Type domain.Ride is not enhanced.

[2025-03-05 21:02:22 #4 type] 
Type domain.Passenger is not enhanced.

------------------------------------------------------------------------------------------------------------------------

[2025-03-05 21:03:00 #1 store] 
Database 'C:\Users\34639\Desktop\IS\Rides_quieroTerminarloYaa\Rides24\src\main\resources\rides.temp' is opened by 14832@DESKTOP-MHH985K

[2025-03-05 21:03:00 #2 type] 
Type domain.Driver is not enhanced.

[2025-03-05 21:03:00 #3 type] 
Type domain.Ride is not enhanced.

[2025-03-05 21:03:00 #4 type] 
Type domain.Passenger is not enhanced.

------------------------------------------------------------------------------------------------------------------------

[2025-03-05 21:04:30 #1 store] 
Database 'C:\Users\34639\Desktop\IS\Rides_quieroTerminarloYaa\Rides24\src\main\resources\rides.temp' is opened by 20272@DESKTOP-MHH985K

[2025-03-05 21:04:30 #2 type] 
Type domain.Driver is not enhanced.

[2025-03-05 21:04:30 #3 type] 
Type domain.Ride is not enhanced.

[2025-03-05 21:04:30 #4 type] 
Type domain.Passenger is not enhanced.

------------------------------------------------------------------------------------------------------------------------

[2025-03-05 21:05:56 #1 store] 
Database 'C:\Users\34639\Desktop\IS\Rides_quieroTerminarloYaa\Rides24\src\main\resources\rides.temp' is opened by 24064@DESKTOP-MHH985K

[2025-03-05 21:05:56 #2 type] 
Type domain.Driver is not enhanced.

[2025-03-05 21:05:56 #3 type] 
Type domain.Ride is not enhanced.

[2025-03-05 21:05:56 #4 type] 
Type domain.Passenger is not enhanced.

------------------------------------------------------------------------------------------------------------------------

[2025-03-05 21:09:58 #1 store] 
Database 'C:\Users\34639\Desktop\IS\Rides_quieroTerminarloYaa\Rides24\src\main\resources\rides.temp' is opened by 2864@DESKTOP-MHH985K

[2025-03-05 21:09:58 #2 type] 
Type domain.Driver is not enhanced.

[2025-03-05 21:09:58 #3 type] 
Type domain.Ride is not enhanced.

[2025-03-05 21:09:58 #4 type] 
Type domain.Passenger is not enhanced.

------------------------------------------------------------------------------------------------------------------------

[2025-03-05 21:10:46 #1 store] 
Database 'C:\Users\34639\Desktop\IS\Rides_quieroTerminarloYaa\Rides24\src\main\resources\rides.temp' is opened by 23744@DESKTOP-MHH985K

[2025-03-05 21:10:46 #2 type] 
Type domain.Driver is not enhanced.

[2025-03-05 21:10:46 #3 type] 
Type domain.Ride is not enhanced.

[2025-03-05 21:10:46 #4 type] 
Type domain.Passenger is not enhanced.

------------------------------------------------------------------------------------------------------------------------

[2025-03-05 21:14:00 #1 store] 
Database 'C:\Users\34639\Desktop\IS\Rides_quieroTerminarloYaa\Rides24\src\main\resources\rides.temp' is opened by 23580@DESKTOP-MHH985K

[2025-03-05 21:14:00 #2 type] 
Type domain.Driver is not enhanced.

[2025-03-05 21:14:00 #3 type] 
Type domain.Ride is not enhanced.

[2025-03-05 21:14:00 #4 type] 
Type domain.Passenger is not enhanced.

------------------------------------------------------------------------------------------------------------------------

[2025-03-05 21:16:32 #1 store] 
Database 'C:\Users\34639\Desktop\IS\Rides_quieroTerminarloYaa\Rides24\src\main\resources\rides.temp' is opened by 24660@DESKTOP-MHH985K

[2025-03-05 21:16:33 #2 type] 
Type domain.Driver is not enhanced.

[2025-03-05 21:16:33 #3 type] 
Type domain.Ride is not enhanced.

[2025-03-05 21:16:33 #4 type] 
Type domain.Passenger is not enhanced.

------------------------------------------------------------------------------------------------------------------------

[2025-03-05 21:17:00 #1 store] 
Database 'C:\Users\34639\Desktop\IS\Rides_quieroTerminarloYaa\Rides24\src\main\resources\rides.temp' is opened by 17836@DESKTOP-MHH985K

[2025-03-05 21:17:01 #2 type] 
Type domain.Driver is not enhanced.

[2025-03-05 21:17:01 #3 type] 
Type domain.Ride is not enhanced.

[2025-03-05 21:17:01 #4 type] 
Type domain.Passenger is not enhanced.

------------------------------------------------------------------------------------------------------------------------

[2025-03-05 21:17:22 #1 store] 
Database 'C:\Users\34639\Desktop\IS\Rides_quieroTerminarloYaa\Rides24\src\main\resources\rides.temp' is opened by 6784@DESKTOP-MHH985K

[2025-03-05 21:17:22 #2 type] 
Type domain.Driver is not enhanced.

[2025-03-05 21:17:22 #3 type] 
Type domain.Ride is not enhanced.

[2025-03-05 21:17:22 #4 type] 
Type domain.Passenger is not enhanced.

------------------------------------------------------------------------------------------------------------------------

[2025-03-05 21:17:31 #1 store] 
Database 'C:\Users\34639\Desktop\IS\Rides_quieroTerminarloYaa\Rides24\src\main\resources\rides.temp' is opened by 10636@DESKTOP-MHH985K

[2025-03-05 21:17:31 #2 type] 
Type domain.Driver is not enhanced.

[2025-03-05 21:17:31 #3 type] 
Type domain.Ride is not enhanced.

[2025-03-05 21:17:31 #4 type] 
Type domain.Passenger is not enhanced.

------------------------------------------------------------------------------------------------------------------------

[2025-03-05 21:17:44 #1 store] 
Database 'C:\Users\34639\Desktop\IS\Rides_quieroTerminarloYaa\Rides24\src\main\resources\rides.temp' is opened by 22340@DESKTOP-MHH985K

[2025-03-05 21:17:45 #2 type] 
Type domain.Driver is not enhanced.

[2025-03-05 21:17:45 #3 type] 
Type domain.Ride is not enhanced.

[2025-03-05 21:17:45 #4 type] 
Type domain.Passenger is not enhanced.

