------------------------------------------------------------------------------------------------------------------------

[2025-10-02 16:47:03 #1 store] 
Database 'C:\Users\mikel\git\ridesFinal\Rides24\src\main\resources\rides.temp' has been recovered (tr. 137-148)

[2025-10-02 16:47:03 #2 store] 
Database 'C:\Users\mikel\git\ridesFinal\Rides24\src\main\resources\rides.temp' is opened by 3880@ASUS-VivoBook

[2025-10-02 16:47:03 #3 type] 
Type domain.Driver is not enhanced.

[2025-10-02 16:47:03 #4 type] 
Type domain.Monedero is not enhanced.

[2025-10-02 16:47:03 #5 type] 
Type domain.Ride is not enhanced.

[2025-10-02 16:47:03 #6 type] 
Type domain.Transaction is not enhanced.

[2025-10-02 16:47:03 #7 type] 
Type domain.Passenger is not enhanced.

[2025-10-02 16:47:03 #8 type] 
Type domain.Mail is not enhanced.

[2025-10-02 16:47:03 #9 type] 
Type domain.Reservation is not enhanced.

------------------------------------------------------------------------------------------------------------------------

[2025-10-02 16:49:56 #1 store] 
Database 'C:\Users\mikel\git\ridesFinal\Rides24\src\main\resources\rides.temp' is opened by 26320@ASUS-VivoBook

[2025-10-02 16:49:56 #2 type] 
Type domain.Driver is not enhanced.

[2025-10-02 16:49:56 #3 type] 
Type domain.Monedero is not enhanced.

[2025-10-02 16:49:56 #4 type] 
Type domain.Ride is not enhanced.

[2025-10-02 16:49:56 #5 type] 
Type domain.Transaction is not enhanced.

[2025-10-02 16:49:56 #6 type] 
Type domain.Passenger is not enhanced.

[2025-10-02 16:49:56 #7 type] 
Type domain.Mail is not enhanced.

[2025-10-02 16:49:56 #8 type] 
Type domain.Reservation is not enhanced.

------------------------------------------------------------------------------------------------------------------------

[2025-10-02 16:50:11 #1 store] 
Database 'C:\Users\mikel\git\ridesFinal\Rides24\src\main\resources\rides.temp' is opened by 26340@ASUS-VivoBook

[2025-10-02 16:50:11 #2 type] 
Type domain.Driver is not enhanced.

[2025-10-02 16:50:11 #3 type] 
Type domain.Monedero is not enhanced.

[2025-10-02 16:50:12 #4 type] 
Type domain.Ride is not enhanced.

[2025-10-02 16:50:12 #5 type] 
Type domain.Transaction is not enhanced.

[2025-10-02 16:50:12 #6 type] 
Type domain.Passenger is not enhanced.

[2025-10-02 16:50:12 #7 type] 
Type domain.Mail is not enhanced.

[2025-10-02 16:50:12 #8 type] 
Type domain.Reservation is not enhanced.

------------------------------------------------------------------------------------------------------------------------

[2025-10-02 16:50:22 #1 store] 
Database 'C:\Users\mikel\git\ridesFinal\Rides24\src\main\resources\rides.temp' has been recovered (tr. 149-152)

[2025-10-02 16:50:22 #2 store] 
Database 'C:\Users\mikel\git\ridesFinal\Rides24\src\main\resources\rides.temp' is opened by 13948@ASUS-VivoBook

[2025-10-02 16:50:22 #3 type] 
Type domain.Driver is not enhanced.

[2025-10-02 16:50:22 #4 type] 
Type domain.Monedero is not enhanced.

[2025-10-02 16:50:22 #5 type] 
Type domain.Ride is not enhanced.

[2025-10-02 16:50:22 #6 type] 
Type domain.Transaction is not enhanced.

[2025-10-02 16:50:22 #7 type] 
Type domain.Passenger is not enhanced.

[2025-10-02 16:50:22 #8 type] 
Type domain.Mail is not enhanced.

[2025-10-02 16:50:22 #9 type] 
Type domain.Reservation is not enhanced.

------------------------------------------------------------------------------------------------------------------------

[2025-10-02 17:08:47 #1 store] 
Database 'C:\Users\mikel\git\ridesFinal\Rides24\src\main\resources\rides.temp' is opened by 16936@ASUS-VivoBook

[2025-10-02 17:08:47 #2 type] 
Type domain.Driver is not enhanced.

[2025-10-02 17:08:47 #3 type] 
Type domain.Monedero is not enhanced.

[2025-10-02 17:08:47 #4 type] 
Type domain.Ride is not enhanced.

[2025-10-02 17:08:47 #5 type] 
Type domain.Transaction is not enhanced.

[2025-10-02 17:08:47 #6 type] 
Type domain.Passenger is not enhanced.

[2025-10-02 17:08:47 #7 type] 
Type domain.Mail is not enhanced.

[2025-10-02 17:08:47 #8 type] 
Type domain.Reservation is not enhanced.

------------------------------------------------------------------------------------------------------------------------

[2025-10-02 17:19:07 #1 store] 
Database 'C:\Users\mikel\git\ridesFinal\Rides24\src\main\resources\rides.temp' has been recovered (tr. 153-156)

[2025-10-02 17:19:07 #2 store] 
Database 'C:\Users\mikel\git\ridesFinal\Rides24\src\main\resources\rides.temp' is opened by 144@ASUS-VivoBook

[2025-10-02 17:19:07 #3 type] 
Type domain.Driver is not enhanced.

[2025-10-02 17:19:07 #4 type] 
Type domain.Monedero is not enhanced.

[2025-10-02 17:19:07 #5 type] 
Type domain.Ride is not enhanced.

[2025-10-02 17:19:07 #6 type] 
Type domain.Transaction is not enhanced.

[2025-10-02 17:19:07 #7 type] 
Type domain.Passenger is not enhanced.

[2025-10-02 17:19:07 #8 type] 
Type domain.Mail is not enhanced.

[2025-10-02 17:19:07 #9 type] 
Type domain.Reservation is not enhanced.

------------------------------------------------------------------------------------------------------------------------

[2025-10-02 17:20:11 #1 store] 
Database 'C:\Users\mikel\git\ridesFinal\Rides24\src\main\resources\rides.temp' has been recovered (tr. 157-160)

[2025-10-02 17:20:11 #2 store] 
Database 'C:\Users\mikel\git\ridesFinal\Rides24\src\main\resources\rides.temp' is opened by 17236@ASUS-VivoBook

[2025-10-02 17:20:11 #3 type] 
Type domain.Driver is not enhanced.

[2025-10-02 17:20:11 #4 type] 
Type domain.Monedero is not enhanced.

[2025-10-02 17:20:11 #5 type] 
Type domain.Ride is not enhanced.

[2025-10-02 17:20:11 #6 type] 
Type domain.Transaction is not enhanced.

[2025-10-02 17:20:11 #7 type] 
Type domain.Passenger is not enhanced.

[2025-10-02 17:20:11 #8 type] 
Type domain.Mail is not enhanced.

[2025-10-02 17:20:11 #9 type] 
Type domain.Reservation is not enhanced.

------------------------------------------------------------------------------------------------------------------------

[2025-10-02 17:20:45 #1 store] 
Database 'C:\Users\mikel\git\ridesFinal\Rides24\src\main\resources\rides.temp' has been recovered (tr. 161-164)

[2025-10-02 17:20:45 #2 store] 
Database 'C:\Users\mikel\git\ridesFinal\Rides24\src\main\resources\rides.temp' is opened by 368@ASUS-VivoBook

[2025-10-02 17:20:45 #3 type] 
Type domain.Driver is not enhanced.

[2025-10-02 17:20:45 #4 type] 
Type domain.Monedero is not enhanced.

[2025-10-02 17:20:45 #5 type] 
Type domain.Ride is not enhanced.

[2025-10-02 17:20:45 #6 type] 
Type domain.Transaction is not enhanced.

[2025-10-02 17:20:45 #7 type] 
Type domain.Passenger is not enhanced.

[2025-10-02 17:20:45 #8 type] 
Type domain.Mail is not enhanced.

[2025-10-02 17:20:45 #9 type] 
Type domain.Reservation is not enhanced.

------------------------------------------------------------------------------------------------------------------------

[2025-10-02 17:23:26 #1 store] 
Database 'C:\Users\mikel\git\ridesFinal\Rides24\src\main\resources\rides.temp' has been recovered (tr. 165-168)

[2025-10-02 17:23:26 #2 store] 
Database 'C:\Users\mikel\git\ridesFinal\Rides24\src\main\resources\rides.temp' is opened by 10108@ASUS-VivoBook

[2025-10-02 17:23:27 #3 type] 
Type domain.Driver is not enhanced.

[2025-10-02 17:23:27 #4 type] 
Type domain.Monedero is not enhanced.

[2025-10-02 17:23:27 #5 type] 
Type domain.Ride is not enhanced.

[2025-10-02 17:23:27 #6 type] 
Type domain.Transaction is not enhanced.

[2025-10-02 17:23:27 #7 type] 
Type domain.Passenger is not enhanced.

[2025-10-02 17:23:27 #8 type] 
Type domain.Mail is not enhanced.

[2025-10-02 17:23:27 #9 type] 
Type domain.Reservation is not enhanced.

------------------------------------------------------------------------------------------------------------------------

[2025-10-02 17:24:41 #1 store] 
Database 'C:\Users\mikel\git\ridesFinal\Rides24\src\main\resources\rides.temp' has been recovered (tr. 169-172)

[2025-10-02 17:24:41 #2 store] 
Database 'C:\Users\mikel\git\ridesFinal\Rides24\src\main\resources\rides.temp' is opened by 26356@ASUS-VivoBook

[2025-10-02 17:24:42 #3 type] 
Type domain.Driver is not enhanced.

[2025-10-02 17:24:42 #4 type] 
Type domain.Monedero is not enhanced.

[2025-10-02 17:24:42 #5 type] 
Type domain.Ride is not enhanced.

[2025-10-02 17:24:42 #6 type] 
Type domain.Transaction is not enhanced.

[2025-10-02 17:24:42 #7 type] 
Type domain.Passenger is not enhanced.

[2025-10-02 17:24:42 #8 type] 
Type domain.Mail is not enhanced.

[2025-10-02 17:24:42 #9 type] 
Type domain.Reservation is not enhanced.

------------------------------------------------------------------------------------------------------------------------

[2025-10-02 17:38:47 #1 store] 
Database 'C:\Users\mikel\git\ridesFinal\Rides24\src\main\resources\rides.temp' has been recovered (tr. 173-176)

[2025-10-02 17:38:47 #2 store] 
Database 'C:\Users\mikel\git\ridesFinal\Rides24\src\main\resources\rides.temp' is opened by 21292@ASUS-VivoBook

[2025-10-02 17:38:47 #3 type] 
Type domain.Driver is not enhanced.

[2025-10-02 17:38:47 #4 type] 
Type domain.Monedero is not enhanced.

[2025-10-02 17:38:47 #5 type] 
Type domain.Ride is not enhanced.

[2025-10-02 17:38:47 #6 type] 
Type domain.Transaction is not enhanced.

[2025-10-02 17:38:47 #7 type] 
Type domain.Passenger is not enhanced.

[2025-10-02 17:38:47 #8 type] 
Type domain.Mail is not enhanced.

[2025-10-02 17:38:47 #9 type] 
Type domain.Reservation is not enhanced.

------------------------------------------------------------------------------------------------------------------------

[2025-10-02 17:44:09 #1 store] 
Database 'C:\Users\mikel\git\ridesFinal\Rides24\src\main\resources\rides.temp' has been recovered (tr. 177-180)

[2025-10-02 17:44:09 #2 store] 
Database 'C:\Users\mikel\git\ridesFinal\Rides24\src\main\resources\rides.temp' is opened by 21948@ASUS-VivoBook

[2025-10-02 17:44:09 #3 type] 
Type domain.Driver is not enhanced.

[2025-10-02 17:44:09 #4 type] 
Type domain.Monedero is not enhanced.

[2025-10-02 17:44:09 #5 type] 
Type domain.Ride is not enhanced.

[2025-10-02 17:44:09 #6 type] 
Type domain.Transaction is not enhanced.

[2025-10-02 17:44:09 #7 type] 
Type domain.Passenger is not enhanced.

[2025-10-02 17:44:09 #8 type] 
Type domain.Mail is not enhanced.

[2025-10-02 17:44:09 #9 type] 
Type domain.Reservation is not enhanced.

