------------------------------------------------------------------------------------------------------------------------

[2025-03-23 10:36:29 #1 store] 
Database 'C:\Users\1153342\git\rides\Rides24\src\main\resources\rides.temp' is opened by 9400@Anne

[2025-03-23 10:36:29 #2 type] 
Type domain.Driver is not enhanced.

[2025-03-23 10:36:29 #3 type] 
Type domain.Ride is not enhanced.

[2025-03-23 10:36:29 #4 type] 
Type domain.Passenger is not enhanced.

[2025-03-23 10:36:29 #5 type] 
Type domain.Reservation is not enhanced.

------------------------------------------------------------------------------------------------------------------------

[2025-03-23 10:37:25 #1 store] 
Database 'C:\Users\1153342\git\rides\Rides24\src\main\resources\rides.temp' has been recovered (tr. 19-20)

[2025-03-23 10:37:25 #2 store] 
Database 'C:\Users\1153342\git\rides\Rides24\src\main\resources\rides.temp' is opened by 12264@Anne

[2025-03-23 10:37:25 #3 type] 
Type domain.Driver is not enhanced.

[2025-03-23 10:37:25 #4 type] 
Type domain.Ride is not enhanced.

[2025-03-23 10:37:25 #5 type] 
Type domain.Passenger is not enhanced.

[2025-03-23 10:37:25 #6 type] 
Type domain.Reservation is not enhanced.

------------------------------------------------------------------------------------------------------------------------

[2025-03-23 10:37:48 #1 store] 
Database 'C:\Users\1153342\git\rides\Rides24\src\main\resources\rides.temp' is opened by 7424@Anne

[2025-03-23 10:37:48 #2 type] 
Type domain.Driver is not enhanced.

[2025-03-23 10:37:48 #3 type] 
Type domain.Ride is not enhanced.

[2025-03-23 10:37:48 #4 type] 
Type domain.Passenger is not enhanced.

[2025-03-23 10:37:48 #5 type] 
Type domain.Reservation is not enhanced.

------------------------------------------------------------------------------------------------------------------------

[2025-03-23 10:38:25 #1 store] 
Database 'C:\Users\1153342\git\rides\Rides24\src\main\resources\rides.temp' is opened by 22604@Anne

[2025-03-23 10:38:25 #2 type] 
Type domain.Driver is not enhanced.

[2025-03-23 10:38:25 #3 type] 
Type domain.Ride is not enhanced.

[2025-03-23 10:38:25 #4 type] 
Type domain.Passenger is not enhanced.

[2025-03-23 10:38:25 #5 type] 
Type domain.Reservation is not enhanced.

------------------------------------------------------------------------------------------------------------------------

[2025-03-23 10:44:48 #1 store] 
Database 'C:\Users\1153342\git\rides\Rides24\src\main\resources\rides.temp' is opened by 10232@Anne

[2025-03-23 10:44:48 #2 type] 
Type domain.Driver is not enhanced.

[2025-03-23 10:44:48 #3 type] 
Type domain.Ride is not enhanced.

[2025-03-23 10:44:48 #4 type] 
Type domain.Passenger is not enhanced.

[2025-03-23 10:44:48 #5 type] 
Type domain.Reservation is not enhanced.

------------------------------------------------------------------------------------------------------------------------

[2025-03-23 10:45:48 #1 store] 
Database 'C:\Users\1153342\git\rides\Rides24\src\main\resources\rides.temp' is opened by 3968@Anne

[2025-03-23 10:45:48 #2 type] 
Type domain.Driver is not enhanced.

[2025-03-23 10:45:48 #3 type] 
Type domain.Ride is not enhanced.

[2025-03-23 10:45:48 #4 type] 
Type domain.Passenger is not enhanced.

[2025-03-23 10:45:48 #5 type] 
Type domain.Reservation is not enhanced.

------------------------------------------------------------------------------------------------------------------------

[2025-03-23 10:46:15 #1 store] 
Database 'C:\Users\1153342\git\rides\Rides24\src\main\resources\rides.temp' is opened by 2580@Anne

[2025-03-23 10:46:15 #2 type] 
Type domain.Driver is not enhanced.

[2025-03-23 10:46:15 #3 type] 
Type domain.Ride is not enhanced.

[2025-03-23 10:46:15 #4 type] 
Type domain.Passenger is not enhanced.

[2025-03-23 10:46:15 #5 type] 
Type domain.Reservation is not enhanced.

------------------------------------------------------------------------------------------------------------------------

[2025-03-23 10:46:32 #1 store] 
Database 'C:\Users\1153342\git\rides\Rides24\src\main\resources\rides.temp' is opened by 15472@Anne

[2025-03-23 10:46:33 #2 type] 
Type domain.Driver is not enhanced.

[2025-03-23 10:46:33 #3 type] 
Type domain.Ride is not enhanced.

[2025-03-23 10:46:33 #4 type] 
Type domain.Passenger is not enhanced.

[2025-03-23 10:46:33 #5 type] 
Type domain.Reservation is not enhanced.

------------------------------------------------------------------------------------------------------------------------

[2025-03-23 10:49:21 #1 store] 
Database 'C:\Users\1153342\git\rides\Rides24\src\main\resources\rides.temp' is opened by 16928@Anne

[2025-03-23 10:49:21 #2 type] 
Type domain.Driver is not enhanced.

[2025-03-23 10:49:21 #3 type] 
Type domain.Ride is not enhanced.

[2025-03-23 10:49:21 #4 type] 
Type domain.Passenger is not enhanced.

[2025-03-23 10:49:21 #5 type] 
Type domain.Reservation is not enhanced.

------------------------------------------------------------------------------------------------------------------------

[2025-03-23 10:51:27 #1 store] 
Database 'C:\Users\1153342\git\rides\Rides24\src\main\resources\rides.temp' is opened by 13992@Anne

[2025-03-23 10:51:27 #2 type] 
Type domain.Driver is not enhanced.

[2025-03-23 10:51:27 #3 type] 
Type domain.Ride is not enhanced.

[2025-03-23 10:51:27 #4 type] 
Type domain.Passenger is not enhanced.

[2025-03-23 10:51:27 #5 type] 
Type domain.Reservation is not enhanced.

------------------------------------------------------------------------------------------------------------------------

[2025-03-23 10:57:52 #1 store] 
Database 'C:\Users\1153342\git\rides\Rides24\src\main\resources\rides.temp' is opened by 28456@Anne

[2025-03-23 10:57:52 #2 type] 
Type domain.Driver is not enhanced.

[2025-03-23 10:57:52 #3 type] 
Type domain.Ride is not enhanced.

[2025-03-23 10:57:52 #4 type] 
Type domain.Passenger is not enhanced.

[2025-03-23 10:57:52 #5 type] 
Type domain.Reservation is not enhanced.

------------------------------------------------------------------------------------------------------------------------

[2025-03-23 11:00:57 #1 store] 
Database 'C:\Users\1153342\git\rides\Rides24\src\main\resources\rides.temp' is opened by 13760@Anne

[2025-03-23 11:00:57 #2 type] 
Type domain.Driver is not enhanced.

[2025-03-23 11:00:57 #3 type] 
Type domain.Ride is not enhanced.

[2025-03-23 11:00:57 #4 type] 
Type domain.Passenger is not enhanced.

[2025-03-23 11:00:57 #5 type] 
Type domain.Reservation is not enhanced.

------------------------------------------------------------------------------------------------------------------------

[2025-03-23 11:02:34 #1 store] 
Database 'C:\Users\1153342\git\rides\Rides24\src\main\resources\rides.temp' is opened by 22804@Anne

[2025-03-23 11:02:34 #2 type] 
Type domain.Driver is not enhanced.

[2025-03-23 11:02:34 #3 type] 
Type domain.Ride is not enhanced.

[2025-03-23 11:02:34 #4 type] 
Type domain.Passenger is not enhanced.

[2025-03-23 11:02:34 #5 type] 
Type domain.Reservation is not enhanced.

------------------------------------------------------------------------------------------------------------------------

[2025-03-23 11:03:50 #1 store] 
Database 'C:\Users\1153342\git\rides\Rides24\src\main\resources\rides.temp' is opened by 21832@Anne

[2025-03-23 11:03:50 #2 type] 
Type domain.Driver is not enhanced.

[2025-03-23 11:03:50 #3 type] 
Type domain.Ride is not enhanced.

[2025-03-23 11:03:50 #4 type] 
Type domain.Passenger is not enhanced.

[2025-03-23 11:03:50 #5 type] 
Type domain.Reservation is not enhanced.

------------------------------------------------------------------------------------------------------------------------

[2025-03-23 11:09:15 #1 store] 
Database 'C:\Users\1153342\git\rides\Rides24\src\main\resources\rides.temp' has been recovered (tr. 24-24)

[2025-03-23 11:09:15 #2 store] 
Database 'C:\Users\1153342\git\rides\Rides24\src\main\resources\rides.temp' is opened by 18364@Anne

[2025-03-23 11:09:15 #3 type] 
Type domain.Driver is not enhanced.

[2025-03-23 11:09:15 #4 type] 
Type domain.Ride is not enhanced.

[2025-03-23 11:09:15 #5 type] 
Type domain.Passenger is not enhanced.

[2025-03-23 11:09:15 #6 type] 
Type domain.Reservation is not enhanced.

------------------------------------------------------------------------------------------------------------------------

[2025-03-23 11:13:34 #1 store] 
Database 'C:\Users\1153342\git\rides\Rides24\src\main\resources\rides.temp' is opened by 25060@Anne

[2025-03-23 11:13:34 #2 type] 
Type domain.Driver is not enhanced.

[2025-03-23 11:13:34 #3 type] 
Type domain.Ride is not enhanced.

[2025-03-23 11:13:34 #4 type] 
Type domain.Passenger is not enhanced.

[2025-03-23 11:13:34 #5 type] 
Type domain.Reservation is not enhanced.

------------------------------------------------------------------------------------------------------------------------

[2025-03-23 11:13:55 #1 store] 
Database 'C:\Users\1153342\git\rides\Rides24\src\main\resources\rides.temp' is opened by 20800@Anne

[2025-03-23 11:13:55 #2 type] 
Type domain.Driver is not enhanced.

[2025-03-23 11:13:55 #3 type] 
Type domain.Ride is not enhanced.

[2025-03-23 11:13:55 #4 type] 
Type domain.Passenger is not enhanced.

[2025-03-23 11:13:55 #5 type] 
Type domain.Reservation is not enhanced.

