------------------------------------------------------------------------------------------------------------------------

[2025-05-07 10:19:58 #1 store] 
Database 'C:\Users\34639\eclipse-workspace\IS\Rides24\src\main\resources\rides.temp' has been recovered (tr. 1-7)

[2025-05-07 10:19:58 #2 store] 
Database 'C:\Users\34639\eclipse-workspace\IS\Rides24\src\main\resources\rides.temp' is opened by 5872@DESKTOP-MHH985K

[2025-05-07 10:19:58 #3 type] 
Type domain.Driver is not enhanced.

[2025-05-07 10:19:58 #4 type] 
Type domain.Ride is not enhanced.

[2025-05-07 10:19:58 #5 type] 
Type domain.Passenger is not enhanced.

------------------------------------------------------------------------------------------------------------------------

[2025-05-07 10:21:02 #1 store] 
Database 'C:\Users\34639\eclipse-workspace\IS\Rides24\src\main\resources\rides.temp' has been recovered (tr. 8-8)

[2025-05-07 10:21:02 #2 store] 
Database 'C:\Users\34639\eclipse-workspace\IS\Rides24\src\main\resources\rides.temp' is opened by 6776@DESKTOP-MHH985K

[2025-05-07 10:21:02 #3 type] 
Type domain.Driver is not enhanced.

[2025-05-07 10:21:02 #4 type] 
Type domain.Ride is not enhanced.

[2025-05-07 10:21:02 #5 type] 
Type domain.Passenger is not enhanced.

------------------------------------------------------------------------------------------------------------------------

[2025-05-07 10:21:22 #1 store] 
Database 'C:\Users\34639\eclipse-workspace\IS\Rides24\src\main\resources\rides.temp' is opened by 11288@DESKTOP-MHH985K

[2025-05-07 10:21:23 #2 type] 
Type domain.Driver is not enhanced.

[2025-05-07 10:21:23 #3 type] 
Type domain.Ride is not enhanced.

[2025-05-07 10:21:23 #4 type] 
Type domain.Passenger is not enhanced.

------------------------------------------------------------------------------------------------------------------------

[2025-05-07 10:21:46 #1 store] 
Database 'C:\Users\34639\eclipse-workspace\IS\Rides24\src\main\resources\rides.temp' is opened by 2128@DESKTOP-MHH985K

[2025-05-07 10:21:46 #2 type] 
Type domain.Driver is not enhanced.

[2025-05-07 10:21:46 #3 type] 
Type domain.Ride is not enhanced.

[2025-05-07 10:21:46 #4 type] 
Type domain.Passenger is not enhanced.

[2025-05-07 10:21:53 #5 type.registry] 
New type domain.Mail

[2025-05-07 10:21:53 #6 type] 
Type domain.Mail is not enhanced.

------------------------------------------------------------------------------------------------------------------------

[2025-05-07 10:22:15 #1 store] 
Database 'C:\Users\34639\eclipse-workspace\IS\Rides24\src\main\resources\rides.temp' has been recovered (tr. 9-10)

[2025-05-07 10:22:15 #2 store] 
Database 'C:\Users\34639\eclipse-workspace\IS\Rides24\src\main\resources\rides.temp' is opened by 20932@DESKTOP-MHH985K

[2025-05-07 10:22:15 #3 type] 
Type domain.Driver is not enhanced.

[2025-05-07 10:22:15 #4 type] 
Type domain.Ride is not enhanced.

[2025-05-07 10:22:15 #5 type] 
Type domain.Passenger is not enhanced.

[2025-05-07 10:22:15 #6 type] 
Type domain.Mail is not enhanced.

[2025-05-07 10:22:51 #7 type.registry] 
New type domain.Reservation

[2025-05-07 10:22:51 #8 type] 
Type domain.Reservation is not enhanced.

[2025-05-07 10:23:45 #9 type.registry] 
New type domain.Rating

[2025-05-07 10:23:45 #10 type] 
Type domain.Rating is not enhanced.

------------------------------------------------------------------------------------------------------------------------

[2025-05-07 10:23:51 #1 store] 
Database 'C:\Users\34639\eclipse-workspace\IS\Rides24\src\main\resources\rides.temp' has been recovered (tr. 11-12)

[2025-05-07 10:23:52 #2 store] 
Database 'C:\Users\34639\eclipse-workspace\IS\Rides24\src\main\resources\rides.temp' is opened by 9624@DESKTOP-MHH985K

[2025-05-07 10:23:52 #3 type] 
Type domain.Driver is not enhanced.

[2025-05-07 10:23:52 #4 type] 
Type domain.Ride is not enhanced.

[2025-05-07 10:23:52 #5 type] 
Type domain.Passenger is not enhanced.

[2025-05-07 10:23:52 #6 type] 
Type domain.Mail is not enhanced.

[2025-05-07 10:23:52 #7 type] 
Type domain.Reservation is not enhanced.

[2025-05-07 10:23:52 #8 type] 
Type domain.Rating is not enhanced.

------------------------------------------------------------------------------------------------------------------------

[2025-05-07 10:26:03 #1 store] 
Database 'C:\Users\34639\eclipse-workspace\IS\Rides24\src\main\resources\rides.temp' is opened by 7776@DESKTOP-MHH985K

[2025-05-07 10:26:03 #2 type] 
Type domain.Driver is not enhanced.

[2025-05-07 10:26:03 #3 type] 
Type domain.Ride is not enhanced.

[2025-05-07 10:26:03 #4 type] 
Type domain.Passenger is not enhanced.

[2025-05-07 10:26:03 #5 type] 
Type domain.Mail is not enhanced.

[2025-05-07 10:26:03 #6 type] 
Type domain.Reservation is not enhanced.

[2025-05-07 10:26:03 #7 type] 
Type domain.Rating is not enhanced.

------------------------------------------------------------------------------------------------------------------------

[2025-05-07 11:28:38 #1 store] 
Database 'C:\Users\34639\eclipse-workspace\IS\Rides24\src\main\resources\rides.temp' is opened by 26256@DESKTOP-MHH985K

[2025-05-07 11:28:38 #2 type] 
Type domain.Driver is not enhanced.

[2025-05-07 11:28:38 #3 type] 
Type domain.Ride is not enhanced.

[2025-05-07 11:28:38 #4 type] 
Type domain.Passenger is not enhanced.

[2025-05-07 11:28:38 #5 type.registry] 
New type domain.Monedero

[2025-05-07 11:28:38 #6 type] 
Type domain.Mail is not enhanced.

[2025-05-07 11:28:38 #7 type] 
Type domain.Reservation is not enhanced.

[2025-05-07 11:28:38 #8 type] 
Type domain.Rating is not enhanced.

[2025-05-07 11:28:38 #9 type] 
Type domain.Monedero is not enhanced.

[2025-05-07 11:28:38 #10 type.registry] 
New type domain.Transaction

[2025-05-07 11:28:38 #11 type.registry] 
New type java.util.ArrayList<domain.Transaction>

[2025-05-07 11:28:38 #12 type] 
Type domain.Transaction is not enhanced.

------------------------------------------------------------------------------------------------------------------------

[2025-05-07 11:35:38 #1 store] 
Database 'C:\Users\34639\eclipse-workspace\IS\Rides24\src\main\resources\rides.temp' has been recovered (tr. 13-13)

[2025-05-07 11:35:38 #2 store] 
Database 'C:\Users\34639\eclipse-workspace\IS\Rides24\src\main\resources\rides.temp' is opened by 6536@DESKTOP-MHH985K

[2025-05-07 11:35:38 #3 type] 
Type domain.Driver is not enhanced.

[2025-05-07 11:35:38 #4 type] 
Type domain.Ride is not enhanced.

[2025-05-07 11:35:38 #5 type] 
Type domain.Passenger is not enhanced.

[2025-05-07 11:35:38 #6 type] 
Type domain.Mail is not enhanced.

[2025-05-07 11:35:38 #7 type] 
Type domain.Reservation is not enhanced.

[2025-05-07 11:35:38 #8 type] 
Type domain.Rating is not enhanced.

[2025-05-07 11:35:38 #9 type] 
Type domain.Monedero is not enhanced.

[2025-05-07 11:35:38 #10 type] 
Type domain.Transaction is not enhanced.

------------------------------------------------------------------------------------------------------------------------

[2025-05-07 11:41:59 #1 store] 
Database 'C:\Users\34639\eclipse-workspace\IS\Rides24\src\main\resources\rides.temp' is opened by 19600@DESKTOP-MHH985K

[2025-05-07 11:41:59 #2 type] 
Type domain.Driver is not enhanced.

[2025-05-07 11:41:59 #3 type] 
Type domain.Ride is not enhanced.

[2025-05-07 11:41:59 #4 type] 
Type domain.Passenger is not enhanced.

[2025-05-07 11:41:59 #5 type] 
Type domain.Mail is not enhanced.

[2025-05-07 11:41:59 #6 type] 
Type domain.Reservation is not enhanced.

[2025-05-07 11:41:59 #7 type] 
Type domain.Rating is not enhanced.

[2025-05-07 11:41:59 #8 type] 
Type domain.Monedero is not enhanced.

[2025-05-07 11:41:59 #9 type] 
Type domain.Transaction is not enhanced.

------------------------------------------------------------------------------------------------------------------------

[2025-05-07 11:43:52 #1 store] 
Database 'C:\Users\34639\eclipse-workspace\IS\Rides24\src\main\resources\rides.temp' is opened by 14040@DESKTOP-MHH985K

[2025-05-07 11:43:53 #2 type] 
Type domain.Driver is not enhanced.

[2025-05-07 11:43:53 #3 type] 
Type domain.Ride is not enhanced.

[2025-05-07 11:43:53 #4 type] 
Type domain.Passenger is not enhanced.

[2025-05-07 11:43:53 #5 type] 
Type domain.Mail is not enhanced.

[2025-05-07 11:43:53 #6 type] 
Type domain.Reservation is not enhanced.

[2025-05-07 11:43:53 #7 type] 
Type domain.Rating is not enhanced.

[2025-05-07 11:43:53 #8 type] 
Type domain.Monedero is not enhanced.

[2025-05-07 11:43:53 #9 type] 
Type domain.Transaction is not enhanced.

------------------------------------------------------------------------------------------------------------------------

[2025-05-07 11:46:19 #1 store] 
Database 'C:\Users\34639\eclipse-workspace\IS\Rides24\src\main\resources\rides.temp' is opened by 23696@DESKTOP-MHH985K

[2025-05-07 11:46:19 #2 type] 
Type domain.Driver is not enhanced.

[2025-05-07 11:46:20 #3 type] 
Type domain.Ride is not enhanced.

[2025-05-07 11:46:20 #4 type] 
Type domain.Passenger is not enhanced.

[2025-05-07 11:46:20 #5 type] 
Type domain.Mail is not enhanced.

[2025-05-07 11:46:20 #6 type] 
Type domain.Reservation is not enhanced.

[2025-05-07 11:46:20 #7 type] 
Type domain.Rating is not enhanced.

[2025-05-07 11:46:20 #8 type] 
Type domain.Monedero is not enhanced.

[2025-05-07 11:46:20 #9 type] 
Type domain.Transaction is not enhanced.

------------------------------------------------------------------------------------------------------------------------

[2025-05-07 11:55:08 #1 store] 
Database 'C:\Users\34639\eclipse-workspace\IS\Rides24\src\main\resources\rides.temp' is opened by 21916@DESKTOP-MHH985K

[2025-05-07 11:55:09 #2 type] 
Type domain.Driver is not enhanced.

[2025-05-07 11:55:09 #3 type] 
Type domain.Ride is not enhanced.

[2025-05-07 11:55:09 #4 type] 
Type domain.Passenger is not enhanced.

[2025-05-07 11:55:09 #5 type] 
Type domain.Mail is not enhanced.

[2025-05-07 11:55:09 #6 type] 
Type domain.Reservation is not enhanced.

[2025-05-07 11:55:09 #7 type] 
Type domain.Rating is not enhanced.

[2025-05-07 11:55:09 #8 type] 
Type domain.Monedero is not enhanced.

[2025-05-07 11:55:09 #9 type] 
Type domain.Transaction is not enhanced.

------------------------------------------------------------------------------------------------------------------------

[2025-05-07 11:55:46 #1 store] 
Database 'C:\Users\34639\eclipse-workspace\IS\Rides24\src\main\resources\rides.temp' is opened by 16000@DESKTOP-MHH985K

[2025-05-07 11:55:47 #2 type] 
Type domain.Driver is not enhanced.

[2025-05-07 11:55:47 #3 type] 
Type domain.Ride is not enhanced.

[2025-05-07 11:55:47 #4 type] 
Type domain.Passenger is not enhanced.

[2025-05-07 11:55:47 #5 type] 
Type domain.Mail is not enhanced.

[2025-05-07 11:55:47 #6 type] 
Type domain.Reservation is not enhanced.

[2025-05-07 11:55:47 #7 type] 
Type domain.Rating is not enhanced.

[2025-05-07 11:55:47 #8 type] 
Type domain.Monedero is not enhanced.

[2025-05-07 11:55:47 #9 type] 
Type domain.Transaction is not enhanced.

------------------------------------------------------------------------------------------------------------------------

[2025-05-07 11:58:58 #1 store] 
Database 'C:\Users\34639\eclipse-workspace\IS\Rides24\src\main\resources\rides.temp' is opened by 14716@DESKTOP-MHH985K

[2025-05-07 11:58:58 #2 type] 
Type domain.Driver is not enhanced.

[2025-05-07 11:58:58 #3 type] 
Type domain.Ride is not enhanced.

[2025-05-07 11:58:58 #4 type] 
Type domain.Passenger is not enhanced.

[2025-05-07 11:58:58 #5 type] 
Type domain.Mail is not enhanced.

[2025-05-07 11:58:58 #6 type] 
Type domain.Reservation is not enhanced.

[2025-05-07 11:58:58 #7 type] 
Type domain.Rating is not enhanced.

[2025-05-07 11:58:58 #8 type] 
Type domain.Monedero is not enhanced.

[2025-05-07 11:58:59 #9 type] 
Type domain.Transaction is not enhanced.

------------------------------------------------------------------------------------------------------------------------

[2025-05-07 11:59:12 #1 store] 
Database 'C:\Users\34639\eclipse-workspace\IS\Rides24\src\main\resources\rides.temp' has been recovered (tr. 14-14)

[2025-05-07 11:59:12 #2 store] 
Database 'C:\Users\34639\eclipse-workspace\IS\Rides24\src\main\resources\rides.temp' is opened by 7120@DESKTOP-MHH985K

[2025-05-07 11:59:12 #3 type] 
Type domain.Driver is not enhanced.

[2025-05-07 11:59:12 #4 type] 
Type domain.Ride is not enhanced.

[2025-05-07 11:59:12 #5 type] 
Type domain.Passenger is not enhanced.

[2025-05-07 11:59:12 #6 type] 
Type domain.Mail is not enhanced.

[2025-05-07 11:59:12 #7 type] 
Type domain.Reservation is not enhanced.

[2025-05-07 11:59:12 #8 type] 
Type domain.Rating is not enhanced.

[2025-05-07 11:59:12 #9 type] 
Type domain.Monedero is not enhanced.

[2025-05-07 11:59:12 #10 type] 
Type domain.Transaction is not enhanced.

------------------------------------------------------------------------------------------------------------------------

[2025-05-07 12:04:16 #1 store] 
Database 'C:\Users\34639\eclipse-workspace\IS\Rides24\src\main\resources\rides.temp' is opened by 23756@DESKTOP-MHH985K

[2025-05-07 12:04:16 #2 type.registry] 
New type domain.Driver

[2025-05-07 12:04:16 #3 type] 
Type domain.Driver is not enhanced.

[2025-05-07 12:04:16 #4 type.registry] 
New type domain.Ride

[2025-05-07 12:04:16 #5 type] 
Type domain.Ride is not enhanced.

[2025-05-07 12:04:16 #6 type.registry] 
New type domain.Passenger

[2025-05-07 12:04:16 #7 type] 
Type domain.Passenger is not enhanced.

[2025-05-07 12:04:16 #8 type.registry] 
New type domain.Monedero

[2025-05-07 12:04:16 #9 type] 
Type domain.Monedero is not enhanced.

[2025-05-07 12:04:16 #10 type.registry] 
New type domain.Transaction

[2025-05-07 12:04:16 #11 type.registry] 
New type java.util.ArrayList<domain.Transaction>

[2025-05-07 12:04:16 #12 type] 
Type domain.Transaction is not enhanced.

[2025-05-07 12:04:16 #13 type.registry] 
New type java.util.Vector<java.lang.Object>

[2025-05-07 12:04:16 #14 type.registry] 
New type java.util.Vector<domain.Ride>

[2025-05-07 12:04:16 #15 type.registry] 
New type java.util.Vector<domain.Passenger>

------------------------------------------------------------------------------------------------------------------------

[2025-05-07 12:04:32 #1 store] 
Database 'C:\Users\34639\eclipse-workspace\IS\Rides24\src\main\resources\rides.temp' has been recovered (tr. 1-7)

[2025-05-07 12:04:32 #2 store] 
Database 'C:\Users\34639\eclipse-workspace\IS\Rides24\src\main\resources\rides.temp' is opened by 7940@DESKTOP-MHH985K

[2025-05-07 12:04:32 #3 type] 
Type domain.Driver is not enhanced.

[2025-05-07 12:04:32 #4 type] 
Type domain.Ride is not enhanced.

[2025-05-07 12:04:32 #5 type] 
Type domain.Passenger is not enhanced.

[2025-05-07 12:04:32 #6 type] 
Type domain.Monedero is not enhanced.

[2025-05-07 12:04:32 #7 type] 
Type domain.Transaction is not enhanced.

[2025-05-07 12:04:42 #8 type.registry] 
New type java.util.ArrayList<java.lang.Object>

------------------------------------------------------------------------------------------------------------------------

[2025-05-07 12:05:01 #1 store] 
Database 'C:\Users\34639\eclipse-workspace\IS\Rides24\src\main\resources\rides.temp' has been recovered (tr. 8-9)

[2025-05-07 12:05:01 #2 store] 
Database 'C:\Users\34639\eclipse-workspace\IS\Rides24\src\main\resources\rides.temp' is opened by 28144@DESKTOP-MHH985K

[2025-05-07 12:05:01 #3 type] 
Type domain.Driver is not enhanced.

[2025-05-07 12:05:01 #4 type] 
Type domain.Ride is not enhanced.

[2025-05-07 12:05:01 #5 type] 
Type domain.Passenger is not enhanced.

[2025-05-07 12:05:01 #6 type] 
Type domain.Monedero is not enhanced.

[2025-05-07 12:05:01 #7 type] 
Type domain.Transaction is not enhanced.

------------------------------------------------------------------------------------------------------------------------

[2025-05-07 12:12:52 #1 store] 
Database 'C:\Users\34639\eclipse-workspace\IS\Rides24\src\main\resources\rides.temp' is opened by 19680@DESKTOP-MHH985K

[2025-05-07 12:12:52 #2 type] 
Type domain.Driver is not enhanced.

[2025-05-07 12:12:52 #3 type] 
Type domain.Ride is not enhanced.

[2025-05-07 12:12:52 #4 type] 
Type domain.Passenger is not enhanced.

[2025-05-07 12:12:52 #5 type] 
Type domain.Monedero is not enhanced.

[2025-05-07 12:12:52 #6 type] 
Type domain.Transaction is not enhanced.

------------------------------------------------------------------------------------------------------------------------

[2025-05-07 12:13:11 #1 store] 
Database 'C:\Users\34639\eclipse-workspace\IS\Rides24\src\main\resources\rides.temp' has been recovered (tr. 10-10)

[2025-05-07 12:13:11 #2 store] 
Database 'C:\Users\34639\eclipse-workspace\IS\Rides24\src\main\resources\rides.temp' is opened by 9788@DESKTOP-MHH985K

[2025-05-07 12:13:11 #3 type] 
Type domain.Driver is not enhanced.

[2025-05-07 12:13:11 #4 type] 
Type domain.Ride is not enhanced.

[2025-05-07 12:13:11 #5 type] 
Type domain.Passenger is not enhanced.

[2025-05-07 12:13:11 #6 type] 
Type domain.Monedero is not enhanced.

[2025-05-07 12:13:11 #7 type] 
Type domain.Transaction is not enhanced.

------------------------------------------------------------------------------------------------------------------------

[2025-05-07 12:14:08 #1 store] 
Database 'C:\Users\34639\eclipse-workspace\IS\Rides24\src\main\resources\rides.temp' is opened by 23928@DESKTOP-MHH985K

[2025-05-07 12:14:08 #2 type.registry] 
New type domain.Driver

[2025-05-07 12:14:08 #3 type] 
Type domain.Driver is not enhanced.

[2025-05-07 12:14:08 #4 type.registry] 
New type domain.Ride

[2025-05-07 12:14:08 #5 type] 
Type domain.Ride is not enhanced.

[2025-05-07 12:14:08 #6 type.registry] 
New type domain.Passenger

[2025-05-07 12:14:08 #7 type] 
Type domain.Passenger is not enhanced.

[2025-05-07 12:14:08 #8 type.registry] 
New type domain.Monedero

[2025-05-07 12:14:08 #9 type] 
Type domain.Monedero is not enhanced.

[2025-05-07 12:14:08 #10 type.registry] 
New type domain.Transaction

[2025-05-07 12:14:08 #11 type.registry] 
New type java.util.ArrayList<domain.Transaction>

[2025-05-07 12:14:08 #12 type] 
Type domain.Transaction is not enhanced.

[2025-05-07 12:14:08 #13 type.registry] 
New type java.util.Vector<java.lang.Object>

[2025-05-07 12:14:08 #14 type.registry] 
New type java.util.Vector<domain.Ride>

[2025-05-07 12:14:08 #15 type.registry] 
New type java.util.Vector<domain.Passenger>

------------------------------------------------------------------------------------------------------------------------

[2025-05-07 12:14:19 #1 store] 
Database 'C:\Users\34639\eclipse-workspace\IS\Rides24\src\main\resources\rides.temp' has been recovered (tr. 1-7)

[2025-05-07 12:14:19 #2 store] 
Database 'C:\Users\34639\eclipse-workspace\IS\Rides24\src\main\resources\rides.temp' is opened by 20828@DESKTOP-MHH985K

[2025-05-07 12:14:19 #3 type] 
Type domain.Driver is not enhanced.

[2025-05-07 12:14:19 #4 type] 
Type domain.Ride is not enhanced.

[2025-05-07 12:14:19 #5 type] 
Type domain.Passenger is not enhanced.

[2025-05-07 12:14:19 #6 type] 
Type domain.Monedero is not enhanced.

[2025-05-07 12:14:19 #7 type] 
Type domain.Transaction is not enhanced.

[2025-05-07 12:14:51 #8 type.registry] 
New type java.util.ArrayList<java.lang.Object>

------------------------------------------------------------------------------------------------------------------------

[2025-05-07 12:15:11 #1 store] 
Database 'C:\Users\34639\eclipse-workspace\IS\Rides24\src\main\resources\rides.temp' has been recovered (tr. 8-10)

[2025-05-07 12:15:11 #2 store] 
Database 'C:\Users\34639\eclipse-workspace\IS\Rides24\src\main\resources\rides.temp' is opened by 21028@DESKTOP-MHH985K

[2025-05-07 12:15:11 #3 type] 
Type domain.Driver is not enhanced.

[2025-05-07 12:15:11 #4 type] 
Type domain.Ride is not enhanced.

[2025-05-07 12:15:11 #5 type] 
Type domain.Passenger is not enhanced.

[2025-05-07 12:15:11 #6 type] 
Type domain.Monedero is not enhanced.

[2025-05-07 12:15:11 #7 type] 
Type domain.Transaction is not enhanced.

------------------------------------------------------------------------------------------------------------------------

[2025-05-07 12:32:02 #1 store] 
Database 'C:\Users\34639\eclipse-workspace\IS\Rides24\src\main\resources\rides.temp' is opened by 26560@DESKTOP-MHH985K

[2025-05-07 12:32:02 #2 type] 
Type domain.Driver is not enhanced.

[2025-05-07 12:32:02 #3 type] 
Type domain.Ride is not enhanced.

[2025-05-07 12:32:02 #4 type] 
Type domain.Passenger is not enhanced.

[2025-05-07 12:32:02 #5 type] 
Type domain.Monedero is not enhanced.

[2025-05-07 12:32:02 #6 type] 
Type domain.Transaction is not enhanced.

------------------------------------------------------------------------------------------------------------------------

[2025-05-07 12:37:18 #1 store] 
Database 'C:\Users\34639\eclipse-workspace\IS\Rides24\src\main\resources\rides.temp' has been recovered (tr. 11-11)

[2025-05-07 12:37:18 #2 store] 
Database 'C:\Users\34639\eclipse-workspace\IS\Rides24\src\main\resources\rides.temp' is opened by 28328@DESKTOP-MHH985K

[2025-05-07 12:37:18 #3 type] 
Type domain.Driver is not enhanced.

[2025-05-07 12:37:18 #4 type] 
Type domain.Ride is not enhanced.

[2025-05-07 12:37:18 #5 type] 
Type domain.Passenger is not enhanced.

[2025-05-07 12:37:18 #6 type] 
Type domain.Monedero is not enhanced.

[2025-05-07 12:37:18 #7 type] 
Type domain.Transaction is not enhanced.

------------------------------------------------------------------------------------------------------------------------

[2025-05-07 12:40:43 #1 store] 
Database 'C:\Users\34639\eclipse-workspace\IS\Rides24\src\main\resources\rides.temp' has been recovered (tr. 12-12)

[2025-05-07 12:40:43 #2 store] 
Database 'C:\Users\34639\eclipse-workspace\IS\Rides24\src\main\resources\rides.temp' is opened by 20160@DESKTOP-MHH985K

[2025-05-07 12:40:43 #3 type] 
Type domain.Driver is not enhanced.

[2025-05-07 12:40:43 #4 type] 
Type domain.Ride is not enhanced.

[2025-05-07 12:40:43 #5 type] 
Type domain.Passenger is not enhanced.

[2025-05-07 12:40:43 #6 type] 
Type domain.Monedero is not enhanced.

[2025-05-07 12:40:43 #7 type] 
Type domain.Transaction is not enhanced.

[2025-05-07 12:40:46 #8 type.registry] 
New type domain.Mail

[2025-05-07 12:40:46 #9 type] 
Type domain.Mail is not enhanced.

------------------------------------------------------------------------------------------------------------------------

[2025-05-07 12:41:53 #1 store] 
Database 'C:\Users\34639\eclipse-workspace\IS\Rides24\src\main\resources\rides.temp' is opened by 13904@DESKTOP-MHH985K

[2025-05-07 12:41:54 #2 type.registry] 
New type domain.Driver

[2025-05-07 12:41:54 #3 type] 
Type domain.Driver is not enhanced.

[2025-05-07 12:41:54 #4 type.registry] 
New type domain.Monedero

[2025-05-07 12:41:54 #5 type.registry] 
New type domain.Ride

[2025-05-07 12:41:54 #6 type] 
Type domain.Monedero is not enhanced.

[2025-05-07 12:41:54 #7 type.registry] 
New type domain.Transaction

[2025-05-07 12:41:54 #8 type.registry] 
New type java.util.ArrayList<domain.Transaction>

[2025-05-07 12:41:54 #9 type] 
Type domain.Ride is not enhanced.

[2025-05-07 12:41:54 #10 type.registry] 
New type domain.Passenger

[2025-05-07 12:41:54 #11 type] 
Type domain.Transaction is not enhanced.

[2025-05-07 12:41:54 #12 type] 
Type domain.Passenger is not enhanced.

[2025-05-07 12:41:54 #13 type.registry] 
New type java.util.Vector<java.lang.Object>

[2025-05-07 12:41:54 #14 type.registry] 
New type java.util.Vector<domain.Ride>

[2025-05-07 12:41:54 #15 type.registry] 
New type java.util.Vector<domain.Passenger>

[2025-05-07 12:41:58 #16 type.registry] 
New type domain.Mail

[2025-05-07 12:41:58 #17 type] 
Type domain.Mail is not enhanced.

------------------------------------------------------------------------------------------------------------------------

[2025-05-07 12:42:43 #1 store] 
Database 'C:\Users\34639\eclipse-workspace\IS\Rides24\src\main\resources\rides.temp' is opened by 14820@DESKTOP-MHH985K

[2025-05-07 12:42:43 #2 type.registry] 
New type domain.Driver

[2025-05-07 12:42:43 #3 type] 
Type domain.Driver is not enhanced.

[2025-05-07 12:42:43 #4 type.registry] 
New type domain.Monedero

[2025-05-07 12:42:43 #5 type.registry] 
New type domain.Ride

[2025-05-07 12:42:43 #6 type] 
Type domain.Monedero is not enhanced.

[2025-05-07 12:42:43 #7 type.registry] 
New type domain.Transaction

[2025-05-07 12:42:43 #8 type.registry] 
New type java.util.ArrayList<domain.Transaction>

[2025-05-07 12:42:43 #9 type] 
Type domain.Ride is not enhanced.

[2025-05-07 12:42:43 #10 type.registry] 
New type domain.Passenger

[2025-05-07 12:42:43 #11 type] 
Type domain.Transaction is not enhanced.

[2025-05-07 12:42:43 #12 type] 
Type domain.Passenger is not enhanced.

[2025-05-07 12:42:43 #13 type.registry] 
New type java.util.Vector<java.lang.Object>

[2025-05-07 12:42:43 #14 type.registry] 
New type java.util.ArrayList<java.lang.Object>

[2025-05-07 12:42:43 #15 type.registry] 
New type java.util.Vector<domain.Ride>

[2025-05-07 12:42:43 #16 type.registry] 
New type java.util.Vector<domain.Passenger>

[2025-05-07 12:42:46 #17 type.registry] 
New type domain.Mail

[2025-05-07 12:42:46 #18 type] 
Type domain.Mail is not enhanced.

------------------------------------------------------------------------------------------------------------------------

[2025-05-07 12:45:15 #1 store] 
Database 'C:\Users\34639\eclipse-workspace\IS\Rides24\src\main\resources\rides.temp' is opened by 10200@DESKTOP-MHH985K

[2025-05-07 12:45:15 #2 type.registry] 
New type domain.Driver

[2025-05-07 12:45:15 #3 type] 
Type domain.Driver is not enhanced.

[2025-05-07 12:45:15 #4 type.registry] 
New type domain.Monedero

[2025-05-07 12:45:15 #5 type.registry] 
New type domain.Ride

[2025-05-07 12:45:15 #6 type] 
Type domain.Monedero is not enhanced.

[2025-05-07 12:45:15 #7 type.registry] 
New type domain.Transaction

[2025-05-07 12:45:15 #8 type.registry] 
New type java.util.ArrayList<domain.Transaction>

[2025-05-07 12:45:15 #9 type] 
Type domain.Ride is not enhanced.

[2025-05-07 12:45:15 #10 type.registry] 
New type domain.Passenger

[2025-05-07 12:45:15 #11 type] 
Type domain.Transaction is not enhanced.

[2025-05-07 12:45:15 #12 type] 
Type domain.Passenger is not enhanced.

[2025-05-07 12:45:15 #13 type.registry] 
New type java.util.Vector<java.lang.Object>

[2025-05-07 12:45:15 #14 type.registry] 
New type java.util.ArrayList<java.lang.Object>

[2025-05-07 12:45:15 #15 type.registry] 
New type java.util.Vector<domain.Ride>

[2025-05-07 12:45:15 #16 type.registry] 
New type java.util.Vector<domain.Passenger>

------------------------------------------------------------------------------------------------------------------------

[2025-05-07 12:45:26 #1 store] 
Database 'C:\Users\34639\eclipse-workspace\IS\Rides24\src\main\resources\rides.temp' has been recovered (tr. 1-8)

[2025-05-07 12:45:26 #2 store] 
Database 'C:\Users\34639\eclipse-workspace\IS\Rides24\src\main\resources\rides.temp' is opened by 2852@DESKTOP-MHH985K

[2025-05-07 12:45:26 #3 type] 
Type domain.Driver is not enhanced.

[2025-05-07 12:45:26 #4 type] 
Type domain.Monedero is not enhanced.

[2025-05-07 12:45:26 #5 type] 
Type domain.Ride is not enhanced.

[2025-05-07 12:45:26 #6 type] 
Type domain.Transaction is not enhanced.

[2025-05-07 12:45:26 #7 type] 
Type domain.Passenger is not enhanced.

------------------------------------------------------------------------------------------------------------------------

[2025-05-07 12:45:46 #1 store] 
Database 'C:\Users\34639\eclipse-workspace\IS\Rides24\src\main\resources\rides.temp' is opened by 17348@DESKTOP-MHH985K

[2025-05-07 12:45:46 #2 type] 
Type domain.Driver is not enhanced.

[2025-05-07 12:45:46 #3 type] 
Type domain.Monedero is not enhanced.

[2025-05-07 12:45:46 #4 type] 
Type domain.Ride is not enhanced.

[2025-05-07 12:45:46 #5 type] 
Type domain.Transaction is not enhanced.

[2025-05-07 12:45:46 #6 type] 
Type domain.Passenger is not enhanced.

------------------------------------------------------------------------------------------------------------------------

[2025-05-07 12:47:49 #1 store] 
Database 'C:\Users\34639\eclipse-workspace\IS\Rides24\src\main\resources\rides.temp' is opened by 11520@DESKTOP-MHH985K

[2025-05-07 12:47:49 #2 type.registry] 
New type domain.Driver

[2025-05-07 12:47:49 #3 type] 
Type domain.Driver is not enhanced.

[2025-05-07 12:47:49 #4 type.registry] 
New type domain.Monedero

[2025-05-07 12:47:49 #5 type.registry] 
New type domain.Ride

[2025-05-07 12:47:49 #6 type] 
Type domain.Monedero is not enhanced.

[2025-05-07 12:47:49 #7 type.registry] 
New type domain.Transaction

[2025-05-07 12:47:49 #8 type.registry] 
New type java.util.ArrayList<domain.Transaction>

[2025-05-07 12:47:49 #9 type] 
Type domain.Ride is not enhanced.

[2025-05-07 12:47:49 #10 type.registry] 
New type domain.Passenger

[2025-05-07 12:47:49 #11 type] 
Type domain.Transaction is not enhanced.

[2025-05-07 12:47:49 #12 type] 
Type domain.Passenger is not enhanced.

[2025-05-07 12:47:49 #13 type.registry] 
New type java.util.Vector<java.lang.Object>

[2025-05-07 12:47:49 #14 type.registry] 
New type java.util.ArrayList<java.lang.Object>

[2025-05-07 12:47:49 #15 type.registry] 
New type java.util.Vector<domain.Ride>

[2025-05-07 12:47:49 #16 type.registry] 
New type java.util.Vector<domain.Passenger>

[2025-05-07 12:47:53 #17 type.registry] 
New type domain.Mail

[2025-05-07 12:47:53 #18 type] 
Type domain.Mail is not enhanced.

------------------------------------------------------------------------------------------------------------------------

[2025-05-07 12:48:01 #1 store] 
Database 'C:\Users\34639\eclipse-workspace\IS\Rides24\src\main\resources\rides.temp' has been recovered (tr. 1-10)

[2025-05-07 12:48:02 #2 store] 
Database 'C:\Users\34639\eclipse-workspace\IS\Rides24\src\main\resources\rides.temp' is opened by 13956@DESKTOP-MHH985K

[2025-05-07 12:48:02 #3 type] 
Type domain.Driver is not enhanced.

[2025-05-07 12:48:02 #4 type] 
Type domain.Monedero is not enhanced.

[2025-05-07 12:48:02 #5 type] 
Type domain.Ride is not enhanced.

[2025-05-07 12:48:02 #6 type] 
Type domain.Transaction is not enhanced.

[2025-05-07 12:48:02 #7 type] 
Type domain.Passenger is not enhanced.

[2025-05-07 12:48:02 #8 type] 
Type domain.Mail is not enhanced.

------------------------------------------------------------------------------------------------------------------------

[2025-05-07 12:52:07 #1 store] 
Database 'C:\Users\34639\eclipse-workspace\IS\Rides24\src\main\resources\rides.temp' is opened by 20348@DESKTOP-MHH985K

[2025-05-07 12:52:07 #2 type] 
Type domain.Driver is not enhanced.

[2025-05-07 12:52:07 #3 type] 
Type domain.Monedero is not enhanced.

[2025-05-07 12:52:07 #4 type] 
Type domain.Ride is not enhanced.

[2025-05-07 12:52:07 #5 type] 
Type domain.Transaction is not enhanced.

[2025-05-07 12:52:07 #6 type] 
Type domain.Passenger is not enhanced.

[2025-05-07 12:52:07 #7 type] 
Type domain.Mail is not enhanced.

------------------------------------------------------------------------------------------------------------------------

[2025-05-07 12:52:49 #1 store] 
Database 'C:\Users\34639\eclipse-workspace\IS\Rides24\src\main\resources\rides.temp' is opened by 26084@DESKTOP-MHH985K

[2025-05-07 12:52:49 #2 type.registry] 
New type domain.Driver

[2025-05-07 12:52:49 #3 type] 
Type domain.Driver is not enhanced.

[2025-05-07 12:52:49 #4 type.registry] 
New type domain.Monedero

[2025-05-07 12:52:49 #5 type.registry] 
New type domain.Ride

[2025-05-07 12:52:49 #6 type] 
Type domain.Monedero is not enhanced.

[2025-05-07 12:52:49 #7 type.registry] 
New type domain.Transaction

[2025-05-07 12:52:49 #8 type.registry] 
New type java.util.ArrayList<domain.Transaction>

[2025-05-07 12:52:49 #9 type] 
Type domain.Ride is not enhanced.

[2025-05-07 12:52:49 #10 type.registry] 
New type domain.Passenger

[2025-05-07 12:52:49 #11 type] 
Type domain.Transaction is not enhanced.

[2025-05-07 12:52:49 #12 type] 
Type domain.Passenger is not enhanced.

[2025-05-07 12:52:49 #13 type.registry] 
New type java.util.Vector<java.lang.Object>

[2025-05-07 12:52:49 #14 type.registry] 
New type java.util.ArrayList<java.lang.Object>

[2025-05-07 12:52:49 #15 type.registry] 
New type java.util.Vector<domain.Ride>

[2025-05-07 12:52:49 #16 type.registry] 
New type java.util.Vector<domain.Passenger>

------------------------------------------------------------------------------------------------------------------------

[2025-05-07 13:02:02 #1 store] 
Database 'C:\Users\34639\eclipse-workspace\IS\Rides24\src\main\resources\rides.temp' has been recovered (tr. 1-8)

[2025-05-07 13:02:02 #2 store] 
Database 'C:\Users\34639\eclipse-workspace\IS\Rides24\src\main\resources\rides.temp' is opened by 22088@DESKTOP-MHH985K

[2025-05-07 13:02:02 #3 type] 
Type domain.Driver is not enhanced.

[2025-05-07 13:02:02 #4 type] 
Type domain.Monedero is not enhanced.

[2025-05-07 13:02:02 #5 type] 
Type domain.Ride is not enhanced.

[2025-05-07 13:02:02 #6 type] 
Type domain.Transaction is not enhanced.

[2025-05-07 13:02:02 #7 type] 
Type domain.Passenger is not enhanced.

[2025-05-07 13:02:08 #8 type.registry] 
New type domain.Mail

[2025-05-07 13:02:08 #9 type] 
Type domain.Mail is not enhanced.

------------------------------------------------------------------------------------------------------------------------

[2025-05-07 13:03:38 #1 store] 
Database 'C:\Users\34639\eclipse-workspace\IS\Rides24\src\main\resources\rides.temp' has been recovered (tr. 9-11)

[2025-05-07 13:03:38 #2 store] 
Database 'C:\Users\34639\eclipse-workspace\IS\Rides24\src\main\resources\rides.temp' is opened by 1924@DESKTOP-MHH985K

[2025-05-07 13:03:38 #3 type] 
Type domain.Driver is not enhanced.

[2025-05-07 13:03:38 #4 type] 
Type domain.Monedero is not enhanced.

[2025-05-07 13:03:38 #5 type] 
Type domain.Ride is not enhanced.

[2025-05-07 13:03:38 #6 type] 
Type domain.Transaction is not enhanced.

[2025-05-07 13:03:38 #7 type] 
Type domain.Passenger is not enhanced.

[2025-05-07 13:03:38 #8 type] 
Type domain.Mail is not enhanced.

------------------------------------------------------------------------------------------------------------------------

[2025-05-07 13:04:52 #1 store] 
Database 'C:\Users\34639\eclipse-workspace\IS\Rides24\src\main\resources\rides.temp' has been recovered (tr. 12-15)

[2025-05-07 13:04:52 #2 store] 
Database 'C:\Users\34639\eclipse-workspace\IS\Rides24\src\main\resources\rides.temp' is opened by 25556@DESKTOP-MHH985K

[2025-05-07 13:04:52 #3 type] 
Type domain.Driver is not enhanced.

[2025-05-07 13:04:52 #4 type] 
Type domain.Monedero is not enhanced.

[2025-05-07 13:04:52 #5 type] 
Type domain.Ride is not enhanced.

[2025-05-07 13:04:52 #6 type] 
Type domain.Transaction is not enhanced.

[2025-05-07 13:04:52 #7 type] 
Type domain.Passenger is not enhanced.

[2025-05-07 13:04:52 #8 type] 
Type domain.Mail is not enhanced.

------------------------------------------------------------------------------------------------------------------------

[2025-05-07 13:06:06 #1 store] 
Database 'C:\Users\34639\eclipse-workspace\IS\Rides24\src\main\resources\rides.temp' is opened by 23528@DESKTOP-MHH985K

[2025-05-07 13:06:06 #2 type] 
Type domain.Driver is not enhanced.

[2025-05-07 13:06:06 #3 type] 
Type domain.Monedero is not enhanced.

[2025-05-07 13:06:06 #4 type] 
Type domain.Ride is not enhanced.

[2025-05-07 13:06:06 #5 type] 
Type domain.Transaction is not enhanced.

[2025-05-07 13:06:06 #6 type] 
Type domain.Passenger is not enhanced.

[2025-05-07 13:06:06 #7 type] 
Type domain.Mail is not enhanced.

------------------------------------------------------------------------------------------------------------------------

[2025-05-07 13:06:27 #1 store] 
Database 'C:\Users\34639\eclipse-workspace\IS\Rides24\src\main\resources\rides.temp' has been recovered (tr. 16-16)

[2025-05-07 13:06:27 #2 store] 
Database 'C:\Users\34639\eclipse-workspace\IS\Rides24\src\main\resources\rides.temp' is opened by 14532@DESKTOP-MHH985K

[2025-05-07 13:06:27 #3 type] 
Type domain.Driver is not enhanced.

[2025-05-07 13:06:27 #4 type] 
Type domain.Monedero is not enhanced.

[2025-05-07 13:06:27 #5 type] 
Type domain.Ride is not enhanced.

[2025-05-07 13:06:27 #6 type] 
Type domain.Transaction is not enhanced.

[2025-05-07 13:06:27 #7 type] 
Type domain.Passenger is not enhanced.

[2025-05-07 13:06:27 #8 type] 
Type domain.Mail is not enhanced.

------------------------------------------------------------------------------------------------------------------------

[2025-05-07 13:07:45 #1 store] 
Database 'C:\Users\34639\eclipse-workspace\IS\Rides24\src\main\resources\rides.temp' is opened by 27732@DESKTOP-MHH985K

[2025-05-07 13:07:45 #2 type] 
Type domain.Driver is not enhanced.

[2025-05-07 13:07:45 #3 type] 
Type domain.Monedero is not enhanced.

[2025-05-07 13:07:45 #4 type] 
Type domain.Ride is not enhanced.

[2025-05-07 13:07:45 #5 type] 
Type domain.Transaction is not enhanced.

[2025-05-07 13:07:45 #6 type] 
Type domain.Passenger is not enhanced.

[2025-05-07 13:07:45 #7 type] 
Type domain.Mail is not enhanced.

------------------------------------------------------------------------------------------------------------------------

[2025-05-07 13:09:07 #1 store] 
Database 'C:\Users\34639\eclipse-workspace\IS\Rides24\src\main\resources\rides.temp' has been recovered (tr. 17-19)

[2025-05-07 13:09:07 #2 store] 
Database 'C:\Users\34639\eclipse-workspace\IS\Rides24\src\main\resources\rides.temp' is opened by 14296@DESKTOP-MHH985K

[2025-05-07 13:09:08 #3 type] 
Type domain.Driver is not enhanced.

[2025-05-07 13:09:08 #4 type] 
Type domain.Monedero is not enhanced.

[2025-05-07 13:09:08 #5 type] 
Type domain.Ride is not enhanced.

[2025-05-07 13:09:08 #6 type] 
Type domain.Transaction is not enhanced.

[2025-05-07 13:09:08 #7 type] 
Type domain.Passenger is not enhanced.

[2025-05-07 13:09:08 #8 type] 
Type domain.Mail is not enhanced.

------------------------------------------------------------------------------------------------------------------------

[2025-05-07 13:12:36 #1 store] 
Database 'C:\Users\34639\eclipse-workspace\IS\Rides24\src\main\resources\rides.temp' has been recovered (tr. 20-20)

[2025-05-07 13:12:36 #2 store] 
Database 'C:\Users\34639\eclipse-workspace\IS\Rides24\src\main\resources\rides.temp' is opened by 22724@DESKTOP-MHH985K

[2025-05-07 13:12:36 #3 type] 
Type domain.Driver is not enhanced.

[2025-05-07 13:12:36 #4 type] 
Type domain.Monedero is not enhanced.

[2025-05-07 13:12:36 #5 type] 
Type domain.Ride is not enhanced.

[2025-05-07 13:12:36 #6 type] 
Type domain.Transaction is not enhanced.

[2025-05-07 13:12:36 #7 type] 
Type domain.Passenger is not enhanced.

[2025-05-07 13:12:36 #8 type] 
Type domain.Mail is not enhanced.

------------------------------------------------------------------------------------------------------------------------

[2025-05-07 13:12:46 #1 store] 
Database 'C:\Users\34639\eclipse-workspace\IS\Rides24\src\main\resources\rides.temp' is opened by 27928@DESKTOP-MHH985K

[2025-05-07 13:12:46 #2 type.registry] 
New type domain.Driver

[2025-05-07 13:12:46 #3 type] 
Type domain.Driver is not enhanced.

[2025-05-07 13:12:46 #4 type.registry] 
New type domain.Monedero

[2025-05-07 13:12:46 #5 type.registry] 
New type domain.Ride

[2025-05-07 13:12:46 #6 type] 
Type domain.Monedero is not enhanced.

[2025-05-07 13:12:46 #7 type.registry] 
New type domain.Transaction

[2025-05-07 13:12:46 #8 type.registry] 
New type java.util.ArrayList<domain.Transaction>

[2025-05-07 13:12:46 #9 type] 
Type domain.Ride is not enhanced.

[2025-05-07 13:12:46 #10 type.registry] 
New type domain.Passenger

[2025-05-07 13:12:46 #11 type] 
Type domain.Transaction is not enhanced.

[2025-05-07 13:12:46 #12 type] 
Type domain.Passenger is not enhanced.

[2025-05-07 13:12:46 #13 type.registry] 
New type java.util.Vector<java.lang.Object>

[2025-05-07 13:12:46 #14 type.registry] 
New type java.util.ArrayList<java.lang.Object>

[2025-05-07 13:12:46 #15 type.registry] 
New type java.util.Vector<domain.Ride>

[2025-05-07 13:12:46 #16 type.registry] 
New type java.util.Vector<domain.Passenger>

------------------------------------------------------------------------------------------------------------------------

[2025-05-07 13:12:56 #1 store] 
Database 'C:\Users\34639\eclipse-workspace\IS\Rides24\src\main\resources\rides.temp' has been recovered (tr. 1-8)

[2025-05-07 13:12:56 #2 store] 
Database 'C:\Users\34639\eclipse-workspace\IS\Rides24\src\main\resources\rides.temp' is opened by 3756@DESKTOP-MHH985K

[2025-05-07 13:12:56 #3 type] 
Type domain.Driver is not enhanced.

[2025-05-07 13:12:56 #4 type] 
Type domain.Monedero is not enhanced.

[2025-05-07 13:12:56 #5 type] 
Type domain.Ride is not enhanced.

[2025-05-07 13:12:56 #6 type] 
Type domain.Transaction is not enhanced.

[2025-05-07 13:12:56 #7 type] 
Type domain.Passenger is not enhanced.

[2025-05-07 13:13:00 #8 type.registry] 
New type domain.Mail

[2025-05-07 13:13:00 #9 type] 
Type domain.Mail is not enhanced.

------------------------------------------------------------------------------------------------------------------------

[2025-05-07 13:13:04 #1 store] 
Database 'C:\Users\34639\eclipse-workspace\IS\Rides24\src\main\resources\rides.temp' has been recovered (tr. 9-10)

[2025-05-07 13:13:04 #2 store] 
Database 'C:\Users\34639\eclipse-workspace\IS\Rides24\src\main\resources\rides.temp' is opened by 18252@DESKTOP-MHH985K

[2025-05-07 13:13:04 #3 type] 
Type domain.Driver is not enhanced.

[2025-05-07 13:13:04 #4 type] 
Type domain.Monedero is not enhanced.

[2025-05-07 13:13:04 #5 type] 
Type domain.Ride is not enhanced.

[2025-05-07 13:13:04 #6 type] 
Type domain.Transaction is not enhanced.

[2025-05-07 13:13:04 #7 type] 
Type domain.Passenger is not enhanced.

[2025-05-07 13:13:04 #8 type] 
Type domain.Mail is not enhanced.

------------------------------------------------------------------------------------------------------------------------

[2025-05-07 13:13:42 #1 store] 
Database 'C:\Users\34639\eclipse-workspace\IS\Rides24\src\main\resources\rides.temp' has been recovered (tr. 11-14)

[2025-05-07 13:13:42 #2 store] 
Database 'C:\Users\34639\eclipse-workspace\IS\Rides24\src\main\resources\rides.temp' is opened by 23292@DESKTOP-MHH985K

[2025-05-07 13:13:42 #3 type] 
Type domain.Driver is not enhanced.

[2025-05-07 13:13:42 #4 type] 
Type domain.Monedero is not enhanced.

[2025-05-07 13:13:42 #5 type] 
Type domain.Ride is not enhanced.

[2025-05-07 13:13:42 #6 type] 
Type domain.Transaction is not enhanced.

[2025-05-07 13:13:42 #7 type] 
Type domain.Passenger is not enhanced.

[2025-05-07 13:13:42 #8 type] 
Type domain.Mail is not enhanced.

------------------------------------------------------------------------------------------------------------------------

[2025-05-07 13:13:47 #1 store] 
Database 'C:\Users\34639\eclipse-workspace\IS\Rides24\src\main\resources\rides.temp' is opened by 2148@DESKTOP-MHH985K

[2025-05-07 13:13:47 #2 type] 
Type domain.Driver is not enhanced.

[2025-05-07 13:13:47 #3 type] 
Type domain.Monedero is not enhanced.

[2025-05-07 13:13:47 #4 type] 
Type domain.Ride is not enhanced.

[2025-05-07 13:13:47 #5 type] 
Type domain.Transaction is not enhanced.

[2025-05-07 13:13:47 #6 type] 
Type domain.Passenger is not enhanced.

[2025-05-07 13:13:47 #7 type] 
Type domain.Mail is not enhanced.

------------------------------------------------------------------------------------------------------------------------

[2025-05-07 13:14:03 #1 store] 
Database 'C:\Users\34639\eclipse-workspace\IS\Rides24\src\main\resources\rides.temp' has been recovered (tr. 15-15)

[2025-05-07 13:14:03 #2 store] 
Database 'C:\Users\34639\eclipse-workspace\IS\Rides24\src\main\resources\rides.temp' is opened by 21764@DESKTOP-MHH985K

[2025-05-07 13:14:03 #3 type] 
Type domain.Driver is not enhanced.

[2025-05-07 13:14:03 #4 type] 
Type domain.Monedero is not enhanced.

[2025-05-07 13:14:03 #5 type] 
Type domain.Ride is not enhanced.

[2025-05-07 13:14:03 #6 type] 
Type domain.Transaction is not enhanced.

[2025-05-07 13:14:03 #7 type] 
Type domain.Passenger is not enhanced.

[2025-05-07 13:14:03 #8 type] 
Type domain.Mail is not enhanced.

------------------------------------------------------------------------------------------------------------------------

[2025-05-07 13:14:17 #1 store] 
Database 'C:\Users\34639\eclipse-workspace\IS\Rides24\src\main\resources\rides.temp' has been recovered (tr. 16-16)

[2025-05-07 13:14:17 #2 store] 
Database 'C:\Users\34639\eclipse-workspace\IS\Rides24\src\main\resources\rides.temp' is opened by 15100@DESKTOP-MHH985K

[2025-05-07 13:14:17 #3 type] 
Type domain.Driver is not enhanced.

[2025-05-07 13:14:17 #4 type] 
Type domain.Monedero is not enhanced.

[2025-05-07 13:14:17 #5 type] 
Type domain.Ride is not enhanced.

[2025-05-07 13:14:17 #6 type] 
Type domain.Transaction is not enhanced.

[2025-05-07 13:14:17 #7 type] 
Type domain.Passenger is not enhanced.

[2025-05-07 13:14:17 #8 type] 
Type domain.Mail is not enhanced.

------------------------------------------------------------------------------------------------------------------------

[2025-05-07 13:14:25 #1 store] 
Database 'C:\Users\34639\eclipse-workspace\IS\Rides24\src\main\resources\rides.temp' is opened by 22640@DESKTOP-MHH985K

[2025-05-07 13:14:25 #2 type] 
Type domain.Driver is not enhanced.

[2025-05-07 13:14:25 #3 type] 
Type domain.Monedero is not enhanced.

[2025-05-07 13:14:25 #4 type] 
Type domain.Ride is not enhanced.

[2025-05-07 13:14:25 #5 type] 
Type domain.Transaction is not enhanced.

[2025-05-07 13:14:25 #6 type] 
Type domain.Passenger is not enhanced.

[2025-05-07 13:14:25 #7 type] 
Type domain.Mail is not enhanced.

------------------------------------------------------------------------------------------------------------------------

[2025-05-07 13:55:30 #1 store] 
Database 'C:\Users\34639\eclipse-workspace\IS\Rides24\src\main\resources\rides.temp' has been recovered (tr. 17-20)

[2025-05-07 13:55:30 #2 store] 
Database 'C:\Users\34639\eclipse-workspace\IS\Rides24\src\main\resources\rides.temp' is opened by 21300@DESKTOP-MHH985K

[2025-05-07 13:55:30 #3 type] 
Type domain.Driver is not enhanced.

[2025-05-07 13:55:30 #4 type] 
Type domain.Monedero is not enhanced.

[2025-05-07 13:55:30 #5 type] 
Type domain.Ride is not enhanced.

[2025-05-07 13:55:30 #6 type] 
Type domain.Transaction is not enhanced.

[2025-05-07 13:55:30 #7 type] 
Type domain.Passenger is not enhanced.

[2025-05-07 13:55:30 #8 type] 
Type domain.Mail is not enhanced.

------------------------------------------------------------------------------------------------------------------------

[2025-05-07 13:55:58 #1 store] 
Database 'C:\Users\34639\eclipse-workspace\IS\Rides24\src\main\resources\rides.temp' is opened by 3044@DESKTOP-MHH985K

[2025-05-07 13:55:58 #2 type.registry] 
New type domain.Driver

[2025-05-07 13:55:58 #3 type] 
Type domain.Driver is not enhanced.

[2025-05-07 13:55:58 #4 type.registry] 
New type domain.Monedero

[2025-05-07 13:55:58 #5 type.registry] 
New type domain.Ride

[2025-05-07 13:55:58 #6 type] 
Type domain.Monedero is not enhanced.

[2025-05-07 13:55:58 #7 type.registry] 
New type domain.Transaction

[2025-05-07 13:55:58 #8 type.registry] 
New type java.util.ArrayList<domain.Transaction>

[2025-05-07 13:55:58 #9 type] 
Type domain.Ride is not enhanced.

[2025-05-07 13:55:58 #10 type.registry] 
New type domain.Passenger

[2025-05-07 13:55:58 #11 type] 
Type domain.Transaction is not enhanced.

[2025-05-07 13:55:58 #12 type] 
Type domain.Passenger is not enhanced.

[2025-05-07 13:55:58 #13 type.registry] 
New type java.util.Vector<java.lang.Object>

[2025-05-07 13:55:58 #14 type.registry] 
New type java.util.ArrayList<java.lang.Object>

[2025-05-07 13:55:58 #15 type.registry] 
New type java.util.Vector<domain.Ride>

[2025-05-07 13:55:58 #16 type.registry] 
New type java.util.Vector<domain.Passenger>

------------------------------------------------------------------------------------------------------------------------

[2025-05-07 13:56:05 #1 store] 
Database 'C:\Users\34639\eclipse-workspace\IS\Rides24\src\main\resources\rides.temp' has been recovered (tr. 1-8)

[2025-05-07 13:56:05 #2 store] 
Database 'C:\Users\34639\eclipse-workspace\IS\Rides24\src\main\resources\rides.temp' is opened by 17420@DESKTOP-MHH985K

[2025-05-07 13:56:06 #3 type] 
Type domain.Driver is not enhanced.

[2025-05-07 13:56:06 #4 type] 
Type domain.Monedero is not enhanced.

[2025-05-07 13:56:06 #5 type] 
Type domain.Ride is not enhanced.

[2025-05-07 13:56:06 #6 type] 
Type domain.Transaction is not enhanced.

[2025-05-07 13:56:06 #7 type] 
Type domain.Passenger is not enhanced.

[2025-05-07 13:56:27 #8 type.registry] 
New type domain.Reservation

[2025-05-07 13:56:27 #9 type] 
Type domain.Reservation is not enhanced.

------------------------------------------------------------------------------------------------------------------------

[2025-05-07 13:56:45 #1 store] 
Database 'C:\Users\34639\eclipse-workspace\IS\Rides24\src\main\resources\rides.temp' has been recovered (tr. 9-14)

[2025-05-07 13:56:45 #2 store] 
Database 'C:\Users\34639\eclipse-workspace\IS\Rides24\src\main\resources\rides.temp' is opened by 17332@DESKTOP-MHH985K

[2025-05-07 13:56:46 #3 type] 
Type domain.Driver is not enhanced.

[2025-05-07 13:56:46 #4 type] 
Type domain.Monedero is not enhanced.

[2025-05-07 13:56:46 #5 type] 
Type domain.Ride is not enhanced.

[2025-05-07 13:56:46 #6 type] 
Type domain.Transaction is not enhanced.

[2025-05-07 13:56:46 #7 type] 
Type domain.Passenger is not enhanced.

[2025-05-07 13:56:46 #8 type] 
Type domain.Reservation is not enhanced.

------------------------------------------------------------------------------------------------------------------------

[2025-05-07 14:06:22 #1 store] 
Database 'C:\Users\34639\eclipse-workspace\IS\Rides24\src\main\resources\rides.temp' is opened by 22864@DESKTOP-MHH985K

[2025-05-07 14:06:22 #2 type] 
Type domain.Driver is not enhanced.

[2025-05-07 14:06:22 #3 type] 
Type domain.Monedero is not enhanced.

[2025-05-07 14:06:22 #4 type] 
Type domain.Ride is not enhanced.

[2025-05-07 14:06:22 #5 type] 
Type domain.Transaction is not enhanced.

[2025-05-07 14:06:22 #6 type] 
Type domain.Passenger is not enhanced.

[2025-05-07 14:06:22 #7 type] 
Type domain.Reservation is not enhanced.

------------------------------------------------------------------------------------------------------------------------

[2025-05-07 14:08:09 #1 store] 
Database 'C:\Users\34639\eclipse-workspace\IS\Rides24\src\main\resources\rides.temp' is opened by 4124@DESKTOP-MHH985K

[2025-05-07 14:08:09 #2 type] 
Type domain.Driver is not enhanced.

[2025-05-07 14:08:09 #3 type] 
Type domain.Monedero is not enhanced.

[2025-05-07 14:08:09 #4 type] 
Type domain.Ride is not enhanced.

[2025-05-07 14:08:09 #5 type] 
Type domain.Transaction is not enhanced.

[2025-05-07 14:08:09 #6 type] 
Type domain.Passenger is not enhanced.

[2025-05-07 14:08:09 #7 type] 
Type domain.Reservation is not enhanced.

[2025-05-07 14:08:13 #8 type.registry] 
New type domain.Mail

[2025-05-07 14:08:13 #9 type] 
Type domain.Mail is not enhanced.

------------------------------------------------------------------------------------------------------------------------

[2025-05-07 14:08:44 #1 store] 
Database 'C:\Users\34639\eclipse-workspace\IS\Rides24\src\main\resources\rides.temp' has been recovered (tr. 15-17)

[2025-05-07 14:08:44 #2 store] 
Database 'C:\Users\34639\eclipse-workspace\IS\Rides24\src\main\resources\rides.temp' is opened by 15032@DESKTOP-MHH985K

[2025-05-07 14:08:44 #3 type] 
Type domain.Driver is not enhanced.

[2025-05-07 14:08:44 #4 type] 
Type domain.Monedero is not enhanced.

[2025-05-07 14:08:44 #5 type] 
Type domain.Ride is not enhanced.

[2025-05-07 14:08:44 #6 type] 
Type domain.Transaction is not enhanced.

[2025-05-07 14:08:44 #7 type] 
Type domain.Passenger is not enhanced.

[2025-05-07 14:08:44 #8 type] 
Type domain.Reservation is not enhanced.

[2025-05-07 14:08:44 #9 type] 
Type domain.Mail is not enhanced.

------------------------------------------------------------------------------------------------------------------------

[2025-05-07 14:08:58 #1 store] 
Database 'C:\Users\34639\eclipse-workspace\IS\Rides24\src\main\resources\rides.temp' has been recovered (tr. 18-18)

[2025-05-07 14:08:58 #2 store] 
Database 'C:\Users\34639\eclipse-workspace\IS\Rides24\src\main\resources\rides.temp' is opened by 2480@DESKTOP-MHH985K

[2025-05-07 14:08:58 #3 type] 
Type domain.Driver is not enhanced.

[2025-05-07 14:08:58 #4 type] 
Type domain.Monedero is not enhanced.

[2025-05-07 14:08:58 #5 type] 
Type domain.Ride is not enhanced.

[2025-05-07 14:08:58 #6 type] 
Type domain.Transaction is not enhanced.

[2025-05-07 14:08:58 #7 type] 
Type domain.Passenger is not enhanced.

[2025-05-07 14:08:58 #8 type] 
Type domain.Reservation is not enhanced.

[2025-05-07 14:08:58 #9 type] 
Type domain.Mail is not enhanced.

------------------------------------------------------------------------------------------------------------------------

[2025-05-07 14:09:19 #1 store] 
Database 'C:\Users\34639\eclipse-workspace\IS\Rides24\src\main\resources\rides.temp' has been recovered (tr. 19-19)

[2025-05-07 14:09:19 #2 store] 
Database 'C:\Users\34639\eclipse-workspace\IS\Rides24\src\main\resources\rides.temp' is opened by 1728@DESKTOP-MHH985K

[2025-05-07 14:09:19 #3 type] 
Type domain.Driver is not enhanced.

[2025-05-07 14:09:19 #4 type] 
Type domain.Monedero is not enhanced.

[2025-05-07 14:09:19 #5 type] 
Type domain.Ride is not enhanced.

[2025-05-07 14:09:19 #6 type] 
Type domain.Transaction is not enhanced.

[2025-05-07 14:09:19 #7 type] 
Type domain.Passenger is not enhanced.

[2025-05-07 14:09:19 #8 type] 
Type domain.Reservation is not enhanced.

[2025-05-07 14:09:19 #9 type] 
Type domain.Mail is not enhanced.

------------------------------------------------------------------------------------------------------------------------

[2025-05-07 14:09:28 #1 store] 
Database 'C:\Users\34639\eclipse-workspace\IS\Rides24\src\main\resources\rides.temp' is opened by 27972@DESKTOP-MHH985K

[2025-05-07 14:09:28 #2 type] 
Type domain.Driver is not enhanced.

[2025-05-07 14:09:28 #3 type] 
Type domain.Monedero is not enhanced.

[2025-05-07 14:09:28 #4 type] 
Type domain.Ride is not enhanced.

[2025-05-07 14:09:28 #5 type] 
Type domain.Transaction is not enhanced.

[2025-05-07 14:09:28 #6 type] 
Type domain.Passenger is not enhanced.

[2025-05-07 14:09:28 #7 type] 
Type domain.Reservation is not enhanced.

[2025-05-07 14:09:28 #8 type] 
Type domain.Mail is not enhanced.

------------------------------------------------------------------------------------------------------------------------

[2025-05-07 14:10:10 #1 store] 
Database 'C:\Users\34639\eclipse-workspace\IS\Rides24\src\main\resources\rides.temp' is opened by 7844@DESKTOP-MHH985K

[2025-05-07 14:10:11 #2 type] 
Type domain.Driver is not enhanced.

[2025-05-07 14:10:11 #3 type] 
Type domain.Monedero is not enhanced.

[2025-05-07 14:10:11 #4 type] 
Type domain.Ride is not enhanced.

[2025-05-07 14:10:11 #5 type] 
Type domain.Transaction is not enhanced.

[2025-05-07 14:10:11 #6 type] 
Type domain.Passenger is not enhanced.

[2025-05-07 14:10:11 #7 type] 
Type domain.Reservation is not enhanced.

[2025-05-07 14:10:11 #8 type] 
Type domain.Mail is not enhanced.

------------------------------------------------------------------------------------------------------------------------

[2025-05-07 14:10:43 #1 store] 
Database 'C:\Users\34639\eclipse-workspace\IS\Rides24\src\main\resources\rides.temp' has been recovered (tr. 20-21)

[2025-05-07 14:10:43 #2 store] 
Database 'C:\Users\34639\eclipse-workspace\IS\Rides24\src\main\resources\rides.temp' is opened by 8860@DESKTOP-MHH985K

[2025-05-07 14:10:44 #3 type] 
Type domain.Driver is not enhanced.

[2025-05-07 14:10:44 #4 type] 
Type domain.Monedero is not enhanced.

[2025-05-07 14:10:44 #5 type] 
Type domain.Ride is not enhanced.

[2025-05-07 14:10:44 #6 type] 
Type domain.Transaction is not enhanced.

[2025-05-07 14:10:44 #7 type] 
Type domain.Passenger is not enhanced.

[2025-05-07 14:10:44 #8 type] 
Type domain.Reservation is not enhanced.

[2025-05-07 14:10:44 #9 type] 
Type domain.Mail is not enhanced.

------------------------------------------------------------------------------------------------------------------------

[2025-05-07 14:11:12 #1 store] 
Database 'C:\Users\34639\eclipse-workspace\IS\Rides24\src\main\resources\rides.temp' has been recovered (tr. 22-23)

[2025-05-07 14:11:12 #2 store] 
Database 'C:\Users\34639\eclipse-workspace\IS\Rides24\src\main\resources\rides.temp' is opened by 20508@DESKTOP-MHH985K

[2025-05-07 14:11:12 #3 type] 
Type domain.Driver is not enhanced.

[2025-05-07 14:11:12 #4 type] 
Type domain.Monedero is not enhanced.

[2025-05-07 14:11:12 #5 type] 
Type domain.Ride is not enhanced.

[2025-05-07 14:11:12 #6 type] 
Type domain.Transaction is not enhanced.

[2025-05-07 14:11:12 #7 type] 
Type domain.Passenger is not enhanced.

[2025-05-07 14:11:12 #8 type] 
Type domain.Reservation is not enhanced.

[2025-05-07 14:11:12 #9 type] 
Type domain.Mail is not enhanced.

------------------------------------------------------------------------------------------------------------------------

[2025-05-07 14:11:48 #1 store] 
Database 'C:\Users\34639\eclipse-workspace\IS\Rides24\src\main\resources\rides.temp' has been recovered (tr. 24-28)

[2025-05-07 14:11:48 #2 store] 
Database 'C:\Users\34639\eclipse-workspace\IS\Rides24\src\main\resources\rides.temp' is opened by 27400@DESKTOP-MHH985K

[2025-05-07 14:11:48 #3 type] 
Type domain.Driver is not enhanced.

[2025-05-07 14:11:48 #4 type] 
Type domain.Monedero is not enhanced.

[2025-05-07 14:11:48 #5 type] 
Type domain.Ride is not enhanced.

[2025-05-07 14:11:48 #6 type] 
Type domain.Transaction is not enhanced.

[2025-05-07 14:11:48 #7 type] 
Type domain.Passenger is not enhanced.

[2025-05-07 14:11:48 #8 type] 
Type domain.Reservation is not enhanced.

[2025-05-07 14:11:48 #9 type] 
Type domain.Mail is not enhanced.

------------------------------------------------------------------------------------------------------------------------

[2025-05-07 14:12:12 #1 store] 
Database 'C:\Users\34639\eclipse-workspace\IS\Rides24\src\main\resources\rides.temp' is opened by 19184@DESKTOP-MHH985K

[2025-05-07 14:12:12 #2 type] 
Type domain.Driver is not enhanced.

[2025-05-07 14:12:12 #3 type] 
Type domain.Monedero is not enhanced.

[2025-05-07 14:12:12 #4 type] 
Type domain.Ride is not enhanced.

[2025-05-07 14:12:12 #5 type] 
Type domain.Transaction is not enhanced.

[2025-05-07 14:12:12 #6 type] 
Type domain.Passenger is not enhanced.

[2025-05-07 14:12:12 #7 type] 
Type domain.Reservation is not enhanced.

[2025-05-07 14:12:12 #8 type] 
Type domain.Mail is not enhanced.

------------------------------------------------------------------------------------------------------------------------

[2025-05-07 14:12:35 #1 store] 
Database 'C:\Users\34639\eclipse-workspace\IS\Rides24\src\main\resources\rides.temp' has been recovered (tr. 29-32)

[2025-05-07 14:12:35 #2 store] 
Database 'C:\Users\34639\eclipse-workspace\IS\Rides24\src\main\resources\rides.temp' is opened by 26084@DESKTOP-MHH985K

[2025-05-07 14:12:35 #3 type] 
Type domain.Driver is not enhanced.

[2025-05-07 14:12:35 #4 type] 
Type domain.Monedero is not enhanced.

[2025-05-07 14:12:35 #5 type] 
Type domain.Ride is not enhanced.

[2025-05-07 14:12:35 #6 type] 
Type domain.Transaction is not enhanced.

[2025-05-07 14:12:35 #7 type] 
Type domain.Passenger is not enhanced.

[2025-05-07 14:12:35 #8 type] 
Type domain.Reservation is not enhanced.

[2025-05-07 14:12:35 #9 type] 
Type domain.Mail is not enhanced.

------------------------------------------------------------------------------------------------------------------------

[2025-05-07 14:12:46 #1 store] 
Database 'C:\Users\34639\eclipse-workspace\IS\Rides24\src\main\resources\rides.temp' is opened by 15196@DESKTOP-MHH985K

[2025-05-07 14:12:46 #2 type] 
Type domain.Driver is not enhanced.

[2025-05-07 14:12:46 #3 type] 
Type domain.Monedero is not enhanced.

[2025-05-07 14:12:46 #4 type] 
Type domain.Ride is not enhanced.

[2025-05-07 14:12:46 #5 type] 
Type domain.Transaction is not enhanced.

[2025-05-07 14:12:46 #6 type] 
Type domain.Passenger is not enhanced.

[2025-05-07 14:12:46 #7 type] 
Type domain.Reservation is not enhanced.

[2025-05-07 14:12:46 #8 type] 
Type domain.Mail is not enhanced.

------------------------------------------------------------------------------------------------------------------------

[2025-05-07 14:20:46 #1 store] 
Database 'C:\Users\34639\eclipse-workspace\IS\Rides24\src\main\resources\rides.temp' is opened by 4616@DESKTOP-MHH985K

[2025-05-07 14:20:46 #2 type] 
Type domain.Driver is not enhanced.

[2025-05-07 14:20:46 #3 type] 
Type domain.Monedero is not enhanced.

[2025-05-07 14:20:46 #4 type] 
Type domain.Ride is not enhanced.

[2025-05-07 14:20:46 #5 type] 
Type domain.Transaction is not enhanced.

[2025-05-07 14:20:46 #6 type] 
Type domain.Passenger is not enhanced.

[2025-05-07 14:20:46 #7 type] 
Type domain.Reservation is not enhanced.

[2025-05-07 14:20:46 #8 type] 
Type domain.Mail is not enhanced.

