------------------------------------------------------------------------------------------------------------------------

[2025-04-20 11:17:40 #1 store] 
Database 'C:\Users\1153342\git\Rides\Rides24\src\main\resources\rides.temp' is opened by 37028@Anne

[2025-04-20 11:17:40 #2 type] 
Type domain.Driver is not enhanced.

[2025-04-20 11:17:40 #3 type] 
Type domain.Ride is not enhanced.

[2025-04-20 11:17:41 #4 type] 
Type domain.Passenger is not enhanced.

[2025-04-20 11:17:41 #5 type] 
Type domain.Reservation is not enhanced.

------------------------------------------------------------------------------------------------------------------------

[2025-04-20 11:18:22 #1 store] 
Database 'C:\Users\1153342\git\Rides\Rides24\src\main\resources\rides.temp' is opened by 39696@Anne

[2025-04-20 11:18:22 #2 type] 
Type domain.Driver is not enhanced.

[2025-04-20 11:18:22 #3 type] 
Type domain.Ride is not enhanced.

[2025-04-20 11:18:22 #4 type] 
Type domain.Passenger is not enhanced.

[2025-04-20 11:18:22 #5 type] 
Type domain.Reservation is not enhanced.

------------------------------------------------------------------------------------------------------------------------

[2025-04-20 11:18:51 #1 store] 
Database 'C:\Users\1153342\git\Rides\Rides24\src\main\resources\rides.temp' has been recovered (tr. 17-17)

[2025-04-20 11:18:51 #2 store] 
Database 'C:\Users\1153342\git\Rides\Rides24\src\main\resources\rides.temp' is opened by 37588@Anne

[2025-04-20 11:18:51 #3 type] 
Type domain.Driver is not enhanced.

[2025-04-20 11:18:51 #4 type] 
Type domain.Ride is not enhanced.

[2025-04-20 11:18:51 #5 type] 
Type domain.Passenger is not enhanced.

[2025-04-20 11:18:51 #6 type] 
Type domain.Reservation is not enhanced.

------------------------------------------------------------------------------------------------------------------------

[2025-04-20 11:19:33 #1 store] 
Database 'C:\Users\1153342\git\Rides\Rides24\src\main\resources\rides.temp' is opened by 35780@Anne

[2025-04-20 11:19:33 #2 type] 
Type domain.Driver is not enhanced.

[2025-04-20 11:19:33 #3 type] 
Type domain.Ride is not enhanced.

[2025-04-20 11:19:33 #4 type] 
Type domain.Passenger is not enhanced.

[2025-04-20 11:19:33 #5 type] 
Type domain.Reservation is not enhanced.

------------------------------------------------------------------------------------------------------------------------

[2025-04-20 11:20:13 #1 store] 
Database 'C:\Users\1153342\git\Rides\Rides24\src\main\resources\rides.temp' has been recovered (tr. 18-20)

[2025-04-20 11:20:13 #2 store] 
Database 'C:\Users\1153342\git\Rides\Rides24\src\main\resources\rides.temp' is opened by 22476@Anne

[2025-04-20 11:20:13 #3 type] 
Type domain.Driver is not enhanced.

[2025-04-20 11:20:13 #4 type] 
Type domain.Ride is not enhanced.

[2025-04-20 11:20:13 #5 type] 
Type domain.Passenger is not enhanced.

[2025-04-20 11:20:13 #6 type] 
Type domain.Reservation is not enhanced.

------------------------------------------------------------------------------------------------------------------------

[2025-04-20 11:20:29 #1 store] 
Database 'C:\Users\1153342\git\Rides\Rides24\src\main\resources\rides.temp' has been recovered (tr. 21-23)

[2025-04-20 11:20:29 #2 store] 
Database 'C:\Users\1153342\git\Rides\Rides24\src\main\resources\rides.temp' is opened by 28768@Anne

[2025-04-20 11:20:29 #3 type] 
Type domain.Driver is not enhanced.

[2025-04-20 11:20:29 #4 type] 
Type domain.Ride is not enhanced.

[2025-04-20 11:20:29 #5 type] 
Type domain.Passenger is not enhanced.

[2025-04-20 11:20:29 #6 type] 
Type domain.Reservation is not enhanced.

------------------------------------------------------------------------------------------------------------------------

[2025-04-20 11:21:37 #1 store] 
Database 'C:\Users\1153342\git\Rides\Rides24\src\main\resources\rides.temp' is opened by 15112@Anne

[2025-04-20 11:21:37 #2 type.registry] 
New type domain.Driver

[2025-04-20 11:21:37 #3 type] 
Type domain.Driver is not enhanced.

[2025-04-20 11:21:37 #4 type.registry] 
New type domain.Ride

[2025-04-20 11:21:37 #5 type] 
Type domain.Ride is not enhanced.

[2025-04-20 11:21:37 #6 type.registry] 
New type domain.Passenger

[2025-04-20 11:21:37 #7 type] 
Type domain.Passenger is not enhanced.

[2025-04-20 11:21:37 #8 type.registry] 
New type java.util.Vector<java.lang.Object>

[2025-04-20 11:21:37 #9 type.registry] 
New type java.util.Vector<domain.Ride>

[2025-04-20 11:21:37 #10 type.registry] 
New type java.util.Vector<domain.Passenger>

------------------------------------------------------------------------------------------------------------------------

[2025-04-20 11:22:41 #1 store] 
Database 'C:\Users\1153342\git\Rides\Rides24\src\main\resources\rides.temp' has been recovered (tr. 1-7)

[2025-04-20 11:22:41 #2 store] 
Database 'C:\Users\1153342\git\Rides\Rides24\src\main\resources\rides.temp' is opened by 31100@Anne

[2025-04-20 11:22:41 #3 type] 
Type domain.Driver is not enhanced.

[2025-04-20 11:22:41 #4 type] 
Type domain.Ride is not enhanced.

[2025-04-20 11:22:41 #5 type] 
Type domain.Passenger is not enhanced.

------------------------------------------------------------------------------------------------------------------------

[2025-04-20 11:23:06 #1 store] 
Database 'C:\Users\1153342\git\Rides\Rides24\src\main\resources\rides.temp' has been recovered (tr. 8-9)

[2025-04-20 11:23:06 #2 store] 
Database 'C:\Users\1153342\git\Rides\Rides24\src\main\resources\rides.temp' is opened by 31924@Anne

[2025-04-20 11:23:07 #3 type] 
Type domain.Driver is not enhanced.

[2025-04-20 11:23:07 #4 type] 
Type domain.Ride is not enhanced.

[2025-04-20 11:23:07 #5 type] 
Type domain.Passenger is not enhanced.

[2025-04-20 11:23:20 #6 type.registry] 
New type domain.Reservation

[2025-04-20 11:23:20 #7 type] 
Type domain.Reservation is not enhanced.

------------------------------------------------------------------------------------------------------------------------

[2025-04-20 11:23:27 #1 store] 
Database 'C:\Users\1153342\git\Rides\Rides24\src\main\resources\rides.temp' has been recovered (tr. 10-12)

[2025-04-20 11:23:27 #2 store] 
Database 'C:\Users\1153342\git\Rides\Rides24\src\main\resources\rides.temp' is opened by 35780@Anne

[2025-04-20 11:23:27 #3 type] 
Type domain.Driver is not enhanced.

[2025-04-20 11:23:27 #4 type] 
Type domain.Ride is not enhanced.

[2025-04-20 11:23:27 #5 type] 
Type domain.Passenger is not enhanced.

[2025-04-20 11:23:27 #6 type] 
Type domain.Reservation is not enhanced.

------------------------------------------------------------------------------------------------------------------------

[2025-04-20 11:24:15 #1 store] 
Database 'C:\Users\1153342\git\Rides\Rides24\src\main\resources\rides.temp' is opened by 36180@Anne

[2025-04-20 11:24:15 #2 type] 
Type domain.Driver is not enhanced.

[2025-04-20 11:24:15 #3 type] 
Type domain.Ride is not enhanced.

[2025-04-20 11:24:15 #4 type] 
Type domain.Passenger is not enhanced.

[2025-04-20 11:24:15 #5 type] 
Type domain.Reservation is not enhanced.

------------------------------------------------------------------------------------------------------------------------

[2025-04-20 11:24:30 #1 store] 
Database 'C:\Users\1153342\git\Rides\Rides24\src\main\resources\rides.temp' is opened by 8112@Anne

[2025-04-20 11:24:30 #2 type] 
Type domain.Driver is not enhanced.

[2025-04-20 11:24:30 #3 type] 
Type domain.Ride is not enhanced.

[2025-04-20 11:24:30 #4 type] 
Type domain.Passenger is not enhanced.

[2025-04-20 11:24:30 #5 type] 
Type domain.Reservation is not enhanced.

------------------------------------------------------------------------------------------------------------------------

[2025-04-20 11:26:32 #1 store] 
Database 'C:\Users\1153342\git\Rides\Rides24\src\main\resources\rides.temp' is opened by 40256@Anne

[2025-04-20 11:26:32 #2 type.registry] 
New type domain.Driver

[2025-04-20 11:26:32 #3 type] 
Type domain.Driver is not enhanced.

[2025-04-20 11:26:32 #4 type.registry] 
New type domain.Ride

[2025-04-20 11:26:32 #5 type] 
Type domain.Ride is not enhanced.

[2025-04-20 11:26:32 #6 type.registry] 
New type domain.Passenger

[2025-04-20 11:26:32 #7 type] 
Type domain.Passenger is not enhanced.

[2025-04-20 11:26:32 #8 type.registry] 
New type java.util.Vector<java.lang.Object>

[2025-04-20 11:26:32 #9 type.registry] 
New type java.util.Vector<domain.Ride>

[2025-04-20 11:26:32 #10 type.registry] 
New type java.util.Vector<domain.Passenger>

------------------------------------------------------------------------------------------------------------------------

[2025-04-20 11:26:42 #1 store] 
Database 'C:\Users\1153342\git\Rides\Rides24\src\main\resources\rides.temp' has been recovered (tr. 1-7)

[2025-04-20 11:26:42 #2 store] 
Database 'C:\Users\1153342\git\Rides\Rides24\src\main\resources\rides.temp' is opened by 27836@Anne

[2025-04-20 11:26:42 #3 type] 
Type domain.Driver is not enhanced.

[2025-04-20 11:26:42 #4 type] 
Type domain.Ride is not enhanced.

[2025-04-20 11:26:42 #5 type] 
Type domain.Passenger is not enhanced.

[2025-04-20 11:26:54 #6 type.registry] 
New type domain.Reservation

[2025-04-20 11:26:54 #7 type] 
Type domain.Reservation is not enhanced.

------------------------------------------------------------------------------------------------------------------------

[2025-04-20 11:27:42 #1 store] 
Database 'C:\Users\1153342\git\Rides\Rides24\src\main\resources\rides.temp' has been recovered (tr. 8-9)

[2025-04-20 11:27:42 #2 store] 
Database 'C:\Users\1153342\git\Rides\Rides24\src\main\resources\rides.temp' is opened by 25408@Anne

[2025-04-20 11:27:42 #3 type] 
Type domain.Driver is not enhanced.

[2025-04-20 11:27:42 #4 type] 
Type domain.Ride is not enhanced.

[2025-04-20 11:27:42 #5 type] 
Type domain.Passenger is not enhanced.

[2025-04-20 11:27:42 #6 type] 
Type domain.Reservation is not enhanced.

------------------------------------------------------------------------------------------------------------------------

[2025-04-20 11:28:07 #1 store] 
Database 'C:\Users\1153342\git\Rides\Rides24\src\main\resources\rides.temp' has been recovered (tr. 10-11)

[2025-04-20 11:28:07 #2 store] 
Database 'C:\Users\1153342\git\Rides\Rides24\src\main\resources\rides.temp' is opened by 37696@Anne

[2025-04-20 11:28:07 #3 type] 
Type domain.Driver is not enhanced.

[2025-04-20 11:28:07 #4 type] 
Type domain.Ride is not enhanced.

[2025-04-20 11:28:07 #5 type] 
Type domain.Passenger is not enhanced.

[2025-04-20 11:28:07 #6 type] 
Type domain.Reservation is not enhanced.

------------------------------------------------------------------------------------------------------------------------

[2025-04-20 11:28:33 #1 store] 
Database 'C:\Users\1153342\git\Rides\Rides24\src\main\resources\rides.temp' is opened by 25952@Anne

[2025-04-20 11:28:33 #2 type] 
Type domain.Driver is not enhanced.

[2025-04-20 11:28:33 #3 type] 
Type domain.Ride is not enhanced.

[2025-04-20 11:28:33 #4 type] 
Type domain.Passenger is not enhanced.

[2025-04-20 11:28:33 #5 type] 
Type domain.Reservation is not enhanced.

------------------------------------------------------------------------------------------------------------------------

[2025-04-20 11:28:46 #1 store] 
Database 'C:\Users\1153342\git\Rides\Rides24\src\main\resources\rides.temp' has been recovered (tr. 12-12)

[2025-04-20 11:28:46 #2 store] 
Database 'C:\Users\1153342\git\Rides\Rides24\src\main\resources\rides.temp' is opened by 38992@Anne

[2025-04-20 11:28:46 #3 type] 
Type domain.Driver is not enhanced.

[2025-04-20 11:28:46 #4 type] 
Type domain.Ride is not enhanced.

[2025-04-20 11:28:46 #5 type] 
Type domain.Passenger is not enhanced.

[2025-04-20 11:28:46 #6 type] 
Type domain.Reservation is not enhanced.

------------------------------------------------------------------------------------------------------------------------

[2025-04-20 11:28:54 #1 store] 
Database 'C:\Users\1153342\git\Rides\Rides24\src\main\resources\rides.temp' is opened by 28724@Anne

[2025-04-20 11:28:55 #2 type] 
Type domain.Driver is not enhanced.

[2025-04-20 11:28:55 #3 type] 
Type domain.Ride is not enhanced.

[2025-04-20 11:28:55 #4 type] 
Type domain.Passenger is not enhanced.

[2025-04-20 11:28:55 #5 type] 
Type domain.Reservation is not enhanced.

------------------------------------------------------------------------------------------------------------------------

[2025-04-20 11:34:31 #1 store] 
Database 'C:\Users\1153342\git\Rides\Rides24\src\main\resources\rides.temp' is opened by 22324@Anne

[2025-04-20 11:34:31 #2 type] 
Type domain.Driver is not enhanced.

[2025-04-20 11:34:31 #3 type] 
Type domain.Ride is not enhanced.

[2025-04-20 11:34:31 #4 type] 
Type domain.Passenger is not enhanced.

[2025-04-20 11:34:31 #5 type] 
Type domain.Reservation is not enhanced.

------------------------------------------------------------------------------------------------------------------------

[2025-04-20 11:34:44 #1 store] 
Database 'C:\Users\1153342\git\Rides\Rides24\src\main\resources\rides.temp' has been recovered (tr. 13-13)

[2025-04-20 11:34:44 #2 store] 
Database 'C:\Users\1153342\git\Rides\Rides24\src\main\resources\rides.temp' is opened by 32656@Anne

[2025-04-20 11:34:45 #3 type] 
Type domain.Driver is not enhanced.

[2025-04-20 11:34:45 #4 type] 
Type domain.Ride is not enhanced.

[2025-04-20 11:34:45 #5 type] 
Type domain.Passenger is not enhanced.

[2025-04-20 11:34:45 #6 type] 
Type domain.Reservation is not enhanced.

