------------------------------------------------------------------------------------------------------------------------

[2025-03-31 12:48:00 #1 store] 
Database 'C:\Users\34639\git\rides\Rides24\src\main\resources\rides.temp' is opened by 19088@DESKTOP-MHH985K

[2025-03-31 12:48:00 #2 type] 
Type domain.Driver is not enhanced.

[2025-03-31 12:48:00 #3 type] 
Type domain.Ride is not enhanced.

[2025-03-31 12:48:00 #4 type] 
Type domain.Passenger is not enhanced.

[2025-03-31 12:48:00 #5 type] 
Type domain.Reservation is not enhanced.

------------------------------------------------------------------------------------------------------------------------

[2025-03-31 12:48:28 #1 store] 
Database 'C:\Users\34639\git\rides\Rides24\src\main\resources\rides.temp' is opened by 13852@DESKTOP-MHH985K

[2025-03-31 12:48:28 #2 type] 
Type domain.Driver is not enhanced.

[2025-03-31 12:48:28 #3 type] 
Type domain.Ride is not enhanced.

[2025-03-31 12:48:28 #4 type] 
Type domain.Passenger is not enhanced.

[2025-03-31 12:48:28 #5 type] 
Type domain.Reservation is not enhanced.

------------------------------------------------------------------------------------------------------------------------

[2025-03-31 12:48:55 #1 store] 
Database 'C:\Users\34639\git\rides\Rides24\src\main\resources\rides.temp' is opened by 16836@DESKTOP-MHH985K

[2025-03-31 12:48:56 #2 type] 
Type domain.Driver is not enhanced.

[2025-03-31 12:48:56 #3 type] 
Type domain.Ride is not enhanced.

[2025-03-31 12:48:56 #4 type] 
Type domain.Passenger is not enhanced.

[2025-03-31 12:48:56 #5 type] 
Type domain.Reservation is not enhanced.

------------------------------------------------------------------------------------------------------------------------

[2025-03-31 12:50:09 #1 store] 
Database 'C:\Users\34639\git\rides\Rides24\src\main\resources\rides.temp' is opened by 10572@DESKTOP-MHH985K

[2025-03-31 12:50:09 #2 type] 
Type domain.Driver is not enhanced.

[2025-03-31 12:50:09 #3 type] 
Type domain.Ride is not enhanced.

[2025-03-31 12:50:09 #4 type] 
Type domain.Passenger is not enhanced.

[2025-03-31 12:50:09 #5 type] 
Type domain.Reservation is not enhanced.

------------------------------------------------------------------------------------------------------------------------

[2025-03-31 12:52:17 #1 store] 
Database 'C:\Users\34639\git\rides\Rides24\src\main\resources\rides.temp' is opened by 20768@DESKTOP-MHH985K

[2025-03-31 12:52:17 #2 type] 
Type domain.Driver is not enhanced.

[2025-03-31 12:52:17 #3 type] 
Type domain.Ride is not enhanced.

[2025-03-31 12:52:17 #4 type] 
Type domain.Passenger is not enhanced.

[2025-03-31 12:52:17 #5 type] 
Type domain.Reservation is not enhanced.

------------------------------------------------------------------------------------------------------------------------

[2025-03-31 12:52:33 #1 store] 
Database 'C:\Users\34639\git\rides\Rides24\src\main\resources\rides.temp' is opened by 12492@DESKTOP-MHH985K

[2025-03-31 12:52:33 #2 type] 
Type domain.Driver is not enhanced.

[2025-03-31 12:52:33 #3 type] 
Type domain.Ride is not enhanced.

[2025-03-31 12:52:33 #4 type] 
Type domain.Passenger is not enhanced.

[2025-03-31 12:52:33 #5 type] 
Type domain.Reservation is not enhanced.

------------------------------------------------------------------------------------------------------------------------

[2025-03-31 12:53:36 #1 store] 
Database 'C:\Users\34639\git\rides\Rides24\src\main\resources\rides.temp' is opened by 22216@DESKTOP-MHH985K

[2025-03-31 12:53:37 #2 type] 
Type domain.Driver is not enhanced.

[2025-03-31 12:53:37 #3 type] 
Type domain.Ride is not enhanced.

[2025-03-31 12:53:37 #4 type] 
Type domain.Passenger is not enhanced.

[2025-03-31 12:53:37 #5 type] 
Type domain.Reservation is not enhanced.

------------------------------------------------------------------------------------------------------------------------

[2025-03-31 12:53:49 #1 store] 
Database 'C:\Users\34639\git\rides\Rides24\src\main\resources\rides.temp' is opened by 20700@DESKTOP-MHH985K

[2025-03-31 12:53:49 #2 type] 
Type domain.Driver is not enhanced.

[2025-03-31 12:53:49 #3 type] 
Type domain.Ride is not enhanced.

[2025-03-31 12:53:49 #4 type] 
Type domain.Passenger is not enhanced.

[2025-03-31 12:53:49 #5 type] 
Type domain.Reservation is not enhanced.

------------------------------------------------------------------------------------------------------------------------

[2025-03-31 12:54:31 #1 store] 
Database 'C:\Users\34639\git\rides\Rides24\src\main\resources\rides.temp' is opened by 15112@DESKTOP-MHH985K

[2025-03-31 12:54:31 #2 type] 
Type domain.Driver is not enhanced.

[2025-03-31 12:54:31 #3 type] 
Type domain.Ride is not enhanced.

[2025-03-31 12:54:31 #4 type] 
Type domain.Passenger is not enhanced.

[2025-03-31 12:54:31 #5 type] 
Type domain.Reservation is not enhanced.

------------------------------------------------------------------------------------------------------------------------

[2025-03-31 12:58:16 #1 store] 
Database 'C:\Users\34639\git\rides\Rides24\src\main\resources\rides.temp' is opened by 10756@DESKTOP-MHH985K

[2025-03-31 12:58:16 #2 type] 
Type domain.Driver is not enhanced.

[2025-03-31 12:58:16 #3 type] 
Type domain.Ride is not enhanced.

[2025-03-31 12:58:16 #4 type] 
Type domain.Passenger is not enhanced.

[2025-03-31 12:58:16 #5 type] 
Type domain.Reservation is not enhanced.

------------------------------------------------------------------------------------------------------------------------

[2025-03-31 12:58:37 #1 store] 
Database 'C:\Users\34639\git\rides\Rides24\src\main\resources\rides.temp' is opened by 27092@DESKTOP-MHH985K

[2025-03-31 12:58:37 #2 type] 
Type domain.Driver is not enhanced.

[2025-03-31 12:58:37 #3 type] 
Type domain.Ride is not enhanced.

[2025-03-31 12:58:37 #4 type] 
Type domain.Passenger is not enhanced.

[2025-03-31 12:58:37 #5 type] 
Type domain.Reservation is not enhanced.

------------------------------------------------------------------------------------------------------------------------

[2025-03-31 12:58:58 #1 store] 
Database 'C:\Users\34639\git\rides\Rides24\src\main\resources\rides.temp' is opened by 12588@DESKTOP-MHH985K

[2025-03-31 12:58:59 #2 type] 
Type domain.Driver is not enhanced.

[2025-03-31 12:58:59 #3 type] 
Type domain.Ride is not enhanced.

[2025-03-31 12:58:59 #4 type] 
Type domain.Passenger is not enhanced.

[2025-03-31 12:58:59 #5 type] 
Type domain.Reservation is not enhanced.

------------------------------------------------------------------------------------------------------------------------

[2025-03-31 13:00:05 #1 store] 
Database 'C:\Users\34639\git\rides\Rides24\src\main\resources\rides.temp' is opened by 10732@DESKTOP-MHH985K

[2025-03-31 13:00:05 #2 type] 
Type domain.Driver is not enhanced.

[2025-03-31 13:00:05 #3 type] 
Type domain.Ride is not enhanced.

[2025-03-31 13:00:05 #4 type] 
Type domain.Passenger is not enhanced.

[2025-03-31 13:00:05 #5 type] 
Type domain.Reservation is not enhanced.

------------------------------------------------------------------------------------------------------------------------

[2025-03-31 13:04:32 #1 store] 
Database 'C:\Users\34639\git\rides\Rides24\src\main\resources\rides.temp' is opened by 11300@DESKTOP-MHH985K

[2025-03-31 13:04:32 #2 type] 
Type domain.Driver is not enhanced.

[2025-03-31 13:04:32 #3 type] 
Type domain.Ride is not enhanced.

[2025-03-31 13:04:32 #4 type] 
Type domain.Passenger is not enhanced.

[2025-03-31 13:04:32 #5 type] 
Type domain.Reservation is not enhanced.

------------------------------------------------------------------------------------------------------------------------

[2025-03-31 13:04:54 #1 store] 
Database 'C:\Users\34639\git\rides\Rides24\src\main\resources\rides.temp' is opened by 13168@DESKTOP-MHH985K

[2025-03-31 13:04:54 #2 type] 
Type domain.Driver is not enhanced.

[2025-03-31 13:04:54 #3 type] 
Type domain.Ride is not enhanced.

[2025-03-31 13:04:54 #4 type] 
Type domain.Passenger is not enhanced.

[2025-03-31 13:04:54 #5 type] 
Type domain.Reservation is not enhanced.

------------------------------------------------------------------------------------------------------------------------

[2025-03-31 15:48:52 #1 store] 
Database 'C:\Users\34639\git\rides\Rides24\src\main\resources\rides.temp' is opened by 27048@DESKTOP-MHH985K

[2025-03-31 15:48:52 #2 type.registry] 
New type domain.Driver

[2025-03-31 15:48:52 #3 type] 
Type domain.Driver is not enhanced.

[2025-03-31 15:48:52 #4 type.registry] 
New type domain.Ride

[2025-03-31 15:48:52 #5 type] 
Type domain.Ride is not enhanced.

[2025-03-31 15:48:52 #6 type.registry] 
New type domain.Passenger

[2025-03-31 15:48:52 #7 type] 
Type domain.Passenger is not enhanced.

[2025-03-31 15:48:52 #8 type.registry] 
New type java.util.Vector<java.lang.Object>

[2025-03-31 15:48:52 #9 type.registry] 
New type java.util.Vector<domain.Ride>

[2025-03-31 15:48:52 #10 type.registry] 
New type java.util.Vector<domain.Passenger>

------------------------------------------------------------------------------------------------------------------------

[2025-03-31 15:49:12 #1 store] 
Database 'C:\Users\34639\git\rides\Rides24\src\main\resources\rides.temp' is opened by 9472@DESKTOP-MHH985K

[2025-03-31 15:49:12 #2 type.registry] 
New type domain.Driver

[2025-03-31 15:49:12 #3 type] 
Type domain.Driver is not enhanced.

[2025-03-31 15:49:12 #4 type.registry] 
New type domain.Ride

[2025-03-31 15:49:12 #5 type] 
Type domain.Ride is not enhanced.

[2025-03-31 15:49:12 #6 type.registry] 
New type domain.Passenger

[2025-03-31 15:49:12 #7 type] 
Type domain.Passenger is not enhanced.

[2025-03-31 15:49:12 #8 type.registry] 
New type java.util.Vector<java.lang.Object>

[2025-03-31 15:49:12 #9 type.registry] 
New type java.util.Vector<domain.Ride>

[2025-03-31 15:49:12 #10 type.registry] 
New type java.util.Vector<domain.Passenger>

[2025-03-31 15:50:00 #11 type.registry] 
New type domain.Reservation

[2025-03-31 15:50:00 #12 type] 
Type domain.Reservation is not enhanced.

------------------------------------------------------------------------------------------------------------------------

[2025-03-31 15:51:28 #1 store] 
Database 'C:\Users\34639\git\rides\Rides24\src\main\resources\rides.temp' is opened by 12240@DESKTOP-MHH985K

[2025-03-31 15:51:29 #2 type.registry] 
New type domain.Driver

[2025-03-31 15:51:29 #3 type] 
Type domain.Driver is not enhanced.

[2025-03-31 15:51:29 #4 type.registry] 
New type domain.Ride

[2025-03-31 15:51:29 #5 type] 
Type domain.Ride is not enhanced.

[2025-03-31 15:51:29 #6 type.registry] 
New type domain.Passenger

[2025-03-31 15:51:29 #7 type] 
Type domain.Passenger is not enhanced.

[2025-03-31 15:51:29 #8 type.registry] 
New type java.util.Vector<java.lang.Object>

[2025-03-31 15:51:29 #9 type.registry] 
New type java.util.Vector<domain.Ride>

[2025-03-31 15:51:29 #10 type.registry] 
New type java.util.Vector<domain.Passenger>

------------------------------------------------------------------------------------------------------------------------

[2025-03-31 15:51:50 #1 store] 
Database 'C:\Users\34639\git\rides\Rides24\src\main\resources\rides.temp' has been recovered (tr. 1-7)

[2025-03-31 15:51:50 #2 store] 
Database 'C:\Users\34639\git\rides\Rides24\src\main\resources\rides.temp' is opened by 7096@DESKTOP-MHH985K

[2025-03-31 15:51:50 #3 type] 
Type domain.Driver is not enhanced.

[2025-03-31 15:51:50 #4 type] 
Type domain.Ride is not enhanced.

[2025-03-31 15:51:50 #5 type] 
Type domain.Passenger is not enhanced.

[2025-03-31 15:52:17 #6 type.registry] 
New type domain.Reservation

[2025-03-31 15:52:17 #7 type] 
Type domain.Reservation is not enhanced.

------------------------------------------------------------------------------------------------------------------------

[2025-03-31 15:53:02 #1 store] 
Database 'C:\Users\34639\git\rides\Rides24\src\main\resources\rides.temp' has been recovered (tr. 8-12)

[2025-03-31 15:53:02 #2 store] 
Database 'C:\Users\34639\git\rides\Rides24\src\main\resources\rides.temp' is opened by 17764@DESKTOP-MHH985K

[2025-03-31 15:53:02 #3 type] 
Type domain.Driver is not enhanced.

[2025-03-31 15:53:02 #4 type] 
Type domain.Ride is not enhanced.

[2025-03-31 15:53:02 #5 type] 
Type domain.Passenger is not enhanced.

[2025-03-31 15:53:02 #6 type] 
Type domain.Reservation is not enhanced.

------------------------------------------------------------------------------------------------------------------------

[2025-03-31 15:53:38 #1 store] 
Database 'C:\Users\34639\git\rides\Rides24\src\main\resources\rides.temp' is opened by 23360@DESKTOP-MHH985K

[2025-03-31 15:53:38 #2 type] 
Type domain.Driver is not enhanced.

[2025-03-31 15:53:38 #3 type] 
Type domain.Ride is not enhanced.

[2025-03-31 15:53:38 #4 type] 
Type domain.Passenger is not enhanced.

[2025-03-31 15:53:38 #5 type] 
Type domain.Reservation is not enhanced.

------------------------------------------------------------------------------------------------------------------------

[2025-03-31 15:54:03 #1 store] 
Database 'C:\Users\34639\git\rides\Rides24\src\main\resources\rides.temp' is opened by 17696@DESKTOP-MHH985K

[2025-03-31 15:54:03 #2 type] 
Type domain.Driver is not enhanced.

[2025-03-31 15:54:03 #3 type] 
Type domain.Ride is not enhanced.

[2025-03-31 15:54:03 #4 type] 
Type domain.Passenger is not enhanced.

[2025-03-31 15:54:03 #5 type] 
Type domain.Reservation is not enhanced.

------------------------------------------------------------------------------------------------------------------------

[2025-03-31 15:55:08 #1 store] 
Database 'C:\Users\34639\git\rides\Rides24\src\main\resources\rides.temp' has been recovered (tr. 13-15)

[2025-03-31 15:55:08 #2 store] 
Database 'C:\Users\34639\git\rides\Rides24\src\main\resources\rides.temp' is opened by 25832@DESKTOP-MHH985K

[2025-03-31 15:55:08 #3 type] 
Type domain.Driver is not enhanced.

[2025-03-31 15:55:08 #4 type] 
Type domain.Ride is not enhanced.

[2025-03-31 15:55:08 #5 type] 
Type domain.Passenger is not enhanced.

[2025-03-31 15:55:08 #6 type] 
Type domain.Reservation is not enhanced.

------------------------------------------------------------------------------------------------------------------------

[2025-03-31 15:56:01 #1 store] 
Database 'C:\Users\34639\git\rides\Rides24\src\main\resources\rides.temp' has been recovered (tr. 16-17)

[2025-03-31 15:56:01 #2 store] 
Database 'C:\Users\34639\git\rides\Rides24\src\main\resources\rides.temp' is opened by 24864@DESKTOP-MHH985K

[2025-03-31 15:56:01 #3 type] 
Type domain.Driver is not enhanced.

[2025-03-31 15:56:01 #4 type] 
Type domain.Ride is not enhanced.

[2025-03-31 15:56:01 #5 type] 
Type domain.Passenger is not enhanced.

[2025-03-31 15:56:01 #6 type] 
Type domain.Reservation is not enhanced.

------------------------------------------------------------------------------------------------------------------------

[2025-03-31 15:58:00 #1 store] 
Database 'C:\Users\34639\git\rides\Rides24\src\main\resources\rides.temp' is opened by 15412@DESKTOP-MHH985K

[2025-03-31 15:58:00 #2 type] 
Type domain.Driver is not enhanced.

[2025-03-31 15:58:00 #3 type] 
Type domain.Ride is not enhanced.

[2025-03-31 15:58:00 #4 type] 
Type domain.Passenger is not enhanced.

[2025-03-31 15:58:00 #5 type] 
Type domain.Reservation is not enhanced.

------------------------------------------------------------------------------------------------------------------------

[2025-03-31 16:05:51 #1 store] 
Database 'C:\Users\34639\git\rides\Rides24\src\main\resources\rides.temp' is opened by 19592@DESKTOP-MHH985K

[2025-03-31 16:05:51 #2 type] 
Type domain.Driver is not enhanced.

[2025-03-31 16:05:51 #3 type] 
Type domain.Ride is not enhanced.

[2025-03-31 16:05:51 #4 type] 
Type domain.Passenger is not enhanced.

[2025-03-31 16:05:51 #5 type] 
Type domain.Reservation is not enhanced.

------------------------------------------------------------------------------------------------------------------------

[2025-03-31 16:06:19 #1 store] 
Database 'C:\Users\34639\git\rides\Rides24\src\main\resources\rides.temp' is opened by 23996@DESKTOP-MHH985K

[2025-03-31 16:06:19 #2 type] 
Type domain.Driver is not enhanced.

[2025-03-31 16:06:19 #3 type] 
Type domain.Ride is not enhanced.

[2025-03-31 16:06:19 #4 type] 
Type domain.Passenger is not enhanced.

[2025-03-31 16:06:19 #5 type] 
Type domain.Reservation is not enhanced.

------------------------------------------------------------------------------------------------------------------------

[2025-03-31 16:06:49 #1 store] 
Database 'C:\Users\34639\git\rides\Rides24\src\main\resources\rides.temp' is opened by 19800@DESKTOP-MHH985K

[2025-03-31 16:06:49 #2 type] 
Type domain.Driver is not enhanced.

[2025-03-31 16:06:49 #3 type] 
Type domain.Ride is not enhanced.

[2025-03-31 16:06:49 #4 type] 
Type domain.Passenger is not enhanced.

[2025-03-31 16:06:49 #5 type] 
Type domain.Reservation is not enhanced.

------------------------------------------------------------------------------------------------------------------------

[2025-03-31 16:07:25 #1 store] 
Database 'C:\Users\34639\git\rides\Rides24\src\main\resources\rides.temp' has been recovered (tr. 18-19)

[2025-03-31 16:07:25 #2 store] 
Database 'C:\Users\34639\git\rides\Rides24\src\main\resources\rides.temp' is opened by 1676@DESKTOP-MHH985K

[2025-03-31 16:07:25 #3 type] 
Type domain.Driver is not enhanced.

[2025-03-31 16:07:25 #4 type] 
Type domain.Ride is not enhanced.

[2025-03-31 16:07:25 #5 type] 
Type domain.Passenger is not enhanced.

[2025-03-31 16:07:25 #6 type] 
Type domain.Reservation is not enhanced.

------------------------------------------------------------------------------------------------------------------------

[2025-03-31 16:08:43 #1 store] 
Database 'C:\Users\34639\git\rides\Rides24\src\main\resources\rides.temp' is opened by 5696@DESKTOP-MHH985K

[2025-03-31 16:08:43 #2 type.registry] 
New type domain.Driver

[2025-03-31 16:08:43 #3 type] 
Type domain.Driver is not enhanced.

[2025-03-31 16:08:43 #4 type.registry] 
New type domain.Ride

[2025-03-31 16:08:43 #5 type] 
Type domain.Ride is not enhanced.

[2025-03-31 16:08:43 #6 type.registry] 
New type domain.Passenger

[2025-03-31 16:08:43 #7 type] 
Type domain.Passenger is not enhanced.

[2025-03-31 16:08:43 #8 type.registry] 
New type java.util.Vector<java.lang.Object>

[2025-03-31 16:08:43 #9 type.registry] 
New type java.util.Vector<domain.Ride>

[2025-03-31 16:08:43 #10 type.registry] 
New type java.util.Vector<domain.Passenger>

------------------------------------------------------------------------------------------------------------------------

[2025-03-31 16:09:22 #1 store] 
Database 'C:\Users\34639\git\rides\Rides24\src\main\resources\rides.temp' is opened by 5728@DESKTOP-MHH985K

[2025-03-31 16:09:23 #2 type.registry] 
New type domain.Driver

[2025-03-31 16:09:23 #3 type] 
Type domain.Driver is not enhanced.

[2025-03-31 16:09:23 #4 type.registry] 
New type domain.Ride

[2025-03-31 16:09:23 #5 type] 
Type domain.Ride is not enhanced.

[2025-03-31 16:09:23 #6 type.registry] 
New type domain.Passenger

[2025-03-31 16:09:23 #7 type] 
Type domain.Passenger is not enhanced.

[2025-03-31 16:09:23 #8 type.registry] 
New type java.util.Vector<java.lang.Object>

[2025-03-31 16:09:23 #9 type.registry] 
New type java.util.Vector<domain.Ride>

[2025-03-31 16:09:23 #10 type.registry] 
New type java.util.Vector<domain.Passenger>

------------------------------------------------------------------------------------------------------------------------

[2025-03-31 16:10:07 #1 store] 
Database 'C:\Users\34639\git\rides\Rides24\src\main\resources\rides.temp' has been recovered (tr. 1-16)

[2025-03-31 16:10:07 #2 store] 
Database 'C:\Users\34639\git\rides\Rides24\src\main\resources\rides.temp' is opened by 12176@DESKTOP-MHH985K

[2025-03-31 16:10:07 #3 type] 
Type domain.Driver is not enhanced.

[2025-03-31 16:10:07 #4 type] 
Type domain.Ride is not enhanced.

[2025-03-31 16:10:07 #5 type] 
Type domain.Passenger is not enhanced.

[2025-03-31 16:10:21 #6 type.registry] 
New type domain.Reservation

[2025-03-31 16:10:21 #7 type] 
Type domain.Reservation is not enhanced.

------------------------------------------------------------------------------------------------------------------------

[2025-03-31 16:10:41 #1 store] 
Database 'C:\Users\34639\git\rides\Rides24\src\main\resources\rides.temp' has been recovered (tr. 17-21)

[2025-03-31 16:10:41 #2 store] 
Database 'C:\Users\34639\git\rides\Rides24\src\main\resources\rides.temp' is opened by 16996@DESKTOP-MHH985K

[2025-03-31 16:10:41 #3 type] 
Type domain.Driver is not enhanced.

[2025-03-31 16:10:41 #4 type] 
Type domain.Ride is not enhanced.

[2025-03-31 16:10:41 #5 type] 
Type domain.Passenger is not enhanced.

[2025-03-31 16:10:41 #6 type] 
Type domain.Reservation is not enhanced.

------------------------------------------------------------------------------------------------------------------------

[2025-03-31 16:40:21 #1 store] 
Database 'C:\Users\34639\git\rides\Rides24\src\main\resources\rides.temp' has been recovered (tr. 22-24)

[2025-03-31 16:40:21 #2 store] 
Database 'C:\Users\34639\git\rides\Rides24\src\main\resources\rides.temp' is opened by 23444@DESKTOP-MHH985K

[2025-03-31 16:40:21 #3 type] 
Type domain.Driver is not enhanced.

[2025-03-31 16:40:22 #4 type] 
Type domain.Ride is not enhanced.

[2025-03-31 16:40:22 #5 type] 
Type domain.Passenger is not enhanced.

[2025-03-31 16:40:22 #6 type] 
Type domain.Reservation is not enhanced.

------------------------------------------------------------------------------------------------------------------------

[2025-03-31 16:40:59 #1 store] 
Database 'C:\Users\34639\git\rides\Rides24\src\main\resources\rides.temp' has been recovered (tr. 25-28)

[2025-03-31 16:40:59 #2 store] 
Database 'C:\Users\34639\git\rides\Rides24\src\main\resources\rides.temp' is opened by 11596@DESKTOP-MHH985K

[2025-03-31 16:40:59 #3 type] 
Type domain.Driver is not enhanced.

[2025-03-31 16:40:59 #4 type] 
Type domain.Ride is not enhanced.

[2025-03-31 16:40:59 #5 type] 
Type domain.Passenger is not enhanced.

[2025-03-31 16:40:59 #6 type] 
Type domain.Reservation is not enhanced.

------------------------------------------------------------------------------------------------------------------------

[2025-03-31 16:41:27 #1 store] 
Database 'C:\Users\34639\git\rides\Rides24\src\main\resources\rides.temp' has been recovered (tr. 29-29)

[2025-03-31 16:41:27 #2 store] 
Database 'C:\Users\34639\git\rides\Rides24\src\main\resources\rides.temp' is opened by 7096@DESKTOP-MHH985K

[2025-03-31 16:41:27 #3 type] 
Type domain.Driver is not enhanced.

[2025-03-31 16:41:27 #4 type] 
Type domain.Ride is not enhanced.

[2025-03-31 16:41:27 #5 type] 
Type domain.Passenger is not enhanced.

[2025-03-31 16:41:27 #6 type] 
Type domain.Reservation is not enhanced.

------------------------------------------------------------------------------------------------------------------------

[2025-03-31 16:42:00 #1 store] 
Database 'C:\Users\34639\git\rides\Rides24\src\main\resources\rides.temp' has been recovered (tr. 30-30)

[2025-03-31 16:42:00 #2 store] 
Database 'C:\Users\34639\git\rides\Rides24\src\main\resources\rides.temp' is opened by 26056@DESKTOP-MHH985K

[2025-03-31 16:42:00 #3 type] 
Type domain.Driver is not enhanced.

[2025-03-31 16:42:00 #4 type] 
Type domain.Ride is not enhanced.

[2025-03-31 16:42:00 #5 type] 
Type domain.Passenger is not enhanced.

[2025-03-31 16:42:00 #6 type] 
Type domain.Reservation is not enhanced.

------------------------------------------------------------------------------------------------------------------------

[2025-03-31 16:43:43 #1 store] 
Database 'C:\Users\34639\git\rides\Rides24\src\main\resources\rides.temp' is opened by 4128@DESKTOP-MHH985K

[2025-03-31 16:43:43 #2 type] 
Type domain.Driver is not enhanced.

[2025-03-31 16:43:43 #3 type] 
Type domain.Ride is not enhanced.

[2025-03-31 16:43:43 #4 type] 
Type domain.Passenger is not enhanced.

[2025-03-31 16:43:43 #5 type] 
Type domain.Reservation is not enhanced.

[2025-03-31 16:43:52 #6 type.registry] 
New type java.util.ArrayList<java.lang.Object>

[2025-03-31 16:43:52 #7 *] 
java.lang.ClassCastException: class com.objectdb.o.CLT cannot be cast to class com.objectdb.o.UTY (com.objectdb.o.CLT and com.objectdb.o.UTY are in unnamed module of loader 'app')
	at com.objectdb.o.TVS.g(TVS.java:93)
	at com.objectdb.jpa.EMImpl.remove(EMImpl.java:438)
	at dataAccess.DataAccess.eraseReservation(DataAccess.java:430)
	at businessLogic.BLFacadeImplementation.eraseReservation(BLFacadeImplementation.java:223)
	at gui.MyRidesPassengerGUI$3.actionPerformed(MyRidesPassengerGUI.java:80)
	at java.desktop/javax.swing.AbstractButton.fireActionPerformed(AbstractButton.java:1972)
	at java.desktop/javax.swing.AbstractButton$Handler.actionPerformed(AbstractButton.java:2313)
	at java.desktop/javax.swing.DefaultButtonModel.fireActionPerformed(DefaultButtonModel.java:405)
	at java.desktop/javax.swing.DefaultButtonModel.setPressed(DefaultButtonModel.java:262)
	at java.desktop/javax.swing.plaf.basic.BasicButtonListener.mouseReleased(BasicButtonListener.java:279)
	at java.desktop/java.awt.Component.processMouseEvent(Component.java:6626)
	at java.desktop/javax.swing.JComponent.processMouseEvent(JComponent.java:3389)
	at java.desktop/java.awt.Component.processEvent(Component.java:6391)
	at java.desktop/java.awt.Container.processEvent(Container.java:2266)
	at java.desktop/java.awt.Component.dispatchEventImpl(Component.java:5001)
	at java.desktop/java.awt.Container.dispatchEventImpl(Container.java:2324)
	at java.desktop/java.awt.Component.dispatchEvent(Component.java:4833)
	at java.desktop/java.awt.LightweightDispatcher.retargetMouseEvent(Container.java:4948)
	at java.desktop/java.awt.LightweightDispatcher.processMouseEvent(Container.java:4575)
	at java.desktop/java.awt.LightweightDispatcher.dispatchEvent(Container.java:4516)
	at java.desktop/java.awt.Container.dispatchEventImpl(Container.java:2310)
	at java.desktop/java.awt.Window.dispatchEventImpl(Window.java:2780)
	at java.desktop/java.awt.Component.dispatchEvent(Component.java:4833)
	at java.desktop/java.awt.EventQueue.dispatchEventImpl(EventQueue.java:775)
	at java.desktop/java.awt.EventQueue$4.run(EventQueue.java:720)
	at java.desktop/java.awt.EventQueue$4.run(EventQueue.java:714)
	at java.base/java.security.AccessController.doPrivileged(AccessController.java:399)
	at java.base/java.security.ProtectionDomain$JavaSecurityAccessImpl.doIntersectionPrivilege(ProtectionDomain.java:86)
	at java.base/java.security.ProtectionDomain$JavaSecurityAccessImpl.doIntersectionPrivilege(ProtectionDomain.java:97)
	at java.desktop/java.awt.EventQueue$5.run(EventQueue.java:747)
	at java.desktop/java.awt.EventQueue$5.run(EventQueue.java:745)
	at java.base/java.security.AccessController.doPrivileged(AccessController.java:399)
	at java.base/java.security.ProtectionDomain$JavaSecurityAccessImpl.doIntersectionPrivilege(ProtectionDomain.java:86)
	at java.desktop/java.awt.EventQueue.dispatchEvent(EventQueue.java:744)
	at java.desktop/java.awt.EventDispatchThread.pumpOneEventForFilters(EventDispatchThread.java:203)
	at java.desktop/java.awt.EventDispatchThread.pumpEventsForFilter(EventDispatchThread.java:124)
	at java.desktop/java.awt.EventDispatchThread.pumpEventsForHierarchy(EventDispatchThread.java:113)
	at java.desktop/java.awt.EventDispatchThread.pumpEvents(EventDispatchThread.java:109)
	at java.desktop/java.awt.EventDispatchThread.pumpEvents(EventDispatchThread.java:101)
	at java.desktop/java.awt.EventDispatchThread.run(EventDispatchThread.java:90)

------------------------------------------------------------------------------------------------------------------------

[2025-03-31 16:44:47 #1 store] 
Database 'C:\Users\34639\git\rides\Rides24\src\main\resources\rides.temp' has been recovered (tr. 31-31)

[2025-03-31 16:44:47 #2 store] 
Database 'C:\Users\34639\git\rides\Rides24\src\main\resources\rides.temp' is opened by 16676@DESKTOP-MHH985K

[2025-03-31 16:44:47 #3 type] 
Type domain.Driver is not enhanced.

[2025-03-31 16:44:47 #4 type] 
Type domain.Ride is not enhanced.

[2025-03-31 16:44:47 #5 type] 
Type domain.Passenger is not enhanced.

[2025-03-31 16:44:47 #6 type] 
Type domain.Reservation is not enhanced.

------------------------------------------------------------------------------------------------------------------------

[2025-03-31 16:46:03 #1 store] 
Database 'C:\Users\34639\git\rides\Rides24\src\main\resources\rides.temp' is opened by 11760@DESKTOP-MHH985K

[2025-03-31 16:46:04 #2 type] 
Type domain.Driver is not enhanced.

[2025-03-31 16:46:04 #3 type] 
Type domain.Ride is not enhanced.

[2025-03-31 16:46:04 #4 type] 
Type domain.Passenger is not enhanced.

[2025-03-31 16:46:04 #5 type] 
Type domain.Reservation is not enhanced.

------------------------------------------------------------------------------------------------------------------------

[2025-03-31 16:46:39 #1 store] 
Database 'C:\Users\34639\git\rides\Rides24\src\main\resources\rides.temp' has been recovered (tr. 32-32)

[2025-03-31 16:46:39 #2 store] 
Database 'C:\Users\34639\git\rides\Rides24\src\main\resources\rides.temp' is opened by 12292@DESKTOP-MHH985K

[2025-03-31 16:46:39 #3 type] 
Type domain.Driver is not enhanced.

[2025-03-31 16:46:39 #4 type] 
Type domain.Ride is not enhanced.

[2025-03-31 16:46:39 #5 type] 
Type domain.Passenger is not enhanced.

[2025-03-31 16:46:39 #6 type] 
Type domain.Reservation is not enhanced.

------------------------------------------------------------------------------------------------------------------------

[2025-03-31 16:46:58 #1 store] 
Database 'C:\Users\34639\git\rides\Rides24\src\main\resources\rides.temp' is opened by 18572@DESKTOP-MHH985K

[2025-03-31 16:46:58 #2 type] 
Type domain.Driver is not enhanced.

[2025-03-31 16:46:59 #3 type] 
Type domain.Ride is not enhanced.

[2025-03-31 16:46:59 #4 type] 
Type domain.Passenger is not enhanced.

[2025-03-31 16:46:59 #5 type] 
Type domain.Reservation is not enhanced.

------------------------------------------------------------------------------------------------------------------------

[2025-03-31 16:52:57 #1 store] 
Database 'C:\Users\34639\git\rides\Rides24\src\main\resources\rides.temp' is opened by 9312@DESKTOP-MHH985K

[2025-03-31 16:52:57 #2 type] 
Type domain.Driver is not enhanced.

[2025-03-31 16:52:57 #3 type] 
Type domain.Ride is not enhanced.

[2025-03-31 16:52:57 #4 type] 
Type domain.Passenger is not enhanced.

[2025-03-31 16:52:57 #5 type] 
Type domain.Reservation is not enhanced.

------------------------------------------------------------------------------------------------------------------------

[2025-03-31 16:53:27 #1 store] 
Database 'C:\Users\34639\git\rides\Rides24\src\main\resources\rides.temp' has been recovered (tr. 33-34)

[2025-03-31 16:53:28 #2 store] 
Database 'C:\Users\34639\git\rides\Rides24\src\main\resources\rides.temp' is opened by 25368@DESKTOP-MHH985K

[2025-03-31 16:53:28 #3 type] 
Type domain.Driver is not enhanced.

[2025-03-31 16:53:28 #4 type] 
Type domain.Ride is not enhanced.

[2025-03-31 16:53:28 #5 type] 
Type domain.Passenger is not enhanced.

[2025-03-31 16:53:28 #6 type] 
Type domain.Reservation is not enhanced.

------------------------------------------------------------------------------------------------------------------------

[2025-03-31 16:53:44 #1 store] 
Database 'C:\Users\34639\git\rides\Rides24\src\main\resources\rides.temp' has been recovered (tr. 35-36)

[2025-03-31 16:53:44 #2 store] 
Database 'C:\Users\34639\git\rides\Rides24\src\main\resources\rides.temp' is opened by 22908@DESKTOP-MHH985K

[2025-03-31 16:53:44 #3 type] 
Type domain.Driver is not enhanced.

[2025-03-31 16:53:44 #4 type] 
Type domain.Ride is not enhanced.

[2025-03-31 16:53:44 #5 type] 
Type domain.Passenger is not enhanced.

[2025-03-31 16:53:44 #6 type] 
Type domain.Reservation is not enhanced.

