------------------------------------------------------------------------------------------------------------------------

[2025-04-21 11:34:10 #1 store] 
Database 'C:\Users\1153342\git\Rides\Rides24\src\main\resources\rides.temp' is opened by 35260@Anne

[2025-04-21 11:34:10 #2 type] 
Type domain.Driver is not enhanced.

[2025-04-21 11:34:10 #3 type] 
Type domain.Ride is not enhanced.

[2025-04-21 11:34:10 #4 type] 
Type domain.Passenger is not enhanced.

[2025-04-21 11:34:10 #5 type] 
Type domain.Reservation is not enhanced.

[2025-04-21 11:34:27 #6 type.registry] 
New type domain.Rating

[2025-04-21 11:34:27 #7 type] 
Type domain.Rating is not enhanced.

------------------------------------------------------------------------------------------------------------------------

[2025-04-21 11:36:01 #1 store] 
Database 'C:\Users\1153342\git\Rides\Rides24\src\main\resources\rides.temp' has been recovered (tr. 14-15)

[2025-04-21 11:36:01 #2 store] 
Database 'C:\Users\1153342\git\Rides\Rides24\src\main\resources\rides.temp' is opened by 5104@Anne

[2025-04-21 11:36:01 #3 type] 
Type domain.Driver is not enhanced.

[2025-04-21 11:36:01 #4 type] 
Type domain.Ride is not enhanced.

[2025-04-21 11:36:01 #5 type] 
Type domain.Passenger is not enhanced.

[2025-04-21 11:36:01 #6 type] 
Type domain.Reservation is not enhanced.

[2025-04-21 11:36:01 #7 type] 
Type domain.Rating is not enhanced.

------------------------------------------------------------------------------------------------------------------------

[2025-04-21 11:37:12 #1 store] 
Database 'C:\Users\1153342\git\Rides\Rides24\src\main\resources\rides.temp' is opened by 17912@Anne

[2025-04-21 11:37:12 #2 type] 
Type domain.Driver is not enhanced.

[2025-04-21 11:37:12 #3 type] 
Type domain.Ride is not enhanced.

[2025-04-21 11:37:12 #4 type] 
Type domain.Passenger is not enhanced.

[2025-04-21 11:37:12 #5 type] 
Type domain.Reservation is not enhanced.

[2025-04-21 11:37:12 #6 type] 
Type domain.Rating is not enhanced.

------------------------------------------------------------------------------------------------------------------------

[2025-04-21 11:38:31 #1 store] 
Database 'C:\Users\1153342\git\Rides\Rides24\src\main\resources\rides.temp' is opened by 38100@Anne

[2025-04-21 11:38:31 #2 type] 
Type domain.Driver is not enhanced.

[2025-04-21 11:38:31 #3 type] 
Type domain.Ride is not enhanced.

[2025-04-21 11:38:31 #4 type] 
Type domain.Passenger is not enhanced.

[2025-04-21 11:38:31 #5 type] 
Type domain.Reservation is not enhanced.

[2025-04-21 11:38:31 #6 type] 
Type domain.Rating is not enhanced.

------------------------------------------------------------------------------------------------------------------------

[2025-04-21 11:39:21 #1 store] 
Database 'C:\Users\1153342\git\Rides\Rides24\src\main\resources\rides.temp' is opened by 32240@Anne

[2025-04-21 11:39:21 #2 type] 
Type domain.Driver is not enhanced.

[2025-04-21 11:39:21 #3 type] 
Type domain.Ride is not enhanced.

[2025-04-21 11:39:21 #4 type] 
Type domain.Passenger is not enhanced.

[2025-04-21 11:39:21 #5 type] 
Type domain.Reservation is not enhanced.

[2025-04-21 11:39:21 #6 type] 
Type domain.Rating is not enhanced.

------------------------------------------------------------------------------------------------------------------------

[2025-04-21 11:40:00 #1 store] 
Database 'C:\Users\1153342\git\Rides\Rides24\src\main\resources\rides.temp' is opened by 25436@Anne

[2025-04-21 11:40:00 #2 type] 
Type domain.Driver is not enhanced.

[2025-04-21 11:40:00 #3 type] 
Type domain.Ride is not enhanced.

[2025-04-21 11:40:00 #4 type] 
Type domain.Passenger is not enhanced.

[2025-04-21 11:40:00 #5 type] 
Type domain.Reservation is not enhanced.

[2025-04-21 11:40:00 #6 type] 
Type domain.Rating is not enhanced.

------------------------------------------------------------------------------------------------------------------------

[2025-04-21 11:40:19 #1 store] 
Database 'C:\Users\1153342\git\Rides\Rides24\src\main\resources\rides.temp' is opened by 32540@Anne

[2025-04-21 11:40:20 #2 type] 
Type domain.Driver is not enhanced.

[2025-04-21 11:40:20 #3 type] 
Type domain.Ride is not enhanced.

[2025-04-21 11:40:20 #4 type] 
Type domain.Passenger is not enhanced.

[2025-04-21 11:40:20 #5 type] 
Type domain.Reservation is not enhanced.

[2025-04-21 11:40:20 #6 type] 
Type domain.Rating is not enhanced.

------------------------------------------------------------------------------------------------------------------------

[2025-04-21 11:40:40 #1 store] 
Database 'C:\Users\1153342\git\Rides\Rides24\src\main\resources\rides.temp' is opened by 37676@Anne

[2025-04-21 11:40:40 #2 type] 
Type domain.Driver is not enhanced.

[2025-04-21 11:40:40 #3 type] 
Type domain.Ride is not enhanced.

[2025-04-21 11:40:40 #4 type] 
Type domain.Passenger is not enhanced.

[2025-04-21 11:40:40 #5 type] 
Type domain.Reservation is not enhanced.

[2025-04-21 11:40:40 #6 type] 
Type domain.Rating is not enhanced.

------------------------------------------------------------------------------------------------------------------------

[2025-04-21 11:40:57 #1 store] 
Database 'C:\Users\1153342\git\Rides\Rides24\src\main\resources\rides.temp' is opened by 9064@Anne

[2025-04-21 11:40:57 #2 type] 
Type domain.Driver is not enhanced.

[2025-04-21 11:40:57 #3 type] 
Type domain.Ride is not enhanced.

[2025-04-21 11:40:57 #4 type] 
Type domain.Passenger is not enhanced.

[2025-04-21 11:40:57 #5 type] 
Type domain.Reservation is not enhanced.

[2025-04-21 11:40:57 #6 type] 
Type domain.Rating is not enhanced.

------------------------------------------------------------------------------------------------------------------------

[2025-04-21 11:41:08 #1 store] 
Database 'C:\Users\1153342\git\Rides\Rides24\src\main\resources\rides.temp' is opened by 38320@Anne

[2025-04-21 11:41:08 #2 type] 
Type domain.Driver is not enhanced.

[2025-04-21 11:41:08 #3 type] 
Type domain.Ride is not enhanced.

[2025-04-21 11:41:08 #4 type] 
Type domain.Passenger is not enhanced.

[2025-04-21 11:41:08 #5 type] 
Type domain.Reservation is not enhanced.

[2025-04-21 11:41:08 #6 type] 
Type domain.Rating is not enhanced.

------------------------------------------------------------------------------------------------------------------------

[2025-04-21 11:41:42 #1 store] 
Database 'C:\Users\1153342\git\Rides\Rides24\src\main\resources\rides.temp' has been recovered (tr. 16-16)

[2025-04-21 11:41:42 #2 store] 
Database 'C:\Users\1153342\git\Rides\Rides24\src\main\resources\rides.temp' is opened by 35732@Anne

[2025-04-21 11:41:42 #3 type] 
Type domain.Driver is not enhanced.

[2025-04-21 11:41:42 #4 type] 
Type domain.Ride is not enhanced.

[2025-04-21 11:41:42 #5 type] 
Type domain.Passenger is not enhanced.

[2025-04-21 11:41:42 #6 type] 
Type domain.Reservation is not enhanced.

[2025-04-21 11:41:42 #7 type] 
Type domain.Rating is not enhanced.

------------------------------------------------------------------------------------------------------------------------

[2025-04-21 11:42:26 #1 store] 
Database 'C:\Users\1153342\git\Rides\Rides24\src\main\resources\rides.temp' has been recovered (tr. 17-17)

[2025-04-21 11:42:26 #2 store] 
Database 'C:\Users\1153342\git\Rides\Rides24\src\main\resources\rides.temp' is opened by 32868@Anne

[2025-04-21 11:42:26 #3 type] 
Type domain.Driver is not enhanced.

[2025-04-21 11:42:26 #4 type] 
Type domain.Ride is not enhanced.

[2025-04-21 11:42:26 #5 type] 
Type domain.Passenger is not enhanced.

[2025-04-21 11:42:26 #6 type] 
Type domain.Reservation is not enhanced.

[2025-04-21 11:42:26 #7 type] 
Type domain.Rating is not enhanced.

------------------------------------------------------------------------------------------------------------------------

[2025-04-21 11:42:41 #1 store] 
Database 'C:\Users\1153342\git\Rides\Rides24\src\main\resources\rides.temp' has been recovered (tr. 18-18)

[2025-04-21 11:42:41 #2 store] 
Database 'C:\Users\1153342\git\Rides\Rides24\src\main\resources\rides.temp' is opened by 36536@Anne

[2025-04-21 11:42:41 #3 type] 
Type domain.Driver is not enhanced.

[2025-04-21 11:42:41 #4 type] 
Type domain.Ride is not enhanced.

[2025-04-21 11:42:41 #5 type] 
Type domain.Passenger is not enhanced.

[2025-04-21 11:42:41 #6 type] 
Type domain.Reservation is not enhanced.

[2025-04-21 11:42:41 #7 type] 
Type domain.Rating is not enhanced.

------------------------------------------------------------------------------------------------------------------------

[2025-04-21 11:43:05 #1 store] 
Database 'C:\Users\1153342\git\Rides\Rides24\src\main\resources\rides.temp' is opened by 32296@Anne

[2025-04-21 11:43:05 #2 type] 
Type domain.Driver is not enhanced.

[2025-04-21 11:43:05 #3 type] 
Type domain.Ride is not enhanced.

[2025-04-21 11:43:05 #4 type] 
Type domain.Passenger is not enhanced.

[2025-04-21 11:43:05 #5 type] 
Type domain.Reservation is not enhanced.

[2025-04-21 11:43:05 #6 type] 
Type domain.Rating is not enhanced.

------------------------------------------------------------------------------------------------------------------------

[2025-04-21 11:44:57 #1 store] 
Database 'C:\Users\1153342\git\Rides\Rides24\src\main\resources\rides.temp' is opened by 4688@Anne

[2025-04-21 11:44:57 #2 type] 
Type domain.Driver is not enhanced.

[2025-04-21 11:44:57 #3 type] 
Type domain.Ride is not enhanced.

[2025-04-21 11:44:57 #4 type] 
Type domain.Passenger is not enhanced.

[2025-04-21 11:44:57 #5 type] 
Type domain.Reservation is not enhanced.

[2025-04-21 11:44:57 #6 type] 
Type domain.Rating is not enhanced.

------------------------------------------------------------------------------------------------------------------------

[2025-04-21 11:45:42 #1 store] 
Database 'C:\Users\1153342\git\Rides\Rides24\src\main\resources\rides.temp' has been recovered (tr. 19-20)

[2025-04-21 11:45:42 #2 store] 
Database 'C:\Users\1153342\git\Rides\Rides24\src\main\resources\rides.temp' is opened by 21108@Anne

[2025-04-21 11:45:42 #3 type] 
Type domain.Driver is not enhanced.

[2025-04-21 11:45:42 #4 type] 
Type domain.Ride is not enhanced.

[2025-04-21 11:45:42 #5 type] 
Type domain.Passenger is not enhanced.

[2025-04-21 11:45:42 #6 type] 
Type domain.Reservation is not enhanced.

[2025-04-21 11:45:42 #7 type] 
Type domain.Rating is not enhanced.

------------------------------------------------------------------------------------------------------------------------

[2025-04-21 11:50:24 #1 store] 
Database 'C:\Users\1153342\git\Rides\Rides24\src\main\resources\rides.temp' is opened by 22148@Anne

[2025-04-21 11:50:24 #2 type] 
Type domain.Driver is not enhanced.

[2025-04-21 11:50:24 #3 type] 
Type domain.Ride is not enhanced.

[2025-04-21 11:50:24 #4 type] 
Type domain.Passenger is not enhanced.

[2025-04-21 11:50:24 #5 type] 
Type domain.Reservation is not enhanced.

[2025-04-21 11:50:24 #6 type] 
Type domain.Rating is not enhanced.

------------------------------------------------------------------------------------------------------------------------

[2025-04-21 12:25:07 #1 store] 
Database 'C:\Users\1153342\git\Rides\Rides24\src\main\resources\rides.temp' is opened by 25432@Anne

[2025-04-21 12:25:07 #2 type] 
Type domain.Driver is not enhanced.

[2025-04-21 12:25:07 #3 type] 
Type domain.Ride is not enhanced.

[2025-04-21 12:25:07 #4 type] 
Type domain.Passenger is not enhanced.

[2025-04-21 12:25:07 #5 type] 
Type domain.Reservation is not enhanced.

[2025-04-21 12:25:07 #6 type] 
Type domain.Rating is not enhanced.

------------------------------------------------------------------------------------------------------------------------

[2025-04-21 12:25:50 #1 store] 
Database 'C:\Users\1153342\git\Rides\Rides24\src\main\resources\rides.temp' is opened by 17924@Anne

[2025-04-21 12:25:50 #2 type] 
Type domain.Driver is not enhanced.

[2025-04-21 12:25:50 #3 type] 
Type domain.Ride is not enhanced.

[2025-04-21 12:25:50 #4 type] 
Type domain.Passenger is not enhanced.

[2025-04-21 12:25:50 #5 type] 
Type domain.Reservation is not enhanced.

[2025-04-21 12:25:50 #6 type] 
Type domain.Rating is not enhanced.

------------------------------------------------------------------------------------------------------------------------

[2025-04-21 12:26:24 #1 store] 
Database 'C:\Users\1153342\git\Rides\Rides24\src\main\resources\rides.temp' is opened by 3668@Anne

[2025-04-21 12:26:24 #2 type] 
Type domain.Driver is not enhanced.

[2025-04-21 12:26:24 #3 type] 
Type domain.Ride is not enhanced.

[2025-04-21 12:26:24 #4 type] 
Type domain.Passenger is not enhanced.

[2025-04-21 12:26:24 #5 type] 
Type domain.Reservation is not enhanced.

[2025-04-21 12:26:24 #6 type] 
Type domain.Rating is not enhanced.

------------------------------------------------------------------------------------------------------------------------

[2025-04-21 12:51:12 #1 store] 
Database 'C:\Users\1153342\git\Rides\Rides24\src\main\resources\rides.temp' is opened by 10448@Anne

[2025-04-21 12:51:12 #2 type] 
Type domain.Driver is not enhanced.

[2025-04-21 12:51:12 #3 type] 
Type domain.Ride is not enhanced.

[2025-04-21 12:51:12 #4 type] 
Type domain.Passenger is not enhanced.

[2025-04-21 12:51:12 #5 type] 
Type domain.Reservation is not enhanced.

[2025-04-21 12:51:12 #6 type] 
Type domain.Rating is not enhanced.

------------------------------------------------------------------------------------------------------------------------

[2025-04-21 12:52:08 #1 store] 
Database 'C:\Users\1153342\git\Rides\Rides24\src\main\resources\rides.temp' has been recovered (tr. 21-21)

[2025-04-21 12:52:09 #2 store] 
Database 'C:\Users\1153342\git\Rides\Rides24\src\main\resources\rides.temp' is opened by 38452@Anne

[2025-04-21 12:52:09 #3 type] 
Type domain.Driver is not enhanced.

[2025-04-21 12:52:09 #4 type] 
Type domain.Ride is not enhanced.

[2025-04-21 12:52:09 #5 type] 
Type domain.Passenger is not enhanced.

[2025-04-21 12:52:09 #6 type] 
Type domain.Reservation is not enhanced.

[2025-04-21 12:52:09 #7 type] 
Type domain.Rating is not enhanced.

------------------------------------------------------------------------------------------------------------------------

[2025-04-21 12:55:34 #1 store] 
Database 'C:\Users\1153342\git\Rides\Rides24\src\main\resources\rides.temp' is opened by 3960@Anne

[2025-04-21 12:55:35 #2 type.registry] 
New type domain.Driver

[2025-04-21 12:55:35 #3 type] 
Type domain.Driver is not enhanced.

[2025-04-21 12:55:35 #4 type.registry] 
New type domain.Ride

[2025-04-21 12:55:35 #5 type] 
Type domain.Ride is not enhanced.

[2025-04-21 12:55:35 #6 type.registry] 
New type domain.Passenger

[2025-04-21 12:55:35 #7 type] 
Type domain.Passenger is not enhanced.

[2025-04-21 12:55:35 #8 type.registry] 
New type java.util.Vector<java.lang.Object>

[2025-04-21 12:55:35 #9 type.registry] 
New type java.util.Vector<domain.Ride>

[2025-04-21 12:55:35 #10 type.registry] 
New type java.util.Vector<domain.Passenger>

------------------------------------------------------------------------------------------------------------------------

[2025-04-21 12:55:45 #1 store] 
Database 'C:\Users\1153342\git\Rides\Rides24\src\main\resources\rides.temp' has been recovered (tr. 1-7)

[2025-04-21 12:55:45 #2 store] 
Database 'C:\Users\1153342\git\Rides\Rides24\src\main\resources\rides.temp' is opened by 6788@Anne

[2025-04-21 12:55:45 #3 type] 
Type domain.Driver is not enhanced.

[2025-04-21 12:55:45 #4 type] 
Type domain.Ride is not enhanced.

[2025-04-21 12:55:45 #5 type] 
Type domain.Passenger is not enhanced.

------------------------------------------------------------------------------------------------------------------------

[2025-04-21 12:56:46 #1 store] 
Database 'C:\Users\1153342\git\Rides\Rides24\src\main\resources\rides.temp' is opened by 31424@Anne

[2025-04-21 12:56:46 #2 type] 
Type domain.Driver is not enhanced.

[2025-04-21 12:56:46 #3 type] 
Type domain.Ride is not enhanced.

[2025-04-21 12:56:46 #4 type] 
Type domain.Passenger is not enhanced.

------------------------------------------------------------------------------------------------------------------------

[2025-04-21 12:57:03 #1 store] 
Database 'C:\Users\1153342\git\Rides\Rides24\src\main\resources\rides.temp' has been recovered (tr. 8-8)

[2025-04-21 12:57:03 #2 store] 
Database 'C:\Users\1153342\git\Rides\Rides24\src\main\resources\rides.temp' is opened by 38404@Anne

[2025-04-21 12:57:03 #3 type] 
Type domain.Driver is not enhanced.

[2025-04-21 12:57:03 #4 type] 
Type domain.Ride is not enhanced.

[2025-04-21 12:57:03 #5 type] 
Type domain.Passenger is not enhanced.

[2025-04-21 12:57:21 #6 type.registry] 
New type domain.Rating

[2025-04-21 12:57:21 #7 type] 
Type domain.Rating is not enhanced.

------------------------------------------------------------------------------------------------------------------------

[2025-04-21 12:58:11 #1 store] 
Database 'C:\Users\1153342\git\Rides\Rides24\src\main\resources\rides.temp' has been recovered (tr. 9-10)

[2025-04-21 12:58:11 #2 store] 
Database 'C:\Users\1153342\git\Rides\Rides24\src\main\resources\rides.temp' is opened by 39376@Anne

[2025-04-21 12:58:11 #3 type] 
Type domain.Driver is not enhanced.

[2025-04-21 12:58:11 #4 type] 
Type domain.Ride is not enhanced.

[2025-04-21 12:58:11 #5 type] 
Type domain.Passenger is not enhanced.

[2025-04-21 12:58:11 #6 type] 
Type domain.Rating is not enhanced.

------------------------------------------------------------------------------------------------------------------------

[2025-04-21 13:16:12 #1 store] 
Database 'C:\Users\1153342\git\Rides\Rides24\src\main\resources\rides.temp' is opened by 26412@Anne

[2025-04-21 13:16:12 #2 type] 
Type domain.Driver is not enhanced.

[2025-04-21 13:16:12 #3 type] 
Type domain.Ride is not enhanced.

[2025-04-21 13:16:12 #4 type] 
Type domain.Passenger is not enhanced.

[2025-04-21 13:16:12 #5 type] 
Type domain.Rating is not enhanced.

------------------------------------------------------------------------------------------------------------------------

[2025-04-21 13:17:42 #1 store] 
Database 'C:\Users\1153342\git\Rides\Rides24\src\main\resources\rides.temp' is opened by 2356@Anne

[2025-04-21 13:17:42 #2 type] 
Type domain.Driver is not enhanced.

[2025-04-21 13:17:42 #3 type] 
Type domain.Ride is not enhanced.

[2025-04-21 13:17:42 #4 type] 
Type domain.Passenger is not enhanced.

[2025-04-21 13:17:42 #5 type] 
Type domain.Rating is not enhanced.

------------------------------------------------------------------------------------------------------------------------

[2025-04-21 13:18:18 #1 store] 
Database 'C:\Users\1153342\git\Rides\Rides24\src\main\resources\rides.temp' is opened by 35432@Anne

[2025-04-21 13:18:18 #2 type] 
Type domain.Driver is not enhanced.

[2025-04-21 13:18:18 #3 type] 
Type domain.Ride is not enhanced.

[2025-04-21 13:18:18 #4 type] 
Type domain.Passenger is not enhanced.

[2025-04-21 13:18:18 #5 type] 
Type domain.Rating is not enhanced.

------------------------------------------------------------------------------------------------------------------------

[2025-04-21 13:23:42 #1 store] 
Database 'C:\Users\1153342\git\Rides\Rides24\src\main\resources\rides.temp' is opened by 42024@Anne

[2025-04-21 13:23:42 #2 type] 
Type domain.Driver is not enhanced.

[2025-04-21 13:23:42 #3 type] 
Type domain.Ride is not enhanced.

[2025-04-21 13:23:42 #4 type] 
Type domain.Passenger is not enhanced.

[2025-04-21 13:23:42 #5 type] 
Type domain.Rating is not enhanced.

------------------------------------------------------------------------------------------------------------------------

[2025-04-21 13:27:37 #1 store] 
Database 'C:\Users\1153342\git\Rides\Rides24\src\main\resources\rides.temp' is opened by 38604@Anne

[2025-04-21 13:27:37 #2 type] 
Type domain.Driver is not enhanced.

[2025-04-21 13:27:37 #3 type] 
Type domain.Ride is not enhanced.

[2025-04-21 13:27:37 #4 type] 
Type domain.Passenger is not enhanced.

[2025-04-21 13:27:37 #5 type] 
Type domain.Rating is not enhanced.

