------------------------------------------------------------------------------------------------------------------------

[2025-09-28 16:47:48 #1 store] 
Database 'C:\Users\1153342\git\ridesFinal1\ridesFinal\Rides24\src\main\resources\rides.temp' is opened by 28644@Anne

[2025-09-28 16:47:48 #2 type] 
Type domain.Driver is not enhanced.

[2025-09-28 16:47:48 #3 type] 
Type domain.Monedero is not enhanced.

[2025-09-28 16:47:48 #4 type] 
Type domain.Ride is not enhanced.

[2025-09-28 16:47:48 #5 type] 
Type domain.Transaction is not enhanced.

[2025-09-28 16:47:48 #6 type] 
Type domain.Passenger is not enhanced.

[2025-09-28 16:47:48 #7 type] 
Type domain.Mail is not enhanced.

[2025-09-28 16:47:48 #8 type] 
Type domain.Reservation is not enhanced.

------------------------------------------------------------------------------------------------------------------------

[2025-09-28 17:23:03 #1 store] 
Database 'C:\Users\1153342\git\ridesFinal1\ridesFinal\Rides24\src\main\resources\rides.temp' is opened by 15364@Anne

[2025-09-28 17:23:03 #2 type] 
Type domain.Driver is not enhanced.

[2025-09-28 17:23:03 #3 type] 
Type domain.Monedero is not enhanced.

[2025-09-28 17:23:03 #4 type] 
Type domain.Ride is not enhanced.

[2025-09-28 17:23:03 #5 type] 
Type domain.Transaction is not enhanced.

[2025-09-28 17:23:03 #6 type] 
Type domain.Passenger is not enhanced.

[2025-09-28 17:23:03 #7 type] 
Type domain.Mail is not enhanced.

[2025-09-28 17:23:03 #8 type] 
Type domain.Reservation is not enhanced.

------------------------------------------------------------------------------------------------------------------------

[2025-09-28 18:01:51 #1 store] 
Database 'C:\Users\1153342\git\ridesFinal1\ridesFinal\Rides24\src\main\resources\rides.temp' has been recovered (tr. 27-28)

[2025-09-28 18:01:51 #2 store] 
Database 'C:\Users\1153342\git\ridesFinal1\ridesFinal\Rides24\src\main\resources\rides.temp' is opened by 30428@Anne

[2025-09-28 18:01:51 #3 type] 
Type domain.Driver is not enhanced.

[2025-09-28 18:01:51 #4 type] 
Type domain.Monedero is not enhanced.

[2025-09-28 18:01:51 #5 type] 
Type domain.Ride is not enhanced.

[2025-09-28 18:01:51 #6 type] 
Type domain.Transaction is not enhanced.

[2025-09-28 18:01:51 #7 type] 
Type domain.Passenger is not enhanced.

[2025-09-28 18:01:51 #8 type] 
Type domain.Mail is not enhanced.

[2025-09-28 18:01:51 #9 type] 
Type domain.Reservation is not enhanced.

------------------------------------------------------------------------------------------------------------------------

[2025-09-28 18:08:59 #1 store] 
Database 'C:\Users\1153342\git\ridesFinal1\ridesFinal\Rides24\src\main\resources\rides.temp' is opened by 18400@Anne

[2025-09-28 18:08:59 #2 type] 
Type domain.Driver is not enhanced.

[2025-09-28 18:08:59 #3 type] 
Type domain.Monedero is not enhanced.

[2025-09-28 18:08:59 #4 type] 
Type domain.Ride is not enhanced.

[2025-09-28 18:08:59 #5 type] 
Type domain.Transaction is not enhanced.

[2025-09-28 18:08:59 #6 type] 
Type domain.Passenger is not enhanced.

[2025-09-28 18:08:59 #7 type] 
Type domain.Mail is not enhanced.

[2025-09-28 18:08:59 #8 type] 
Type domain.Reservation is not enhanced.

------------------------------------------------------------------------------------------------------------------------

[2025-09-28 18:15:34 #1 store] 
Database 'C:\Users\1153342\git\ridesFinal1\ridesFinal\Rides24\src\main\resources\rides.temp' has been recovered (tr. 29-31)

[2025-09-28 18:15:34 #2 store] 
Database 'C:\Users\1153342\git\ridesFinal1\ridesFinal\Rides24\src\main\resources\rides.temp' is opened by 16260@Anne

[2025-09-28 18:15:34 #3 type] 
Type domain.Driver is not enhanced.

[2025-09-28 18:15:34 #4 type] 
Type domain.Monedero is not enhanced.

[2025-09-28 18:15:34 #5 type] 
Type domain.Ride is not enhanced.

[2025-09-28 18:15:34 #6 type] 
Type domain.Transaction is not enhanced.

[2025-09-28 18:15:34 #7 type] 
Type domain.Passenger is not enhanced.

[2025-09-28 18:15:34 #8 type] 
Type domain.Mail is not enhanced.

[2025-09-28 18:15:34 #9 type] 
Type domain.Reservation is not enhanced.

------------------------------------------------------------------------------------------------------------------------

[2025-09-28 18:18:49 #1 store] 
Database 'C:\Users\1153342\git\ridesFinal1\ridesFinal\Rides24\src\main\resources\rides.temp' has been recovered (tr. 32-37)

[2025-09-28 18:18:49 #2 store] 
Database 'C:\Users\1153342\git\ridesFinal1\ridesFinal\Rides24\src\main\resources\rides.temp' is opened by 29280@Anne

[2025-09-28 18:18:49 #3 type] 
Type domain.Driver is not enhanced.

[2025-09-28 18:18:49 #4 type] 
Type domain.Monedero is not enhanced.

[2025-09-28 18:18:49 #5 type] 
Type domain.Ride is not enhanced.

[2025-09-28 18:18:49 #6 type] 
Type domain.Transaction is not enhanced.

[2025-09-28 18:18:49 #7 type] 
Type domain.Passenger is not enhanced.

[2025-09-28 18:18:49 #8 type] 
Type domain.Mail is not enhanced.

[2025-09-28 18:18:49 #9 type] 
Type domain.Reservation is not enhanced.

------------------------------------------------------------------------------------------------------------------------

[2025-09-28 18:21:44 #1 store] 
Database 'C:\Users\1153342\git\ridesFinal1\ridesFinal\Rides24\src\main\resources\rides.temp' is opened by 22172@Anne

[2025-09-28 18:21:49 #2 type.registry] 
New type domain.Driver

[2025-09-28 18:21:49 #3 type] 
Type domain.Driver is not enhanced.

[2025-09-28 18:21:49 #4 type.registry] 
New type domain.Monedero

[2025-09-28 18:21:49 #5 type.registry] 
New type domain.Ride

[2025-09-28 18:21:49 #6 type] 
Type domain.Monedero is not enhanced.

[2025-09-28 18:21:49 #7 type.registry] 
New type domain.Transaction

[2025-09-28 18:21:49 #8 type.registry] 
New type java.util.ArrayList<domain.Transaction>

[2025-09-28 18:21:49 #9 type] 
Type domain.Ride is not enhanced.

[2025-09-28 18:21:49 #10 type.registry] 
New type domain.Passenger

[2025-09-28 18:21:49 #11 type] 
Type domain.Transaction is not enhanced.

[2025-09-28 18:21:49 #12 type] 
Type domain.Passenger is not enhanced.

[2025-09-28 18:21:49 #13 type.registry] 
New type java.util.Vector<java.lang.Object>

[2025-09-28 18:21:49 #14 type.registry] 
New type java.util.ArrayList<java.lang.Object>

[2025-09-28 18:21:49 #15 type.registry] 
New type java.util.Vector<domain.Ride>

[2025-09-28 18:21:49 #16 type.registry] 
New type domain.Mail

[2025-09-28 18:21:49 #17 type] 
Type domain.Mail is not enhanced.

------------------------------------------------------------------------------------------------------------------------

[2025-09-28 18:22:22 #1 store] 
Database 'C:\Users\1153342\git\ridesFinal1\ridesFinal\Rides24\src\main\resources\rides.temp' is opened by 21444@Anne

[2025-09-28 18:22:22 #2 type] 
Type domain.Driver is not enhanced.

[2025-09-28 18:22:22 #3 type] 
Type domain.Monedero is not enhanced.

[2025-09-28 18:22:22 #4 type] 
Type domain.Ride is not enhanced.

[2025-09-28 18:22:22 #5 type] 
Type domain.Transaction is not enhanced.

[2025-09-28 18:22:22 #6 type] 
Type domain.Passenger is not enhanced.

[2025-09-28 18:22:22 #7 type] 
Type domain.Mail is not enhanced.

[2025-09-28 18:22:22 #8 type.registry] 
New type domain.Reservation

[2025-09-28 18:22:22 #9 type] 
Type domain.Reservation is not enhanced.

[2025-09-28 18:22:22 #10 type.registry] 
New type java.util.Vector<domain.Passenger>

------------------------------------------------------------------------------------------------------------------------

[2025-09-28 18:24:54 #1 store] 
Database 'C:\Users\1153342\git\ridesFinal1\ridesFinal\Rides24\src\main\resources\rides.temp' is opened by 15468@Anne

[2025-09-28 18:24:57 #2 type.registry] 
New type domain.Driver

[2025-09-28 18:24:57 #3 type] 
Type domain.Driver is not enhanced.

[2025-09-28 18:24:57 #4 type.registry] 
New type domain.Monedero

[2025-09-28 18:24:57 #5 type.registry] 
New type domain.Ride

[2025-09-28 18:24:57 #6 type] 
Type domain.Monedero is not enhanced.

[2025-09-28 18:24:57 #7 type.registry] 
New type domain.Transaction

[2025-09-28 18:24:57 #8 type.registry] 
New type java.util.ArrayList<domain.Transaction>

[2025-09-28 18:24:57 #9 type] 
Type domain.Ride is not enhanced.

[2025-09-28 18:24:57 #10 type.registry] 
New type domain.Passenger

[2025-09-28 18:24:57 #11 type] 
Type domain.Transaction is not enhanced.

[2025-09-28 18:24:57 #12 type] 
Type domain.Passenger is not enhanced.

[2025-09-28 18:24:57 #13 type.registry] 
New type java.util.Vector<java.lang.Object>

[2025-09-28 18:24:57 #14 type.registry] 
New type java.util.ArrayList<java.lang.Object>

[2025-09-28 18:24:57 #15 type.registry] 
New type java.util.Vector<domain.Ride>

[2025-09-28 18:24:58 #16 type.registry] 
New type domain.Mail

[2025-09-28 18:24:58 #17 type] 
Type domain.Mail is not enhanced.

------------------------------------------------------------------------------------------------------------------------

[2025-09-28 18:27:14 #1 store] 
Database 'C:\Users\1153342\git\ridesFinal1\ridesFinal\Rides24\src\main\resources\rides.temp' is opened by 29268@Anne

[2025-09-28 18:27:14 #2 type] 
Type domain.Driver is not enhanced.

[2025-09-28 18:27:14 #3 type] 
Type domain.Monedero is not enhanced.

[2025-09-28 18:27:14 #4 type] 
Type domain.Ride is not enhanced.

[2025-09-28 18:27:14 #5 type] 
Type domain.Transaction is not enhanced.

[2025-09-28 18:27:14 #6 type] 
Type domain.Passenger is not enhanced.

[2025-09-28 18:27:14 #7 type] 
Type domain.Mail is not enhanced.

[2025-09-28 18:27:14 #8 type.registry] 
New type domain.Reservation

[2025-09-28 18:27:14 #9 type] 
Type domain.Reservation is not enhanced.

[2025-09-28 18:27:14 #10 type.registry] 
New type java.util.Vector<domain.Passenger>

------------------------------------------------------------------------------------------------------------------------

[2025-09-28 18:28:18 #1 store] 
Database 'C:\Users\1153342\git\ridesFinal1\ridesFinal\Rides24\src\main\resources\rides.temp' is opened by 22116@Anne

[2025-09-28 18:28:18 #2 type.registry] 
New type domain.Driver

[2025-09-28 18:28:18 #3 type] 
Type domain.Driver is not enhanced.

[2025-09-28 18:28:18 #4 type.registry] 
New type domain.Monedero

[2025-09-28 18:28:18 #5 type.registry] 
New type domain.Ride

[2025-09-28 18:28:18 #6 type] 
Type domain.Monedero is not enhanced.

[2025-09-28 18:28:18 #7 type.registry] 
New type domain.Transaction

[2025-09-28 18:28:18 #8 type.registry] 
New type java.util.ArrayList<domain.Transaction>

[2025-09-28 18:28:18 #9 type] 
Type domain.Ride is not enhanced.

[2025-09-28 18:28:18 #10 type.registry] 
New type domain.Passenger

[2025-09-28 18:28:18 #11 type] 
Type domain.Transaction is not enhanced.

[2025-09-28 18:28:18 #12 type] 
Type domain.Passenger is not enhanced.

[2025-09-28 18:28:18 #13 type.registry] 
New type java.util.Vector<java.lang.Object>

[2025-09-28 18:28:18 #14 type.registry] 
New type java.util.ArrayList<java.lang.Object>

[2025-09-28 18:28:18 #15 type.registry] 
New type java.util.Vector<domain.Ride>

[2025-09-28 18:28:18 #16 type.registry] 
New type java.util.Vector<domain.Passenger>

[2025-09-28 18:28:18 #17 type.registry] 
New type domain.Reservation

[2025-09-28 18:28:18 #18 type] 
Type domain.Reservation is not enhanced.

------------------------------------------------------------------------------------------------------------------------

[2025-09-28 18:35:43 #1 store] 
Database 'C:\Users\1153342\git\ridesFinal1\ridesFinal\Rides24\src\main\resources\rides.temp' is opened by 29312@Anne

[2025-09-28 18:35:47 #2 type.registry] 
New type domain.Driver

[2025-09-28 18:35:47 #3 type] 
Type domain.Driver is not enhanced.

[2025-09-28 18:35:47 #4 type.registry] 
New type domain.Monedero

[2025-09-28 18:35:47 #5 type.registry] 
New type domain.Ride

[2025-09-28 18:35:47 #6 type] 
Type domain.Monedero is not enhanced.

[2025-09-28 18:35:47 #7 type.registry] 
New type domain.Transaction

[2025-09-28 18:35:47 #8 type.registry] 
New type java.util.ArrayList<domain.Transaction>

[2025-09-28 18:35:47 #9 type] 
Type domain.Ride is not enhanced.

[2025-09-28 18:35:47 #10 type.registry] 
New type domain.Passenger

[2025-09-28 18:35:47 #11 type] 
Type domain.Transaction is not enhanced.

[2025-09-28 18:35:47 #12 type] 
Type domain.Passenger is not enhanced.

[2025-09-28 18:35:47 #13 type.registry] 
New type java.util.Vector<java.lang.Object>

[2025-09-28 18:35:47 #14 type.registry] 
New type java.util.ArrayList<java.lang.Object>

[2025-09-28 18:35:47 #15 type.registry] 
New type java.util.Vector<domain.Ride>

[2025-09-28 18:35:47 #16 type.registry] 
New type domain.Mail

[2025-09-28 18:35:47 #17 type] 
Type domain.Mail is not enhanced.

------------------------------------------------------------------------------------------------------------------------

[2025-09-28 18:36:10 #1 store] 
Database 'C:\Users\1153342\git\ridesFinal1\ridesFinal\Rides24\src\main\resources\rides.temp' is opened by 20804@Anne

[2025-09-28 18:36:11 #2 type] 
Type domain.Driver is not enhanced.

[2025-09-28 18:36:11 #3 type] 
Type domain.Monedero is not enhanced.

[2025-09-28 18:36:11 #4 type] 
Type domain.Ride is not enhanced.

[2025-09-28 18:36:11 #5 type] 
Type domain.Transaction is not enhanced.

[2025-09-28 18:36:11 #6 type] 
Type domain.Passenger is not enhanced.

[2025-09-28 18:36:11 #7 type] 
Type domain.Mail is not enhanced.

[2025-09-28 18:36:11 #8 type.registry] 
New type java.util.Vector<domain.Passenger>

[2025-09-28 18:36:11 #9 type.registry] 
New type domain.Reservation

[2025-09-28 18:36:11 #10 type] 
Type domain.Reservation is not enhanced.

------------------------------------------------------------------------------------------------------------------------

[2025-09-28 18:39:31 #1 store] 
Database 'C:\Users\1153342\git\ridesFinal1\ridesFinal\Rides24\src\main\resources\rides.temp' is opened by 19776@Anne

[2025-09-28 18:39:31 #2 type] 
Type domain.Driver is not enhanced.

[2025-09-28 18:39:31 #3 type] 
Type domain.Monedero is not enhanced.

[2025-09-28 18:39:31 #4 type] 
Type domain.Ride is not enhanced.

[2025-09-28 18:39:31 #5 type] 
Type domain.Transaction is not enhanced.

[2025-09-28 18:39:31 #6 type] 
Type domain.Passenger is not enhanced.

[2025-09-28 18:39:31 #7 type] 
Type domain.Mail is not enhanced.

[2025-09-28 18:39:31 #8 type] 
Type domain.Reservation is not enhanced.

------------------------------------------------------------------------------------------------------------------------

[2025-09-28 18:39:54 #1 store] 
Database 'C:\Users\1153342\git\ridesFinal1\ridesFinal\Rides24\src\main\resources\rides.temp' has been recovered (tr. 19-24)

[2025-09-28 18:39:55 #2 store] 
Database 'C:\Users\1153342\git\ridesFinal1\ridesFinal\Rides24\src\main\resources\rides.temp' is opened by 29408@Anne

[2025-09-28 18:39:55 #3 type] 
Type domain.Driver is not enhanced.

[2025-09-28 18:39:55 #4 type] 
Type domain.Monedero is not enhanced.

[2025-09-28 18:39:55 #5 type] 
Type domain.Ride is not enhanced.

[2025-09-28 18:39:55 #6 type] 
Type domain.Transaction is not enhanced.

[2025-09-28 18:39:55 #7 type] 
Type domain.Passenger is not enhanced.

[2025-09-28 18:39:55 #8 type] 
Type domain.Mail is not enhanced.

[2025-09-28 18:39:55 #9 type] 
Type domain.Reservation is not enhanced.

------------------------------------------------------------------------------------------------------------------------

[2025-09-28 18:40:03 #1 store] 
Database 'C:\Users\1153342\git\ridesFinal1\ridesFinal\Rides24\src\main\resources\rides.temp' is opened by 7080@Anne

[2025-09-28 18:40:03 #2 type] 
Type domain.Driver is not enhanced.

[2025-09-28 18:40:03 #3 type] 
Type domain.Monedero is not enhanced.

[2025-09-28 18:40:03 #4 type] 
Type domain.Ride is not enhanced.

[2025-09-28 18:40:03 #5 type] 
Type domain.Transaction is not enhanced.

[2025-09-28 18:40:03 #6 type] 
Type domain.Passenger is not enhanced.

[2025-09-28 18:40:03 #7 type] 
Type domain.Mail is not enhanced.

[2025-09-28 18:40:03 #8 type] 
Type domain.Reservation is not enhanced.

------------------------------------------------------------------------------------------------------------------------

[2025-09-28 18:40:20 #1 store] 
Database 'C:\Users\1153342\git\ridesFinal1\ridesFinal\Rides24\src\main\resources\rides.temp' is opened by 26540@Anne

[2025-09-28 18:40:20 #2 type] 
Type domain.Driver is not enhanced.

[2025-09-28 18:40:20 #3 type] 
Type domain.Monedero is not enhanced.

[2025-09-28 18:40:20 #4 type] 
Type domain.Ride is not enhanced.

[2025-09-28 18:40:20 #5 type] 
Type domain.Transaction is not enhanced.

[2025-09-28 18:40:20 #6 type] 
Type domain.Passenger is not enhanced.

[2025-09-28 18:40:20 #7 type] 
Type domain.Mail is not enhanced.

[2025-09-28 18:40:20 #8 type] 
Type domain.Reservation is not enhanced.

------------------------------------------------------------------------------------------------------------------------

[2025-09-28 18:47:42 #1 store] 
Database 'C:\Users\1153342\git\ridesFinal1\ridesFinal\Rides24\src\main\resources\rides.temp' has been recovered (tr. 25-30)

[2025-09-28 18:47:42 #2 store] 
Database 'C:\Users\1153342\git\ridesFinal1\ridesFinal\Rides24\src\main\resources\rides.temp' is opened by 6600@Anne

[2025-09-28 18:47:42 #3 type] 
Type domain.Driver is not enhanced.

[2025-09-28 18:47:42 #4 type] 
Type domain.Monedero is not enhanced.

[2025-09-28 18:47:42 #5 type] 
Type domain.Ride is not enhanced.

[2025-09-28 18:47:42 #6 type] 
Type domain.Transaction is not enhanced.

[2025-09-28 18:47:42 #7 type] 
Type domain.Passenger is not enhanced.

[2025-09-28 18:47:42 #8 type] 
Type domain.Mail is not enhanced.

[2025-09-28 18:47:42 #9 type] 
Type domain.Reservation is not enhanced.

------------------------------------------------------------------------------------------------------------------------

[2025-09-28 18:49:56 #1 store] 
Database 'C:\Users\1153342\git\ridesFinal1\ridesFinal\Rides24\src\main\resources\rides.temp' is opened by 31340@Anne

[2025-09-28 18:49:56 #2 type] 
Type domain.Driver is not enhanced.

[2025-09-28 18:49:56 #3 type] 
Type domain.Monedero is not enhanced.

[2025-09-28 18:49:56 #4 type] 
Type domain.Ride is not enhanced.

[2025-09-28 18:49:56 #5 type] 
Type domain.Transaction is not enhanced.

[2025-09-28 18:49:56 #6 type] 
Type domain.Passenger is not enhanced.

[2025-09-28 18:49:56 #7 type] 
Type domain.Mail is not enhanced.

[2025-09-28 18:49:56 #8 type] 
Type domain.Reservation is not enhanced.

------------------------------------------------------------------------------------------------------------------------

[2025-09-28 18:50:50 #1 store] 
Database 'C:\Users\1153342\git\ridesFinal1\ridesFinal\Rides24\src\main\resources\rides.temp' is opened by 14252@Anne

[2025-09-28 18:50:53 #2 type.registry] 
New type domain.Driver

[2025-09-28 18:50:53 #3 type] 
Type domain.Driver is not enhanced.

[2025-09-28 18:50:53 #4 type.registry] 
New type domain.Monedero

[2025-09-28 18:50:53 #5 type.registry] 
New type domain.Ride

[2025-09-28 18:50:53 #6 type] 
Type domain.Monedero is not enhanced.

[2025-09-28 18:50:53 #7 type.registry] 
New type domain.Transaction

[2025-09-28 18:50:53 #8 type.registry] 
New type java.util.ArrayList<domain.Transaction>

[2025-09-28 18:50:53 #9 type] 
Type domain.Ride is not enhanced.

[2025-09-28 18:50:53 #10 type.registry] 
New type domain.Passenger

[2025-09-28 18:50:53 #11 type] 
Type domain.Transaction is not enhanced.

[2025-09-28 18:50:53 #12 type] 
Type domain.Passenger is not enhanced.

[2025-09-28 18:50:53 #13 type.registry] 
New type java.util.Vector<java.lang.Object>

[2025-09-28 18:50:53 #14 type.registry] 
New type java.util.ArrayList<java.lang.Object>

[2025-09-28 18:50:53 #15 type.registry] 
New type java.util.Vector<domain.Ride>

[2025-09-28 18:50:54 #16 type.registry] 
New type domain.Mail

[2025-09-28 18:50:54 #17 type] 
Type domain.Mail is not enhanced.

------------------------------------------------------------------------------------------------------------------------

[2025-09-28 18:51:18 #1 store] 
Database 'C:\Users\1153342\git\ridesFinal1\ridesFinal\Rides24\src\main\resources\rides.temp' is opened by 9084@Anne

[2025-09-28 18:51:19 #2 type] 
Type domain.Driver is not enhanced.

[2025-09-28 18:51:19 #3 type] 
Type domain.Monedero is not enhanced.

[2025-09-28 18:51:19 #4 type] 
Type domain.Ride is not enhanced.

[2025-09-28 18:51:19 #5 type] 
Type domain.Transaction is not enhanced.

[2025-09-28 18:51:19 #6 type] 
Type domain.Passenger is not enhanced.

[2025-09-28 18:51:19 #7 type] 
Type domain.Mail is not enhanced.

[2025-09-28 18:51:19 #8 type.registry] 
New type domain.Reservation

[2025-09-28 18:51:19 #9 type] 
Type domain.Reservation is not enhanced.

[2025-09-28 18:51:19 #10 type.registry] 
New type java.util.Vector<domain.Passenger>

------------------------------------------------------------------------------------------------------------------------

[2025-09-28 18:54:04 #1 store] 
Database 'C:\Users\1153342\git\ridesFinal1\ridesFinal\Rides24\src\main\resources\rides.temp' is opened by 26788@Anne

[2025-09-28 18:54:08 #2 type.registry] 
New type domain.Driver

[2025-09-28 18:54:08 #3 type] 
Type domain.Driver is not enhanced.

[2025-09-28 18:54:08 #4 type.registry] 
New type domain.Monedero

[2025-09-28 18:54:08 #5 type.registry] 
New type domain.Ride

[2025-09-28 18:54:08 #6 type] 
Type domain.Monedero is not enhanced.

[2025-09-28 18:54:08 #7 type.registry] 
New type domain.Transaction

[2025-09-28 18:54:08 #8 type.registry] 
New type java.util.ArrayList<domain.Transaction>

[2025-09-28 18:54:08 #9 type] 
Type domain.Ride is not enhanced.

[2025-09-28 18:54:08 #10 type.registry] 
New type domain.Passenger

[2025-09-28 18:54:08 #11 type] 
Type domain.Transaction is not enhanced.

[2025-09-28 18:54:08 #12 type] 
Type domain.Passenger is not enhanced.

[2025-09-28 18:54:08 #13 type.registry] 
New type java.util.Vector<java.lang.Object>

[2025-09-28 18:54:08 #14 type.registry] 
New type java.util.ArrayList<java.lang.Object>

[2025-09-28 18:54:08 #15 type.registry] 
New type java.util.Vector<domain.Ride>

[2025-09-28 18:54:08 #16 type.registry] 
New type domain.Mail

[2025-09-28 18:54:08 #17 type] 
Type domain.Mail is not enhanced.

------------------------------------------------------------------------------------------------------------------------

[2025-09-28 18:54:24 #1 store] 
Database 'C:\Users\1153342\git\ridesFinal1\ridesFinal\Rides24\src\main\resources\rides.temp' is opened by 10644@Anne

[2025-09-28 18:54:24 #2 type] 
Type domain.Driver is not enhanced.

[2025-09-28 18:54:24 #3 type] 
Type domain.Monedero is not enhanced.

[2025-09-28 18:54:24 #4 type] 
Type domain.Ride is not enhanced.

[2025-09-28 18:54:24 #5 type] 
Type domain.Transaction is not enhanced.

[2025-09-28 18:54:24 #6 type] 
Type domain.Passenger is not enhanced.

[2025-09-28 18:54:24 #7 type] 
Type domain.Mail is not enhanced.

[2025-09-28 18:54:24 #8 type.registry] 
New type domain.Reservation

[2025-09-28 18:54:24 #9 type] 
Type domain.Reservation is not enhanced.

[2025-09-28 18:54:24 #10 type.registry] 
New type java.util.Vector<domain.Passenger>

------------------------------------------------------------------------------------------------------------------------

[2025-09-28 18:55:59 #1 store] 
Database 'C:\Users\1153342\git\ridesFinal1\ridesFinal\Rides24\src\main\resources\rides.temp' is opened by 11184@Anne

[2025-09-28 18:56:03 #2 type.registry] 
New type domain.Driver

[2025-09-28 18:56:03 #3 type] 
Type domain.Driver is not enhanced.

[2025-09-28 18:56:03 #4 type.registry] 
New type domain.Monedero

[2025-09-28 18:56:03 #5 type.registry] 
New type domain.Ride

[2025-09-28 18:56:03 #6 type] 
Type domain.Monedero is not enhanced.

[2025-09-28 18:56:03 #7 type.registry] 
New type domain.Transaction

[2025-09-28 18:56:03 #8 type.registry] 
New type java.util.ArrayList<domain.Transaction>

[2025-09-28 18:56:03 #9 type] 
Type domain.Ride is not enhanced.

[2025-09-28 18:56:03 #10 type.registry] 
New type domain.Passenger

[2025-09-28 18:56:03 #11 type] 
Type domain.Transaction is not enhanced.

[2025-09-28 18:56:03 #12 type] 
Type domain.Passenger is not enhanced.

[2025-09-28 18:56:03 #13 type.registry] 
New type java.util.Vector<java.lang.Object>

[2025-09-28 18:56:03 #14 type.registry] 
New type java.util.ArrayList<java.lang.Object>

[2025-09-28 18:56:03 #15 type.registry] 
New type java.util.Vector<domain.Ride>

[2025-09-28 18:56:03 #16 type.registry] 
New type domain.Mail

[2025-09-28 18:56:03 #17 type] 
Type domain.Mail is not enhanced.

------------------------------------------------------------------------------------------------------------------------

[2025-09-28 18:57:00 #1 store] 
Database 'C:\Users\1153342\git\ridesFinal1\ridesFinal\Rides24\src\main\resources\rides.temp' has been recovered (tr. 1-8)

[2025-09-28 18:57:01 #2 store] 
Database 'C:\Users\1153342\git\ridesFinal1\ridesFinal\Rides24\src\main\resources\rides.temp' is opened by 23828@Anne

[2025-09-28 18:57:01 #3 type] 
Type domain.Driver is not enhanced.

[2025-09-28 18:57:01 #4 type] 
Type domain.Monedero is not enhanced.

[2025-09-28 18:57:01 #5 type] 
Type domain.Ride is not enhanced.

[2025-09-28 18:57:01 #6 type] 
Type domain.Transaction is not enhanced.

[2025-09-28 18:57:01 #7 type] 
Type domain.Passenger is not enhanced.

[2025-09-28 18:57:01 #8 type] 
Type domain.Mail is not enhanced.

[2025-09-28 18:57:01 #9 type.registry] 
New type domain.Reservation

[2025-09-28 18:57:01 #10 type] 
Type domain.Reservation is not enhanced.

[2025-09-28 18:57:01 #11 type.registry] 
New type java.util.Vector<domain.Passenger>

------------------------------------------------------------------------------------------------------------------------

[2025-09-28 19:02:16 #1 store] 
Database 'C:\Users\1153342\git\ridesFinal1\ridesFinal\Rides24\src\main\resources\rides.temp' is opened by 23524@Anne

[2025-09-28 19:02:22 #2 type.registry] 
New type domain.Driver

[2025-09-28 19:02:22 #3 type] 
Type domain.Driver is not enhanced.

[2025-09-28 19:02:22 #4 type.registry] 
New type domain.Monedero

[2025-09-28 19:02:22 #5 type.registry] 
New type domain.Ride

[2025-09-28 19:02:22 #6 type] 
Type domain.Monedero is not enhanced.

[2025-09-28 19:02:22 #7 type.registry] 
New type domain.Transaction

[2025-09-28 19:02:22 #8 type.registry] 
New type java.util.ArrayList<domain.Transaction>

[2025-09-28 19:02:22 #9 type] 
Type domain.Ride is not enhanced.

[2025-09-28 19:02:22 #10 type.registry] 
New type domain.Passenger

[2025-09-28 19:02:22 #11 type] 
Type domain.Transaction is not enhanced.

[2025-09-28 19:02:22 #12 type] 
Type domain.Passenger is not enhanced.

[2025-09-28 19:02:22 #13 type.registry] 
New type java.util.Vector<java.lang.Object>

[2025-09-28 19:02:22 #14 type.registry] 
New type java.util.ArrayList<java.lang.Object>

[2025-09-28 19:02:22 #15 type.registry] 
New type java.util.Vector<domain.Ride>

[2025-09-28 19:02:22 #16 type.registry] 
New type domain.Mail

[2025-09-28 19:02:22 #17 type] 
Type domain.Mail is not enhanced.

------------------------------------------------------------------------------------------------------------------------

[2025-09-28 19:02:32 #1 store] 
Database 'C:\Users\1153342\git\ridesFinal1\ridesFinal\Rides24\src\main\resources\rides.temp' has been recovered (tr. 1-8)

[2025-09-28 19:02:32 #2 store] 
Database 'C:\Users\1153342\git\ridesFinal1\ridesFinal\Rides24\src\main\resources\rides.temp' is opened by 22332@Anne

[2025-09-28 19:02:33 #3 type] 
Type domain.Driver is not enhanced.

[2025-09-28 19:02:33 #4 type] 
Type domain.Monedero is not enhanced.

[2025-09-28 19:02:33 #5 type] 
Type domain.Ride is not enhanced.

[2025-09-28 19:02:33 #6 type] 
Type domain.Transaction is not enhanced.

[2025-09-28 19:02:33 #7 type] 
Type domain.Passenger is not enhanced.

[2025-09-28 19:02:33 #8 type] 
Type domain.Mail is not enhanced.

[2025-09-28 19:02:33 #9 type.registry] 
New type domain.Reservation

[2025-09-28 19:02:33 #10 type] 
Type domain.Reservation is not enhanced.

[2025-09-28 19:02:33 #11 type.registry] 
New type java.util.Vector<domain.Passenger>

------------------------------------------------------------------------------------------------------------------------

[2025-09-28 19:04:33 #1 store] 
Database 'C:\Users\1153342\git\ridesFinal1\ridesFinal\Rides24\src\main\resources\rides.temp' is opened by 17980@Anne

[2025-09-28 19:04:33 #2 type] 
Type domain.Driver is not enhanced.

[2025-09-28 19:04:33 #3 type] 
Type domain.Monedero is not enhanced.

[2025-09-28 19:04:33 #4 type] 
Type domain.Ride is not enhanced.

[2025-09-28 19:04:33 #5 type] 
Type domain.Transaction is not enhanced.

[2025-09-28 19:04:33 #6 type] 
Type domain.Passenger is not enhanced.

[2025-09-28 19:04:33 #7 type] 
Type domain.Mail is not enhanced.

[2025-09-28 19:04:33 #8 type] 
Type domain.Reservation is not enhanced.

------------------------------------------------------------------------------------------------------------------------

[2025-09-28 19:06:48 #1 store] 
Database 'C:\Users\1153342\git\ridesFinal1\ridesFinal\Rides24\src\main\resources\rides.temp' has been recovered (tr. 31-50)

[2025-09-28 19:06:49 #2 store] 
Database 'C:\Users\1153342\git\ridesFinal1\ridesFinal\Rides24\src\main\resources\rides.temp' is opened by 5320@Anne

[2025-09-28 19:06:49 #3 type] 
Type domain.Driver is not enhanced.

[2025-09-28 19:06:49 #4 type] 
Type domain.Monedero is not enhanced.

[2025-09-28 19:06:49 #5 type] 
Type domain.Ride is not enhanced.

[2025-09-28 19:06:49 #6 type] 
Type domain.Transaction is not enhanced.

[2025-09-28 19:06:49 #7 type] 
Type domain.Passenger is not enhanced.

[2025-09-28 19:06:49 #8 type] 
Type domain.Mail is not enhanced.

[2025-09-28 19:06:49 #9 type] 
Type domain.Reservation is not enhanced.

------------------------------------------------------------------------------------------------------------------------

[2025-09-28 19:07:15 #1 store] 
Database 'C:\Users\1153342\git\ridesFinal1\ridesFinal\Rides24\src\main\resources\rides.temp' has been recovered (tr. 51-70)

[2025-09-28 19:07:15 #2 store] 
Database 'C:\Users\1153342\git\ridesFinal1\ridesFinal\Rides24\src\main\resources\rides.temp' is opened by 8680@Anne

[2025-09-28 19:07:15 #3 type] 
Type domain.Driver is not enhanced.

[2025-09-28 19:07:15 #4 type] 
Type domain.Monedero is not enhanced.

[2025-09-28 19:07:15 #5 type] 
Type domain.Ride is not enhanced.

[2025-09-28 19:07:15 #6 type] 
Type domain.Transaction is not enhanced.

[2025-09-28 19:07:15 #7 type] 
Type domain.Passenger is not enhanced.

[2025-09-28 19:07:15 #8 type] 
Type domain.Mail is not enhanced.

[2025-09-28 19:07:15 #9 type] 
Type domain.Reservation is not enhanced.

------------------------------------------------------------------------------------------------------------------------

[2025-09-28 19:08:53 #1 store] 
Database 'C:\Users\1153342\git\ridesFinal1\ridesFinal\Rides24\src\main\resources\rides.temp' has been recovered (tr. 71-90)

[2025-09-28 19:08:53 #2 store] 
Database 'C:\Users\1153342\git\ridesFinal1\ridesFinal\Rides24\src\main\resources\rides.temp' is opened by 25328@Anne

[2025-09-28 19:08:53 #3 type] 
Type domain.Driver is not enhanced.

[2025-09-28 19:08:53 #4 type] 
Type domain.Monedero is not enhanced.

[2025-09-28 19:08:53 #5 type] 
Type domain.Ride is not enhanced.

[2025-09-28 19:08:53 #6 type] 
Type domain.Transaction is not enhanced.

[2025-09-28 19:08:53 #7 type] 
Type domain.Passenger is not enhanced.

[2025-09-28 19:08:53 #8 type] 
Type domain.Mail is not enhanced.

[2025-09-28 19:08:53 #9 type] 
Type domain.Reservation is not enhanced.

------------------------------------------------------------------------------------------------------------------------

[2025-09-28 19:10:11 #1 store] 
Database 'C:\Users\1153342\git\ridesFinal1\ridesFinal\Rides24\src\main\resources\rides.temp' is opened by 452@Anne

[2025-09-28 19:10:11 #2 type] 
Type domain.Driver is not enhanced.

[2025-09-28 19:10:11 #3 type] 
Type domain.Monedero is not enhanced.

[2025-09-28 19:10:11 #4 type] 
Type domain.Ride is not enhanced.

[2025-09-28 19:10:11 #5 type] 
Type domain.Transaction is not enhanced.

[2025-09-28 19:10:11 #6 type] 
Type domain.Passenger is not enhanced.

[2025-09-28 19:10:11 #7 type] 
Type domain.Mail is not enhanced.

[2025-09-28 19:10:11 #8 type] 
Type domain.Reservation is not enhanced.

------------------------------------------------------------------------------------------------------------------------

[2025-09-28 19:11:15 #1 store] 
Database 'C:\Users\1153342\git\ridesFinal1\ridesFinal\Rides24\src\main\resources\rides.temp' is opened by 14904@Anne

[2025-09-28 19:11:18 #2 type.registry] 
New type domain.Driver

[2025-09-28 19:11:18 #3 type] 
Type domain.Driver is not enhanced.

[2025-09-28 19:11:18 #4 type.registry] 
New type domain.Monedero

[2025-09-28 19:11:18 #5 type.registry] 
New type domain.Ride

[2025-09-28 19:11:18 #6 type] 
Type domain.Monedero is not enhanced.

[2025-09-28 19:11:18 #7 type.registry] 
New type domain.Transaction

[2025-09-28 19:11:18 #8 type.registry] 
New type java.util.ArrayList<domain.Transaction>

[2025-09-28 19:11:18 #9 type] 
Type domain.Ride is not enhanced.

[2025-09-28 19:11:18 #10 type.registry] 
New type domain.Passenger

[2025-09-28 19:11:18 #11 type] 
Type domain.Transaction is not enhanced.

[2025-09-28 19:11:18 #12 type] 
Type domain.Passenger is not enhanced.

[2025-09-28 19:11:18 #13 type.registry] 
New type java.util.Vector<java.lang.Object>

[2025-09-28 19:11:18 #14 type.registry] 
New type java.util.ArrayList<java.lang.Object>

[2025-09-28 19:11:18 #15 type.registry] 
New type java.util.Vector<domain.Ride>

[2025-09-28 19:11:19 #16 type.registry] 
New type domain.Mail

[2025-09-28 19:11:19 #17 type] 
Type domain.Mail is not enhanced.

------------------------------------------------------------------------------------------------------------------------

[2025-09-28 19:11:26 #1 store] 
Database 'C:\Users\1153342\git\ridesFinal1\ridesFinal\Rides24\src\main\resources\rides.temp' has been recovered (tr. 1-8)

[2025-09-28 19:11:26 #2 store] 
Database 'C:\Users\1153342\git\ridesFinal1\ridesFinal\Rides24\src\main\resources\rides.temp' is opened by 5320@Anne

[2025-09-28 19:11:26 #3 type] 
Type domain.Driver is not enhanced.

[2025-09-28 19:11:26 #4 type] 
Type domain.Monedero is not enhanced.

[2025-09-28 19:11:26 #5 type] 
Type domain.Ride is not enhanced.

[2025-09-28 19:11:26 #6 type] 
Type domain.Transaction is not enhanced.

[2025-09-28 19:11:26 #7 type] 
Type domain.Passenger is not enhanced.

[2025-09-28 19:11:26 #8 type] 
Type domain.Mail is not enhanced.

[2025-09-28 19:11:26 #9 type.registry] 
New type domain.Reservation

[2025-09-28 19:11:26 #10 type] 
Type domain.Reservation is not enhanced.

[2025-09-28 19:11:26 #11 type.registry] 
New type java.util.Vector<domain.Passenger>

------------------------------------------------------------------------------------------------------------------------

[2025-09-28 19:13:37 #1 store] 
Database 'C:\Users\1153342\git\ridesFinal1\ridesFinal\Rides24\src\main\resources\rides.temp' is opened by 20460@Anne

[2025-09-28 19:13:37 #2 type] 
Type domain.Driver is not enhanced.

[2025-09-28 19:13:37 #3 type] 
Type domain.Monedero is not enhanced.

[2025-09-28 19:13:37 #4 type] 
Type domain.Ride is not enhanced.

[2025-09-28 19:13:37 #5 type] 
Type domain.Transaction is not enhanced.

[2025-09-28 19:13:37 #6 type] 
Type domain.Passenger is not enhanced.

[2025-09-28 19:13:37 #7 type] 
Type domain.Mail is not enhanced.

[2025-09-28 19:13:37 #8 type] 
Type domain.Reservation is not enhanced.

------------------------------------------------------------------------------------------------------------------------

[2025-09-28 19:17:54 #1 store] 
Database 'C:\Users\1153342\git\ridesFinal1\ridesFinal\Rides24\src\main\resources\rides.temp' is opened by 13000@Anne

[2025-09-28 19:17:54 #2 type] 
Type domain.Driver is not enhanced.

[2025-09-28 19:17:54 #3 type] 
Type domain.Monedero is not enhanced.

[2025-09-28 19:17:54 #4 type] 
Type domain.Ride is not enhanced.

[2025-09-28 19:17:54 #5 type] 
Type domain.Transaction is not enhanced.

[2025-09-28 19:17:54 #6 type] 
Type domain.Passenger is not enhanced.

[2025-09-28 19:17:54 #7 type] 
Type domain.Mail is not enhanced.

[2025-09-28 19:17:54 #8 type] 
Type domain.Reservation is not enhanced.

------------------------------------------------------------------------------------------------------------------------

[2025-09-28 19:18:13 #1 store] 
Database 'C:\Users\1153342\git\ridesFinal1\ridesFinal\Rides24\src\main\resources\rides.temp' is opened by 13892@Anne

[2025-09-28 19:18:13 #2 type] 
Type domain.Driver is not enhanced.

[2025-09-28 19:18:13 #3 type] 
Type domain.Monedero is not enhanced.

[2025-09-28 19:18:13 #4 type] 
Type domain.Ride is not enhanced.

[2025-09-28 19:18:13 #5 type] 
Type domain.Transaction is not enhanced.

[2025-09-28 19:18:13 #6 type] 
Type domain.Passenger is not enhanced.

[2025-09-28 19:18:13 #7 type] 
Type domain.Mail is not enhanced.

[2025-09-28 19:18:13 #8 type] 
Type domain.Reservation is not enhanced.

------------------------------------------------------------------------------------------------------------------------

[2025-09-28 19:18:50 #1 store] 
Database 'C:\Users\1153342\git\ridesFinal1\ridesFinal\Rides24\src\main\resources\rides.temp' is opened by 25348@Anne

[2025-09-28 19:18:50 #2 type] 
Type domain.Driver is not enhanced.

[2025-09-28 19:18:50 #3 type] 
Type domain.Monedero is not enhanced.

[2025-09-28 19:18:50 #4 type] 
Type domain.Ride is not enhanced.

[2025-09-28 19:18:50 #5 type] 
Type domain.Transaction is not enhanced.

[2025-09-28 19:18:50 #6 type] 
Type domain.Passenger is not enhanced.

[2025-09-28 19:18:50 #7 type] 
Type domain.Mail is not enhanced.

[2025-09-28 19:18:50 #8 type] 
Type domain.Reservation is not enhanced.

------------------------------------------------------------------------------------------------------------------------

[2025-09-28 19:19:08 #1 store] 
Database 'C:\Users\1153342\git\ridesFinal1\ridesFinal\Rides24\src\main\resources\rides.temp' has been recovered (tr. 43-43)

[2025-09-28 19:19:08 #2 store] 
Database 'C:\Users\1153342\git\ridesFinal1\ridesFinal\Rides24\src\main\resources\rides.temp' is opened by 30900@Anne

[2025-09-28 19:19:08 #3 type] 
Type domain.Driver is not enhanced.

[2025-09-28 19:19:08 #4 type] 
Type domain.Monedero is not enhanced.

[2025-09-28 19:19:08 #5 type] 
Type domain.Ride is not enhanced.

[2025-09-28 19:19:08 #6 type] 
Type domain.Transaction is not enhanced.

[2025-09-28 19:19:08 #7 type] 
Type domain.Passenger is not enhanced.

[2025-09-28 19:19:08 #8 type] 
Type domain.Mail is not enhanced.

[2025-09-28 19:19:08 #9 type] 
Type domain.Reservation is not enhanced.

------------------------------------------------------------------------------------------------------------------------

[2025-09-28 19:19:46 #1 store] 
Database 'C:\Users\1153342\git\ridesFinal1\ridesFinal\Rides24\src\main\resources\rides.temp' has been recovered (tr. 44-47)

[2025-09-28 19:19:46 #2 store] 
Database 'C:\Users\1153342\git\ridesFinal1\ridesFinal\Rides24\src\main\resources\rides.temp' is opened by 31240@Anne

[2025-09-28 19:19:46 #3 type] 
Type domain.Driver is not enhanced.

[2025-09-28 19:19:46 #4 type] 
Type domain.Monedero is not enhanced.

[2025-09-28 19:19:46 #5 type] 
Type domain.Ride is not enhanced.

[2025-09-28 19:19:46 #6 type] 
Type domain.Transaction is not enhanced.

[2025-09-28 19:19:46 #7 type] 
Type domain.Passenger is not enhanced.

[2025-09-28 19:19:46 #8 type] 
Type domain.Mail is not enhanced.

[2025-09-28 19:19:46 #9 type] 
Type domain.Reservation is not enhanced.

------------------------------------------------------------------------------------------------------------------------

[2025-09-28 19:19:59 #1 store] 
Database 'C:\Users\1153342\git\ridesFinal1\ridesFinal\Rides24\src\main\resources\rides.temp' has been recovered (tr. 48-49)

[2025-09-28 19:19:59 #2 store] 
Database 'C:\Users\1153342\git\ridesFinal1\ridesFinal\Rides24\src\main\resources\rides.temp' is opened by 23640@Anne

[2025-09-28 19:19:59 #3 type] 
Type domain.Driver is not enhanced.

[2025-09-28 19:19:59 #4 type] 
Type domain.Monedero is not enhanced.

[2025-09-28 19:19:59 #5 type] 
Type domain.Ride is not enhanced.

[2025-09-28 19:19:59 #6 type] 
Type domain.Transaction is not enhanced.

[2025-09-28 19:19:59 #7 type] 
Type domain.Passenger is not enhanced.

[2025-09-28 19:19:59 #8 type] 
Type domain.Mail is not enhanced.

[2025-09-28 19:19:59 #9 type] 
Type domain.Reservation is not enhanced.

------------------------------------------------------------------------------------------------------------------------

[2025-09-28 19:22:26 #1 store] 
Database 'C:\Users\1153342\git\ridesFinal1\ridesFinal\Rides24\src\main\resources\rides.temp' is opened by 19140@Anne

[2025-09-28 19:22:29 #2 type.registry] 
New type domain.Driver

[2025-09-28 19:22:29 #3 type] 
Type domain.Driver is not enhanced.

[2025-09-28 19:22:29 #4 type.registry] 
New type domain.Monedero

[2025-09-28 19:22:29 #5 type.registry] 
New type domain.Ride

[2025-09-28 19:22:29 #6 type] 
Type domain.Monedero is not enhanced.

[2025-09-28 19:22:29 #7 type.registry] 
New type domain.Transaction

[2025-09-28 19:22:29 #8 type.registry] 
New type java.util.ArrayList<domain.Transaction>

[2025-09-28 19:22:29 #9 type] 
Type domain.Ride is not enhanced.

[2025-09-28 19:22:29 #10 type.registry] 
New type domain.Passenger

[2025-09-28 19:22:29 #11 type] 
Type domain.Transaction is not enhanced.

[2025-09-28 19:22:29 #12 type] 
Type domain.Passenger is not enhanced.

[2025-09-28 19:22:29 #13 type.registry] 
New type java.util.Vector<java.lang.Object>

[2025-09-28 19:22:29 #14 type.registry] 
New type java.util.ArrayList<java.lang.Object>

[2025-09-28 19:22:29 #15 type.registry] 
New type java.util.Vector<domain.Ride>

[2025-09-28 19:22:29 #16 type.registry] 
New type domain.Mail

[2025-09-28 19:22:29 #17 type] 
Type domain.Mail is not enhanced.

------------------------------------------------------------------------------------------------------------------------

[2025-09-28 19:23:32 #1 store] 
Database 'C:\Users\1153342\git\ridesFinal1\ridesFinal\Rides24\src\main\resources\rides.temp' has been recovered (tr. 1-8)

[2025-09-28 19:23:32 #2 store] 
Database 'C:\Users\1153342\git\ridesFinal1\ridesFinal\Rides24\src\main\resources\rides.temp' is opened by 23488@Anne

[2025-09-28 19:23:32 #3 type] 
Type domain.Driver is not enhanced.

[2025-09-28 19:23:32 #4 type] 
Type domain.Monedero is not enhanced.

[2025-09-28 19:23:32 #5 type] 
Type domain.Ride is not enhanced.

[2025-09-28 19:23:32 #6 type] 
Type domain.Transaction is not enhanced.

[2025-09-28 19:23:32 #7 type] 
Type domain.Passenger is not enhanced.

[2025-09-28 19:23:32 #8 type] 
Type domain.Mail is not enhanced.

------------------------------------------------------------------------------------------------------------------------

[2025-09-28 19:24:51 #1 store] 
Database 'C:\Users\1153342\git\ridesFinal1\ridesFinal\Rides24\src\main\resources\rides.temp' is opened by 25868@Anne

[2025-09-28 19:24:54 #2 type.registry] 
New type domain.Driver

[2025-09-28 19:24:54 #3 type] 
Type domain.Driver is not enhanced.

[2025-09-28 19:24:54 #4 type.registry] 
New type domain.Monedero

[2025-09-28 19:24:54 #5 type.registry] 
New type domain.Ride

[2025-09-28 19:24:54 #6 type] 
Type domain.Monedero is not enhanced.

[2025-09-28 19:24:54 #7 type.registry] 
New type domain.Transaction

[2025-09-28 19:24:54 #8 type.registry] 
New type java.util.ArrayList<domain.Transaction>

[2025-09-28 19:24:54 #9 type] 
Type domain.Ride is not enhanced.

[2025-09-28 19:24:54 #10 type.registry] 
New type domain.Passenger

[2025-09-28 19:24:54 #11 type] 
Type domain.Transaction is not enhanced.

[2025-09-28 19:24:54 #12 type] 
Type domain.Passenger is not enhanced.

[2025-09-28 19:24:58 #13 type.registry] 
New type java.util.Vector<java.lang.Object>

[2025-09-28 19:24:58 #14 type.registry] 
New type java.util.ArrayList<java.lang.Object>

[2025-09-28 19:24:58 #15 type.registry] 
New type java.util.Vector<domain.Ride>

[2025-09-28 19:24:58 #16 type.registry] 
New type domain.Mail

[2025-09-28 19:24:58 #17 type] 
Type domain.Mail is not enhanced.

------------------------------------------------------------------------------------------------------------------------

[2025-09-28 19:27:44 #1 store] 
Database 'C:\Users\1153342\git\ridesFinal1\ridesFinal\Rides24\src\main\resources\rides.temp' has been recovered (tr. 1-8)

[2025-09-28 19:27:44 #2 store] 
Database 'C:\Users\1153342\git\ridesFinal1\ridesFinal\Rides24\src\main\resources\rides.temp' is opened by 30268@Anne

[2025-09-28 19:27:44 #3 type] 
Type domain.Driver is not enhanced.

[2025-09-28 19:27:44 #4 type] 
Type domain.Monedero is not enhanced.

[2025-09-28 19:27:44 #5 type] 
Type domain.Ride is not enhanced.

[2025-09-28 19:27:44 #6 type] 
Type domain.Transaction is not enhanced.

[2025-09-28 19:27:44 #7 type] 
Type domain.Passenger is not enhanced.

[2025-09-28 19:27:44 #8 type] 
Type domain.Mail is not enhanced.

------------------------------------------------------------------------------------------------------------------------

[2025-09-28 19:29:35 #1 store] 
Database 'C:\Users\1153342\git\ridesFinal1\ridesFinal\Rides24\src\main\resources\rides.temp' is opened by 18808@Anne

[2025-09-28 19:29:39 #2 type.registry] 
New type domain.Driver

[2025-09-28 19:29:39 #3 type] 
Type domain.Driver is not enhanced.

[2025-09-28 19:29:39 #4 type.registry] 
New type domain.Monedero

[2025-09-28 19:29:39 #5 type.registry] 
New type domain.Ride

[2025-09-28 19:29:39 #6 type] 
Type domain.Monedero is not enhanced.

[2025-09-28 19:29:39 #7 type.registry] 
New type domain.Transaction

[2025-09-28 19:29:39 #8 type.registry] 
New type java.util.ArrayList<domain.Transaction>

[2025-09-28 19:29:39 #9 type] 
Type domain.Ride is not enhanced.

[2025-09-28 19:29:39 #10 type.registry] 
New type domain.Passenger

[2025-09-28 19:29:39 #11 type] 
Type domain.Transaction is not enhanced.

[2025-09-28 19:29:39 #12 type] 
Type domain.Passenger is not enhanced.

[2025-09-28 19:29:40 #13 type.registry] 
New type java.util.Vector<java.lang.Object>

[2025-09-28 19:29:40 #14 type.registry] 
New type java.util.ArrayList<java.lang.Object>

[2025-09-28 19:29:40 #15 type.registry] 
New type java.util.Vector<domain.Ride>

[2025-09-28 19:29:40 #16 type.registry] 
New type domain.Mail

[2025-09-28 19:29:40 #17 type] 
Type domain.Mail is not enhanced.

------------------------------------------------------------------------------------------------------------------------

[2025-09-28 19:31:18 #1 store] 
Database 'C:\Users\1153342\git\ridesFinal1\ridesFinal\Rides24\src\main\resources\rides.temp' has been recovered (tr. 1-8)

[2025-09-28 19:31:18 #2 store] 
Database 'C:\Users\1153342\git\ridesFinal1\ridesFinal\Rides24\src\main\resources\rides.temp' is opened by 21560@Anne

[2025-09-28 19:31:18 #3 type] 
Type domain.Driver is not enhanced.

[2025-09-28 19:31:18 #4 type] 
Type domain.Monedero is not enhanced.

[2025-09-28 19:31:18 #5 type] 
Type domain.Ride is not enhanced.

[2025-09-28 19:31:18 #6 type] 
Type domain.Transaction is not enhanced.

[2025-09-28 19:31:18 #7 type] 
Type domain.Passenger is not enhanced.

[2025-09-28 19:31:18 #8 type] 
Type domain.Mail is not enhanced.

------------------------------------------------------------------------------------------------------------------------

[2025-09-28 19:31:58 #1 store] 
Database 'C:\Users\1153342\git\ridesFinal1\ridesFinal\Rides24\src\main\resources\rides.temp' is opened by 19504@Anne

[2025-09-28 19:31:58 #2 type] 
Type domain.Driver is not enhanced.

[2025-09-28 19:31:58 #3 type] 
Type domain.Monedero is not enhanced.

[2025-09-28 19:31:58 #4 type] 
Type domain.Ride is not enhanced.

[2025-09-28 19:31:58 #5 type] 
Type domain.Transaction is not enhanced.

[2025-09-28 19:31:58 #6 type] 
Type domain.Passenger is not enhanced.

[2025-09-28 19:31:58 #7 type] 
Type domain.Mail is not enhanced.

------------------------------------------------------------------------------------------------------------------------

[2025-09-28 19:32:20 #1 store] 
Database 'C:\Users\1153342\git\ridesFinal1\ridesFinal\Rides24\src\main\resources\rides.temp' is opened by 24744@Anne

[2025-09-28 19:32:20 #2 type] 
Type domain.Driver is not enhanced.

[2025-09-28 19:32:20 #3 type] 
Type domain.Monedero is not enhanced.

[2025-09-28 19:32:20 #4 type] 
Type domain.Ride is not enhanced.

[2025-09-28 19:32:20 #5 type] 
Type domain.Transaction is not enhanced.

[2025-09-28 19:32:20 #6 type] 
Type domain.Passenger is not enhanced.

[2025-09-28 19:32:20 #7 type] 
Type domain.Mail is not enhanced.

------------------------------------------------------------------------------------------------------------------------

[2025-09-28 19:35:05 #1 store] 
Database 'C:\Users\1153342\git\ridesFinal1\ridesFinal\Rides24\src\main\resources\rides.temp' is opened by 17784@Anne

------------------------------------------------------------------------------------------------------------------------

[2025-09-28 19:35:15 #1 store] 
Database 'C:\Users\1153342\git\ridesFinal1\ridesFinal\Rides24\src\main\resources\rides.temp' has been recovered (tr. 1-2)

[2025-09-28 19:35:15 #2 store] 
Database 'C:\Users\1153342\git\ridesFinal1\ridesFinal\Rides24\src\main\resources\rides.temp' is opened by 30832@Anne

[2025-09-28 19:35:20 #3 type.registry] 
New type domain.Driver

[2025-09-28 19:35:20 #4 type] 
Type domain.Driver is not enhanced.

[2025-09-28 19:35:20 #5 type.registry] 
New type domain.Monedero

[2025-09-28 19:35:20 #6 type.registry] 
New type domain.Ride

[2025-09-28 19:35:20 #7 type] 
Type domain.Monedero is not enhanced.

[2025-09-28 19:35:20 #8 type.registry] 
New type domain.Transaction

[2025-09-28 19:35:20 #9 type.registry] 
New type java.util.ArrayList<domain.Transaction>

[2025-09-28 19:35:20 #10 type] 
Type domain.Ride is not enhanced.

[2025-09-28 19:35:20 #11 type.registry] 
New type domain.Passenger

[2025-09-28 19:35:20 #12 type] 
Type domain.Transaction is not enhanced.

[2025-09-28 19:35:20 #13 type] 
Type domain.Passenger is not enhanced.

[2025-09-28 19:35:20 #14 type.registry] 
New type java.util.Vector<java.lang.Object>

[2025-09-28 19:35:20 #15 type.registry] 
New type java.util.ArrayList<java.lang.Object>

[2025-09-28 19:35:20 #16 type.registry] 
New type java.util.Vector<domain.Ride>

[2025-09-28 19:35:20 #17 type.registry] 
New type domain.Mail

[2025-09-28 19:35:20 #18 type] 
Type domain.Mail is not enhanced.

------------------------------------------------------------------------------------------------------------------------

[2025-09-28 19:35:28 #1 store] 
Database 'C:\Users\1153342\git\ridesFinal1\ridesFinal\Rides24\src\main\resources\rides.temp' has been recovered (tr. 3-8)

[2025-09-28 19:35:28 #2 store] 
Database 'C:\Users\1153342\git\ridesFinal1\ridesFinal\Rides24\src\main\resources\rides.temp' is opened by 9084@Anne

[2025-09-28 19:35:28 #3 type] 
Type domain.Driver is not enhanced.

[2025-09-28 19:35:28 #4 type] 
Type domain.Monedero is not enhanced.

[2025-09-28 19:35:28 #5 type] 
Type domain.Ride is not enhanced.

[2025-09-28 19:35:28 #6 type] 
Type domain.Transaction is not enhanced.

[2025-09-28 19:35:28 #7 type] 
Type domain.Passenger is not enhanced.

[2025-09-28 19:35:28 #8 type] 
Type domain.Mail is not enhanced.

[2025-09-28 19:35:28 #9 type.registry] 
New type domain.Reservation

[2025-09-28 19:35:28 #10 type] 
Type domain.Reservation is not enhanced.

[2025-09-28 19:35:28 #11 type.registry] 
New type java.util.Vector<domain.Passenger>

------------------------------------------------------------------------------------------------------------------------

[2025-09-28 19:36:24 #1 store] 
Database 'C:\Users\1153342\git\ridesFinal1\ridesFinal\Rides24\src\main\resources\rides.temp' has been recovered (tr. 9-23)

[2025-09-28 19:36:24 #2 store] 
Database 'C:\Users\1153342\git\ridesFinal1\ridesFinal\Rides24\src\main\resources\rides.temp' is opened by 15904@Anne

[2025-09-28 19:36:24 #3 type] 
Type domain.Driver is not enhanced.

[2025-09-28 19:36:24 #4 type] 
Type domain.Monedero is not enhanced.

[2025-09-28 19:36:24 #5 type] 
Type domain.Ride is not enhanced.

[2025-09-28 19:36:24 #6 type] 
Type domain.Transaction is not enhanced.

[2025-09-28 19:36:24 #7 type] 
Type domain.Passenger is not enhanced.

[2025-09-28 19:36:24 #8 type] 
Type domain.Mail is not enhanced.

[2025-09-28 19:36:24 #9 type] 
Type domain.Reservation is not enhanced.

------------------------------------------------------------------------------------------------------------------------

[2025-09-28 19:37:29 #1 store] 
Database 'C:\Users\1153342\git\ridesFinal1\ridesFinal\Rides24\src\main\resources\rides.temp' has been recovered (tr. 24-36)

[2025-09-28 19:37:29 #2 store] 
Database 'C:\Users\1153342\git\ridesFinal1\ridesFinal\Rides24\src\main\resources\rides.temp' is opened by 21388@Anne

[2025-09-28 19:37:29 #3 type] 
Type domain.Driver is not enhanced.

[2025-09-28 19:37:29 #4 type] 
Type domain.Monedero is not enhanced.

[2025-09-28 19:37:29 #5 type] 
Type domain.Ride is not enhanced.

[2025-09-28 19:37:29 #6 type] 
Type domain.Transaction is not enhanced.

[2025-09-28 19:37:29 #7 type] 
Type domain.Passenger is not enhanced.

[2025-09-28 19:37:29 #8 type] 
Type domain.Mail is not enhanced.

[2025-09-28 19:37:29 #9 type] 
Type domain.Reservation is not enhanced.

------------------------------------------------------------------------------------------------------------------------

[2025-09-28 19:40:18 #1 store] 
Database 'C:\Users\1153342\git\ridesFinal1\ridesFinal\Rides24\src\main\resources\rides.temp' has been recovered (tr. 37-49)

[2025-09-28 19:40:18 #2 store] 
Database 'C:\Users\1153342\git\ridesFinal1\ridesFinal\Rides24\src\main\resources\rides.temp' is opened by 12980@Anne

[2025-09-28 19:40:18 #3 type] 
Type domain.Driver is not enhanced.

[2025-09-28 19:40:18 #4 type] 
Type domain.Monedero is not enhanced.

[2025-09-28 19:40:18 #5 type] 
Type domain.Ride is not enhanced.

[2025-09-28 19:40:18 #6 type] 
Type domain.Transaction is not enhanced.

[2025-09-28 19:40:18 #7 type] 
Type domain.Passenger is not enhanced.

[2025-09-28 19:40:18 #8 type] 
Type domain.Mail is not enhanced.

[2025-09-28 19:40:18 #9 type] 
Type domain.Reservation is not enhanced.

------------------------------------------------------------------------------------------------------------------------

[2025-09-28 19:42:01 #1 store] 
Database 'C:\Users\1153342\git\ridesFinal1\ridesFinal\Rides24\src\main\resources\rides.temp' has been recovered (tr. 50-62)

[2025-09-28 19:42:01 #2 store] 
Database 'C:\Users\1153342\git\ridesFinal1\ridesFinal\Rides24\src\main\resources\rides.temp' is opened by 29852@Anne

[2025-09-28 19:42:02 #3 type] 
Type domain.Driver is not enhanced.

[2025-09-28 19:42:02 #4 type] 
Type domain.Monedero is not enhanced.

[2025-09-28 19:42:02 #5 type] 
Type domain.Ride is not enhanced.

[2025-09-28 19:42:02 #6 type] 
Type domain.Transaction is not enhanced.

[2025-09-28 19:42:02 #7 type] 
Type domain.Passenger is not enhanced.

[2025-09-28 19:42:02 #8 type] 
Type domain.Mail is not enhanced.

[2025-09-28 19:42:02 #9 type] 
Type domain.Reservation is not enhanced.

------------------------------------------------------------------------------------------------------------------------

[2025-09-28 19:42:45 #1 store] 
Database 'C:\Users\1153342\git\ridesFinal1\ridesFinal\Rides24\src\main\resources\rides.temp' has been recovered (tr. 63-75)

[2025-09-28 19:42:45 #2 store] 
Database 'C:\Users\1153342\git\ridesFinal1\ridesFinal\Rides24\src\main\resources\rides.temp' is opened by 27964@Anne

[2025-09-28 19:42:45 #3 type] 
Type domain.Driver is not enhanced.

[2025-09-28 19:42:45 #4 type] 
Type domain.Monedero is not enhanced.

[2025-09-28 19:42:45 #5 type] 
Type domain.Ride is not enhanced.

[2025-09-28 19:42:45 #6 type] 
Type domain.Transaction is not enhanced.

[2025-09-28 19:42:45 #7 type] 
Type domain.Passenger is not enhanced.

[2025-09-28 19:42:45 #8 type] 
Type domain.Mail is not enhanced.

[2025-09-28 19:42:45 #9 type] 
Type domain.Reservation is not enhanced.

------------------------------------------------------------------------------------------------------------------------

[2025-09-28 19:45:18 #1 store] 
Database 'C:\Users\1153342\git\ridesFinal1\ridesFinal\Rides24\src\main\resources\rides.temp' has been recovered (tr. 76-88)

[2025-09-28 19:45:18 #2 store] 
Database 'C:\Users\1153342\git\ridesFinal1\ridesFinal\Rides24\src\main\resources\rides.temp' is opened by 20908@Anne

[2025-09-28 19:45:18 #3 type] 
Type domain.Driver is not enhanced.

[2025-09-28 19:45:18 #4 type] 
Type domain.Monedero is not enhanced.

[2025-09-28 19:45:18 #5 type] 
Type domain.Ride is not enhanced.

[2025-09-28 19:45:18 #6 type] 
Type domain.Transaction is not enhanced.

[2025-09-28 19:45:18 #7 type] 
Type domain.Passenger is not enhanced.

[2025-09-28 19:45:18 #8 type] 
Type domain.Mail is not enhanced.

[2025-09-28 19:45:18 #9 type] 
Type domain.Reservation is not enhanced.

------------------------------------------------------------------------------------------------------------------------

[2025-09-28 19:49:58 #1 store] 
Database 'C:\Users\1153342\git\ridesFinal1\ridesFinal\Rides24\src\main\resources\rides.temp' has been recovered (tr. 89-95)

[2025-09-28 19:49:58 #2 store] 
Database 'C:\Users\1153342\git\ridesFinal1\ridesFinal\Rides24\src\main\resources\rides.temp' is opened by 31252@Anne

[2025-09-28 19:49:58 #3 type] 
Type domain.Driver is not enhanced.

[2025-09-28 19:49:58 #4 type] 
Type domain.Monedero is not enhanced.

[2025-09-28 19:49:58 #5 type] 
Type domain.Ride is not enhanced.

[2025-09-28 19:49:58 #6 type] 
Type domain.Transaction is not enhanced.

[2025-09-28 19:49:58 #7 type] 
Type domain.Passenger is not enhanced.

[2025-09-28 19:49:58 #8 type] 
Type domain.Mail is not enhanced.

[2025-09-28 19:49:58 #9 type] 
Type domain.Reservation is not enhanced.

------------------------------------------------------------------------------------------------------------------------

[2025-09-28 19:50:39 #1 store] 
Database 'C:\Users\1153342\git\ridesFinal1\ridesFinal\Rides24\src\main\resources\rides.temp' has been recovered (tr. 96-102)

[2025-09-28 19:50:39 #2 store] 
Database 'C:\Users\1153342\git\ridesFinal1\ridesFinal\Rides24\src\main\resources\rides.temp' is opened by 13332@Anne

[2025-09-28 19:50:40 #3 type] 
Type domain.Driver is not enhanced.

[2025-09-28 19:50:40 #4 type] 
Type domain.Monedero is not enhanced.

[2025-09-28 19:50:40 #5 type] 
Type domain.Ride is not enhanced.

[2025-09-28 19:50:40 #6 type] 
Type domain.Transaction is not enhanced.

[2025-09-28 19:50:40 #7 type] 
Type domain.Passenger is not enhanced.

[2025-09-28 19:50:40 #8 type] 
Type domain.Mail is not enhanced.

[2025-09-28 19:50:40 #9 type] 
Type domain.Reservation is not enhanced.

------------------------------------------------------------------------------------------------------------------------

[2025-09-28 19:51:46 #1 store] 
Database 'C:\Users\1153342\git\ridesFinal1\ridesFinal\Rides24\src\main\resources\rides.temp' is opened by 27164@Anne

[2025-09-28 19:51:46 #2 type] 
Type domain.Driver is not enhanced.

[2025-09-28 19:51:46 #3 type] 
Type domain.Monedero is not enhanced.

[2025-09-28 19:51:46 #4 type] 
Type domain.Ride is not enhanced.

[2025-09-28 19:51:46 #5 type] 
Type domain.Transaction is not enhanced.

[2025-09-28 19:51:46 #6 type] 
Type domain.Passenger is not enhanced.

[2025-09-28 19:51:46 #7 type] 
Type domain.Mail is not enhanced.

[2025-09-28 19:51:46 #8 type] 
Type domain.Reservation is not enhanced.

------------------------------------------------------------------------------------------------------------------------

[2025-09-28 19:52:31 #1 store] 
Database 'C:\Users\1153342\git\ridesFinal1\ridesFinal\Rides24\src\main\resources\rides.temp' has been recovered (tr. 110-116)

[2025-09-28 19:52:31 #2 store] 
Database 'C:\Users\1153342\git\ridesFinal1\ridesFinal\Rides24\src\main\resources\rides.temp' is opened by 16004@Anne

[2025-09-28 19:52:31 #3 type] 
Type domain.Driver is not enhanced.

[2025-09-28 19:52:31 #4 type] 
Type domain.Monedero is not enhanced.

[2025-09-28 19:52:31 #5 type] 
Type domain.Ride is not enhanced.

[2025-09-28 19:52:31 #6 type] 
Type domain.Transaction is not enhanced.

[2025-09-28 19:52:31 #7 type] 
Type domain.Passenger is not enhanced.

[2025-09-28 19:52:31 #8 type] 
Type domain.Mail is not enhanced.

[2025-09-28 19:52:31 #9 type] 
Type domain.Reservation is not enhanced.

------------------------------------------------------------------------------------------------------------------------

[2025-09-28 19:53:32 #1 store] 
Database 'C:\Users\1153342\git\ridesFinal1\ridesFinal\Rides24\src\main\resources\rides.temp' has been recovered (tr. 117-123)

[2025-09-28 19:53:32 #2 store] 
Database 'C:\Users\1153342\git\ridesFinal1\ridesFinal\Rides24\src\main\resources\rides.temp' is opened by 31664@Anne

[2025-09-28 19:53:32 #3 type] 
Type domain.Driver is not enhanced.

[2025-09-28 19:53:32 #4 type] 
Type domain.Monedero is not enhanced.

[2025-09-28 19:53:32 #5 type] 
Type domain.Ride is not enhanced.

[2025-09-28 19:53:32 #6 type] 
Type domain.Transaction is not enhanced.

[2025-09-28 19:53:32 #7 type] 
Type domain.Passenger is not enhanced.

[2025-09-28 19:53:32 #8 type] 
Type domain.Mail is not enhanced.

[2025-09-28 19:53:32 #9 type] 
Type domain.Reservation is not enhanced.

------------------------------------------------------------------------------------------------------------------------

[2025-09-28 19:55:05 #1 store] 
Database 'C:\Users\1153342\git\ridesFinal1\ridesFinal\Rides24\src\main\resources\rides.temp' has been recovered (tr. 124-130)

[2025-09-28 19:55:05 #2 store] 
Database 'C:\Users\1153342\git\ridesFinal1\ridesFinal\Rides24\src\main\resources\rides.temp' is opened by 29936@Anne

[2025-09-28 19:55:05 #3 type] 
Type domain.Driver is not enhanced.

[2025-09-28 19:55:05 #4 type] 
Type domain.Monedero is not enhanced.

[2025-09-28 19:55:05 #5 type] 
Type domain.Ride is not enhanced.

[2025-09-28 19:55:05 #6 type] 
Type domain.Transaction is not enhanced.

[2025-09-28 19:55:05 #7 type] 
Type domain.Passenger is not enhanced.

[2025-09-28 19:55:05 #8 type] 
Type domain.Mail is not enhanced.

[2025-09-28 19:55:05 #9 type] 
Type domain.Reservation is not enhanced.

------------------------------------------------------------------------------------------------------------------------

[2025-09-28 19:56:52 #1 store] 
Database 'C:\Users\1153342\git\ridesFinal1\ridesFinal\Rides24\src\main\resources\rides.temp' has been recovered (tr. 131-137)

[2025-09-28 19:56:52 #2 store] 
Database 'C:\Users\1153342\git\ridesFinal1\ridesFinal\Rides24\src\main\resources\rides.temp' is opened by 14500@Anne

[2025-09-28 19:56:52 #3 type] 
Type domain.Driver is not enhanced.

[2025-09-28 19:56:52 #4 type] 
Type domain.Monedero is not enhanced.

[2025-09-28 19:56:52 #5 type] 
Type domain.Ride is not enhanced.

[2025-09-28 19:56:52 #6 type] 
Type domain.Transaction is not enhanced.

[2025-09-28 19:56:52 #7 type] 
Type domain.Passenger is not enhanced.

[2025-09-28 19:56:52 #8 type] 
Type domain.Mail is not enhanced.

[2025-09-28 19:56:52 #9 type] 
Type domain.Reservation is not enhanced.

------------------------------------------------------------------------------------------------------------------------

[2025-09-28 19:58:45 #1 store] 
Database 'C:\Users\1153342\git\ridesFinal1\ridesFinal\Rides24\src\main\resources\rides.temp' has been recovered (tr. 138-144)

[2025-09-28 19:58:45 #2 store] 
Database 'C:\Users\1153342\git\ridesFinal1\ridesFinal\Rides24\src\main\resources\rides.temp' is opened by 30452@Anne

[2025-09-28 19:58:45 #3 type] 
Type domain.Driver is not enhanced.

[2025-09-28 19:58:45 #4 type] 
Type domain.Monedero is not enhanced.

[2025-09-28 19:58:45 #5 type] 
Type domain.Ride is not enhanced.

[2025-09-28 19:58:45 #6 type] 
Type domain.Transaction is not enhanced.

[2025-09-28 19:58:45 #7 type] 
Type domain.Passenger is not enhanced.

[2025-09-28 19:58:45 #8 type] 
Type domain.Mail is not enhanced.

[2025-09-28 19:58:45 #9 type] 
Type domain.Reservation is not enhanced.

------------------------------------------------------------------------------------------------------------------------

[2025-09-28 20:01:54 #1 store] 
Database 'C:\Users\1153342\git\ridesFinal1\ridesFinal\Rides24\src\main\resources\rides.temp' has been recovered (tr. 145-151)

[2025-09-28 20:01:55 #2 store] 
Database 'C:\Users\1153342\git\ridesFinal1\ridesFinal\Rides24\src\main\resources\rides.temp' is opened by 11312@Anne

[2025-09-28 20:01:55 #3 type] 
Type domain.Driver is not enhanced.

[2025-09-28 20:01:55 #4 type] 
Type domain.Monedero is not enhanced.

[2025-09-28 20:01:55 #5 type] 
Type domain.Ride is not enhanced.

[2025-09-28 20:01:55 #6 type] 
Type domain.Transaction is not enhanced.

[2025-09-28 20:01:55 #7 type] 
Type domain.Passenger is not enhanced.

[2025-09-28 20:01:55 #8 type] 
Type domain.Mail is not enhanced.

[2025-09-28 20:01:55 #9 type] 
Type domain.Reservation is not enhanced.

------------------------------------------------------------------------------------------------------------------------

[2025-09-28 20:03:35 #1 store] 
Database 'C:\Users\1153342\git\ridesFinal1\ridesFinal\Rides24\src\main\resources\rides.temp' has been recovered (tr. 152-171)

[2025-09-28 20:03:35 #2 store] 
Database 'C:\Users\1153342\git\ridesFinal1\ridesFinal\Rides24\src\main\resources\rides.temp' is opened by 2152@Anne

[2025-09-28 20:03:36 #3 type] 
Type domain.Driver is not enhanced.

[2025-09-28 20:03:36 #4 type] 
Type domain.Monedero is not enhanced.

[2025-09-28 20:03:36 #5 type] 
Type domain.Ride is not enhanced.

[2025-09-28 20:03:36 #6 type] 
Type domain.Transaction is not enhanced.

[2025-09-28 20:03:36 #7 type] 
Type domain.Passenger is not enhanced.

[2025-09-28 20:03:36 #8 type] 
Type domain.Mail is not enhanced.

[2025-09-28 20:03:36 #9 type] 
Type domain.Reservation is not enhanced.

------------------------------------------------------------------------------------------------------------------------

[2025-09-28 20:04:37 #1 store] 
Database 'C:\Users\1153342\git\ridesFinal1\ridesFinal\Rides24\src\main\resources\rides.temp' has been recovered (tr. 172-191)

[2025-09-28 20:04:37 #2 store] 
Database 'C:\Users\1153342\git\ridesFinal1\ridesFinal\Rides24\src\main\resources\rides.temp' is opened by 4344@Anne

[2025-09-28 20:04:37 #3 type] 
Type domain.Driver is not enhanced.

[2025-09-28 20:04:37 #4 type] 
Type domain.Monedero is not enhanced.

[2025-09-28 20:04:37 #5 type] 
Type domain.Ride is not enhanced.

[2025-09-28 20:04:37 #6 type] 
Type domain.Transaction is not enhanced.

[2025-09-28 20:04:37 #7 type] 
Type domain.Passenger is not enhanced.

[2025-09-28 20:04:37 #8 type] 
Type domain.Mail is not enhanced.

[2025-09-28 20:04:37 #9 type] 
Type domain.Reservation is not enhanced.

------------------------------------------------------------------------------------------------------------------------

[2025-09-28 20:08:25 #1 store] 
Database 'C:\Users\1153342\git\ridesFinal1\ridesFinal\Rides24\src\main\resources\rides.temp' has been recovered (tr. 192-211)

[2025-09-28 20:08:25 #2 store] 
Database 'C:\Users\1153342\git\ridesFinal1\ridesFinal\Rides24\src\main\resources\rides.temp' is opened by 29536@Anne

[2025-09-28 20:08:25 #3 type] 
Type domain.Driver is not enhanced.

[2025-09-28 20:08:25 #4 type] 
Type domain.Monedero is not enhanced.

[2025-09-28 20:08:25 #5 type] 
Type domain.Ride is not enhanced.

[2025-09-28 20:08:25 #6 type] 
Type domain.Transaction is not enhanced.

[2025-09-28 20:08:25 #7 type] 
Type domain.Passenger is not enhanced.

[2025-09-28 20:08:25 #8 type] 
Type domain.Mail is not enhanced.

[2025-09-28 20:08:25 #9 type] 
Type domain.Reservation is not enhanced.

------------------------------------------------------------------------------------------------------------------------

[2025-09-28 20:10:25 #1 store] 
Database 'C:\Users\1153342\git\ridesFinal1\ridesFinal\Rides24\src\main\resources\rides.temp' has been recovered (tr. 212-231)

[2025-09-28 20:10:25 #2 store] 
Database 'C:\Users\1153342\git\ridesFinal1\ridesFinal\Rides24\src\main\resources\rides.temp' is opened by 16896@Anne

[2025-09-28 20:10:25 #3 type] 
Type domain.Driver is not enhanced.

[2025-09-28 20:10:25 #4 type] 
Type domain.Monedero is not enhanced.

[2025-09-28 20:10:25 #5 type] 
Type domain.Ride is not enhanced.

[2025-09-28 20:10:25 #6 type] 
Type domain.Transaction is not enhanced.

[2025-09-28 20:10:25 #7 type] 
Type domain.Passenger is not enhanced.

[2025-09-28 20:10:25 #8 type] 
Type domain.Mail is not enhanced.

[2025-09-28 20:10:25 #9 type] 
Type domain.Reservation is not enhanced.

------------------------------------------------------------------------------------------------------------------------

[2025-09-28 20:11:22 #1 store] 
Database 'C:\Users\1153342\git\ridesFinal1\ridesFinal\Rides24\src\main\resources\rides.temp' has been recovered (tr. 232-251)

[2025-09-28 20:11:22 #2 store] 
Database 'C:\Users\1153342\git\ridesFinal1\ridesFinal\Rides24\src\main\resources\rides.temp' is opened by 21196@Anne

[2025-09-28 20:11:22 #3 type] 
Type domain.Driver is not enhanced.

[2025-09-28 20:11:22 #4 type] 
Type domain.Monedero is not enhanced.

[2025-09-28 20:11:22 #5 type] 
Type domain.Ride is not enhanced.

[2025-09-28 20:11:22 #6 type] 
Type domain.Transaction is not enhanced.

[2025-09-28 20:11:22 #7 type] 
Type domain.Passenger is not enhanced.

[2025-09-28 20:11:22 #8 type] 
Type domain.Mail is not enhanced.

[2025-09-28 20:11:22 #9 type] 
Type domain.Reservation is not enhanced.

------------------------------------------------------------------------------------------------------------------------

[2025-09-28 20:15:58 #1 store] 
Database 'C:\Users\1153342\git\ridesFinal1\ridesFinal\Rides24\src\main\resources\rides.temp' is opened by 28168@Anne

[2025-09-28 20:16:02 #2 type.registry] 
New type domain.Driver

[2025-09-28 20:16:02 #3 type] 
Type domain.Driver is not enhanced.

[2025-09-28 20:16:02 #4 type.registry] 
New type domain.Monedero

[2025-09-28 20:16:02 #5 type.registry] 
New type domain.Ride

[2025-09-28 20:16:02 #6 type] 
Type domain.Monedero is not enhanced.

[2025-09-28 20:16:02 #7 type.registry] 
New type domain.Transaction

[2025-09-28 20:16:02 #8 type.registry] 
New type java.util.ArrayList<domain.Transaction>

[2025-09-28 20:16:02 #9 type] 
Type domain.Ride is not enhanced.

[2025-09-28 20:16:02 #10 type.registry] 
New type domain.Passenger

[2025-09-28 20:16:02 #11 type] 
Type domain.Transaction is not enhanced.

[2025-09-28 20:16:02 #12 type] 
Type domain.Passenger is not enhanced.

[2025-09-28 20:16:02 #13 type.registry] 
New type java.util.Vector<java.lang.Object>

[2025-09-28 20:16:02 #14 type.registry] 
New type java.util.ArrayList<java.lang.Object>

[2025-09-28 20:16:02 #15 type.registry] 
New type java.util.Vector<domain.Ride>

[2025-09-28 20:16:02 #16 type.registry] 
New type domain.Mail

[2025-09-28 20:16:02 #17 type] 
Type domain.Mail is not enhanced.

------------------------------------------------------------------------------------------------------------------------

[2025-09-28 20:16:09 #1 store] 
Database 'C:\Users\1153342\git\ridesFinal1\ridesFinal\Rides24\src\main\resources\rides.temp' has been recovered (tr. 1-8)

[2025-09-28 20:16:09 #2 store] 
Database 'C:\Users\1153342\git\ridesFinal1\ridesFinal\Rides24\src\main\resources\rides.temp' is opened by 26696@Anne

[2025-09-28 20:16:09 #3 type] 
Type domain.Driver is not enhanced.

[2025-09-28 20:16:09 #4 type] 
Type domain.Monedero is not enhanced.

[2025-09-28 20:16:09 #5 type] 
Type domain.Ride is not enhanced.

[2025-09-28 20:16:09 #6 type] 
Type domain.Transaction is not enhanced.

[2025-09-28 20:16:09 #7 type] 
Type domain.Passenger is not enhanced.

[2025-09-28 20:16:09 #8 type] 
Type domain.Mail is not enhanced.

[2025-09-28 20:16:09 #9 type.registry] 
New type domain.Reservation

[2025-09-28 20:16:09 #10 type] 
Type domain.Reservation is not enhanced.

[2025-09-28 20:16:09 #11 type.registry] 
New type java.util.Vector<domain.Passenger>

------------------------------------------------------------------------------------------------------------------------

[2025-09-28 20:16:44 #1 store] 
Database 'C:\Users\1153342\git\ridesFinal1\ridesFinal\Rides24\src\main\resources\rides.temp' has been recovered (tr. 9-30)

[2025-09-28 20:16:45 #2 store] 
Database 'C:\Users\1153342\git\ridesFinal1\ridesFinal\Rides24\src\main\resources\rides.temp' is opened by 5220@Anne

[2025-09-28 20:16:45 #3 type] 
Type domain.Driver is not enhanced.

[2025-09-28 20:16:45 #4 type] 
Type domain.Monedero is not enhanced.

[2025-09-28 20:16:45 #5 type] 
Type domain.Ride is not enhanced.

[2025-09-28 20:16:45 #6 type] 
Type domain.Transaction is not enhanced.

[2025-09-28 20:16:45 #7 type] 
Type domain.Passenger is not enhanced.

[2025-09-28 20:16:45 #8 type] 
Type domain.Mail is not enhanced.

[2025-09-28 20:16:45 #9 type] 
Type domain.Reservation is not enhanced.

------------------------------------------------------------------------------------------------------------------------

[2025-09-28 20:16:57 #1 store] 
Database 'C:\Users\1153342\git\ridesFinal1\ridesFinal\Rides24\src\main\resources\rides.temp' has been recovered (tr. 31-50)

[2025-09-28 20:16:57 #2 store] 
Database 'C:\Users\1153342\git\ridesFinal1\ridesFinal\Rides24\src\main\resources\rides.temp' is opened by 28460@Anne

[2025-09-28 20:16:57 #3 type] 
Type domain.Driver is not enhanced.

[2025-09-28 20:16:57 #4 type] 
Type domain.Monedero is not enhanced.

[2025-09-28 20:16:57 #5 type] 
Type domain.Ride is not enhanced.

[2025-09-28 20:16:57 #6 type] 
Type domain.Transaction is not enhanced.

[2025-09-28 20:16:57 #7 type] 
Type domain.Passenger is not enhanced.

[2025-09-28 20:16:57 #8 type] 
Type domain.Mail is not enhanced.

[2025-09-28 20:16:57 #9 type] 
Type domain.Reservation is not enhanced.

