------------------------------------------------------------------------------------------------------------------------

[2025-10-14 10:46:52 #1 store] 
Database 'C:\Users\mikel\git\ridesFinal7\src\main\resources\rides.temp' has been recovered (tr. 792-860)

[2025-10-14 10:46:52 #2 store] 
Database 'C:\Users\mikel\git\ridesFinal7\src\main\resources\rides.temp' is opened by 59408@ASUS-VivoBook

[2025-10-14 10:46:52 #3 type] 
Type domain.Driver is not enhanced.

[2025-10-14 10:46:52 #4 type] 
Type domain.Monedero is not enhanced.

[2025-10-14 10:46:52 #5 type] 
Type domain.Ride is not enhanced.

[2025-10-14 10:46:52 #6 type] 
Type domain.Transaction is not enhanced.

[2025-10-14 10:46:52 #7 type] 
Type domain.Passenger is not enhanced.

[2025-10-14 10:46:52 #8 type] 
Type domain.Mail is not enhanced.

[2025-10-14 10:46:52 #9 type] 
Type domain.Reservation is not enhanced.

------------------------------------------------------------------------------------------------------------------------

[2025-10-14 10:52:57 #1 store] 
Database 'C:\Users\mikel\git\ridesFinal7\src\main\resources\rides.temp' has been recovered (tr. 861-890)

[2025-10-14 10:52:57 #2 store] 
Database 'C:\Users\mikel\git\ridesFinal7\src\main\resources\rides.temp' is opened by 57572@ASUS-VivoBook

[2025-10-14 10:52:58 #3 type] 
Type domain.Driver is not enhanced.

[2025-10-14 10:52:58 #4 type] 
Type domain.Monedero is not enhanced.

[2025-10-14 10:52:58 #5 type] 
Type domain.Ride is not enhanced.

[2025-10-14 10:52:58 #6 type] 
Type domain.Transaction is not enhanced.

[2025-10-14 10:52:58 #7 type] 
Type domain.Passenger is not enhanced.

[2025-10-14 10:52:58 #8 type] 
Type domain.Mail is not enhanced.

[2025-10-14 10:52:58 #9 type] 
Type domain.Reservation is not enhanced.

