------------------------------------------------------------------------------------------------------------------------

[2025-11-12 15:55:02 #1 store] 
Database 'C:\Users\mikel\git\ridesFinal7\src\main\resources\rides.temp' is opened by 15928@ASUS-VivoBook

[2025-11-12 15:55:02 #2 type] 
Type domain.Driver is not enhanced.

[2025-11-12 15:55:03 #3 type] 
Type domain.Monedero is not enhanced.

[2025-11-12 15:55:03 #4 type] 
Type domain.Ride is not enhanced.

[2025-11-12 15:55:03 #5 type] 
Type domain.Transaction is not enhanced.

[2025-11-12 15:55:03 #6 type] 
Type domain.Passenger is not enhanced.

[2025-11-12 15:55:03 #7 type] 
Type domain.Mail is not enhanced.

[2025-11-12 15:55:03 #8 type] 
Type domain.Reservation is not enhanced.

------------------------------------------------------------------------------------------------------------------------

[2025-11-12 15:57:32 #1 store] 
Database 'C:\Users\mikel\git\ridesFinal7\src\main\resources\rides.temp' has been recovered (tr. 914-915)

[2025-11-12 15:57:32 #2 store] 
Database 'C:\Users\mikel\git\ridesFinal7\src\main\resources\rides.temp' is opened by 35892@ASUS-VivoBook

[2025-11-12 15:57:32 #3 type] 
Type domain.Driver is not enhanced.

[2025-11-12 15:57:32 #4 type] 
Type domain.Monedero is not enhanced.

[2025-11-12 15:57:32 #5 type] 
Type domain.Ride is not enhanced.

[2025-11-12 15:57:32 #6 type] 
Type domain.Transaction is not enhanced.

[2025-11-12 15:57:32 #7 type] 
Type domain.Passenger is not enhanced.

[2025-11-12 15:57:32 #8 type] 
Type domain.Mail is not enhanced.

[2025-11-12 15:57:32 #9 type] 
Type domain.Reservation is not enhanced.

------------------------------------------------------------------------------------------------------------------------

[2025-11-12 16:01:16 #1 store] 
Database 'C:\Users\mikel\git\ridesFinal7\src\main\resources\rides.temp' is opened by 7952@ASUS-VivoBook

[2025-11-12 16:01:16 #2 type] 
Type domain.Driver is not enhanced.

[2025-11-12 16:01:16 #3 type] 
Type domain.Monedero is not enhanced.

[2025-11-12 16:01:16 #4 type] 
Type domain.Ride is not enhanced.

[2025-11-12 16:01:16 #5 type] 
Type domain.Transaction is not enhanced.

[2025-11-12 16:01:16 #6 type] 
Type domain.Passenger is not enhanced.

[2025-11-12 16:01:16 #7 type] 
Type domain.Mail is not enhanced.

[2025-11-12 16:01:16 #8 type] 
Type domain.Reservation is not enhanced.

------------------------------------------------------------------------------------------------------------------------

[2025-11-12 16:08:11 #1 store] 
Database 'C:\Users\mikel\git\ridesFinal7\src\main\resources\rides.temp' is opened by 22356@ASUS-VivoBook

[2025-11-12 16:08:11 #2 type] 
Type domain.Driver is not enhanced.

[2025-11-12 16:08:11 #3 type] 
Type domain.Monedero is not enhanced.

[2025-11-12 16:08:11 #4 type] 
Type domain.Ride is not enhanced.

[2025-11-12 16:08:11 #5 type] 
Type domain.Transaction is not enhanced.

[2025-11-12 16:08:11 #6 type] 
Type domain.Passenger is not enhanced.

[2025-11-12 16:08:11 #7 type] 
Type domain.Mail is not enhanced.

[2025-11-12 16:08:11 #8 type] 
Type domain.Reservation is not enhanced.

------------------------------------------------------------------------------------------------------------------------

[2025-11-12 16:09:27 #1 store] 
Database 'C:\Users\mikel\git\ridesFinal7\src\main\resources\rides.temp' is opened by 28700@ASUS-VivoBook

[2025-11-12 16:09:27 #2 type] 
Type domain.Driver is not enhanced.

[2025-11-12 16:09:27 #3 type] 
Type domain.Monedero is not enhanced.

[2025-11-12 16:09:27 #4 type] 
Type domain.Ride is not enhanced.

[2025-11-12 16:09:27 #5 type] 
Type domain.Transaction is not enhanced.

[2025-11-12 16:09:27 #6 type] 
Type domain.Passenger is not enhanced.

[2025-11-12 16:09:27 #7 type] 
Type domain.Mail is not enhanced.

[2025-11-12 16:09:27 #8 type] 
Type domain.Reservation is not enhanced.

------------------------------------------------------------------------------------------------------------------------

[2025-11-12 16:10:18 #1 store] 
Database 'C:\Users\mikel\git\ridesFinal7\src\main\resources\rides.temp' is opened by 34464@ASUS-VivoBook

[2025-11-12 16:10:18 #2 type] 
Type domain.Driver is not enhanced.

[2025-11-12 16:10:18 #3 type] 
Type domain.Monedero is not enhanced.

[2025-11-12 16:10:18 #4 type] 
Type domain.Ride is not enhanced.

[2025-11-12 16:10:18 #5 type] 
Type domain.Transaction is not enhanced.

[2025-11-12 16:10:18 #6 type] 
Type domain.Passenger is not enhanced.

[2025-11-12 16:10:18 #7 type] 
Type domain.Mail is not enhanced.

[2025-11-12 16:10:18 #8 type] 
Type domain.Reservation is not enhanced.

------------------------------------------------------------------------------------------------------------------------

[2025-11-12 16:10:34 #1 store] 
Database 'C:\Users\mikel\git\ridesFinal7\src\main\resources\rides.temp' is opened by 29872@ASUS-VivoBook

[2025-11-12 16:10:34 #2 type] 
Type domain.Driver is not enhanced.

[2025-11-12 16:10:34 #3 type] 
Type domain.Monedero is not enhanced.

[2025-11-12 16:10:34 #4 type] 
Type domain.Ride is not enhanced.

[2025-11-12 16:10:34 #5 type] 
Type domain.Transaction is not enhanced.

[2025-11-12 16:10:34 #6 type] 
Type domain.Passenger is not enhanced.

[2025-11-12 16:10:34 #7 type] 
Type domain.Mail is not enhanced.

[2025-11-12 16:10:34 #8 type] 
Type domain.Reservation is not enhanced.

------------------------------------------------------------------------------------------------------------------------

[2025-11-12 16:11:38 #1 store] 
Database 'C:\Users\mikel\git\ridesFinal7\src\main\resources\rides.temp' is opened by 34532@ASUS-VivoBook

[2025-11-12 16:11:38 #2 type] 
Type domain.Driver is not enhanced.

[2025-11-12 16:11:38 #3 type] 
Type domain.Monedero is not enhanced.

[2025-11-12 16:11:38 #4 type] 
Type domain.Ride is not enhanced.

[2025-11-12 16:11:38 #5 type] 
Type domain.Transaction is not enhanced.

[2025-11-12 16:11:38 #6 type] 
Type domain.Passenger is not enhanced.

[2025-11-12 16:11:38 #7 type] 
Type domain.Mail is not enhanced.

[2025-11-12 16:11:38 #8 type] 
Type domain.Reservation is not enhanced.

------------------------------------------------------------------------------------------------------------------------

[2025-11-12 16:16:45 #1 store] 
Database 'C:\Users\mikel\git\ridesFinal7\src\main\resources\rides.temp' is opened by 11744@ASUS-VivoBook

[2025-11-12 16:16:45 #2 type] 
Type domain.Driver is not enhanced.

[2025-11-12 16:16:45 #3 type] 
Type domain.Monedero is not enhanced.

[2025-11-12 16:16:45 #4 type] 
Type domain.Ride is not enhanced.

[2025-11-12 16:16:45 #5 type] 
Type domain.Transaction is not enhanced.

[2025-11-12 16:16:45 #6 type] 
Type domain.Passenger is not enhanced.

[2025-11-12 16:16:45 #7 type] 
Type domain.Mail is not enhanced.

[2025-11-12 16:16:45 #8 type] 
Type domain.Reservation is not enhanced.

------------------------------------------------------------------------------------------------------------------------

[2025-11-12 16:26:20 #1 store] 
Database 'C:\Users\mikel\git\ridesFinal7\src\main\resources\rides.temp' is opened by 6496@ASUS-VivoBook

[2025-11-12 16:26:20 #2 type] 
Type domain.Driver is not enhanced.

[2025-11-12 16:26:20 #3 type] 
Type domain.Monedero is not enhanced.

[2025-11-12 16:26:20 #4 type] 
Type domain.Ride is not enhanced.

[2025-11-12 16:26:20 #5 type] 
Type domain.Transaction is not enhanced.

[2025-11-12 16:26:20 #6 type] 
Type domain.Passenger is not enhanced.

[2025-11-12 16:26:20 #7 type] 
Type domain.Mail is not enhanced.

[2025-11-12 16:26:20 #8 type] 
Type domain.Reservation is not enhanced.

------------------------------------------------------------------------------------------------------------------------

[2025-11-12 16:28:55 #1 store] 
Database 'C:\Users\mikel\git\ridesFinal7\src\main\resources\rides.temp' has been recovered (tr. 916-918)

[2025-11-12 16:28:55 #2 store] 
Database 'C:\Users\mikel\git\ridesFinal7\src\main\resources\rides.temp' is opened by 36380@ASUS-VivoBook

[2025-11-12 16:28:55 #3 type] 
Type domain.Driver is not enhanced.

[2025-11-12 16:28:55 #4 type] 
Type domain.Monedero is not enhanced.

[2025-11-12 16:28:55 #5 type] 
Type domain.Ride is not enhanced.

[2025-11-12 16:28:55 #6 type] 
Type domain.Transaction is not enhanced.

[2025-11-12 16:28:55 #7 type] 
Type domain.Passenger is not enhanced.

[2025-11-12 16:28:55 #8 type] 
Type domain.Mail is not enhanced.

[2025-11-12 16:28:55 #9 type] 
Type domain.Reservation is not enhanced.

