------------------------------------------------------------------------------------------------------------------------

[2025-10-01 10:28:36 #1 store] 
Database 'C:\Users\1153342\git\ridesFinal11\Rides24\src\main\resources\rides.temp' has been recovered (tr. 51-70)

[2025-10-01 10:28:36 #2 store] 
Database 'C:\Users\1153342\git\ridesFinal11\Rides24\src\main\resources\rides.temp' is opened by 32464@Anne

[2025-10-01 10:28:37 #3 type] 
Type domain.Driver is not enhanced.

[2025-10-01 10:28:37 #4 type] 
Type domain.Monedero is not enhanced.

[2025-10-01 10:28:37 #5 type] 
Type domain.Ride is not enhanced.

[2025-10-01 10:28:37 #6 type] 
Type domain.Transaction is not enhanced.

[2025-10-01 10:28:37 #7 type] 
Type domain.Passenger is not enhanced.

[2025-10-01 10:28:37 #8 type] 
Type domain.Mail is not enhanced.

[2025-10-01 10:28:37 #9 type] 
Type domain.Reservation is not enhanced.

------------------------------------------------------------------------------------------------------------------------

[2025-10-01 10:28:58 #1 store] 
Database 'C:\Users\1153342\git\ridesFinal11\Rides24\src\main\resources\rides.temp' has been recovered (tr. 71-88)

[2025-10-01 10:28:58 #2 store] 
Database 'C:\Users\1153342\git\ridesFinal11\Rides24\src\main\resources\rides.temp' is opened by 30248@Anne

[2025-10-01 10:28:58 #3 type] 
Type domain.Driver is not enhanced.

[2025-10-01 10:28:58 #4 type] 
Type domain.Monedero is not enhanced.

[2025-10-01 10:28:58 #5 type] 
Type domain.Ride is not enhanced.

[2025-10-01 10:28:58 #6 type] 
Type domain.Transaction is not enhanced.

[2025-10-01 10:28:58 #7 type] 
Type domain.Passenger is not enhanced.

[2025-10-01 10:28:58 #8 type] 
Type domain.Mail is not enhanced.

[2025-10-01 10:28:58 #9 type] 
Type domain.Reservation is not enhanced.

------------------------------------------------------------------------------------------------------------------------

[2025-10-01 10:29:40 #1 store] 
Database 'C:\Users\1153342\git\ridesFinal11\Rides24\src\main\resources\rides.temp' has been recovered (tr. 89-106)

[2025-10-01 10:29:40 #2 store] 
Database 'C:\Users\1153342\git\ridesFinal11\Rides24\src\main\resources\rides.temp' is opened by 27764@Anne

[2025-10-01 10:29:40 #3 type] 
Type domain.Driver is not enhanced.

[2025-10-01 10:29:40 #4 type] 
Type domain.Monedero is not enhanced.

[2025-10-01 10:29:40 #5 type] 
Type domain.Ride is not enhanced.

[2025-10-01 10:29:40 #6 type] 
Type domain.Transaction is not enhanced.

[2025-10-01 10:29:40 #7 type] 
Type domain.Passenger is not enhanced.

[2025-10-01 10:29:40 #8 type] 
Type domain.Mail is not enhanced.

[2025-10-01 10:29:40 #9 type] 
Type domain.Reservation is not enhanced.

------------------------------------------------------------------------------------------------------------------------

[2025-10-01 10:57:30 #1 store] 
Database 'C:\Users\1153342\git\ridesFinal11\Rides24\src\main\resources\rides.temp' has been recovered (tr. 107-124)

[2025-10-01 10:57:30 #2 store] 
Database 'C:\Users\1153342\git\ridesFinal11\Rides24\src\main\resources\rides.temp' is opened by 24572@Anne

[2025-10-01 10:57:30 #3 type] 
Type domain.Driver is not enhanced.

[2025-10-01 10:57:30 #4 type] 
Type domain.Monedero is not enhanced.

[2025-10-01 10:57:30 #5 type] 
Type domain.Ride is not enhanced.

[2025-10-01 10:57:30 #6 type] 
Type domain.Transaction is not enhanced.

[2025-10-01 10:57:30 #7 type] 
Type domain.Passenger is not enhanced.

[2025-10-01 10:57:30 #8 type] 
Type domain.Mail is not enhanced.

[2025-10-01 10:57:30 #9 type] 
Type domain.Reservation is not enhanced.

------------------------------------------------------------------------------------------------------------------------

[2025-10-01 10:57:43 #1 store] 
Database 'C:\Users\1153342\git\ridesFinal11\Rides24\src\main\resources\rides.temp' has been recovered (tr. 125-136)

[2025-10-01 10:57:43 #2 store] 
Database 'C:\Users\1153342\git\ridesFinal11\Rides24\src\main\resources\rides.temp' is opened by 23792@Anne

[2025-10-01 10:57:44 #3 type] 
Type domain.Driver is not enhanced.

[2025-10-01 10:57:44 #4 type] 
Type domain.Monedero is not enhanced.

[2025-10-01 10:57:44 #5 type] 
Type domain.Ride is not enhanced.

[2025-10-01 10:57:44 #6 type] 
Type domain.Transaction is not enhanced.

[2025-10-01 10:57:44 #7 type] 
Type domain.Passenger is not enhanced.

[2025-10-01 10:57:44 #8 type] 
Type domain.Mail is not enhanced.

[2025-10-01 10:57:44 #9 type] 
Type domain.Reservation is not enhanced.

