------------------------------------------------------------------------------------------------------------------------

[2025-05-01 19:37:49 #1 store] 
Database 'C:\Users\1153342\git\Rides\Rides24\src\main\resources\rides.temp' is opened by 62044@Anne

[2025-05-01 19:37:49 #2 type.registry] 
New type domain.Driver

[2025-05-01 19:37:49 #3 type] 
Type domain.Driver is not enhanced.

[2025-05-01 19:37:49 #4 type.registry] 
New type domain.Ride

[2025-05-01 19:37:49 #5 type] 
Type domain.Ride is not enhanced.

[2025-05-01 19:37:49 #6 type.registry] 
New type domain.Passenger

[2025-05-01 19:37:49 #7 type] 
Type domain.Passenger is not enhanced.

[2025-05-01 19:37:49 #8 type.registry] 
New type java.util.Vector<java.lang.Object>

[2025-05-01 19:37:49 #9 type.registry] 
New type java.util.Vector<domain.Ride>

[2025-05-01 19:37:49 #10 type.registry] 
New type java.util.Vector<domain.Passenger>

------------------------------------------------------------------------------------------------------------------------

[2025-05-01 19:38:46 #1 store] 
Database 'C:\Users\1153342\git\Rides\Rides24\src\main\resources\rides.temp' is opened by 59764@Anne

[2025-05-01 19:38:46 #2 type.registry] 
New type domain.Driver

[2025-05-01 19:38:46 #3 type] 
Type domain.Driver is not enhanced.

[2025-05-01 19:38:46 #4 type.registry] 
New type domain.Ride

[2025-05-01 19:38:46 #5 type] 
Type domain.Ride is not enhanced.

[2025-05-01 19:38:46 #6 type.registry] 
New type domain.Passenger

[2025-05-01 19:38:46 #7 type] 
Type domain.Passenger is not enhanced.

[2025-05-01 19:38:46 #8 type.registry] 
New type java.util.Vector<java.lang.Object>

[2025-05-01 19:38:46 #9 type.registry] 
New type java.util.Vector<domain.Ride>

[2025-05-01 19:38:46 #10 type.registry] 
New type java.util.Vector<domain.Passenger>

------------------------------------------------------------------------------------------------------------------------

[2025-05-01 19:39:37 #1 store] 
Database 'C:\Users\1153342\git\Rides\Rides24\src\main\resources\rides.temp' has been recovered (tr. 1-7)

[2025-05-01 19:39:37 #2 store] 
Database 'C:\Users\1153342\git\Rides\Rides24\src\main\resources\rides.temp' is opened by 60588@Anne

[2025-05-01 19:39:37 #3 type] 
Type domain.Driver is not enhanced.

[2025-05-01 19:39:37 #4 type] 
Type domain.Ride is not enhanced.

[2025-05-01 19:39:37 #5 type] 
Type domain.Passenger is not enhanced.

[2025-05-01 19:40:24 #6 type.registry] 
New type domain.Car

[2025-05-01 19:40:24 #7 type] 
Type domain.Car is not enhanced.

------------------------------------------------------------------------------------------------------------------------

[2025-05-01 19:40:34 #1 store] 
Database 'C:\Users\1153342\git\Rides\Rides24\src\main\resources\rides.temp' has been recovered (tr. 8-10)

[2025-05-01 19:40:34 #2 store] 
Database 'C:\Users\1153342\git\Rides\Rides24\src\main\resources\rides.temp' is opened by 62088@Anne

[2025-05-01 19:40:34 #3 type] 
Type domain.Driver is not enhanced.

[2025-05-01 19:40:34 #4 type] 
Type domain.Ride is not enhanced.

[2025-05-01 19:40:34 #5 type] 
Type domain.Passenger is not enhanced.

[2025-05-01 19:40:34 #6 type] 
Type domain.Car is not enhanced.

------------------------------------------------------------------------------------------------------------------------

[2025-05-01 19:40:48 #1 store] 
Database 'C:\Users\1153342\git\Rides\Rides24\src\main\resources\rides.temp' is opened by 53884@Anne

[2025-05-01 19:40:49 #2 type] 
Type domain.Driver is not enhanced.

[2025-05-01 19:40:49 #3 type] 
Type domain.Ride is not enhanced.

[2025-05-01 19:40:49 #4 type] 
Type domain.Passenger is not enhanced.

[2025-05-01 19:40:49 #5 type] 
Type domain.Car is not enhanced.

------------------------------------------------------------------------------------------------------------------------

[2025-05-01 19:41:14 #1 store] 
Database 'C:\Users\1153342\git\Rides\Rides24\src\main\resources\rides.temp' has been recovered (tr. 11-11)

[2025-05-01 19:41:14 #2 store] 
Database 'C:\Users\1153342\git\Rides\Rides24\src\main\resources\rides.temp' is opened by 52988@Anne

[2025-05-01 19:41:14 #3 type] 
Type domain.Driver is not enhanced.

[2025-05-01 19:41:14 #4 type] 
Type domain.Ride is not enhanced.

[2025-05-01 19:41:14 #5 type] 
Type domain.Passenger is not enhanced.

[2025-05-01 19:41:14 #6 type] 
Type domain.Car is not enhanced.

------------------------------------------------------------------------------------------------------------------------

[2025-05-01 19:42:48 #1 store] 
Database 'C:\Users\1153342\git\Rides\Rides24\src\main\resources\rides.temp' has been recovered (tr. 12-12)

[2025-05-01 19:42:48 #2 store] 
Database 'C:\Users\1153342\git\Rides\Rides24\src\main\resources\rides.temp' is opened by 61164@Anne

[2025-05-01 19:42:48 #3 type] 
Type domain.Driver is not enhanced.

[2025-05-01 19:42:48 #4 type] 
Type domain.Ride is not enhanced.

[2025-05-01 19:42:48 #5 type] 
Type domain.Passenger is not enhanced.

[2025-05-01 19:42:48 #6 type] 
Type domain.Car is not enhanced.

------------------------------------------------------------------------------------------------------------------------

[2025-05-01 19:44:16 #1 store] 
Database 'C:\Users\1153342\git\Rides\Rides24\src\main\resources\rides.temp' is opened by 61056@Anne

[2025-05-01 19:44:16 #2 type] 
Type domain.Driver is not enhanced.

[2025-05-01 19:44:16 #3 type] 
Type domain.Ride is not enhanced.

[2025-05-01 19:44:16 #4 type] 
Type domain.Passenger is not enhanced.

[2025-05-01 19:44:16 #5 type] 
Type domain.Car is not enhanced.

------------------------------------------------------------------------------------------------------------------------

[2025-05-01 19:49:23 #1 store] 
Database 'C:\Users\1153342\git\Rides\Rides24\src\main\resources\rides.temp' is opened by 58392@Anne

[2025-05-01 19:49:23 #2 type] 
Type domain.Driver is not enhanced.

[2025-05-01 19:49:23 #3 type] 
Type domain.Ride is not enhanced.

[2025-05-01 19:49:23 #4 type] 
Type domain.Passenger is not enhanced.

[2025-05-01 19:49:23 #5 type] 
Type domain.Car is not enhanced.

------------------------------------------------------------------------------------------------------------------------

[2025-05-01 19:49:56 #1 store] 
Database 'C:\Users\1153342\git\Rides\Rides24\src\main\resources\rides.temp' is opened by 48068@Anne

[2025-05-01 19:49:56 #2 type] 
Type domain.Driver is not enhanced.

[2025-05-01 19:49:56 #3 type] 
Type domain.Ride is not enhanced.

[2025-05-01 19:49:56 #4 type] 
Type domain.Passenger is not enhanced.

[2025-05-01 19:49:56 #5 type] 
Type domain.Car is not enhanced.

------------------------------------------------------------------------------------------------------------------------

[2025-05-01 19:50:48 #1 store] 
Database 'C:\Users\1153342\git\Rides\Rides24\src\main\resources\rides.temp' has been recovered (tr. 13-15)

[2025-05-01 19:50:48 #2 store] 
Database 'C:\Users\1153342\git\Rides\Rides24\src\main\resources\rides.temp' is opened by 60084@Anne

[2025-05-01 19:50:48 #3 type] 
Type domain.Driver is not enhanced.

[2025-05-01 19:50:48 #4 type] 
Type domain.Ride is not enhanced.

[2025-05-01 19:50:48 #5 type] 
Type domain.Passenger is not enhanced.

[2025-05-01 19:50:48 #6 type] 
Type domain.Car is not enhanced.

------------------------------------------------------------------------------------------------------------------------

[2025-05-01 19:51:17 #1 store] 
Database 'C:\Users\1153342\git\Rides\Rides24\src\main\resources\rides.temp' is opened by 60936@Anne

[2025-05-01 19:51:17 #2 type.registry] 
New type domain.Driver

[2025-05-01 19:51:17 #3 type] 
Type domain.Driver is not enhanced.

[2025-05-01 19:51:17 #4 type.registry] 
New type domain.Ride

[2025-05-01 19:51:17 #5 type] 
Type domain.Ride is not enhanced.

[2025-05-01 19:51:17 #6 type.registry] 
New type domain.Passenger

[2025-05-01 19:51:17 #7 type] 
Type domain.Passenger is not enhanced.

[2025-05-01 19:51:17 #8 type.registry] 
New type java.util.Vector<java.lang.Object>

[2025-05-01 19:51:17 #9 type.registry] 
New type java.util.Vector<domain.Ride>

[2025-05-01 19:51:17 #10 type.registry] 
New type java.util.Vector<domain.Passenger>

------------------------------------------------------------------------------------------------------------------------

[2025-05-01 19:51:34 #1 store] 
Database 'C:\Users\1153342\git\Rides\Rides24\src\main\resources\rides.temp' is opened by 56856@Anne

[2025-05-01 19:51:34 #2 type.registry] 
New type domain.Driver

[2025-05-01 19:51:34 #3 type] 
Type domain.Driver is not enhanced.

[2025-05-01 19:51:34 #4 type.registry] 
New type domain.Ride

[2025-05-01 19:51:34 #5 type] 
Type domain.Ride is not enhanced.

[2025-05-01 19:51:34 #6 type.registry] 
New type domain.Passenger

[2025-05-01 19:51:34 #7 type] 
Type domain.Passenger is not enhanced.

[2025-05-01 19:51:34 #8 type.registry] 
New type java.util.Vector<java.lang.Object>

[2025-05-01 19:51:34 #9 type.registry] 
New type java.util.Vector<domain.Ride>

[2025-05-01 19:51:34 #10 type.registry] 
New type java.util.Vector<domain.Passenger>

[2025-05-01 19:51:57 #11 type.registry] 
New type domain.Car

[2025-05-01 19:51:57 #12 type] 
Type domain.Car is not enhanced.

