------------------------------------------------------------------------------------------------------------------------

[2025-04-30 11:07:43 #1 store] 
Database 'C:\Users\1153342\git\Rides\Rides24\src\main\resources\rides.temp' has been recovered (tr. 11-11)

[2025-04-30 11:07:43 #2 store] 
Database 'C:\Users\1153342\git\Rides\Rides24\src\main\resources\rides.temp' is opened by 48664@Anne

[2025-04-30 11:07:43 #3 type] 
Type domain.Driver is not enhanced.

[2025-04-30 11:07:43 #4 type] 
Type domain.Ride is not enhanced.

[2025-04-30 11:07:43 #5 type] 
Type domain.Passenger is not enhanced.

[2025-04-30 11:07:43 #6 type] 
Type domain.Rating is not enhanced.

[2025-04-30 11:07:43 #7 type] 
Type domain.Reservation is not enhanced.

------------------------------------------------------------------------------------------------------------------------

[2025-04-30 11:15:00 #1 store] 
Database 'C:\Users\1153342\git\Rides\Rides24\src\main\resources\rides.temp' is opened by 45468@Anne

[2025-04-30 11:15:00 #2 type] 
Type domain.Driver is not enhanced.

[2025-04-30 11:15:00 #3 type] 
Type domain.Ride is not enhanced.

[2025-04-30 11:15:00 #4 type] 
Type domain.Passenger is not enhanced.

[2025-04-30 11:15:00 #5 type] 
Type domain.Rating is not enhanced.

[2025-04-30 11:15:00 #6 type] 
Type domain.Reservation is not enhanced.

[2025-04-30 11:15:27 #7 type.registry] 
New type domain.Car

[2025-04-30 11:15:27 #8 type] 
Type domain.Car is not enhanced.

[2025-04-30 11:15:27 #9 type.registry] 
New type java.io.File

[2025-04-30 11:15:27 #10 type.registry] 
New type sun.awt.shell.ShellFolder

[2025-04-30 11:15:27 #11 type.registry] 
New type sun.awt.shell.Win32ShellFolder2

------------------------------------------------------------------------------------------------------------------------

[2025-04-30 11:20:49 #1 store] 
Database 'C:\Users\1153342\git\Rides\Rides24\src\main\resources\rides.temp' is opened by 45992@Anne

[2025-04-30 11:20:49 #2 type] 
Type domain.Driver is not enhanced.

[2025-04-30 11:20:49 #3 type] 
Type domain.Ride is not enhanced.

[2025-04-30 11:20:49 #4 type] 
Type domain.Passenger is not enhanced.

[2025-04-30 11:20:49 #5 type] 
Type domain.Rating is not enhanced.

[2025-04-30 11:20:49 #6 type] 
Type domain.Reservation is not enhanced.

[2025-04-30 11:20:49 #7 type] 
Type domain.Car is not enhanced.

------------------------------------------------------------------------------------------------------------------------

[2025-04-30 12:26:33 #1 store] 
Database 'C:\Users\1153342\git\Rides\Rides24\src\main\resources\rides.temp' is opened by 54204@Anne

[2025-04-30 12:26:34 #2 type] 
Type domain.Driver is not enhanced.

[2025-04-30 12:26:34 #3 type] 
Type domain.Ride is not enhanced.

[2025-04-30 12:26:34 #4 type] 
Type domain.Passenger is not enhanced.

[2025-04-30 12:26:34 #5 type] 
Type domain.Rating is not enhanced.

[2025-04-30 12:26:34 #6 type] 
Type domain.Reservation is not enhanced.

[2025-04-30 12:26:34 #7 type] 
Type domain.Car is not enhanced.

------------------------------------------------------------------------------------------------------------------------

[2025-04-30 12:27:21 #1 store] 
Database 'C:\Users\1153342\git\Rides\Rides24\src\main\resources\rides.temp' is opened by 56124@Anne

[2025-04-30 12:27:21 #2 type] 
Type domain.Driver is not enhanced.

[2025-04-30 12:27:21 #3 type] 
Type domain.Ride is not enhanced.

[2025-04-30 12:27:21 #4 type] 
Type domain.Passenger is not enhanced.

[2025-04-30 12:27:21 #5 type] 
Type domain.Rating is not enhanced.

[2025-04-30 12:27:21 #6 type] 
Type domain.Reservation is not enhanced.

[2025-04-30 12:27:21 #7 type] 
Type domain.Car is not enhanced.

------------------------------------------------------------------------------------------------------------------------

[2025-04-30 12:27:38 #1 store] 
Database 'C:\Users\1153342\git\Rides\Rides24\src\main\resources\rides.temp' is opened by 22864@Anne

[2025-04-30 12:27:38 #2 type] 
Type domain.Driver is not enhanced.

[2025-04-30 12:27:38 #3 type] 
Type domain.Ride is not enhanced.

[2025-04-30 12:27:38 #4 type] 
Type domain.Passenger is not enhanced.

[2025-04-30 12:27:38 #5 type] 
Type domain.Rating is not enhanced.

[2025-04-30 12:27:38 #6 type] 
Type domain.Reservation is not enhanced.

[2025-04-30 12:27:38 #7 type] 
Type domain.Car is not enhanced.

------------------------------------------------------------------------------------------------------------------------

[2025-04-30 12:28:19 #1 store] 
Database 'C:\Users\1153342\git\Rides\Rides24\src\main\resources\rides.temp' has been recovered (tr. 16-16)

[2025-04-30 12:28:19 #2 store] 
Database 'C:\Users\1153342\git\Rides\Rides24\src\main\resources\rides.temp' is opened by 38740@Anne

[2025-04-30 12:28:20 #3 type] 
Type domain.Driver is not enhanced.

[2025-04-30 12:28:20 #4 type] 
Type domain.Ride is not enhanced.

[2025-04-30 12:28:20 #5 type] 
Type domain.Passenger is not enhanced.

[2025-04-30 12:28:20 #6 type] 
Type domain.Rating is not enhanced.

[2025-04-30 12:28:20 #7 type] 
Type domain.Reservation is not enhanced.

[2025-04-30 12:28:20 #8 type] 
Type domain.Car is not enhanced.

------------------------------------------------------------------------------------------------------------------------

[2025-04-30 12:28:35 #1 store] 
Database 'C:\Users\1153342\git\Rides\Rides24\src\main\resources\rides.temp' is opened by 33600@Anne

[2025-04-30 12:28:35 #2 type] 
Type domain.Driver is not enhanced.

[2025-04-30 12:28:36 #3 type] 
Type domain.Ride is not enhanced.

[2025-04-30 12:28:36 #4 type] 
Type domain.Passenger is not enhanced.

[2025-04-30 12:28:36 #5 type] 
Type domain.Rating is not enhanced.

[2025-04-30 12:28:36 #6 type] 
Type domain.Reservation is not enhanced.

[2025-04-30 12:28:36 #7 type] 
Type domain.Car is not enhanced.

------------------------------------------------------------------------------------------------------------------------

[2025-04-30 12:28:55 #1 store] 
Database 'C:\Users\1153342\git\Rides\Rides24\src\main\resources\rides.temp' is opened by 2720@Anne

[2025-04-30 12:28:55 #2 type] 
Type domain.Driver is not enhanced.

[2025-04-30 12:28:55 #3 type] 
Type domain.Ride is not enhanced.

[2025-04-30 12:28:55 #4 type] 
Type domain.Passenger is not enhanced.

[2025-04-30 12:28:55 #5 type] 
Type domain.Rating is not enhanced.

[2025-04-30 12:28:55 #6 type] 
Type domain.Reservation is not enhanced.

[2025-04-30 12:28:55 #7 type] 
Type domain.Car is not enhanced.

------------------------------------------------------------------------------------------------------------------------

[2025-04-30 12:29:32 #1 store] 
Database 'C:\Users\1153342\git\Rides\Rides24\src\main\resources\rides.temp' is opened by 50820@Anne

[2025-04-30 12:29:32 #2 type] 
Type domain.Driver is not enhanced.

[2025-04-30 12:29:32 #3 type] 
Type domain.Ride is not enhanced.

[2025-04-30 12:29:32 #4 type] 
Type domain.Passenger is not enhanced.

[2025-04-30 12:29:32 #5 type] 
Type domain.Rating is not enhanced.

[2025-04-30 12:29:32 #6 type] 
Type domain.Reservation is not enhanced.

[2025-04-30 12:29:32 #7 type] 
Type domain.Car is not enhanced.

------------------------------------------------------------------------------------------------------------------------

[2025-04-30 12:30:39 #1 store] 
Database 'C:\Users\1153342\git\Rides\Rides24\src\main\resources\rides.temp' is opened by 55868@Anne

[2025-04-30 12:30:39 #2 type] 
Type domain.Driver is not enhanced.

[2025-04-30 12:30:39 #3 type] 
Type domain.Ride is not enhanced.

[2025-04-30 12:30:39 #4 type] 
Type domain.Passenger is not enhanced.

[2025-04-30 12:30:39 #5 type] 
Type domain.Rating is not enhanced.

[2025-04-30 12:30:39 #6 type] 
Type domain.Reservation is not enhanced.

[2025-04-30 12:30:39 #7 type] 
Type domain.Car is not enhanced.

------------------------------------------------------------------------------------------------------------------------

[2025-04-30 12:31:10 #1 store] 
Database 'C:\Users\1153342\git\Rides\Rides24\src\main\resources\rides.temp' is opened by 49408@Anne

[2025-04-30 12:31:10 #2 type] 
Type domain.Driver is not enhanced.

[2025-04-30 12:31:10 #3 type] 
Type domain.Ride is not enhanced.

[2025-04-30 12:31:10 #4 type] 
Type domain.Passenger is not enhanced.

[2025-04-30 12:31:10 #5 type] 
Type domain.Rating is not enhanced.

[2025-04-30 12:31:10 #6 type] 
Type domain.Reservation is not enhanced.

[2025-04-30 12:31:10 #7 type] 
Type domain.Car is not enhanced.

------------------------------------------------------------------------------------------------------------------------

[2025-04-30 14:58:06 #1 store] 
Database 'C:\Users\1153342\git\Rides\Rides24\src\main\resources\rides.temp' is opened by 57012@Anne

[2025-04-30 14:58:06 #2 type] 
Type domain.Driver is not enhanced.

[2025-04-30 14:58:06 #3 type] 
Type domain.Ride is not enhanced.

[2025-04-30 14:58:06 #4 type] 
Type domain.Passenger is not enhanced.

[2025-04-30 14:58:06 #5 type] 
Type domain.Rating is not enhanced.

[2025-04-30 14:58:06 #6 type] 
Type domain.Reservation is not enhanced.

[2025-04-30 14:58:06 #7 type] 
Type domain.Car is not enhanced.

------------------------------------------------------------------------------------------------------------------------

[2025-04-30 14:58:17 #1 store] 
Database 'C:\Users\1153342\git\Rides\Rides24\src\main\resources\rides.temp' is opened by 53924@Anne

[2025-04-30 14:58:17 #2 type] 
Type domain.Driver is not enhanced.

[2025-04-30 14:58:17 #3 type] 
Type domain.Ride is not enhanced.

[2025-04-30 14:58:17 #4 type] 
Type domain.Passenger is not enhanced.

[2025-04-30 14:58:17 #5 type] 
Type domain.Rating is not enhanced.

[2025-04-30 14:58:17 #6 type] 
Type domain.Reservation is not enhanced.

[2025-04-30 14:58:17 #7 type] 
Type domain.Car is not enhanced.

------------------------------------------------------------------------------------------------------------------------

[2025-04-30 14:58:23 #1 store] 
Database 'C:\Users\1153342\git\Rides\Rides24\src\main\resources\rides.temp' is opened by 39560@Anne

[2025-04-30 14:58:23 #2 type] 
Type domain.Driver is not enhanced.

[2025-04-30 14:58:23 #3 type] 
Type domain.Ride is not enhanced.

[2025-04-30 14:58:23 #4 type] 
Type domain.Passenger is not enhanced.

[2025-04-30 14:58:23 #5 type] 
Type domain.Rating is not enhanced.

[2025-04-30 14:58:23 #6 type] 
Type domain.Reservation is not enhanced.

[2025-04-30 14:58:23 #7 type] 
Type domain.Car is not enhanced.

------------------------------------------------------------------------------------------------------------------------

[2025-04-30 15:00:15 #1 store] 
Database 'C:\Users\1153342\git\Rides\Rides24\src\main\resources\rides.temp' is opened by 54452@Anne

[2025-04-30 15:00:16 #2 type.registry] 
New type domain.Driver

[2025-04-30 15:00:16 #3 type] 
Type domain.Driver is not enhanced.

[2025-04-30 15:00:16 #4 type.registry] 
New type domain.Ride

[2025-04-30 15:00:16 #5 type] 
Type domain.Ride is not enhanced.

[2025-04-30 15:00:16 #6 type.registry] 
New type domain.Passenger

[2025-04-30 15:00:16 #7 type] 
Type domain.Passenger is not enhanced.

[2025-04-30 15:00:16 #8 type.registry] 
New type java.util.Vector<java.lang.Object>

[2025-04-30 15:00:16 #9 type.registry] 
New type java.util.Vector<domain.Ride>

[2025-04-30 15:00:16 #10 type.registry] 
New type java.util.Vector<domain.Passenger>

------------------------------------------------------------------------------------------------------------------------

[2025-04-30 15:00:35 #1 store] 
Database 'C:\Users\1153342\git\Rides\Rides24\src\main\resources\rides.temp' has been recovered (tr. 1-7)

[2025-04-30 15:00:35 #2 store] 
Database 'C:\Users\1153342\git\Rides\Rides24\src\main\resources\rides.temp' is opened by 40892@Anne

[2025-04-30 15:00:36 #3 type] 
Type domain.Driver is not enhanced.

[2025-04-30 15:00:36 #4 type] 
Type domain.Ride is not enhanced.

[2025-04-30 15:00:36 #5 type] 
Type domain.Passenger is not enhanced.

[2025-04-30 15:00:59 #6 type.registry] 
New type domain.Car

[2025-04-30 15:00:59 #7 type] 
Type domain.Car is not enhanced.

------------------------------------------------------------------------------------------------------------------------

[2025-04-30 15:01:24 #1 store] 
Database 'C:\Users\1153342\git\Rides\Rides24\src\main\resources\rides.temp' is opened by 48416@Anne

[2025-04-30 15:01:24 #2 type] 
Type domain.Driver is not enhanced.

[2025-04-30 15:01:24 #3 type] 
Type domain.Ride is not enhanced.

[2025-04-30 15:01:24 #4 type] 
Type domain.Passenger is not enhanced.

[2025-04-30 15:01:24 #5 type] 
Type domain.Car is not enhanced.

------------------------------------------------------------------------------------------------------------------------

[2025-04-30 15:03:16 #1 store] 
Database 'C:\Users\1153342\git\Rides\Rides24\src\main\resources\rides.temp' is opened by 9204@Anne

[2025-04-30 15:03:16 #2 type.registry] 
New type domain.Driver

[2025-04-30 15:03:16 #3 type] 
Type domain.Driver is not enhanced.

[2025-04-30 15:03:16 #4 type.registry] 
New type domain.Ride

[2025-04-30 15:03:16 #5 type] 
Type domain.Ride is not enhanced.

[2025-04-30 15:03:16 #6 type.registry] 
New type domain.Passenger

[2025-04-30 15:03:16 #7 type] 
Type domain.Passenger is not enhanced.

[2025-04-30 15:03:16 #8 type.registry] 
New type java.util.Vector<java.lang.Object>

[2025-04-30 15:03:16 #9 type.registry] 
New type java.util.Vector<domain.Ride>

[2025-04-30 15:03:16 #10 type.registry] 
New type java.util.Vector<domain.Passenger>

------------------------------------------------------------------------------------------------------------------------

[2025-04-30 15:03:26 #1 store] 
Database 'C:\Users\1153342\git\Rides\Rides24\src\main\resources\rides.temp' has been recovered (tr. 1-7)

[2025-04-30 15:03:26 #2 store] 
Database 'C:\Users\1153342\git\Rides\Rides24\src\main\resources\rides.temp' is opened by 28192@Anne

[2025-04-30 15:03:26 #3 type] 
Type domain.Driver is not enhanced.

[2025-04-30 15:03:26 #4 type] 
Type domain.Ride is not enhanced.

[2025-04-30 15:03:26 #5 type] 
Type domain.Passenger is not enhanced.

------------------------------------------------------------------------------------------------------------------------

[2025-04-30 15:03:44 #1 store] 
Database 'C:\Users\1153342\git\Rides\Rides24\src\main\resources\rides.temp' has been recovered (tr. 8-8)

[2025-04-30 15:03:44 #2 store] 
Database 'C:\Users\1153342\git\Rides\Rides24\src\main\resources\rides.temp' is opened by 6532@Anne

[2025-04-30 15:03:45 #3 type] 
Type domain.Driver is not enhanced.

[2025-04-30 15:03:45 #4 type] 
Type domain.Ride is not enhanced.

[2025-04-30 15:03:45 #5 type] 
Type domain.Passenger is not enhanced.

[2025-04-30 15:04:04 #6 type.registry] 
New type domain.Car

[2025-04-30 15:04:04 #7 type] 
Type domain.Car is not enhanced.

------------------------------------------------------------------------------------------------------------------------

[2025-04-30 15:05:37 #1 store] 
Database 'C:\Users\1153342\git\Rides\Rides24\src\main\resources\rides.temp' is opened by 48392@Anne

[2025-04-30 15:05:37 #2 type] 
Type domain.Driver is not enhanced.

[2025-04-30 15:05:37 #3 type] 
Type domain.Ride is not enhanced.

[2025-04-30 15:05:37 #4 type] 
Type domain.Passenger is not enhanced.

[2025-04-30 15:05:37 #5 type] 
Type domain.Car is not enhanced.

------------------------------------------------------------------------------------------------------------------------

[2025-04-30 15:05:56 #1 store] 
Database 'C:\Users\1153342\git\Rides\Rides24\src\main\resources\rides.temp' is opened by 33152@Anne

[2025-04-30 15:05:56 #2 type] 
Type domain.Driver is not enhanced.

[2025-04-30 15:05:56 #3 type] 
Type domain.Ride is not enhanced.

[2025-04-30 15:05:56 #4 type] 
Type domain.Passenger is not enhanced.

[2025-04-30 15:05:56 #5 type] 
Type domain.Car is not enhanced.

------------------------------------------------------------------------------------------------------------------------

[2025-04-30 15:07:50 #1 store] 
Database 'C:\Users\1153342\git\Rides\Rides24\src\main\resources\rides.temp' is opened by 25580@Anne

[2025-04-30 15:07:51 #2 type] 
Type domain.Driver is not enhanced.

[2025-04-30 15:07:51 #3 type] 
Type domain.Ride is not enhanced.

[2025-04-30 15:07:51 #4 type] 
Type domain.Passenger is not enhanced.

[2025-04-30 15:07:51 #5 type] 
Type domain.Car is not enhanced.

------------------------------------------------------------------------------------------------------------------------

[2025-04-30 15:07:57 #1 store] 
Database 'C:\Users\1153342\git\Rides\Rides24\src\main\resources\rides.temp' is opened by 47056@Anne

[2025-04-30 15:07:57 #2 type] 
Type domain.Driver is not enhanced.

[2025-04-30 15:07:57 #3 type] 
Type domain.Ride is not enhanced.

[2025-04-30 15:07:57 #4 type] 
Type domain.Passenger is not enhanced.

[2025-04-30 15:07:57 #5 type] 
Type domain.Car is not enhanced.

------------------------------------------------------------------------------------------------------------------------

[2025-04-30 15:09:32 #1 store] 
Database 'C:\Users\1153342\git\Rides\Rides24\src\main\resources\rides.temp' is opened by 56200@Anne

[2025-04-30 15:09:32 #2 type] 
Type domain.Driver is not enhanced.

[2025-04-30 15:09:32 #3 type] 
Type domain.Ride is not enhanced.

[2025-04-30 15:09:32 #4 type] 
Type domain.Passenger is not enhanced.

[2025-04-30 15:09:32 #5 type] 
Type domain.Car is not enhanced.

------------------------------------------------------------------------------------------------------------------------

[2025-04-30 15:09:58 #1 store] 
Database 'C:\Users\1153342\git\Rides\Rides24\src\main\resources\rides.temp' has been recovered (tr. 10-10)

[2025-04-30 15:09:59 #2 store] 
Database 'C:\Users\1153342\git\Rides\Rides24\src\main\resources\rides.temp' is opened by 39984@Anne

[2025-04-30 15:09:59 #3 type] 
Type domain.Driver is not enhanced.

[2025-04-30 15:09:59 #4 type] 
Type domain.Ride is not enhanced.

[2025-04-30 15:09:59 #5 type] 
Type domain.Passenger is not enhanced.

[2025-04-30 15:09:59 #6 type] 
Type domain.Car is not enhanced.

------------------------------------------------------------------------------------------------------------------------

[2025-04-30 15:10:03 #1 store] 
Database 'C:\Users\1153342\git\Rides\Rides24\src\main\resources\rides.temp' is opened by 49564@Anne

[2025-04-30 15:10:03 #2 type] 
Type domain.Driver is not enhanced.

[2025-04-30 15:10:03 #3 type] 
Type domain.Ride is not enhanced.

[2025-04-30 15:10:03 #4 type] 
Type domain.Passenger is not enhanced.

[2025-04-30 15:10:03 #5 type] 
Type domain.Car is not enhanced.

