------------------------------------------------------------------------------------------------------------------------

[2025-05-04 10:39:56 #1 store] 
Database 'C:\Users\1153342\git\Rides\Rides24\src\main\resources\rides.temp' has been recovered (tr. 1-10)

[2025-05-04 10:39:56 #2 store] 
Database 'C:\Users\1153342\git\Rides\Rides24\src\main\resources\rides.temp' is opened by 59868@Anne

[2025-05-04 10:39:57 #3 type] 
Type domain.Driver is not enhanced.

[2025-05-04 10:39:57 #4 type] 
Type domain.Ride is not enhanced.

[2025-05-04 10:39:57 #5 type] 
Type domain.Passenger is not enhanced.

[2025-05-04 10:39:57 #6 type] 
Type domain.Car is not enhanced.

[2025-05-04 10:40:25 #7 type.registry] 
New type domain.Reservation

[2025-05-04 10:40:25 #8 type] 
Type domain.Reservation is not enhanced.

------------------------------------------------------------------------------------------------------------------------

[2025-05-04 10:40:44 #1 store] 
Database 'C:\Users\1153342\git\Rides\Rides24\src\main\resources\rides.temp' has been recovered (tr. 11-13)

[2025-05-04 10:40:44 #2 store] 
Database 'C:\Users\1153342\git\Rides\Rides24\src\main\resources\rides.temp' is opened by 44544@Anne

[2025-05-04 10:40:44 #3 type] 
Type domain.Driver is not enhanced.

[2025-05-04 10:40:45 #4 type] 
Type domain.Ride is not enhanced.

[2025-05-04 10:40:45 #5 type] 
Type domain.Passenger is not enhanced.

[2025-05-04 10:40:45 #6 type] 
Type domain.Car is not enhanced.

[2025-05-04 10:40:45 #7 type] 
Type domain.Reservation is not enhanced.

------------------------------------------------------------------------------------------------------------------------

[2025-05-04 10:41:06 #1 store] 
Database 'C:\Users\1153342\git\Rides\Rides24\src\main\resources\rides.temp' has been recovered (tr. 14-14)

[2025-05-04 10:41:06 #2 store] 
Database 'C:\Users\1153342\git\Rides\Rides24\src\main\resources\rides.temp' is opened by 51872@Anne

[2025-05-04 10:41:06 #3 type] 
Type domain.Driver is not enhanced.

[2025-05-04 10:41:06 #4 type] 
Type domain.Ride is not enhanced.

[2025-05-04 10:41:06 #5 type] 
Type domain.Passenger is not enhanced.

[2025-05-04 10:41:06 #6 type] 
Type domain.Car is not enhanced.

[2025-05-04 10:41:06 #7 type] 
Type domain.Reservation is not enhanced.

------------------------------------------------------------------------------------------------------------------------

[2025-05-04 10:41:30 #1 store] 
Database 'C:\Users\1153342\git\Rides\Rides24\src\main\resources\rides.temp' has been recovered (tr. 15-15)

[2025-05-04 10:41:30 #2 store] 
Database 'C:\Users\1153342\git\Rides\Rides24\src\main\resources\rides.temp' is opened by 53996@Anne

[2025-05-04 10:41:30 #3 type] 
Type domain.Driver is not enhanced.

[2025-05-04 10:41:30 #4 type] 
Type domain.Ride is not enhanced.

[2025-05-04 10:41:30 #5 type] 
Type domain.Passenger is not enhanced.

[2025-05-04 10:41:30 #6 type] 
Type domain.Car is not enhanced.

[2025-05-04 10:41:30 #7 type] 
Type domain.Reservation is not enhanced.

------------------------------------------------------------------------------------------------------------------------

[2025-05-04 10:41:50 #1 store] 
Database 'C:\Users\1153342\git\Rides\Rides24\src\main\resources\rides.temp' is opened by 33316@Anne

[2025-05-04 10:41:50 #2 type] 
Type domain.Driver is not enhanced.

[2025-05-04 10:41:50 #3 type] 
Type domain.Ride is not enhanced.

[2025-05-04 10:41:50 #4 type] 
Type domain.Passenger is not enhanced.

[2025-05-04 10:41:50 #5 type] 
Type domain.Car is not enhanced.

[2025-05-04 10:41:50 #6 type] 
Type domain.Reservation is not enhanced.

------------------------------------------------------------------------------------------------------------------------

[2025-05-04 10:42:04 #1 store] 
Database 'C:\Users\1153342\git\Rides\Rides24\src\main\resources\rides.temp' has been recovered (tr. 16-16)

[2025-05-04 10:42:04 #2 store] 
Database 'C:\Users\1153342\git\Rides\Rides24\src\main\resources\rides.temp' is opened by 48096@Anne

[2025-05-04 10:42:04 #3 type] 
Type domain.Driver is not enhanced.

[2025-05-04 10:42:04 #4 type] 
Type domain.Ride is not enhanced.

[2025-05-04 10:42:04 #5 type] 
Type domain.Passenger is not enhanced.

[2025-05-04 10:42:04 #6 type] 
Type domain.Car is not enhanced.

[2025-05-04 10:42:04 #7 type] 
Type domain.Reservation is not enhanced.

[2025-05-04 10:42:13 #8 type.registry] 
New type domain.Mail

[2025-05-04 10:42:13 #9 type] 
Type domain.Mail is not enhanced.

[2025-05-04 10:42:13 #10 type.registry] 
New type java.time.LocalDateTime

------------------------------------------------------------------------------------------------------------------------

[2025-05-04 10:45:08 #1 store] 
Database 'C:\Users\1153342\git\Rides\Rides24\src\main\resources\rides.temp' is opened by 51136@Anne

[2025-05-04 10:45:08 #2 type] 
Type domain.Driver is not enhanced.

[2025-05-04 10:45:08 #3 type] 
Type domain.Ride is not enhanced.

[2025-05-04 10:45:08 #4 type] 
Type domain.Passenger is not enhanced.

[2025-05-04 10:45:08 #5 type] 
Type domain.Car is not enhanced.

[2025-05-04 10:45:08 #6 type] 
Type domain.Reservation is not enhanced.

[2025-05-04 10:45:08 #7 type] 
Type domain.Mail is not enhanced.

------------------------------------------------------------------------------------------------------------------------

[2025-05-04 10:45:22 #1 store] 
Database 'C:\Users\1153342\git\Rides\Rides24\src\main\resources\rides.temp' has been recovered (tr. 19-19)

[2025-05-04 10:45:22 #2 store] 
Database 'C:\Users\1153342\git\Rides\Rides24\src\main\resources\rides.temp' is opened by 53632@Anne

[2025-05-04 10:45:22 #3 type] 
Type domain.Driver is not enhanced.

[2025-05-04 10:45:22 #4 type] 
Type domain.Ride is not enhanced.

[2025-05-04 10:45:22 #5 type] 
Type domain.Passenger is not enhanced.

[2025-05-04 10:45:22 #6 type] 
Type domain.Car is not enhanced.

[2025-05-04 10:45:22 #7 type] 
Type domain.Reservation is not enhanced.

[2025-05-04 10:45:22 #8 type] 
Type domain.Mail is not enhanced.

------------------------------------------------------------------------------------------------------------------------

[2025-05-04 10:45:34 #1 store] 
Database 'C:\Users\1153342\git\Rides\Rides24\src\main\resources\rides.temp' is opened by 21324@Anne

[2025-05-04 10:45:34 #2 type] 
Type domain.Driver is not enhanced.

[2025-05-04 10:45:34 #3 type] 
Type domain.Ride is not enhanced.

[2025-05-04 10:45:34 #4 type] 
Type domain.Passenger is not enhanced.

[2025-05-04 10:45:34 #5 type] 
Type domain.Car is not enhanced.

[2025-05-04 10:45:34 #6 type] 
Type domain.Reservation is not enhanced.

[2025-05-04 10:45:34 #7 type] 
Type domain.Mail is not enhanced.

------------------------------------------------------------------------------------------------------------------------

[2025-05-04 10:45:54 #1 store] 
Database 'C:\Users\1153342\git\Rides\Rides24\src\main\resources\rides.temp' has been recovered (tr. 20-20)

[2025-05-04 10:45:54 #2 store] 
Database 'C:\Users\1153342\git\Rides\Rides24\src\main\resources\rides.temp' is opened by 48668@Anne

[2025-05-04 10:45:54 #3 type] 
Type domain.Driver is not enhanced.

[2025-05-04 10:45:54 #4 type] 
Type domain.Ride is not enhanced.

[2025-05-04 10:45:54 #5 type] 
Type domain.Passenger is not enhanced.

[2025-05-04 10:45:54 #6 type] 
Type domain.Car is not enhanced.

[2025-05-04 10:45:54 #7 type] 
Type domain.Reservation is not enhanced.

[2025-05-04 10:45:54 #8 type] 
Type domain.Mail is not enhanced.

------------------------------------------------------------------------------------------------------------------------

[2025-05-04 10:46:08 #1 store] 
Database 'C:\Users\1153342\git\Rides\Rides24\src\main\resources\rides.temp' has been recovered (tr. 21-21)

[2025-05-04 10:46:08 #2 store] 
Database 'C:\Users\1153342\git\Rides\Rides24\src\main\resources\rides.temp' is opened by 62820@Anne

[2025-05-04 10:46:08 #3 type] 
Type domain.Driver is not enhanced.

[2025-05-04 10:46:08 #4 type] 
Type domain.Ride is not enhanced.

[2025-05-04 10:46:08 #5 type] 
Type domain.Passenger is not enhanced.

[2025-05-04 10:46:08 #6 type] 
Type domain.Car is not enhanced.

[2025-05-04 10:46:08 #7 type] 
Type domain.Reservation is not enhanced.

[2025-05-04 10:46:08 #8 type] 
Type domain.Mail is not enhanced.

------------------------------------------------------------------------------------------------------------------------

[2025-05-04 10:46:22 #1 store] 
Database 'C:\Users\1153342\git\Rides\Rides24\src\main\resources\rides.temp' has been recovered (tr. 22-22)

[2025-05-04 10:46:22 #2 store] 
Database 'C:\Users\1153342\git\Rides\Rides24\src\main\resources\rides.temp' is opened by 58004@Anne

[2025-05-04 10:46:22 #3 type] 
Type domain.Driver is not enhanced.

[2025-05-04 10:46:22 #4 type] 
Type domain.Ride is not enhanced.

[2025-05-04 10:46:22 #5 type] 
Type domain.Passenger is not enhanced.

[2025-05-04 10:46:22 #6 type] 
Type domain.Car is not enhanced.

[2025-05-04 10:46:22 #7 type] 
Type domain.Reservation is not enhanced.

[2025-05-04 10:46:22 #8 type] 
Type domain.Mail is not enhanced.

------------------------------------------------------------------------------------------------------------------------

[2025-05-04 16:44:39 #1 store] 
Database 'C:\Users\1153342\git\Rides\Rides24\src\main\resources\rides.temp' is opened by 48796@Anne

[2025-05-04 16:44:39 #2 type] 
Type domain.Driver is not enhanced.

[2025-05-04 16:44:39 #3 type] 
Type domain.Ride is not enhanced.

[2025-05-04 16:44:39 #4 type] 
Type domain.Passenger is not enhanced.

[2025-05-04 16:44:39 #5 type] 
Type domain.Car is not enhanced.

[2025-05-04 16:44:39 #6 type] 
Type domain.Reservation is not enhanced.

[2025-05-04 16:44:39 #7 type] 
Type domain.Mail is not enhanced.

------------------------------------------------------------------------------------------------------------------------

[2025-05-04 16:45:09 #1 store] 
Database 'C:\Users\1153342\git\Rides\Rides24\src\main\resources\rides.temp' has been recovered (tr. 25-25)

[2025-05-04 16:45:09 #2 store] 
Database 'C:\Users\1153342\git\Rides\Rides24\src\main\resources\rides.temp' is opened by 23436@Anne

[2025-05-04 16:45:09 #3 type] 
Type domain.Driver is not enhanced.

[2025-05-04 16:45:09 #4 type] 
Type domain.Ride is not enhanced.

[2025-05-04 16:45:09 #5 type] 
Type domain.Passenger is not enhanced.

[2025-05-04 16:45:09 #6 type] 
Type domain.Car is not enhanced.

[2025-05-04 16:45:09 #7 type] 
Type domain.Reservation is not enhanced.

[2025-05-04 16:45:09 #8 type] 
Type domain.Mail is not enhanced.

------------------------------------------------------------------------------------------------------------------------

[2025-05-04 16:45:29 #1 store] 
Database 'C:\Users\1153342\git\Rides\Rides24\src\main\resources\rides.temp' has been recovered (tr. 26-26)

[2025-05-04 16:45:29 #2 store] 
Database 'C:\Users\1153342\git\Rides\Rides24\src\main\resources\rides.temp' is opened by 59268@Anne

[2025-05-04 16:45:29 #3 type] 
Type domain.Driver is not enhanced.

[2025-05-04 16:45:29 #4 type] 
Type domain.Ride is not enhanced.

[2025-05-04 16:45:29 #5 type] 
Type domain.Passenger is not enhanced.

[2025-05-04 16:45:29 #6 type] 
Type domain.Car is not enhanced.

[2025-05-04 16:45:29 #7 type] 
Type domain.Reservation is not enhanced.

[2025-05-04 16:45:29 #8 type] 
Type domain.Mail is not enhanced.

------------------------------------------------------------------------------------------------------------------------

[2025-05-04 16:45:44 #1 store] 
Database 'C:\Users\1153342\git\Rides\Rides24\src\main\resources\rides.temp' has been recovered (tr. 27-27)

[2025-05-04 16:45:44 #2 store] 
Database 'C:\Users\1153342\git\Rides\Rides24\src\main\resources\rides.temp' is opened by 62996@Anne

[2025-05-04 16:45:44 #3 type] 
Type domain.Driver is not enhanced.

[2025-05-04 16:45:44 #4 type] 
Type domain.Ride is not enhanced.

[2025-05-04 16:45:44 #5 type] 
Type domain.Passenger is not enhanced.

[2025-05-04 16:45:44 #6 type] 
Type domain.Car is not enhanced.

[2025-05-04 16:45:44 #7 type] 
Type domain.Reservation is not enhanced.

[2025-05-04 16:45:44 #8 type] 
Type domain.Mail is not enhanced.

------------------------------------------------------------------------------------------------------------------------

[2025-05-04 16:50:21 #1 store] 
Database 'C:\Users\1153342\git\Rides\Rides24\src\main\resources\rides.temp' is opened by 45272@Anne

[2025-05-04 16:50:21 #2 type.registry] 
New type domain.Driver

[2025-05-04 16:50:21 #3 type] 
Type domain.Driver is not enhanced.

[2025-05-04 16:50:21 #4 type.registry] 
New type domain.Ride

[2025-05-04 16:50:21 #5 type] 
Type domain.Ride is not enhanced.

[2025-05-04 16:50:21 #6 type.registry] 
New type domain.Passenger

[2025-05-04 16:50:21 #7 type] 
Type domain.Passenger is not enhanced.

[2025-05-04 16:50:21 #8 type.registry] 
New type java.util.Vector<java.lang.Object>

[2025-05-04 16:50:21 #9 type.registry] 
New type java.util.Vector<domain.Ride>

[2025-05-04 16:50:21 #10 type.registry] 
New type java.util.Vector<domain.Passenger>

------------------------------------------------------------------------------------------------------------------------

[2025-05-04 16:50:35 #1 store] 
Database 'C:\Users\1153342\git\Rides\Rides24\src\main\resources\rides.temp' has been recovered (tr. 1-7)

[2025-05-04 16:50:35 #2 store] 
Database 'C:\Users\1153342\git\Rides\Rides24\src\main\resources\rides.temp' is opened by 55864@Anne

[2025-05-04 16:50:35 #3 type] 
Type domain.Driver is not enhanced.

[2025-05-04 16:50:35 #4 type] 
Type domain.Ride is not enhanced.

[2025-05-04 16:50:35 #5 type] 
Type domain.Passenger is not enhanced.

[2025-05-04 16:50:42 #6 type.registry] 
New type domain.Mail

[2025-05-04 16:50:42 #7 type] 
Type domain.Mail is not enhanced.

------------------------------------------------------------------------------------------------------------------------

[2025-05-04 16:50:58 #1 store] 
Database 'C:\Users\1153342\git\Rides\Rides24\src\main\resources\rides.temp' has been recovered (tr. 8-10)

[2025-05-04 16:50:58 #2 store] 
Database 'C:\Users\1153342\git\Rides\Rides24\src\main\resources\rides.temp' is opened by 60284@Anne

[2025-05-04 16:50:58 #3 type] 
Type domain.Driver is not enhanced.

[2025-05-04 16:50:58 #4 type] 
Type domain.Ride is not enhanced.

[2025-05-04 16:50:58 #5 type] 
Type domain.Passenger is not enhanced.

[2025-05-04 16:50:58 #6 type] 
Type domain.Mail is not enhanced.

[2025-05-04 16:51:14 #7 type.registry] 
New type domain.Reservation

[2025-05-04 16:51:14 #8 type] 
Type domain.Reservation is not enhanced.

------------------------------------------------------------------------------------------------------------------------

[2025-05-04 16:51:40 #1 store] 
Database 'C:\Users\1153342\git\Rides\Rides24\src\main\resources\rides.temp' has been recovered (tr. 11-12)

[2025-05-04 16:51:40 #2 store] 
Database 'C:\Users\1153342\git\Rides\Rides24\src\main\resources\rides.temp' is opened by 46060@Anne

[2025-05-04 16:51:40 #3 type] 
Type domain.Driver is not enhanced.

[2025-05-04 16:51:40 #4 type] 
Type domain.Ride is not enhanced.

[2025-05-04 16:51:40 #5 type] 
Type domain.Passenger is not enhanced.

[2025-05-04 16:51:40 #6 type] 
Type domain.Mail is not enhanced.

[2025-05-04 16:51:40 #7 type] 
Type domain.Reservation is not enhanced.

------------------------------------------------------------------------------------------------------------------------

[2025-05-04 16:52:05 #1 store] 
Database 'C:\Users\1153342\git\Rides\Rides24\src\main\resources\rides.temp' has been recovered (tr. 13-13)

[2025-05-04 16:52:05 #2 store] 
Database 'C:\Users\1153342\git\Rides\Rides24\src\main\resources\rides.temp' is opened by 58192@Anne

[2025-05-04 16:52:05 #3 type] 
Type domain.Driver is not enhanced.

[2025-05-04 16:52:05 #4 type] 
Type domain.Ride is not enhanced.

[2025-05-04 16:52:05 #5 type] 
Type domain.Passenger is not enhanced.

[2025-05-04 16:52:05 #6 type] 
Type domain.Mail is not enhanced.

[2025-05-04 16:52:05 #7 type] 
Type domain.Reservation is not enhanced.

------------------------------------------------------------------------------------------------------------------------

[2025-05-04 16:52:16 #1 store] 
Database 'C:\Users\1153342\git\Rides\Rides24\src\main\resources\rides.temp' has been recovered (tr. 14-14)

[2025-05-04 16:52:16 #2 store] 
Database 'C:\Users\1153342\git\Rides\Rides24\src\main\resources\rides.temp' is opened by 60132@Anne

[2025-05-04 16:52:16 #3 type] 
Type domain.Driver is not enhanced.

[2025-05-04 16:52:16 #4 type] 
Type domain.Ride is not enhanced.

[2025-05-04 16:52:16 #5 type] 
Type domain.Passenger is not enhanced.

[2025-05-04 16:52:16 #6 type] 
Type domain.Mail is not enhanced.

[2025-05-04 16:52:16 #7 type] 
Type domain.Reservation is not enhanced.

------------------------------------------------------------------------------------------------------------------------

[2025-05-04 16:53:02 #1 store] 
Database 'C:\Users\1153342\git\Rides\Rides24\src\main\resources\rides.temp' has been recovered (tr. 15-16)

[2025-05-04 16:53:02 #2 store] 
Database 'C:\Users\1153342\git\Rides\Rides24\src\main\resources\rides.temp' is opened by 51936@Anne

[2025-05-04 16:53:02 #3 type] 
Type domain.Driver is not enhanced.

[2025-05-04 16:53:02 #4 type] 
Type domain.Ride is not enhanced.

[2025-05-04 16:53:02 #5 type] 
Type domain.Passenger is not enhanced.

[2025-05-04 16:53:02 #6 type] 
Type domain.Mail is not enhanced.

[2025-05-04 16:53:02 #7 type] 
Type domain.Reservation is not enhanced.

------------------------------------------------------------------------------------------------------------------------

[2025-05-04 16:53:21 #1 store] 
Database 'C:\Users\1153342\git\Rides\Rides24\src\main\resources\rides.temp' is opened by 56824@Anne

[2025-05-04 16:53:21 #2 type] 
Type domain.Driver is not enhanced.

[2025-05-04 16:53:21 #3 type] 
Type domain.Ride is not enhanced.

[2025-05-04 16:53:21 #4 type] 
Type domain.Passenger is not enhanced.

[2025-05-04 16:53:21 #5 type] 
Type domain.Mail is not enhanced.

[2025-05-04 16:53:21 #6 type] 
Type domain.Reservation is not enhanced.

------------------------------------------------------------------------------------------------------------------------

[2025-05-04 17:32:59 #1 store] 
Database 'C:\Users\1153342\git\Rides\Rides24\src\main\resources\rides.temp' is opened by 30956@Anne

[2025-05-04 17:32:59 #2 type] 
Type domain.Driver is not enhanced.

[2025-05-04 17:32:59 #3 type] 
Type domain.Ride is not enhanced.

[2025-05-04 17:32:59 #4 type] 
Type domain.Passenger is not enhanced.

[2025-05-04 17:32:59 #5 type] 
Type domain.Mail is not enhanced.

[2025-05-04 17:32:59 #6 type] 
Type domain.Reservation is not enhanced.

------------------------------------------------------------------------------------------------------------------------

[2025-05-04 17:34:00 #1 store] 
Database 'C:\Users\1153342\git\Rides\Rides24\src\main\resources\rides.temp' is opened by 15136@Anne

[2025-05-04 17:34:00 #2 type] 
Type domain.Driver is not enhanced.

[2025-05-04 17:34:00 #3 type] 
Type domain.Ride is not enhanced.

[2025-05-04 17:34:00 #4 type] 
Type domain.Passenger is not enhanced.

[2025-05-04 17:34:00 #5 type] 
Type domain.Mail is not enhanced.

[2025-05-04 17:34:00 #6 type] 
Type domain.Reservation is not enhanced.

------------------------------------------------------------------------------------------------------------------------

[2025-05-04 17:34:55 #1 store] 
Database 'C:\Users\1153342\git\Rides\Rides24\src\main\resources\rides.temp' is opened by 54236@Anne

[2025-05-04 17:34:55 #2 type] 
Type domain.Driver is not enhanced.

[2025-05-04 17:34:55 #3 type] 
Type domain.Ride is not enhanced.

[2025-05-04 17:34:55 #4 type] 
Type domain.Passenger is not enhanced.

[2025-05-04 17:34:55 #5 type] 
Type domain.Mail is not enhanced.

[2025-05-04 17:34:55 #6 type] 
Type domain.Reservation is not enhanced.

------------------------------------------------------------------------------------------------------------------------

[2025-05-04 17:36:36 #1 store] 
Database 'C:\Users\1153342\git\Rides\Rides24\src\main\resources\rides.temp' is opened by 63316@Anne

[2025-05-04 17:36:36 #2 type] 
Type domain.Driver is not enhanced.

[2025-05-04 17:36:36 #3 type] 
Type domain.Ride is not enhanced.

[2025-05-04 17:36:36 #4 type] 
Type domain.Passenger is not enhanced.

[2025-05-04 17:36:36 #5 type] 
Type domain.Mail is not enhanced.

[2025-05-04 17:36:36 #6 type] 
Type domain.Reservation is not enhanced.

------------------------------------------------------------------------------------------------------------------------

[2025-05-04 17:39:11 #1 store] 
Database 'C:\Users\1153342\git\Rides\Rides24\src\main\resources\rides.temp' is opened by 56632@Anne

[2025-05-04 17:39:11 #2 type] 
Type domain.Driver is not enhanced.

[2025-05-04 17:39:11 #3 type] 
Type domain.Ride is not enhanced.

[2025-05-04 17:39:11 #4 type] 
Type domain.Passenger is not enhanced.

[2025-05-04 17:39:11 #5 type] 
Type domain.Mail is not enhanced.

[2025-05-04 17:39:11 #6 type] 
Type domain.Reservation is not enhanced.

------------------------------------------------------------------------------------------------------------------------

[2025-05-04 17:39:33 #1 store] 
Database 'C:\Users\1153342\git\Rides\Rides24\src\main\resources\rides.temp' is opened by 62868@Anne

[2025-05-04 17:39:33 #2 type] 
Type domain.Driver is not enhanced.

[2025-05-04 17:39:33 #3 type] 
Type domain.Ride is not enhanced.

[2025-05-04 17:39:33 #4 type] 
Type domain.Passenger is not enhanced.

[2025-05-04 17:39:33 #5 type] 
Type domain.Mail is not enhanced.

[2025-05-04 17:39:33 #6 type] 
Type domain.Reservation is not enhanced.

------------------------------------------------------------------------------------------------------------------------

[2025-05-04 17:50:50 #1 store] 
Database 'C:\Users\1153342\git\Rides\Rides24\src\main\resources\rides.temp' is opened by 51680@Anne

[2025-05-04 17:50:50 #2 type] 
Type domain.Driver is not enhanced.

[2025-05-04 17:50:50 #3 type] 
Type domain.Ride is not enhanced.

[2025-05-04 17:50:50 #4 type] 
Type domain.Passenger is not enhanced.

[2025-05-04 17:50:50 #5 type] 
Type domain.Mail is not enhanced.

[2025-05-04 17:50:50 #6 type] 
Type domain.Reservation is not enhanced.

------------------------------------------------------------------------------------------------------------------------

[2025-05-04 17:52:28 #1 store] 
Database 'C:\Users\1153342\git\Rides\Rides24\src\main\resources\rides.temp' has been recovered (tr. 17-17)

[2025-05-04 17:52:28 #2 store] 
Database 'C:\Users\1153342\git\Rides\Rides24\src\main\resources\rides.temp' is opened by 54352@Anne

[2025-05-04 17:52:28 #3 type] 
Type domain.Driver is not enhanced.

[2025-05-04 17:52:28 #4 type] 
Type domain.Ride is not enhanced.

[2025-05-04 17:52:28 #5 type] 
Type domain.Passenger is not enhanced.

[2025-05-04 17:52:28 #6 type] 
Type domain.Mail is not enhanced.

[2025-05-04 17:52:28 #7 type] 
Type domain.Reservation is not enhanced.

------------------------------------------------------------------------------------------------------------------------

[2025-05-04 17:55:50 #1 store] 
Database 'C:\Users\1153342\git\Rides\Rides24\src\main\resources\rides.temp' is opened by 54116@Anne

[2025-05-04 17:55:50 #2 type] 
Type domain.Driver is not enhanced.

[2025-05-04 17:55:50 #3 type] 
Type domain.Ride is not enhanced.

[2025-05-04 17:55:50 #4 type] 
Type domain.Passenger is not enhanced.

[2025-05-04 17:55:50 #5 type] 
Type domain.Mail is not enhanced.

[2025-05-04 17:55:50 #6 type] 
Type domain.Reservation is not enhanced.

------------------------------------------------------------------------------------------------------------------------

[2025-05-04 17:56:17 #1 store] 
Database 'C:\Users\1153342\git\Rides\Rides24\src\main\resources\rides.temp' is opened by 52160@Anne

[2025-05-04 17:56:17 #2 type] 
Type domain.Driver is not enhanced.

[2025-05-04 17:56:17 #3 type] 
Type domain.Ride is not enhanced.

[2025-05-04 17:56:17 #4 type] 
Type domain.Passenger is not enhanced.

[2025-05-04 17:56:17 #5 type] 
Type domain.Mail is not enhanced.

[2025-05-04 17:56:17 #6 type] 
Type domain.Reservation is not enhanced.

