------------------------------------------------------------------------------------------------------------------------

[2025-04-02 15:49:25 #1 store] 
Database 'C:\Users\1153342\Downloads\SegundaIteracion JAR\Rides24\src\main\resources\rides.temp' is opened by 47152@Anne

[2025-04-02 15:49:34 #2 type.registry] 
New type domain.Passenger

[2025-04-02 15:49:34 #3 type] 
Type domain.Passenger is not enhanced.

[2025-04-02 15:49:34 #4 type.registry] 
New type domain.Ride

[2025-04-02 15:49:34 #5 type] 
Type domain.Ride is not enhanced.

[2025-04-02 15:49:34 #6 type.registry] 
New type domain.Driver

[2025-04-02 15:49:34 #7 type] 
Type domain.Driver is not enhanced.

[2025-04-02 15:49:42 #8 type.registry] 
New type java.util.Vector<java.lang.Object>

[2025-04-02 15:49:42 #9 type.registry] 
New type java.util.Vector<domain.Ride>

------------------------------------------------------------------------------------------------------------------------

[2025-04-02 15:49:53 #1 store] 
Database 'C:\Users\1153342\Downloads\SegundaIteracion JAR\Rides24\src\main\resources\rides.temp' has been recovered (tr. 1-6)

[2025-04-02 15:49:53 #2 store] 
Database 'C:\Users\1153342\Downloads\SegundaIteracion JAR\Rides24\src\main\resources\rides.temp' is opened by 23684@Anne

[2025-04-02 15:49:53 #3 type] 
Type domain.Passenger is not enhanced.

[2025-04-02 15:49:54 #4 type] 
Type domain.Ride is not enhanced.

[2025-04-02 15:49:54 #5 type] 
Type domain.Driver is not enhanced.

------------------------------------------------------------------------------------------------------------------------

[2025-04-02 15:50:09 #1 store] 
Database 'C:\Users\1153342\Downloads\SegundaIteracion JAR\Rides24\src\main\resources\rides.temp' is opened by 45356@Anne

[2025-04-02 15:50:09 #2 type] 
Type domain.Passenger is not enhanced.

[2025-04-02 15:50:09 #3 type] 
Type domain.Ride is not enhanced.

[2025-04-02 15:50:09 #4 type] 
Type domain.Driver is not enhanced.

[2025-04-02 15:50:34 #5 type.registry] 
New type java.util.Vector<domain.Passenger>

------------------------------------------------------------------------------------------------------------------------

[2025-04-02 15:50:51 #1 store] 
Database 'C:\Users\1153342\Downloads\SegundaIteracion JAR\Rides24\src\main\resources\rides.temp' has been recovered (tr. 7-10)

[2025-04-02 15:50:52 #2 store] 
Database 'C:\Users\1153342\Downloads\SegundaIteracion JAR\Rides24\src\main\resources\rides.temp' is opened by 48168@Anne

[2025-04-02 15:50:52 #3 type] 
Type domain.Passenger is not enhanced.

[2025-04-02 15:50:52 #4 type] 
Type domain.Ride is not enhanced.

[2025-04-02 15:50:52 #5 type] 
Type domain.Driver is not enhanced.

------------------------------------------------------------------------------------------------------------------------

[2025-04-02 15:51:05 #1 store] 
Database 'C:\Users\1153342\Downloads\SegundaIteracion JAR\Rides24\src\main\resources\rides.temp' is opened by 8716@Anne

[2025-04-02 15:51:05 #2 type] 
Type domain.Passenger is not enhanced.

[2025-04-02 15:51:05 #3 type] 
Type domain.Ride is not enhanced.

[2025-04-02 15:51:05 #4 type] 
Type domain.Driver is not enhanced.

[2025-04-02 15:51:16 #5 type.registry] 
New type domain.Reservation

[2025-04-02 15:51:16 #6 type] 
Type domain.Reservation is not enhanced.

------------------------------------------------------------------------------------------------------------------------

[2025-04-02 15:52:52 #1 store] 
Database 'C:\Users\1153342\Downloads\SegundaIteracion JAR\Rides24\src\main\resources\rides.temp' has been recovered (tr. 11-19)

[2025-04-02 15:52:52 #2 store] 
Database 'C:\Users\1153342\Downloads\SegundaIteracion JAR\Rides24\src\main\resources\rides.temp' is opened by 48132@Anne

[2025-04-02 15:52:52 #3 type] 
Type domain.Passenger is not enhanced.

[2025-04-02 15:52:52 #4 type] 
Type domain.Ride is not enhanced.

[2025-04-02 15:52:52 #5 type] 
Type domain.Driver is not enhanced.

[2025-04-02 15:52:52 #6 type] 
Type domain.Reservation is not enhanced.

------------------------------------------------------------------------------------------------------------------------

[2025-04-02 15:53:05 #1 store] 
Database 'C:\Users\1153342\Downloads\SegundaIteracion JAR\Rides24\src\main\resources\rides.temp' is opened by 46580@Anne

[2025-04-02 15:53:05 #2 type] 
Type domain.Passenger is not enhanced.

[2025-04-02 15:53:05 #3 type] 
Type domain.Ride is not enhanced.

[2025-04-02 15:53:05 #4 type] 
Type domain.Driver is not enhanced.

[2025-04-02 15:53:05 #5 type] 
Type domain.Reservation is not enhanced.

------------------------------------------------------------------------------------------------------------------------

[2025-04-02 15:54:14 #1 store] 
Database 'C:\Users\1153342\Downloads\SegundaIteracion JAR\Rides24\src\main\resources\rides.temp' is opened by 13296@Anne

[2025-04-02 15:54:14 #2 type] 
Type domain.Passenger is not enhanced.

[2025-04-02 15:54:14 #3 type] 
Type domain.Ride is not enhanced.

[2025-04-02 15:54:14 #4 type] 
Type domain.Driver is not enhanced.

[2025-04-02 15:54:14 #5 type] 
Type domain.Reservation is not enhanced.

------------------------------------------------------------------------------------------------------------------------

[2025-04-02 15:54:31 #1 store] 
Database 'C:\Users\1153342\Downloads\SegundaIteracion JAR\Rides24\src\main\resources\rides.temp' is opened by 12464@Anne

[2025-04-02 15:54:31 #2 type] 
Type domain.Passenger is not enhanced.

[2025-04-02 15:54:31 #3 type] 
Type domain.Ride is not enhanced.

[2025-04-02 15:54:31 #4 type] 
Type domain.Driver is not enhanced.

[2025-04-02 15:54:31 #5 type] 
Type domain.Reservation is not enhanced.

------------------------------------------------------------------------------------------------------------------------

[2025-04-02 15:54:39 #1 store] 
Database 'C:\Users\1153342\Downloads\SegundaIteracion JAR\Rides24\src\main\resources\rides.temp' is opened by 46840@Anne

[2025-04-02 15:54:39 #2 type] 
Type domain.Passenger is not enhanced.

[2025-04-02 15:54:39 #3 type] 
Type domain.Ride is not enhanced.

[2025-04-02 15:54:39 #4 type] 
Type domain.Driver is not enhanced.

[2025-04-02 15:54:39 #5 type] 
Type domain.Reservation is not enhanced.

------------------------------------------------------------------------------------------------------------------------

[2025-04-02 15:55:57 #1 store] 
Database 'C:\Users\1153342\Downloads\SegundaIteracion JAR\Rides24\src\main\resources\rides.temp' is opened by 48652@Anne

[2025-04-02 15:55:57 #2 type.registry] 
New type domain.Driver

[2025-04-02 15:55:57 #3 type] 
Type domain.Driver is not enhanced.

[2025-04-02 15:55:57 #4 type.registry] 
New type domain.Ride

[2025-04-02 15:55:57 #5 type] 
Type domain.Ride is not enhanced.

[2025-04-02 15:55:57 #6 type.registry] 
New type domain.Passenger

[2025-04-02 15:55:57 #7 type] 
Type domain.Passenger is not enhanced.

[2025-04-02 15:55:57 #8 type.registry] 
New type java.util.Vector<java.lang.Object>

[2025-04-02 15:55:57 #9 type.registry] 
New type java.util.Vector<domain.Ride>

[2025-04-02 15:55:57 #10 type.registry] 
New type java.util.Vector<domain.Passenger>

------------------------------------------------------------------------------------------------------------------------

[2025-04-02 15:56:04 #1 store] 
Database 'C:\Users\1153342\Downloads\SegundaIteracion JAR\Rides24\src\main\resources\rides.temp' has been recovered (tr. 1-7)

[2025-04-02 15:56:04 #2 store] 
Database 'C:\Users\1153342\Downloads\SegundaIteracion JAR\Rides24\src\main\resources\rides.temp' is opened by 29616@Anne

[2025-04-02 15:56:04 #3 type] 
Type domain.Driver is not enhanced.

[2025-04-02 15:56:04 #4 type] 
Type domain.Ride is not enhanced.

[2025-04-02 15:56:04 #5 type] 
Type domain.Passenger is not enhanced.

------------------------------------------------------------------------------------------------------------------------

[2025-04-02 15:57:01 #1 store] 
Database 'C:\Users\1153342\Downloads\SegundaIteracion JAR\Rides24\src\main\resources\rides.temp' is opened by 47820@Anne

[2025-04-02 15:57:01 #2 type] 
Type domain.Driver is not enhanced.

[2025-04-02 15:57:01 #3 type] 
Type domain.Ride is not enhanced.

[2025-04-02 15:57:01 #4 type] 
Type domain.Passenger is not enhanced.

[2025-04-02 15:57:14 #5 type.registry] 
New type domain.Reservation

[2025-04-02 15:57:14 #6 type] 
Type domain.Reservation is not enhanced.

------------------------------------------------------------------------------------------------------------------------

[2025-04-02 15:57:32 #1 store] 
Database 'C:\Users\1153342\Downloads\SegundaIteracion JAR\Rides24\src\main\resources\rides.temp' has been recovered (tr. 11-14)

[2025-04-02 15:57:32 #2 store] 
Database 'C:\Users\1153342\Downloads\SegundaIteracion JAR\Rides24\src\main\resources\rides.temp' is opened by 48636@Anne

[2025-04-02 15:57:32 #3 type] 
Type domain.Driver is not enhanced.

[2025-04-02 15:57:32 #4 type] 
Type domain.Ride is not enhanced.

[2025-04-02 15:57:32 #5 type] 
Type domain.Passenger is not enhanced.

[2025-04-02 15:57:32 #6 type] 
Type domain.Reservation is not enhanced.

------------------------------------------------------------------------------------------------------------------------

[2025-04-02 15:57:59 #1 store] 
Database 'C:\Users\1153342\Downloads\SegundaIteracion JAR\Rides24\src\main\resources\rides.temp' has been recovered (tr. 15-16)

[2025-04-02 15:57:59 #2 store] 
Database 'C:\Users\1153342\Downloads\SegundaIteracion JAR\Rides24\src\main\resources\rides.temp' is opened by 22696@Anne

[2025-04-02 15:57:59 #3 type] 
Type domain.Driver is not enhanced.

[2025-04-02 15:57:59 #4 type] 
Type domain.Ride is not enhanced.

[2025-04-02 15:57:59 #5 type] 
Type domain.Passenger is not enhanced.

[2025-04-02 15:57:59 #6 type] 
Type domain.Reservation is not enhanced.

------------------------------------------------------------------------------------------------------------------------

[2025-04-02 15:58:24 #1 store] 
Database 'C:\Users\1153342\Downloads\SegundaIteracion JAR\Rides24\src\main\resources\rides.temp' is opened by 20112@Anne

[2025-04-02 15:58:24 #2 type] 
Type domain.Driver is not enhanced.

[2025-04-02 15:58:24 #3 type] 
Type domain.Ride is not enhanced.

[2025-04-02 15:58:24 #4 type] 
Type domain.Passenger is not enhanced.

[2025-04-02 15:58:24 #5 type] 
Type domain.Reservation is not enhanced.

------------------------------------------------------------------------------------------------------------------------

[2025-04-02 15:58:39 #1 store] 
Database 'C:\Users\1153342\Downloads\SegundaIteracion JAR\Rides24\src\main\resources\rides.temp' is opened by 25188@Anne

[2025-04-02 15:58:39 #2 type] 
Type domain.Driver is not enhanced.

[2025-04-02 15:58:39 #3 type] 
Type domain.Ride is not enhanced.

[2025-04-02 15:58:39 #4 type] 
Type domain.Passenger is not enhanced.

[2025-04-02 15:58:39 #5 type] 
Type domain.Reservation is not enhanced.

------------------------------------------------------------------------------------------------------------------------

[2025-04-02 15:59:18 #1 store] 
Database 'C:\Users\1153342\Downloads\SegundaIteracion JAR\Rides24\src\main\resources\rides.temp' is opened by 20580@Anne

[2025-04-02 15:59:18 #2 type] 
Type domain.Driver is not enhanced.

[2025-04-02 15:59:18 #3 type] 
Type domain.Ride is not enhanced.

[2025-04-02 15:59:18 #4 type] 
Type domain.Passenger is not enhanced.

[2025-04-02 15:59:18 #5 type] 
Type domain.Reservation is not enhanced.

------------------------------------------------------------------------------------------------------------------------

[2025-04-02 15:59:44 #1 store] 
Database 'C:\Users\1153342\Downloads\SegundaIteracion JAR\Rides24\src\main\resources\rides.temp' is opened by 39972@Anne

[2025-04-02 15:59:45 #2 type] 
Type domain.Driver is not enhanced.

[2025-04-02 15:59:45 #3 type] 
Type domain.Ride is not enhanced.

[2025-04-02 15:59:45 #4 type] 
Type domain.Passenger is not enhanced.

[2025-04-02 15:59:45 #5 type] 
Type domain.Reservation is not enhanced.

------------------------------------------------------------------------------------------------------------------------

[2025-04-02 16:00:01 #1 store] 
Database 'C:\Users\1153342\Downloads\SegundaIteracion JAR\Rides24\src\main\resources\rides.temp' is opened by 47808@Anne

[2025-04-02 16:00:01 #2 type] 
Type domain.Driver is not enhanced.

[2025-04-02 16:00:01 #3 type] 
Type domain.Ride is not enhanced.

[2025-04-02 16:00:01 #4 type] 
Type domain.Passenger is not enhanced.

[2025-04-02 16:00:01 #5 type] 
Type domain.Reservation is not enhanced.

------------------------------------------------------------------------------------------------------------------------

[2025-04-02 16:00:22 #1 store] 
Database 'C:\Users\1153342\Downloads\SegundaIteracion JAR\Rides24\src\main\resources\rides.temp' is opened by 44604@Anne

[2025-04-02 16:00:22 #2 type] 
Type domain.Driver is not enhanced.

[2025-04-02 16:00:22 #3 type] 
Type domain.Ride is not enhanced.

[2025-04-02 16:00:22 #4 type] 
Type domain.Passenger is not enhanced.

[2025-04-02 16:00:22 #5 type] 
Type domain.Reservation is not enhanced.

------------------------------------------------------------------------------------------------------------------------

[2025-04-02 16:00:53 #1 store] 
Database 'C:\Users\1153342\Downloads\SegundaIteracion JAR\Rides24\src\main\resources\rides.temp' has been recovered (tr. 17-17)

[2025-04-02 16:00:53 #2 store] 
Database 'C:\Users\1153342\Downloads\SegundaIteracion JAR\Rides24\src\main\resources\rides.temp' is opened by 35816@Anne

[2025-04-02 16:00:53 #3 type] 
Type domain.Driver is not enhanced.

[2025-04-02 16:00:53 #4 type] 
Type domain.Ride is not enhanced.

[2025-04-02 16:00:53 #5 type] 
Type domain.Passenger is not enhanced.

[2025-04-02 16:00:53 #6 type] 
Type domain.Reservation is not enhanced.

------------------------------------------------------------------------------------------------------------------------

[2025-04-02 16:01:32 #1 store] 
Database 'C:\Users\1153342\Downloads\SegundaIteracion JAR\Rides24\src\main\resources\rides.temp' is opened by 32316@Anne

[2025-04-02 16:01:32 #2 type] 
Type domain.Driver is not enhanced.

[2025-04-02 16:01:32 #3 type] 
Type domain.Ride is not enhanced.

[2025-04-02 16:01:32 #4 type] 
Type domain.Passenger is not enhanced.

[2025-04-02 16:01:32 #5 type] 
Type domain.Reservation is not enhanced.

------------------------------------------------------------------------------------------------------------------------

[2025-04-02 16:01:45 #1 store] 
Database 'C:\Users\1153342\Downloads\SegundaIteracion JAR\Rides24\src\main\resources\rides.temp' is opened by 47124@Anne

[2025-04-02 16:01:45 #2 type] 
Type domain.Driver is not enhanced.

[2025-04-02 16:01:45 #3 type] 
Type domain.Ride is not enhanced.

[2025-04-02 16:01:45 #4 type] 
Type domain.Passenger is not enhanced.

[2025-04-02 16:01:45 #5 type] 
Type domain.Reservation is not enhanced.

------------------------------------------------------------------------------------------------------------------------

[2025-04-02 16:02:12 #1 store] 
Database 'C:\Users\1153342\Downloads\SegundaIteracion JAR\Rides24\src\main\resources\rides.temp' has been recovered (tr. 18-18)

[2025-04-02 16:02:12 #2 store] 
Database 'C:\Users\1153342\Downloads\SegundaIteracion JAR\Rides24\src\main\resources\rides.temp' is opened by 38112@Anne

[2025-04-02 16:02:13 #3 type] 
Type domain.Driver is not enhanced.

[2025-04-02 16:02:13 #4 type] 
Type domain.Ride is not enhanced.

[2025-04-02 16:02:13 #5 type] 
Type domain.Passenger is not enhanced.

[2025-04-02 16:02:13 #6 type] 
Type domain.Reservation is not enhanced.

------------------------------------------------------------------------------------------------------------------------

[2025-04-02 16:02:35 #1 store] 
Database 'C:\Users\1153342\Downloads\SegundaIteracion JAR\Rides24\src\main\resources\rides.temp' is opened by 26392@Anne

[2025-04-02 16:02:35 #2 type] 
Type domain.Driver is not enhanced.

[2025-04-02 16:02:35 #3 type] 
Type domain.Ride is not enhanced.

[2025-04-02 16:02:35 #4 type] 
Type domain.Passenger is not enhanced.

[2025-04-02 16:02:35 #5 type] 
Type domain.Reservation is not enhanced.

------------------------------------------------------------------------------------------------------------------------

[2025-04-02 16:02:43 #1 store] 
Database 'C:\Users\1153342\Downloads\SegundaIteracion JAR\Rides24\src\main\resources\rides.temp' is opened by 45728@Anne

[2025-04-02 16:02:43 #2 type.registry] 
New type domain.Driver

[2025-04-02 16:02:43 #3 type] 
Type domain.Driver is not enhanced.

[2025-04-02 16:02:43 #4 type.registry] 
New type domain.Ride

[2025-04-02 16:02:43 #5 type] 
Type domain.Ride is not enhanced.

[2025-04-02 16:02:43 #6 type.registry] 
New type domain.Passenger

[2025-04-02 16:02:43 #7 type] 
Type domain.Passenger is not enhanced.

[2025-04-02 16:02:43 #8 type.registry] 
New type java.util.Vector<java.lang.Object>

[2025-04-02 16:02:43 #9 type.registry] 
New type java.util.Vector<domain.Ride>

[2025-04-02 16:02:43 #10 type.registry] 
New type java.util.Vector<domain.Passenger>

------------------------------------------------------------------------------------------------------------------------

[2025-04-02 16:02:54 #1 store] 
Database 'C:\Users\1153342\Downloads\SegundaIteracion JAR\Rides24\src\main\resources\rides.temp' has been recovered (tr. 1-7)

[2025-04-02 16:02:54 #2 store] 
Database 'C:\Users\1153342\Downloads\SegundaIteracion JAR\Rides24\src\main\resources\rides.temp' is opened by 41560@Anne

[2025-04-02 16:02:54 #3 type] 
Type domain.Driver is not enhanced.

[2025-04-02 16:02:54 #4 type] 
Type domain.Ride is not enhanced.

[2025-04-02 16:02:54 #5 type] 
Type domain.Passenger is not enhanced.

------------------------------------------------------------------------------------------------------------------------

[2025-04-02 16:03:19 #1 store] 
Database 'C:\Users\1153342\Downloads\SegundaIteracion JAR\Rides24\src\main\resources\rides.temp' has been recovered (tr. 8-10)

[2025-04-02 16:03:19 #2 store] 
Database 'C:\Users\1153342\Downloads\SegundaIteracion JAR\Rides24\src\main\resources\rides.temp' is opened by 26052@Anne

[2025-04-02 16:03:19 #3 type] 
Type domain.Driver is not enhanced.

[2025-04-02 16:03:19 #4 type] 
Type domain.Ride is not enhanced.

[2025-04-02 16:03:19 #5 type] 
Type domain.Passenger is not enhanced.

[2025-04-02 16:03:33 #6 type.registry] 
New type domain.Reservation

[2025-04-02 16:03:33 #7 type] 
Type domain.Reservation is not enhanced.

------------------------------------------------------------------------------------------------------------------------

[2025-04-02 16:03:43 #1 store] 
Database 'C:\Users\1153342\Downloads\SegundaIteracion JAR\Rides24\src\main\resources\rides.temp' has been recovered (tr. 11-14)

[2025-04-02 16:03:43 #2 store] 
Database 'C:\Users\1153342\Downloads\SegundaIteracion JAR\Rides24\src\main\resources\rides.temp' is opened by 21056@Anne

[2025-04-02 16:03:44 #3 type] 
Type domain.Driver is not enhanced.

[2025-04-02 16:03:44 #4 type] 
Type domain.Ride is not enhanced.

[2025-04-02 16:03:44 #5 type] 
Type domain.Passenger is not enhanced.

[2025-04-02 16:03:44 #6 type] 
Type domain.Reservation is not enhanced.

------------------------------------------------------------------------------------------------------------------------

[2025-04-02 16:03:56 #1 store] 
Database 'C:\Users\1153342\Downloads\SegundaIteracion JAR\Rides24\src\main\resources\rides.temp' has been recovered (tr. 15-16)

[2025-04-02 16:03:56 #2 store] 
Database 'C:\Users\1153342\Downloads\SegundaIteracion JAR\Rides24\src\main\resources\rides.temp' is opened by 48580@Anne

[2025-04-02 16:03:56 #3 type] 
Type domain.Driver is not enhanced.

[2025-04-02 16:03:56 #4 type] 
Type domain.Ride is not enhanced.

[2025-04-02 16:03:56 #5 type] 
Type domain.Passenger is not enhanced.

[2025-04-02 16:03:56 #6 type] 
Type domain.Reservation is not enhanced.

------------------------------------------------------------------------------------------------------------------------

[2025-04-02 16:13:22 #1 store] 
Database 'C:\Users\1153342\Downloads\SegundaIteracion JAR\Rides24\src\main\resources\rides.temp' has been recovered (tr. 17-17)

[2025-04-02 16:13:22 #2 store] 
Database 'C:\Users\1153342\Downloads\SegundaIteracion JAR\Rides24\src\main\resources\rides.temp' is opened by 25444@Anne

[2025-04-02 16:13:22 #3 type] 
Type domain.Driver is not enhanced.

[2025-04-02 16:13:22 #4 type] 
Type domain.Ride is not enhanced.

[2025-04-02 16:13:22 #5 type] 
Type domain.Passenger is not enhanced.

[2025-04-02 16:13:22 #6 type] 
Type domain.Reservation is not enhanced.

[2025-04-02 16:13:39 #7 type.registry] 
New type domain.Rating

[2025-04-02 16:13:39 #8 type] 
Type domain.Rating is not enhanced.

------------------------------------------------------------------------------------------------------------------------

[2025-04-02 16:16:55 #1 store] 
Database 'C:\Users\1153342\Downloads\SegundaIteracion JAR\Rides24\src\main\resources\rides.temp' has been recovered (tr. 18-19)

[2025-04-02 16:16:55 #2 store] 
Database 'C:\Users\1153342\Downloads\SegundaIteracion JAR\Rides24\src\main\resources\rides.temp' is opened by 22696@Anne

[2025-04-02 16:16:56 #3 type] 
Type domain.Driver is not enhanced.

[2025-04-02 16:16:56 #4 type] 
Type domain.Ride is not enhanced.

[2025-04-02 16:16:56 #5 type] 
Type domain.Passenger is not enhanced.

[2025-04-02 16:16:56 #6 type] 
Type domain.Reservation is not enhanced.

[2025-04-02 16:16:56 #7 type] 
Type domain.Rating is not enhanced.

------------------------------------------------------------------------------------------------------------------------

[2025-04-02 16:18:01 #1 store] 
Database 'C:\Users\1153342\Downloads\SegundaIteracion JAR\Rides24\src\main\resources\rides.temp' is opened by 17056@Anne

[2025-04-02 16:18:01 #2 type] 
Type domain.Driver is not enhanced.

[2025-04-02 16:18:01 #3 type] 
Type domain.Ride is not enhanced.

[2025-04-02 16:18:01 #4 type] 
Type domain.Passenger is not enhanced.

[2025-04-02 16:18:01 #5 type] 
Type domain.Reservation is not enhanced.

[2025-04-02 16:18:01 #6 type] 
Type domain.Rating is not enhanced.

------------------------------------------------------------------------------------------------------------------------

[2025-04-02 16:18:28 #1 store] 
Database 'C:\Users\1153342\Downloads\SegundaIteracion JAR\Rides24\src\main\resources\rides.temp' has been recovered (tr. 20-20)

[2025-04-02 16:18:28 #2 store] 
Database 'C:\Users\1153342\Downloads\SegundaIteracion JAR\Rides24\src\main\resources\rides.temp' is opened by 35132@Anne

[2025-04-02 16:18:29 #3 type] 
Type domain.Driver is not enhanced.

[2025-04-02 16:18:29 #4 type] 
Type domain.Ride is not enhanced.

[2025-04-02 16:18:29 #5 type] 
Type domain.Passenger is not enhanced.

[2025-04-02 16:18:29 #6 type] 
Type domain.Reservation is not enhanced.

[2025-04-02 16:18:29 #7 type] 
Type domain.Rating is not enhanced.

------------------------------------------------------------------------------------------------------------------------

[2025-04-02 16:18:42 #1 store] 
Database 'C:\Users\1153342\Downloads\SegundaIteracion JAR\Rides24\src\main\resources\rides.temp' has been recovered (tr. 21-21)

[2025-04-02 16:18:42 #2 store] 
Database 'C:\Users\1153342\Downloads\SegundaIteracion JAR\Rides24\src\main\resources\rides.temp' is opened by 15604@Anne

[2025-04-02 16:18:43 #3 type] 
Type domain.Driver is not enhanced.

[2025-04-02 16:18:43 #4 type] 
Type domain.Ride is not enhanced.

[2025-04-02 16:18:43 #5 type] 
Type domain.Passenger is not enhanced.

[2025-04-02 16:18:43 #6 type] 
Type domain.Reservation is not enhanced.

[2025-04-02 16:18:43 #7 type] 
Type domain.Rating is not enhanced.

------------------------------------------------------------------------------------------------------------------------

[2025-04-02 16:36:49 #1 store] 
Database 'C:\Users\1153342\Downloads\SegundaIteracion JAR\Rides24\src\main\resources\rides.temp' has been recovered (tr. 22-22)

[2025-04-02 16:36:49 #2 store] 
Database 'C:\Users\1153342\Downloads\SegundaIteracion JAR\Rides24\src\main\resources\rides.temp' is opened by 4880@Anne

[2025-04-02 16:36:49 #3 type] 
Type domain.Driver is not enhanced.

[2025-04-02 16:36:49 #4 type] 
Type domain.Ride is not enhanced.

[2025-04-02 16:36:49 #5 type] 
Type domain.Passenger is not enhanced.

[2025-04-02 16:36:49 #6 type] 
Type domain.Reservation is not enhanced.

[2025-04-02 16:36:49 #7 type] 
Type domain.Rating is not enhanced.

------------------------------------------------------------------------------------------------------------------------

[2025-04-02 16:37:00 #1 store] 
Database 'C:\Users\1153342\Downloads\SegundaIteracion JAR\Rides24\src\main\resources\rides.temp' is opened by 46520@Anne

[2025-04-02 16:37:00 #2 type] 
Type domain.Driver is not enhanced.

[2025-04-02 16:37:00 #3 type] 
Type domain.Ride is not enhanced.

[2025-04-02 16:37:00 #4 type] 
Type domain.Passenger is not enhanced.

[2025-04-02 16:37:00 #5 type] 
Type domain.Reservation is not enhanced.

[2025-04-02 16:37:00 #6 type] 
Type domain.Rating is not enhanced.

------------------------------------------------------------------------------------------------------------------------

[2025-04-02 16:38:17 #1 store] 
Database 'C:\Users\1153342\Downloads\SegundaIteracion JAR\Rides24\src\main\resources\rides.temp' is opened by 43404@Anne

[2025-04-02 16:38:17 #2 type] 
Type domain.Driver is not enhanced.

[2025-04-02 16:38:17 #3 type] 
Type domain.Ride is not enhanced.

[2025-04-02 16:38:17 #4 type] 
Type domain.Passenger is not enhanced.

[2025-04-02 16:38:17 #5 type] 
Type domain.Reservation is not enhanced.

[2025-04-02 16:38:17 #6 type] 
Type domain.Rating is not enhanced.

------------------------------------------------------------------------------------------------------------------------

[2025-04-02 16:39:32 #1 store] 
Database 'C:\Users\1153342\Downloads\SegundaIteracion JAR\Rides24\src\main\resources\rides.temp' is opened by 37496@Anne

[2025-04-02 16:39:32 #2 type] 
Type domain.Driver is not enhanced.

[2025-04-02 16:39:32 #3 type] 
Type domain.Ride is not enhanced.

[2025-04-02 16:39:32 #4 type] 
Type domain.Passenger is not enhanced.

[2025-04-02 16:39:32 #5 type] 
Type domain.Reservation is not enhanced.

[2025-04-02 16:39:32 #6 type] 
Type domain.Rating is not enhanced.

------------------------------------------------------------------------------------------------------------------------

[2025-04-02 16:41:15 #1 store] 
Database 'C:\Users\1153342\Downloads\SegundaIteracion JAR\Rides24\src\main\resources\rides.temp' is opened by 47704@Anne

[2025-04-02 16:41:15 #2 type.registry] 
New type domain.Driver

[2025-04-02 16:41:15 #3 type] 
Type domain.Driver is not enhanced.

[2025-04-02 16:41:15 #4 type.registry] 
New type domain.Ride

[2025-04-02 16:41:15 #5 type] 
Type domain.Ride is not enhanced.

[2025-04-02 16:41:15 #6 type.registry] 
New type domain.Passenger

[2025-04-02 16:41:15 #7 type] 
Type domain.Passenger is not enhanced.

[2025-04-02 16:41:15 #8 type.registry] 
New type java.util.Vector<java.lang.Object>

[2025-04-02 16:41:15 #9 type.registry] 
New type java.util.Vector<domain.Ride>

[2025-04-02 16:41:15 #10 type.registry] 
New type java.util.Vector<domain.Passenger>

------------------------------------------------------------------------------------------------------------------------

[2025-04-02 18:03:36 #1 store] 
Database 'C:\Users\34639\eclipse-workspace\IS\Rides24\src\main\resources\rides.temp' has been recovered (tr. 1-7)

[2025-04-02 18:03:36 #2 store] 
Database 'C:\Users\34639\eclipse-workspace\IS\Rides24\src\main\resources\rides.temp' is opened by 14688@DESKTOP-MHH985K

[2025-04-02 18:03:36 #3 type] 
Type domain.Driver is not enhanced.

[2025-04-02 18:03:36 #4 type] 
Type domain.Ride is not enhanced.

[2025-04-02 18:03:36 #5 type] 
Type domain.Passenger is not enhanced.

