------------------------------------------------------------------------------------------------------------------------

[2025-10-10 20:20:31 #1 store] 
Database 'C:\Users\1153342\git\ridesFinal3\Rides24\src\main\resources\rides.temp' has been recovered (tr. 427-495)

[2025-10-10 20:20:31 #2 store] 
Database 'C:\Users\1153342\git\ridesFinal3\Rides24\src\main\resources\rides.temp' is opened by 20284@Anne

[2025-10-10 20:20:32 #3 type] 
Type domain.Driver is not enhanced.

[2025-10-10 20:20:32 #4 type] 
Type domain.Monedero is not enhanced.

[2025-10-10 20:20:32 #5 type] 
Type domain.Ride is not enhanced.

[2025-10-10 20:20:32 #6 type] 
Type domain.Transaction is not enhanced.

[2025-10-10 20:20:32 #7 type] 
Type domain.Passenger is not enhanced.

[2025-10-10 20:20:32 #8 type] 
Type domain.Mail is not enhanced.

[2025-10-10 20:20:32 #9 type] 
Type domain.Reservation is not enhanced.

------------------------------------------------------------------------------------------------------------------------

[2025-10-10 20:21:38 #1 store] 
Database 'C:\Users\1153342\git\ridesFinal3\Rides24\src\main\resources\rides.temp' has been recovered (tr. 496-505)

[2025-10-10 20:21:38 #2 store] 
Database 'C:\Users\1153342\git\ridesFinal3\Rides24\src\main\resources\rides.temp' is opened by 6816@Anne

[2025-10-10 20:21:38 #3 type] 
Type domain.Driver is not enhanced.

[2025-10-10 20:21:38 #4 type] 
Type domain.Monedero is not enhanced.

[2025-10-10 20:21:38 #5 type] 
Type domain.Ride is not enhanced.

[2025-10-10 20:21:38 #6 type] 
Type domain.Transaction is not enhanced.

[2025-10-10 20:21:38 #7 type] 
Type domain.Passenger is not enhanced.

[2025-10-10 20:21:38 #8 type] 
Type domain.Mail is not enhanced.

[2025-10-10 20:21:38 #9 type] 
Type domain.Reservation is not enhanced.

------------------------------------------------------------------------------------------------------------------------

[2025-10-10 20:27:00 #1 store] 
Database 'C:\Users\1153342\git\ridesFinal3\Rides24\src\main\resources\rides.temp' has been recovered (tr. 506-535)

[2025-10-10 20:27:00 #2 store] 
Database 'C:\Users\1153342\git\ridesFinal3\Rides24\src\main\resources\rides.temp' is opened by 41920@Anne

[2025-10-10 20:27:00 #3 type] 
Type domain.Driver is not enhanced.

[2025-10-10 20:27:00 #4 type] 
Type domain.Monedero is not enhanced.

[2025-10-10 20:27:00 #5 type] 
Type domain.Ride is not enhanced.

[2025-10-10 20:27:00 #6 type] 
Type domain.Transaction is not enhanced.

[2025-10-10 20:27:00 #7 type] 
Type domain.Passenger is not enhanced.

[2025-10-10 20:27:00 #8 type] 
Type domain.Mail is not enhanced.

[2025-10-10 20:27:00 #9 type] 
Type domain.Reservation is not enhanced.

------------------------------------------------------------------------------------------------------------------------

[2025-10-10 20:42:55 #1 store] 
Database 'C:\Users\1153342\git\ridesFinal3\Rides24\src\main\resources\rides.temp' has been recovered (tr. 536-566)

[2025-10-10 20:42:55 #2 store] 
Database 'C:\Users\1153342\git\ridesFinal3\Rides24\src\main\resources\rides.temp' is opened by 37032@Anne

[2025-10-10 20:42:55 #3 type] 
Type domain.Driver is not enhanced.

[2025-10-10 20:42:55 #4 type] 
Type domain.Monedero is not enhanced.

[2025-10-10 20:42:55 #5 type] 
Type domain.Ride is not enhanced.

[2025-10-10 20:42:55 #6 type] 
Type domain.Transaction is not enhanced.

[2025-10-10 20:42:55 #7 type] 
Type domain.Passenger is not enhanced.

[2025-10-10 20:42:55 #8 type] 
Type domain.Mail is not enhanced.

[2025-10-10 20:42:55 #9 type] 
Type domain.Reservation is not enhanced.

------------------------------------------------------------------------------------------------------------------------

[2025-10-10 20:47:07 #1 store] 
Database 'C:\Users\1153342\git\ridesFinal3\Rides24\src\main\resources\rides.temp' has been recovered (tr. 567-592)

[2025-10-10 20:47:07 #2 store] 
Database 'C:\Users\1153342\git\ridesFinal3\Rides24\src\main\resources\rides.temp' is opened by 39560@Anne

[2025-10-10 20:47:07 #3 type] 
Type domain.Driver is not enhanced.

[2025-10-10 20:47:07 #4 type] 
Type domain.Monedero is not enhanced.

[2025-10-10 20:47:07 #5 type] 
Type domain.Ride is not enhanced.

[2025-10-10 20:47:07 #6 type] 
Type domain.Transaction is not enhanced.

[2025-10-10 20:47:07 #7 type] 
Type domain.Passenger is not enhanced.

[2025-10-10 20:47:07 #8 type] 
Type domain.Mail is not enhanced.

[2025-10-10 20:47:07 #9 type] 
Type domain.Reservation is not enhanced.

------------------------------------------------------------------------------------------------------------------------

[2025-10-10 20:51:57 #1 store] 
Database 'C:\Users\1153342\git\ridesFinal3\Rides24\src\main\resources\rides.temp' has been recovered (tr. 593-622)

[2025-10-10 20:51:58 #2 store] 
Database 'C:\Users\1153342\git\ridesFinal3\Rides24\src\main\resources\rides.temp' is opened by 31484@Anne

[2025-10-10 20:51:58 #3 type] 
Type domain.Driver is not enhanced.

[2025-10-10 20:51:58 #4 type] 
Type domain.Monedero is not enhanced.

[2025-10-10 20:51:58 #5 type] 
Type domain.Ride is not enhanced.

[2025-10-10 20:51:58 #6 type] 
Type domain.Transaction is not enhanced.

[2025-10-10 20:51:58 #7 type] 
Type domain.Passenger is not enhanced.

[2025-10-10 20:51:58 #8 type] 
Type domain.Mail is not enhanced.

[2025-10-10 20:51:58 #9 type] 
Type domain.Reservation is not enhanced.

