------------------------------------------------------------------------------------------------------------------------

[2025-11-11 18:35:10 #1 store] 
Database 'C:\Users\Anne\git\ridesFinal7\src\main\resources\rides.temp' is opened by 25900@DESKTOP-5TL72NK

[2025-11-11 18:35:10 #2 type] 
Type domain.Driver is not enhanced.

[2025-11-11 18:35:10 #3 type] 
Type domain.Monedero is not enhanced.

[2025-11-11 18:35:10 #4 type] 
Type domain.Ride is not enhanced.

[2025-11-11 18:35:10 #5 type] 
Type domain.Transaction is not enhanced.

[2025-11-11 18:35:10 #6 type] 
Type domain.Passenger is not enhanced.

[2025-11-11 18:35:10 #7 type] 
Type domain.Mail is not enhanced.

[2025-11-11 18:35:10 #8 type] 
Type domain.Reservation is not enhanced.

------------------------------------------------------------------------------------------------------------------------

[2025-11-11 18:36:54 #1 store] 
Database 'C:\Users\Anne\git\ridesFinal7\src\main\resources\rides.temp' is opened by 25180@DESKTOP-5TL72NK

[2025-11-11 18:36:54 #2 type] 
Type domain.Driver is not enhanced.

[2025-11-11 18:36:54 #3 type] 
Type domain.Monedero is not enhanced.

[2025-11-11 18:36:54 #4 type] 
Type domain.Ride is not enhanced.

[2025-11-11 18:36:54 #5 type] 
Type domain.Transaction is not enhanced.

[2025-11-11 18:36:54 #6 type] 
Type domain.Passenger is not enhanced.

[2025-11-11 18:36:54 #7 type] 
Type domain.Mail is not enhanced.

[2025-11-11 18:36:54 #8 type] 
Type domain.Reservation is not enhanced.

------------------------------------------------------------------------------------------------------------------------

[2025-11-11 18:37:09 #1 store] 
Database 'C:\Users\Anne\git\ridesFinal7\src\main\resources\rides.temp' is opened by 33508@DESKTOP-5TL72NK

[2025-11-11 18:37:09 #2 type] 
Type domain.Driver is not enhanced.

[2025-11-11 18:37:09 #3 type] 
Type domain.Monedero is not enhanced.

[2025-11-11 18:37:09 #4 type] 
Type domain.Ride is not enhanced.

[2025-11-11 18:37:09 #5 type] 
Type domain.Transaction is not enhanced.

[2025-11-11 18:37:09 #6 type] 
Type domain.Passenger is not enhanced.

[2025-11-11 18:37:09 #7 type] 
Type domain.Mail is not enhanced.

[2025-11-11 18:37:09 #8 type] 
Type domain.Reservation is not enhanced.

------------------------------------------------------------------------------------------------------------------------

[2025-11-11 18:37:36 #1 store] 
Database 'C:\Users\Anne\git\ridesFinal7\src\main\resources\rides.temp' is opened by 33492@DESKTOP-5TL72NK

[2025-11-11 18:37:37 #2 type] 
Type domain.Driver is not enhanced.

[2025-11-11 18:37:37 #3 type] 
Type domain.Monedero is not enhanced.

[2025-11-11 18:37:37 #4 type] 
Type domain.Ride is not enhanced.

[2025-11-11 18:37:37 #5 type] 
Type domain.Transaction is not enhanced.

[2025-11-11 18:37:37 #6 type] 
Type domain.Passenger is not enhanced.

[2025-11-11 18:37:37 #7 type] 
Type domain.Mail is not enhanced.

[2025-11-11 18:37:37 #8 type] 
Type domain.Reservation is not enhanced.

------------------------------------------------------------------------------------------------------------------------

[2025-11-11 18:37:44 #1 store] 
Database 'C:\Users\Anne\git\ridesFinal7\src\main\resources\rides.temp' is opened by 16344@DESKTOP-5TL72NK

[2025-11-11 18:37:44 #2 type] 
Type domain.Driver is not enhanced.

[2025-11-11 18:37:44 #3 type] 
Type domain.Monedero is not enhanced.

[2025-11-11 18:37:44 #4 type] 
Type domain.Ride is not enhanced.

[2025-11-11 18:37:44 #5 type] 
Type domain.Transaction is not enhanced.

[2025-11-11 18:37:44 #6 type] 
Type domain.Passenger is not enhanced.

[2025-11-11 18:37:44 #7 type] 
Type domain.Mail is not enhanced.

[2025-11-11 18:37:44 #8 type] 
Type domain.Reservation is not enhanced.

------------------------------------------------------------------------------------------------------------------------

[2025-11-11 18:37:56 #1 store] 
Database 'C:\Users\Anne\git\ridesFinal7\src\main\resources\rides.temp' is opened by 33080@DESKTOP-5TL72NK

[2025-11-11 18:37:57 #2 type] 
Type domain.Driver is not enhanced.

[2025-11-11 18:37:57 #3 type] 
Type domain.Monedero is not enhanced.

[2025-11-11 18:37:57 #4 type] 
Type domain.Ride is not enhanced.

[2025-11-11 18:37:57 #5 type] 
Type domain.Transaction is not enhanced.

[2025-11-11 18:37:57 #6 type] 
Type domain.Passenger is not enhanced.

[2025-11-11 18:37:57 #7 type] 
Type domain.Mail is not enhanced.

[2025-11-11 18:37:57 #8 type] 
Type domain.Reservation is not enhanced.

------------------------------------------------------------------------------------------------------------------------

[2025-11-11 18:38:07 #1 store] 
Database 'C:\Users\Anne\git\ridesFinal7\src\main\resources\rides.temp' is opened by 31600@DESKTOP-5TL72NK

[2025-11-11 18:38:07 #2 type] 
Type domain.Driver is not enhanced.

[2025-11-11 18:38:07 #3 type] 
Type domain.Monedero is not enhanced.

[2025-11-11 18:38:07 #4 type] 
Type domain.Ride is not enhanced.

[2025-11-11 18:38:07 #5 type] 
Type domain.Transaction is not enhanced.

[2025-11-11 18:38:07 #6 type] 
Type domain.Passenger is not enhanced.

[2025-11-11 18:38:07 #7 type] 
Type domain.Mail is not enhanced.

[2025-11-11 18:38:07 #8 type] 
Type domain.Reservation is not enhanced.

------------------------------------------------------------------------------------------------------------------------

[2025-11-11 18:38:34 #1 store] 
Database 'C:\Users\Anne\git\ridesFinal7\src\main\resources\rides.temp' is opened by 9432@DESKTOP-5TL72NK

[2025-11-11 18:38:34 #2 type] 
Type domain.Driver is not enhanced.

[2025-11-11 18:38:34 #3 type] 
Type domain.Monedero is not enhanced.

[2025-11-11 18:38:34 #4 type] 
Type domain.Ride is not enhanced.

[2025-11-11 18:38:34 #5 type] 
Type domain.Transaction is not enhanced.

[2025-11-11 18:38:34 #6 type] 
Type domain.Passenger is not enhanced.

[2025-11-11 18:38:34 #7 type] 
Type domain.Mail is not enhanced.

[2025-11-11 18:38:34 #8 type] 
Type domain.Reservation is not enhanced.

------------------------------------------------------------------------------------------------------------------------

[2025-11-11 18:38:51 #1 store] 
Database 'C:\Users\Anne\git\ridesFinal7\src\main\resources\rides.temp' has been recovered (tr. 909-909)

[2025-11-11 18:38:51 #2 store] 
Database 'C:\Users\Anne\git\ridesFinal7\src\main\resources\rides.temp' is opened by 33224@DESKTOP-5TL72NK

[2025-11-11 18:38:51 #3 type] 
Type domain.Driver is not enhanced.

[2025-11-11 18:38:51 #4 type] 
Type domain.Monedero is not enhanced.

[2025-11-11 18:38:51 #5 type] 
Type domain.Ride is not enhanced.

[2025-11-11 18:38:51 #6 type] 
Type domain.Transaction is not enhanced.

[2025-11-11 18:38:51 #7 type] 
Type domain.Passenger is not enhanced.

[2025-11-11 18:38:51 #8 type] 
Type domain.Mail is not enhanced.

[2025-11-11 18:38:51 #9 type] 
Type domain.Reservation is not enhanced.

------------------------------------------------------------------------------------------------------------------------

[2025-11-11 18:41:17 #1 store] 
Database 'C:\Users\Anne\git\ridesFinal7\src\main\resources\rides.temp' has been recovered (tr. 910-911)

[2025-11-11 18:41:17 #2 store] 
Database 'C:\Users\Anne\git\ridesFinal7\src\main\resources\rides.temp' is opened by 11528@DESKTOP-5TL72NK

[2025-11-11 18:41:18 #3 type] 
Type domain.Driver is not enhanced.

[2025-11-11 18:41:18 #4 type] 
Type domain.Monedero is not enhanced.

[2025-11-11 18:41:18 #5 type] 
Type domain.Ride is not enhanced.

[2025-11-11 18:41:18 #6 type] 
Type domain.Transaction is not enhanced.

[2025-11-11 18:41:18 #7 type] 
Type domain.Passenger is not enhanced.

[2025-11-11 18:41:18 #8 type] 
Type domain.Mail is not enhanced.

[2025-11-11 18:41:18 #9 type] 
Type domain.Reservation is not enhanced.

------------------------------------------------------------------------------------------------------------------------

[2025-11-11 18:42:04 #1 store] 
Database 'C:\Users\Anne\git\ridesFinal7\src\main\resources\rides.temp' is opened by 29528@DESKTOP-5TL72NK

[2025-11-11 18:42:04 #2 type] 
Type domain.Driver is not enhanced.

[2025-11-11 18:42:04 #3 type] 
Type domain.Monedero is not enhanced.

[2025-11-11 18:42:04 #4 type] 
Type domain.Ride is not enhanced.

[2025-11-11 18:42:04 #5 type] 
Type domain.Transaction is not enhanced.

[2025-11-11 18:42:04 #6 type] 
Type domain.Passenger is not enhanced.

[2025-11-11 18:42:04 #7 type] 
Type domain.Mail is not enhanced.

[2025-11-11 18:42:04 #8 type] 
Type domain.Reservation is not enhanced.

------------------------------------------------------------------------------------------------------------------------

[2025-11-11 18:42:39 #1 store] 
Database 'C:\Users\Anne\git\ridesFinal7\src\main\resources\rides.temp' is opened by 29716@DESKTOP-5TL72NK

[2025-11-11 18:42:39 #2 type] 
Type domain.Driver is not enhanced.

[2025-11-11 18:42:39 #3 type] 
Type domain.Monedero is not enhanced.

[2025-11-11 18:42:39 #4 type] 
Type domain.Ride is not enhanced.

[2025-11-11 18:42:39 #5 type] 
Type domain.Transaction is not enhanced.

[2025-11-11 18:42:39 #6 type] 
Type domain.Passenger is not enhanced.

[2025-11-11 18:42:39 #7 type] 
Type domain.Mail is not enhanced.

[2025-11-11 18:42:39 #8 type] 
Type domain.Reservation is not enhanced.

------------------------------------------------------------------------------------------------------------------------

[2025-11-11 18:43:34 #1 store] 
Database 'C:\Users\Anne\git\ridesFinal7\src\main\resources\rides.temp' is opened by 31312@DESKTOP-5TL72NK

[2025-11-11 18:43:34 #2 type] 
Type domain.Driver is not enhanced.

[2025-11-11 18:43:34 #3 type] 
Type domain.Monedero is not enhanced.

[2025-11-11 18:43:34 #4 type] 
Type domain.Ride is not enhanced.

[2025-11-11 18:43:34 #5 type] 
Type domain.Transaction is not enhanced.

[2025-11-11 18:43:34 #6 type] 
Type domain.Passenger is not enhanced.

[2025-11-11 18:43:34 #7 type] 
Type domain.Mail is not enhanced.

[2025-11-11 18:43:34 #8 type] 
Type domain.Reservation is not enhanced.

------------------------------------------------------------------------------------------------------------------------

[2025-11-11 18:43:46 #1 store] 
Database 'C:\Users\Anne\git\ridesFinal7\src\main\resources\rides.temp' is opened by 32096@DESKTOP-5TL72NK

[2025-11-11 18:43:46 #2 type] 
Type domain.Driver is not enhanced.

[2025-11-11 18:43:46 #3 type] 
Type domain.Monedero is not enhanced.

[2025-11-11 18:43:46 #4 type] 
Type domain.Ride is not enhanced.

[2025-11-11 18:43:46 #5 type] 
Type domain.Transaction is not enhanced.

[2025-11-11 18:43:46 #6 type] 
Type domain.Passenger is not enhanced.

[2025-11-11 18:43:46 #7 type] 
Type domain.Mail is not enhanced.

[2025-11-11 18:43:46 #8 type] 
Type domain.Reservation is not enhanced.

------------------------------------------------------------------------------------------------------------------------

[2025-11-11 18:44:47 #1 store] 
Database 'C:\Users\Anne\git\ridesFinal7\src\main\resources\rides.temp' is opened by 25568@DESKTOP-5TL72NK

[2025-11-11 18:44:47 #2 type] 
Type domain.Driver is not enhanced.

[2025-11-11 18:44:47 #3 type] 
Type domain.Monedero is not enhanced.

[2025-11-11 18:44:48 #4 type] 
Type domain.Ride is not enhanced.

[2025-11-11 18:44:48 #5 type] 
Type domain.Transaction is not enhanced.

[2025-11-11 18:44:48 #6 type] 
Type domain.Passenger is not enhanced.

[2025-11-11 18:44:48 #7 type] 
Type domain.Mail is not enhanced.

[2025-11-11 18:44:48 #8 type] 
Type domain.Reservation is not enhanced.

------------------------------------------------------------------------------------------------------------------------

[2025-11-11 18:45:04 #1 store] 
Database 'C:\Users\Anne\git\ridesFinal7\src\main\resources\rides.temp' is opened by 1788@DESKTOP-5TL72NK

[2025-11-11 18:45:04 #2 type] 
Type domain.Driver is not enhanced.

[2025-11-11 18:45:04 #3 type] 
Type domain.Monedero is not enhanced.

[2025-11-11 18:45:04 #4 type] 
Type domain.Ride is not enhanced.

[2025-11-11 18:45:04 #5 type] 
Type domain.Transaction is not enhanced.

[2025-11-11 18:45:04 #6 type] 
Type domain.Passenger is not enhanced.

[2025-11-11 18:45:04 #7 type] 
Type domain.Mail is not enhanced.

[2025-11-11 18:45:04 #8 type] 
Type domain.Reservation is not enhanced.

------------------------------------------------------------------------------------------------------------------------

[2025-11-11 18:45:14 #1 store] 
Database 'C:\Users\Anne\git\ridesFinal7\src\main\resources\rides.temp' is opened by 32376@DESKTOP-5TL72NK

[2025-11-11 18:45:15 #2 type] 
Type domain.Driver is not enhanced.

[2025-11-11 18:45:15 #3 type] 
Type domain.Monedero is not enhanced.

[2025-11-11 18:45:15 #4 type] 
Type domain.Ride is not enhanced.

[2025-11-11 18:45:15 #5 type] 
Type domain.Transaction is not enhanced.

[2025-11-11 18:45:15 #6 type] 
Type domain.Passenger is not enhanced.

[2025-11-11 18:45:15 #7 type] 
Type domain.Mail is not enhanced.

[2025-11-11 18:45:15 #8 type] 
Type domain.Reservation is not enhanced.

------------------------------------------------------------------------------------------------------------------------

[2025-11-11 18:45:29 #1 store] 
Database 'C:\Users\Anne\git\ridesFinal7\src\main\resources\rides.temp' is opened by 8116@DESKTOP-5TL72NK

[2025-11-11 18:45:29 #2 type] 
Type domain.Driver is not enhanced.

[2025-11-11 18:45:29 #3 type] 
Type domain.Monedero is not enhanced.

[2025-11-11 18:45:29 #4 type] 
Type domain.Ride is not enhanced.

[2025-11-11 18:45:29 #5 type] 
Type domain.Transaction is not enhanced.

[2025-11-11 18:45:29 #6 type] 
Type domain.Passenger is not enhanced.

[2025-11-11 18:45:29 #7 type] 
Type domain.Mail is not enhanced.

[2025-11-11 18:45:29 #8 type] 
Type domain.Reservation is not enhanced.

------------------------------------------------------------------------------------------------------------------------

[2025-11-11 18:45:42 #1 store] 
Database 'C:\Users\Anne\git\ridesFinal7\src\main\resources\rides.temp' is opened by 26660@DESKTOP-5TL72NK

[2025-11-11 18:45:42 #2 type] 
Type domain.Driver is not enhanced.

[2025-11-11 18:45:42 #3 type] 
Type domain.Monedero is not enhanced.

[2025-11-11 18:45:42 #4 type] 
Type domain.Ride is not enhanced.

[2025-11-11 18:45:42 #5 type] 
Type domain.Transaction is not enhanced.

[2025-11-11 18:45:42 #6 type] 
Type domain.Passenger is not enhanced.

[2025-11-11 18:45:42 #7 type] 
Type domain.Mail is not enhanced.

[2025-11-11 18:45:42 #8 type] 
Type domain.Reservation is not enhanced.

------------------------------------------------------------------------------------------------------------------------

[2025-11-11 18:46:29 #1 store] 
Database 'C:\Users\Anne\git\ridesFinal7\src\main\resources\rides.temp' has been recovered (tr. 912-913)

[2025-11-11 18:46:29 #2 store] 
Database 'C:\Users\Anne\git\ridesFinal7\src\main\resources\rides.temp' is opened by 28616@DESKTOP-5TL72NK

[2025-11-11 18:46:29 #3 type] 
Type domain.Driver is not enhanced.

[2025-11-11 18:46:29 #4 type] 
Type domain.Monedero is not enhanced.

[2025-11-11 18:46:29 #5 type] 
Type domain.Ride is not enhanced.

[2025-11-11 18:46:29 #6 type] 
Type domain.Transaction is not enhanced.

[2025-11-11 18:46:29 #7 type] 
Type domain.Passenger is not enhanced.

[2025-11-11 18:46:29 #8 type] 
Type domain.Mail is not enhanced.

[2025-11-11 18:46:29 #9 type] 
Type domain.Reservation is not enhanced.

------------------------------------------------------------------------------------------------------------------------

[2025-11-11 20:13:31 #1 store] 
Database 'C:\Users\mikel\git\ridesFinal7\src\main\resources\rides.temp' is opened by 20924@ASUS-VivoBook

[2025-11-11 20:13:32 #2 type] 
Type domain.Driver is not enhanced.

[2025-11-11 20:13:32 #3 type] 
Type domain.Monedero is not enhanced.

[2025-11-11 20:13:32 #4 type] 
Type domain.Ride is not enhanced.

[2025-11-11 20:13:32 #5 type] 
Type domain.Transaction is not enhanced.

[2025-11-11 20:13:32 #6 type] 
Type domain.Passenger is not enhanced.

[2025-11-11 20:13:32 #7 type] 
Type domain.Mail is not enhanced.

[2025-11-11 20:13:32 #8 type] 
Type domain.Reservation is not enhanced.

------------------------------------------------------------------------------------------------------------------------

[2025-11-11 20:16:03 #1 store] 
Database 'C:\Users\mikel\git\ridesFinal7\src\main\resources\rides.temp' is opened by 35952@ASUS-VivoBook

[2025-11-11 20:16:03 #2 type] 
Type domain.Driver is not enhanced.

[2025-11-11 20:16:03 #3 type] 
Type domain.Monedero is not enhanced.

[2025-11-11 20:16:03 #4 type] 
Type domain.Ride is not enhanced.

[2025-11-11 20:16:03 #5 type] 
Type domain.Transaction is not enhanced.

[2025-11-11 20:16:03 #6 type] 
Type domain.Passenger is not enhanced.

[2025-11-11 20:16:03 #7 type] 
Type domain.Mail is not enhanced.

[2025-11-11 20:16:03 #8 type] 
Type domain.Reservation is not enhanced.

------------------------------------------------------------------------------------------------------------------------

[2025-11-11 20:16:58 #1 store] 
Database 'C:\Users\mikel\git\ridesFinal7\src\main\resources\rides.temp' is opened by 36336@ASUS-VivoBook

[2025-11-11 20:16:58 #2 type] 
Type domain.Driver is not enhanced.

[2025-11-11 20:16:58 #3 type] 
Type domain.Monedero is not enhanced.

[2025-11-11 20:16:58 #4 type] 
Type domain.Ride is not enhanced.

[2025-11-11 20:16:58 #5 type] 
Type domain.Transaction is not enhanced.

[2025-11-11 20:16:58 #6 type] 
Type domain.Passenger is not enhanced.

[2025-11-11 20:16:58 #7 type] 
Type domain.Mail is not enhanced.

[2025-11-11 20:16:58 #8 type] 
Type domain.Reservation is not enhanced.

------------------------------------------------------------------------------------------------------------------------

[2025-11-11 20:17:22 #1 store] 
Database 'C:\Users\mikel\git\ridesFinal7\src\main\resources\rides.temp' is opened by 21568@ASUS-VivoBook

[2025-11-11 20:17:22 #2 type] 
Type domain.Driver is not enhanced.

[2025-11-11 20:17:22 #3 type] 
Type domain.Monedero is not enhanced.

[2025-11-11 20:17:22 #4 type] 
Type domain.Ride is not enhanced.

[2025-11-11 20:17:22 #5 type] 
Type domain.Transaction is not enhanced.

[2025-11-11 20:17:22 #6 type] 
Type domain.Passenger is not enhanced.

[2025-11-11 20:17:22 #7 type] 
Type domain.Mail is not enhanced.

[2025-11-11 20:17:22 #8 type] 
Type domain.Reservation is not enhanced.

------------------------------------------------------------------------------------------------------------------------

[2025-11-11 20:20:50 #1 store] 
Database 'C:\Users\mikel\git\ridesFinal7\src\main\resources\rides.temp' is opened by 35224@ASUS-VivoBook

[2025-11-11 20:20:50 #2 type] 
Type domain.Driver is not enhanced.

[2025-11-11 20:20:50 #3 type] 
Type domain.Monedero is not enhanced.

[2025-11-11 20:20:50 #4 type] 
Type domain.Ride is not enhanced.

[2025-11-11 20:20:50 #5 type] 
Type domain.Transaction is not enhanced.

[2025-11-11 20:20:50 #6 type] 
Type domain.Passenger is not enhanced.

[2025-11-11 20:20:50 #7 type] 
Type domain.Mail is not enhanced.

[2025-11-11 20:20:50 #8 type] 
Type domain.Reservation is not enhanced.

------------------------------------------------------------------------------------------------------------------------

[2025-11-11 20:33:58 #1 store] 
Database 'C:\Users\mikel\git\ridesFinal7\src\main\resources\rides.temp' is opened by 29236@ASUS-VivoBook

[2025-11-11 20:33:58 #2 type] 
Type domain.Driver is not enhanced.

[2025-11-11 20:33:58 #3 type] 
Type domain.Monedero is not enhanced.

[2025-11-11 20:33:58 #4 type] 
Type domain.Ride is not enhanced.

[2025-11-11 20:33:58 #5 type] 
Type domain.Transaction is not enhanced.

[2025-11-11 20:33:58 #6 type] 
Type domain.Passenger is not enhanced.

[2025-11-11 20:33:58 #7 type] 
Type domain.Mail is not enhanced.

[2025-11-11 20:33:58 #8 type] 
Type domain.Reservation is not enhanced.

