------------------------------------------------------------------------------------------------------------------------

[2025-03-06 01:48:07 #1 store] 
Database 'C:\Users\34639\Desktop\IS\Rides_quieroTerminarloYaa\Rides24\src\main\resources\rides.temp' is opened by 21336@DESKTOP-MHH985K

[2025-03-06 01:48:07 #2 type] 
Type domain.Driver is not enhanced.

[2025-03-06 01:48:07 #3 type] 
Type domain.Ride is not enhanced.

[2025-03-06 01:48:07 #4 type] 
Type domain.Passenger is not enhanced.

------------------------------------------------------------------------------------------------------------------------

[2025-03-06 01:50:49 #1 store] 
Database 'C:\Users\34639\Desktop\IS\Rides_quieroTerminarloYaa\Rides24\src\main\resources\rides.temp' is opened by 16256@DESKTOP-MHH985K

[2025-03-06 01:50:49 #2 type] 
Type domain.Driver is not enhanced.

[2025-03-06 01:50:49 #3 type] 
Type domain.Ride is not enhanced.

[2025-03-06 01:50:49 #4 type] 
Type domain.Passenger is not enhanced.

------------------------------------------------------------------------------------------------------------------------

[2025-03-06 01:51:59 #1 store] 
Database 'C:\Users\34639\Desktop\IS\Rides_quieroTerminarloYaa\Rides24\src\main\resources\rides.temp' is opened by 27740@DESKTOP-MHH985K

[2025-03-06 01:51:59 #2 type] 
Type domain.Driver is not enhanced.

[2025-03-06 01:51:59 #3 type] 
Type domain.Ride is not enhanced.

[2025-03-06 01:51:59 #4 type] 
Type domain.Passenger is not enhanced.

------------------------------------------------------------------------------------------------------------------------

[2025-03-06 01:52:33 #1 store] 
Database 'C:\Users\34639\Desktop\IS\Rides_quieroTerminarloYaa\Rides24\src\main\resources\rides.temp' has been recovered (tr. 19-20)

[2025-03-06 01:52:33 #2 store] 
Database 'C:\Users\34639\Desktop\IS\Rides_quieroTerminarloYaa\Rides24\src\main\resources\rides.temp' is opened by 19408@DESKTOP-MHH985K

[2025-03-06 01:52:33 #3 type] 
Type domain.Driver is not enhanced.

[2025-03-06 01:52:33 #4 type] 
Type domain.Ride is not enhanced.

[2025-03-06 01:52:33 #5 type] 
Type domain.Passenger is not enhanced.

------------------------------------------------------------------------------------------------------------------------

[2025-03-06 10:11:35 #1 store] 
Database 'C:\Users\34639\Desktop\IS\Rides_quieroTerminarloYaa\Rides24\src\main\resources\rides.temp' is opened by 15012@DESKTOP-MHH985K

[2025-03-06 10:11:35 #2 type] 
Type domain.Driver is not enhanced.

[2025-03-06 10:11:35 #3 type] 
Type domain.Ride is not enhanced.

[2025-03-06 10:11:35 #4 type] 
Type domain.Passenger is not enhanced.

------------------------------------------------------------------------------------------------------------------------

[2025-03-06 13:04:00 #1 store] 
Database 'C:\Users\34639\Desktop\IS\Rides_quieroTerminarloYaa\Rides24\src\main\resources\rides.temp' is opened by 3108@DESKTOP-MHH985K

[2025-03-06 13:04:00 #2 type] 
Type domain.Driver is not enhanced.

[2025-03-06 13:04:00 #3 type] 
Type domain.Ride is not enhanced.

[2025-03-06 13:04:00 #4 type] 
Type domain.Passenger is not enhanced.

[2025-03-06 13:04:23 #5 type.registry] 
New type domain.Reservation

[2025-03-06 13:04:23 #6 type] 
Type domain.Reservation is not enhanced.

------------------------------------------------------------------------------------------------------------------------

[2025-03-06 13:09:01 #1 store] 
Database 'C:\Users\34639\Desktop\IS\Rides_quieroTerminarloYaa\Rides24\src\main\resources\rides.temp' is opened by 8232@DESKTOP-MHH985K

[2025-03-06 13:09:02 #2 type.registry] 
New type domain.Driver

[2025-03-06 13:09:02 #3 type] 
Type domain.Driver is not enhanced.

[2025-03-06 13:09:02 #4 type.registry] 
New type domain.Ride

[2025-03-06 13:09:02 #5 type] 
Type domain.Ride is not enhanced.

[2025-03-06 13:09:02 #6 type.registry] 
New type domain.Passenger

[2025-03-06 13:09:02 #7 type] 
Type domain.Passenger is not enhanced.

[2025-03-06 13:09:02 #8 type.registry] 
New type java.util.Vector<java.lang.Object>

[2025-03-06 13:09:02 #9 type.registry] 
New type java.util.Vector<domain.Ride>

[2025-03-06 13:09:02 #10 type.registry] 
New type java.util.Vector<domain.Passenger>

------------------------------------------------------------------------------------------------------------------------

[2025-03-06 13:09:10 #1 store] 
Database 'C:\Users\34639\Desktop\IS\Rides_quieroTerminarloYaa\Rides24\src\main\resources\rides.temp' has been recovered (tr. 1-7)

[2025-03-06 13:09:10 #2 store] 
Database 'C:\Users\34639\Desktop\IS\Rides_quieroTerminarloYaa\Rides24\src\main\resources\rides.temp' is opened by 17812@DESKTOP-MHH985K

[2025-03-06 13:09:10 #3 type] 
Type domain.Driver is not enhanced.

[2025-03-06 13:09:10 #4 type] 
Type domain.Ride is not enhanced.

[2025-03-06 13:09:10 #5 type] 
Type domain.Passenger is not enhanced.

------------------------------------------------------------------------------------------------------------------------

[2025-03-06 13:10:44 #1 store] 
Database 'C:\Users\34639\Desktop\IS\Rides_quieroTerminarloYaa\Rides24\src\main\resources\rides.temp' has been recovered (tr. 8-9)

[2025-03-06 13:10:44 #2 store] 
Database 'C:\Users\34639\Desktop\IS\Rides_quieroTerminarloYaa\Rides24\src\main\resources\rides.temp' is opened by 1500@DESKTOP-MHH985K

[2025-03-06 13:10:44 #3 type] 
Type domain.Driver is not enhanced.

[2025-03-06 13:10:44 #4 type] 
Type domain.Ride is not enhanced.

[2025-03-06 13:10:44 #5 type] 
Type domain.Passenger is not enhanced.

------------------------------------------------------------------------------------------------------------------------

[2025-03-06 13:13:37 #1 store] 
Database 'C:\Users\34639\Desktop\IS\Rides_quieroTerminarloYaa\Rides24\src\main\resources\rides.temp' is opened by 2992@DESKTOP-MHH985K

[2025-03-06 13:13:37 #2 type.registry] 
New type domain.Driver

[2025-03-06 13:13:37 #3 type] 
Type domain.Driver is not enhanced.

[2025-03-06 13:13:37 #4 type.registry] 
New type java.util.Vector<java.lang.Object>

------------------------------------------------------------------------------------------------------------------------

[2025-03-06 13:14:26 #1 store] 
Database 'C:\Users\34639\Desktop\IS\Rides_quieroTerminarloYaa\Rides24\src\main\resources\rides.temp' is opened by 15496@DESKTOP-MHH985K

[2025-03-06 13:14:26 #2 type.registry] 
New type domain.Driver

[2025-03-06 13:14:26 #3 type] 
Type domain.Driver is not enhanced.

[2025-03-06 13:14:26 #4 type.registry] 
New type java.util.Vector<java.lang.Object>

------------------------------------------------------------------------------------------------------------------------

[2025-03-06 13:14:57 #1 store] 
Database 'C:\Users\34639\Desktop\IS\Rides_quieroTerminarloYaa\Rides24\src\main\resources\rides.temp' is opened by 13744@DESKTOP-MHH985K

[2025-03-06 13:14:57 #2 type.registry] 
New type domain.Driver

[2025-03-06 13:14:57 #3 type] 
Type domain.Driver is not enhanced.

[2025-03-06 13:14:57 #4 type.registry] 
New type domain.Ride

[2025-03-06 13:14:57 #5 type] 
Type domain.Ride is not enhanced.

[2025-03-06 13:14:57 #6 type.registry] 
New type domain.Passenger

[2025-03-06 13:14:57 #7 type] 
Type domain.Passenger is not enhanced.

[2025-03-06 13:14:57 #8 type.registry] 
New type java.util.Vector<java.lang.Object>

[2025-03-06 13:14:57 #9 type.registry] 
New type java.util.Vector<domain.Ride>

[2025-03-06 13:14:57 #10 type.registry] 
New type java.util.Vector<domain.Passenger>

------------------------------------------------------------------------------------------------------------------------

[2025-03-06 13:15:56 #1 store] 
Database 'C:\Users\34639\Desktop\IS\Rides_quieroTerminarloYaa\Rides24\src\main\resources\rides.temp' is opened by 12516@DESKTOP-MHH985K

[2025-03-06 13:15:56 #2 type.registry] 
New type domain.Driver

[2025-03-06 13:15:56 #3 type] 
Type domain.Driver is not enhanced.

[2025-03-06 13:15:56 #4 type.registry] 
New type domain.Ride

[2025-03-06 13:15:56 #5 type] 
Type domain.Ride is not enhanced.

[2025-03-06 13:15:56 #6 type.registry] 
New type domain.Passenger

[2025-03-06 13:15:56 #7 type] 
Type domain.Passenger is not enhanced.

[2025-03-06 13:15:56 #8 type.registry] 
New type java.util.Vector<java.lang.Object>

[2025-03-06 13:15:56 #9 type.registry] 
New type java.util.Vector<domain.Ride>

[2025-03-06 13:15:56 #10 type.registry] 
New type java.util.Vector<domain.Passenger>

------------------------------------------------------------------------------------------------------------------------

[2025-03-06 13:16:14 #1 store] 
Database 'C:\Users\34639\Desktop\IS\Rides_quieroTerminarloYaa\Rides24\src\main\resources\rides.temp' has been recovered (tr. 1-7)

[2025-03-06 13:16:14 #2 store] 
Database 'C:\Users\34639\Desktop\IS\Rides_quieroTerminarloYaa\Rides24\src\main\resources\rides.temp' is opened by 11060@DESKTOP-MHH985K

[2025-03-06 13:16:14 #3 type] 
Type domain.Driver is not enhanced.

[2025-03-06 13:16:14 #4 type] 
Type domain.Ride is not enhanced.

[2025-03-06 13:16:14 #5 type] 
Type domain.Passenger is not enhanced.

------------------------------------------------------------------------------------------------------------------------

[2025-03-06 13:16:39 #1 store] 
Database 'C:\Users\34639\Desktop\IS\Rides_quieroTerminarloYaa\Rides24\src\main\resources\rides.temp' has been recovered (tr. 8-10)

[2025-03-06 13:16:39 #2 store] 
Database 'C:\Users\34639\Desktop\IS\Rides_quieroTerminarloYaa\Rides24\src\main\resources\rides.temp' is opened by 8180@DESKTOP-MHH985K

[2025-03-06 13:16:39 #3 type] 
Type domain.Driver is not enhanced.

[2025-03-06 13:16:39 #4 type] 
Type domain.Ride is not enhanced.

[2025-03-06 13:16:39 #5 type] 
Type domain.Passenger is not enhanced.

[2025-03-06 13:16:57 #6 type.registry] 
New type domain.Reservation

[2025-03-06 13:16:57 #7 type] 
Type domain.Reservation is not enhanced.

------------------------------------------------------------------------------------------------------------------------

[2025-03-06 13:21:24 #1 store] 
Database 'C:\Users\34639\Desktop\IS\Rides_quieroTerminarloYaa\Rides24\src\main\resources\rides.temp' is opened by 14228@DESKTOP-MHH985K

[2025-03-06 13:21:24 #2 type] 
Type domain.Driver is not enhanced.

[2025-03-06 13:21:24 #3 type] 
Type domain.Ride is not enhanced.

[2025-03-06 13:21:24 #4 type] 
Type domain.Passenger is not enhanced.

[2025-03-06 13:21:24 #5 type] 
Type domain.Reservation is not enhanced.

------------------------------------------------------------------------------------------------------------------------

[2025-03-06 13:24:17 #1 store] 
Database 'C:\Users\34639\Desktop\IS\Rides_quieroTerminarloYaa\Rides24\src\main\resources\rides.temp' is opened by 19296@DESKTOP-MHH985K

[2025-03-06 13:24:17 #2 type] 
Type domain.Driver is not enhanced.

[2025-03-06 13:24:17 #3 type] 
Type domain.Ride is not enhanced.

[2025-03-06 13:24:17 #4 type] 
Type domain.Passenger is not enhanced.

[2025-03-06 13:24:17 #5 type] 
Type domain.Reservation is not enhanced.

------------------------------------------------------------------------------------------------------------------------

[2025-03-06 13:26:17 #1 store] 
Database 'C:\Users\34639\Desktop\IS\Rides_quieroTerminarloYaa\Rides24\src\main\resources\rides.temp' is opened by 1500@DESKTOP-MHH985K

[2025-03-06 13:26:17 #2 type] 
Type domain.Driver is not enhanced.

[2025-03-06 13:26:17 #3 type] 
Type domain.Ride is not enhanced.

[2025-03-06 13:26:17 #4 type] 
Type domain.Passenger is not enhanced.

[2025-03-06 13:26:17 #5 type] 
Type domain.Reservation is not enhanced.

------------------------------------------------------------------------------------------------------------------------

[2025-03-06 13:27:44 #1 store] 
Database 'C:\Users\34639\Desktop\IS\Rides_quieroTerminarloYaa\Rides24\src\main\resources\rides.temp' is opened by 7656@DESKTOP-MHH985K

[2025-03-06 13:27:44 #2 type] 
Type domain.Driver is not enhanced.

[2025-03-06 13:27:44 #3 type] 
Type domain.Ride is not enhanced.

[2025-03-06 13:27:44 #4 type] 
Type domain.Passenger is not enhanced.

[2025-03-06 13:27:44 #5 type] 
Type domain.Reservation is not enhanced.

------------------------------------------------------------------------------------------------------------------------

[2025-03-06 13:28:44 #1 store] 
Database 'C:\Users\34639\Desktop\IS\Rides_quieroTerminarloYaa\Rides24\src\main\resources\rides.temp' is opened by 14084@DESKTOP-MHH985K

[2025-03-06 13:28:44 #2 type] 
Type domain.Driver is not enhanced.

[2025-03-06 13:28:44 #3 type] 
Type domain.Ride is not enhanced.

[2025-03-06 13:28:44 #4 type] 
Type domain.Passenger is not enhanced.

[2025-03-06 13:28:44 #5 type] 
Type domain.Reservation is not enhanced.

------------------------------------------------------------------------------------------------------------------------

[2025-03-06 13:29:45 #1 store] 
Database 'C:\Users\34639\Desktop\IS\Rides_quieroTerminarloYaa\Rides24\src\main\resources\rides.temp' is opened by 3536@DESKTOP-MHH985K

[2025-03-06 13:29:45 #2 type.registry] 
New type domain.Driver

[2025-03-06 13:29:45 #3 type] 
Type domain.Driver is not enhanced.

[2025-03-06 13:29:45 #4 type.registry] 
New type domain.Ride

[2025-03-06 13:29:45 #5 type] 
Type domain.Ride is not enhanced.

[2025-03-06 13:29:45 #6 type.registry] 
New type domain.Passenger

[2025-03-06 13:29:45 #7 type] 
Type domain.Passenger is not enhanced.

[2025-03-06 13:29:45 #8 type.registry] 
New type java.util.Vector<java.lang.Object>

[2025-03-06 13:29:45 #9 type.registry] 
New type java.util.Vector<domain.Ride>

[2025-03-06 13:29:45 #10 type.registry] 
New type java.util.Vector<domain.Passenger>

------------------------------------------------------------------------------------------------------------------------

[2025-03-06 13:29:54 #1 store] 
Database 'C:\Users\34639\Desktop\IS\Rides_quieroTerminarloYaa\Rides24\src\main\resources\rides.temp' has been recovered (tr. 1-7)

[2025-03-06 13:29:54 #2 store] 
Database 'C:\Users\34639\Desktop\IS\Rides_quieroTerminarloYaa\Rides24\src\main\resources\rides.temp' is opened by 10888@DESKTOP-MHH985K

[2025-03-06 13:29:54 #3 type] 
Type domain.Driver is not enhanced.

[2025-03-06 13:29:54 #4 type] 
Type domain.Ride is not enhanced.

[2025-03-06 13:29:54 #5 type] 
Type domain.Passenger is not enhanced.

------------------------------------------------------------------------------------------------------------------------

[2025-03-06 13:30:47 #1 store] 
Database 'C:\Users\34639\Desktop\IS\Rides_quieroTerminarloYaa\Rides24\src\main\resources\rides.temp' has been recovered (tr. 8-11)

[2025-03-06 13:30:47 #2 store] 
Database 'C:\Users\34639\Desktop\IS\Rides_quieroTerminarloYaa\Rides24\src\main\resources\rides.temp' is opened by 16672@DESKTOP-MHH985K

[2025-03-06 13:30:47 #3 type] 
Type domain.Driver is not enhanced.

[2025-03-06 13:30:47 #4 type] 
Type domain.Ride is not enhanced.

[2025-03-06 13:30:47 #5 type] 
Type domain.Passenger is not enhanced.

[2025-03-06 13:31:05 #6 type.registry] 
New type domain.Reservation

[2025-03-06 13:31:05 #7 type] 
Type domain.Reservation is not enhanced.

------------------------------------------------------------------------------------------------------------------------

[2025-03-06 13:37:01 #1 store] 
Database 'C:\Users\34639\Desktop\IS\Rides_quieroTerminarloYaa\Rides24\src\main\resources\rides.temp' is opened by 12580@DESKTOP-MHH985K

[2025-03-06 13:37:01 #2 type] 
Type domain.Driver is not enhanced.

[2025-03-06 13:37:01 #3 type] 
Type domain.Ride is not enhanced.

[2025-03-06 13:37:01 #4 type] 
Type domain.Passenger is not enhanced.

[2025-03-06 13:37:01 #5 type] 
Type domain.Reservation is not enhanced.

------------------------------------------------------------------------------------------------------------------------

[2025-03-06 13:37:44 #1 store] 
Database 'C:\Users\34639\Desktop\IS\Rides_quieroTerminarloYaa\Rides24\src\main\resources\rides.temp' is opened by 17780@DESKTOP-MHH985K

[2025-03-06 13:37:44 #2 type] 
Type domain.Driver is not enhanced.

[2025-03-06 13:37:44 #3 type] 
Type domain.Ride is not enhanced.

[2025-03-06 13:37:44 #4 type] 
Type domain.Passenger is not enhanced.

[2025-03-06 13:37:44 #5 type] 
Type domain.Reservation is not enhanced.

------------------------------------------------------------------------------------------------------------------------

[2025-03-06 13:38:36 #1 store] 
Database 'C:\Users\34639\Desktop\IS\Rides_quieroTerminarloYaa\Rides24\src\main\resources\rides.temp' is opened by 16412@DESKTOP-MHH985K

[2025-03-06 13:38:36 #2 type] 
Type domain.Driver is not enhanced.

[2025-03-06 13:38:36 #3 type] 
Type domain.Ride is not enhanced.

[2025-03-06 13:38:36 #4 type] 
Type domain.Passenger is not enhanced.

[2025-03-06 13:38:36 #5 type] 
Type domain.Reservation is not enhanced.

------------------------------------------------------------------------------------------------------------------------

[2025-03-06 13:40:21 #1 store] 
Database 'C:\Users\34639\Desktop\IS\Rides_quieroTerminarloYaa\Rides24\src\main\resources\rides.temp' is opened by 1968@DESKTOP-MHH985K

[2025-03-06 13:40:21 #2 type] 
Type domain.Driver is not enhanced.

[2025-03-06 13:40:21 #3 type] 
Type domain.Ride is not enhanced.

[2025-03-06 13:40:21 #4 type] 
Type domain.Passenger is not enhanced.

[2025-03-06 13:40:21 #5 type] 
Type domain.Reservation is not enhanced.

------------------------------------------------------------------------------------------------------------------------

[2025-03-06 13:44:20 #1 store] 
Database 'C:\Users\34639\Desktop\IS\Rides_quieroTerminarloYaa\Rides24\src\main\resources\rides.temp' is opened by 6424@DESKTOP-MHH985K

[2025-03-06 13:44:20 #2 type] 
Type domain.Driver is not enhanced.

[2025-03-06 13:44:20 #3 type] 
Type domain.Ride is not enhanced.

[2025-03-06 13:44:20 #4 type] 
Type domain.Passenger is not enhanced.

[2025-03-06 13:44:20 #5 type] 
Type domain.Reservation is not enhanced.

------------------------------------------------------------------------------------------------------------------------

[2025-03-06 13:58:55 #1 store] 
Database 'C:\Users\34639\Desktop\IS\Rides_quieroTerminarloYaa\Rides24\src\main\resources\rides.temp' is opened by 10832@DESKTOP-MHH985K

[2025-03-06 13:58:56 #2 type] 
Type domain.Driver is not enhanced.

[2025-03-06 13:58:56 #3 type] 
Type domain.Ride is not enhanced.

[2025-03-06 13:58:56 #4 type] 
Type domain.Passenger is not enhanced.

[2025-03-06 13:58:56 #5 type] 
Type domain.Reservation is not enhanced.

