------------------------------------------------------------------------------------------------------------------------

[2025-03-30 15:02:37 #1 store] 
Database 'C:\Users\34639\git\rides\Rides24\src\main\resources\rides.temp' is opened by 14168@DESKTOP-MHH985K

[2025-03-30 15:02:38 #2 type] 
Type domain.Driver is not enhanced.

[2025-03-30 15:02:38 #3 type] 
Type domain.Ride is not enhanced.

[2025-03-30 15:02:38 #4 type] 
Type domain.Passenger is not enhanced.

[2025-03-30 15:02:38 #5 type] 
Type domain.Reservation is not enhanced.

------------------------------------------------------------------------------------------------------------------------

[2025-03-30 15:03:16 #1 store] 
Database 'C:\Users\34639\git\rides\Rides24\src\main\resources\rides.temp' is opened by 13808@DESKTOP-MHH985K

[2025-03-30 15:03:16 #2 type] 
Type domain.Driver is not enhanced.

[2025-03-30 15:03:16 #3 type] 
Type domain.Ride is not enhanced.

[2025-03-30 15:03:16 #4 type] 
Type domain.Passenger is not enhanced.

[2025-03-30 15:03:16 #5 type] 
Type domain.Reservation is not enhanced.

------------------------------------------------------------------------------------------------------------------------

[2025-03-30 15:03:42 #1 store] 
Database 'C:\Users\34639\git\rides\Rides24\src\main\resources\rides.temp' has been recovered (tr. 28-30)

[2025-03-30 15:03:42 #2 store] 
Database 'C:\Users\34639\git\rides\Rides24\src\main\resources\rides.temp' is opened by 15256@DESKTOP-MHH985K

[2025-03-30 15:03:42 #3 type] 
Type domain.Driver is not enhanced.

[2025-03-30 15:03:42 #4 type] 
Type domain.Ride is not enhanced.

[2025-03-30 15:03:42 #5 type] 
Type domain.Passenger is not enhanced.

[2025-03-30 15:03:42 #6 type] 
Type domain.Reservation is not enhanced.

------------------------------------------------------------------------------------------------------------------------

[2025-03-30 15:05:05 #1 store] 
Database 'C:\Users\34639\git\rides\Rides24\src\main\resources\rides.temp' is opened by 24252@DESKTOP-MHH985K

[2025-03-30 15:05:06 #2 type] 
Type domain.Driver is not enhanced.

[2025-03-30 15:05:06 #3 type] 
Type domain.Ride is not enhanced.

[2025-03-30 15:05:06 #4 type] 
Type domain.Passenger is not enhanced.

[2025-03-30 15:05:06 #5 type] 
Type domain.Reservation is not enhanced.

------------------------------------------------------------------------------------------------------------------------

[2025-03-30 15:05:35 #1 store] 
Database 'C:\Users\34639\git\rides\Rides24\src\main\resources\rides.temp' is opened by 23404@DESKTOP-MHH985K

[2025-03-30 15:05:35 #2 type] 
Type domain.Driver is not enhanced.

[2025-03-30 15:05:35 #3 type] 
Type domain.Ride is not enhanced.

[2025-03-30 15:05:35 #4 type] 
Type domain.Passenger is not enhanced.

[2025-03-30 15:05:35 #5 type] 
Type domain.Reservation is not enhanced.

------------------------------------------------------------------------------------------------------------------------

[2025-03-30 15:06:11 #1 store] 
Database 'C:\Users\34639\git\rides\Rides24\src\main\resources\rides.temp' is opened by 23876@DESKTOP-MHH985K

[2025-03-30 15:06:11 #2 type] 
Type domain.Driver is not enhanced.

[2025-03-30 15:06:11 #3 type] 
Type domain.Ride is not enhanced.

[2025-03-30 15:06:11 #4 type] 
Type domain.Passenger is not enhanced.

[2025-03-30 15:06:11 #5 type] 
Type domain.Reservation is not enhanced.

------------------------------------------------------------------------------------------------------------------------

[2025-03-30 15:06:25 #1 store] 
Database 'C:\Users\34639\git\rides\Rides24\src\main\resources\rides.temp' is opened by 20448@DESKTOP-MHH985K

[2025-03-30 15:06:25 #2 type] 
Type domain.Driver is not enhanced.

[2025-03-30 15:06:25 #3 type] 
Type domain.Ride is not enhanced.

[2025-03-30 15:06:25 #4 type] 
Type domain.Passenger is not enhanced.

[2025-03-30 15:06:25 #5 type] 
Type domain.Reservation is not enhanced.

------------------------------------------------------------------------------------------------------------------------

[2025-03-30 15:10:13 #1 store] 
Database 'C:\Users\34639\git\rides\Rides24\src\main\resources\rides.temp' is opened by 17784@DESKTOP-MHH985K

[2025-03-30 15:10:13 #2 type] 
Type domain.Driver is not enhanced.

[2025-03-30 15:10:13 #3 type] 
Type domain.Ride is not enhanced.

[2025-03-30 15:10:13 #4 type] 
Type domain.Passenger is not enhanced.

[2025-03-30 15:10:13 #5 type] 
Type domain.Reservation is not enhanced.

