------------------------------------------------------------------------------------------------------------------------

[2025-03-27 09:50:52 #1 store] 
Database 'C:\Users\1153342\git\rides\Rides24\src\main\resources\rides.temp' has been recovered (tr. 26-26)

[2025-03-27 09:50:52 #2 store] 
Database 'C:\Users\1153342\git\rides\Rides24\src\main\resources\rides.temp' is opened by 40304@Anne

[2025-03-27 09:50:52 #3 type] 
Type domain.Driver is not enhanced.

[2025-03-27 09:50:52 #4 type] 
Type domain.Ride is not enhanced.

[2025-03-27 09:50:52 #5 type] 
Type domain.Passenger is not enhanced.

[2025-03-27 09:50:52 #6 type] 
Type domain.Reservation is not enhanced.

------------------------------------------------------------------------------------------------------------------------

[2025-03-27 09:51:35 #1 store] 
Database 'C:\Users\1153342\git\rides\Rides24\src\main\resources\rides.temp' is opened by 26708@Anne

[2025-03-27 09:51:35 #2 type] 
Type domain.Driver is not enhanced.

[2025-03-27 09:51:35 #3 type] 
Type domain.Ride is not enhanced.

[2025-03-27 09:51:35 #4 type] 
Type domain.Passenger is not enhanced.

[2025-03-27 09:51:35 #5 type] 
Type domain.Reservation is not enhanced.

------------------------------------------------------------------------------------------------------------------------

[2025-03-27 09:53:39 #1 store] 
Database 'C:\Users\1153342\git\rides\Rides24\src\main\resources\rides.temp' is opened by 38456@Anne

[2025-03-27 09:53:39 #2 type] 
Type domain.Driver is not enhanced.

[2025-03-27 09:53:39 #3 type] 
Type domain.Ride is not enhanced.

[2025-03-27 09:53:39 #4 type] 
Type domain.Passenger is not enhanced.

[2025-03-27 09:53:39 #5 type] 
Type domain.Reservation is not enhanced.

------------------------------------------------------------------------------------------------------------------------

[2025-03-27 09:53:50 #1 store] 
Database 'C:\Users\1153342\git\rides\Rides24\src\main\resources\rides.temp' is opened by 30472@Anne

[2025-03-27 09:53:50 #2 type] 
Type domain.Driver is not enhanced.

[2025-03-27 09:53:50 #3 type] 
Type domain.Ride is not enhanced.

[2025-03-27 09:53:50 #4 type] 
Type domain.Passenger is not enhanced.

[2025-03-27 09:53:50 #5 type] 
Type domain.Reservation is not enhanced.

------------------------------------------------------------------------------------------------------------------------

[2025-03-27 09:54:43 #1 store] 
Database 'C:\Users\1153342\git\rides\Rides24\src\main\resources\rides.temp' is opened by 17920@Anne

[2025-03-27 09:54:43 #2 type] 
Type domain.Driver is not enhanced.

[2025-03-27 09:54:43 #3 type] 
Type domain.Ride is not enhanced.

[2025-03-27 09:54:43 #4 type] 
Type domain.Passenger is not enhanced.

[2025-03-27 09:54:43 #5 type] 
Type domain.Reservation is not enhanced.

------------------------------------------------------------------------------------------------------------------------

[2025-03-27 09:59:58 #1 store] 
Database 'C:\Users\1153342\git\rides\Rides24\src\main\resources\rides.temp' is opened by 17024@Anne

[2025-03-27 09:59:58 #2 type] 
Type domain.Driver is not enhanced.

[2025-03-27 09:59:58 #3 type] 
Type domain.Ride is not enhanced.

[2025-03-27 09:59:58 #4 type] 
Type domain.Passenger is not enhanced.

[2025-03-27 09:59:58 #5 type] 
Type domain.Reservation is not enhanced.

------------------------------------------------------------------------------------------------------------------------

[2025-03-27 10:00:40 #1 store] 
Database 'C:\Users\1153342\git\rides\Rides24\src\main\resources\rides.temp' is opened by 31812@Anne

[2025-03-27 10:00:40 #2 type] 
Type domain.Driver is not enhanced.

[2025-03-27 10:00:40 #3 type] 
Type domain.Ride is not enhanced.

[2025-03-27 10:00:40 #4 type] 
Type domain.Passenger is not enhanced.

[2025-03-27 10:00:40 #5 type] 
Type domain.Reservation is not enhanced.

------------------------------------------------------------------------------------------------------------------------

[2025-03-27 10:03:09 #1 store] 
Database 'C:\Users\1153342\git\rides\Rides24\src\main\resources\rides.temp' is opened by 30656@Anne

[2025-03-27 10:03:09 #2 type] 
Type domain.Driver is not enhanced.

[2025-03-27 10:03:09 #3 type] 
Type domain.Ride is not enhanced.

[2025-03-27 10:03:09 #4 type] 
Type domain.Passenger is not enhanced.

[2025-03-27 10:03:09 #5 type] 
Type domain.Reservation is not enhanced.

------------------------------------------------------------------------------------------------------------------------

[2025-03-27 10:03:46 #1 store] 
Database 'C:\Users\1153342\git\rides\Rides24\src\main\resources\rides.temp' is opened by 32128@Anne

[2025-03-27 10:03:46 #2 type] 
Type domain.Driver is not enhanced.

[2025-03-27 10:03:46 #3 type] 
Type domain.Ride is not enhanced.

[2025-03-27 10:03:46 #4 type] 
Type domain.Passenger is not enhanced.

[2025-03-27 10:03:46 #5 type] 
Type domain.Reservation is not enhanced.

------------------------------------------------------------------------------------------------------------------------

[2025-03-27 10:07:38 #1 store] 
Database 'C:\Users\1153342\git\rides\Rides24\src\main\resources\rides.temp' is opened by 34324@Anne

[2025-03-27 10:07:38 #2 type] 
Type domain.Driver is not enhanced.

[2025-03-27 10:07:38 #3 type] 
Type domain.Ride is not enhanced.

[2025-03-27 10:07:38 #4 type] 
Type domain.Passenger is not enhanced.

[2025-03-27 10:07:38 #5 type] 
Type domain.Reservation is not enhanced.

------------------------------------------------------------------------------------------------------------------------

[2025-03-27 10:07:57 #1 store] 
Database 'C:\Users\1153342\git\rides\Rides24\src\main\resources\rides.temp' is opened by 31292@Anne

[2025-03-27 10:07:58 #2 type] 
Type domain.Driver is not enhanced.

[2025-03-27 10:07:58 #3 type] 
Type domain.Ride is not enhanced.

[2025-03-27 10:07:58 #4 type] 
Type domain.Passenger is not enhanced.

[2025-03-27 10:07:58 #5 type] 
Type domain.Reservation is not enhanced.

------------------------------------------------------------------------------------------------------------------------

[2025-03-27 10:08:48 #1 store] 
Database 'C:\Users\1153342\git\rides\Rides24\src\main\resources\rides.temp' has been recovered (tr. 27-27)

[2025-03-27 10:08:48 #2 store] 
Database 'C:\Users\1153342\git\rides\Rides24\src\main\resources\rides.temp' is opened by 26192@Anne

[2025-03-27 10:08:48 #3 type] 
Type domain.Driver is not enhanced.

[2025-03-27 10:08:48 #4 type] 
Type domain.Ride is not enhanced.

[2025-03-27 10:08:48 #5 type] 
Type domain.Passenger is not enhanced.

[2025-03-27 10:08:48 #6 type] 
Type domain.Reservation is not enhanced.

------------------------------------------------------------------------------------------------------------------------

[2025-03-27 10:09:16 #1 store] 
Database 'C:\Users\1153342\git\rides\Rides24\src\main\resources\rides.temp' is opened by 30188@Anne

[2025-03-27 10:09:17 #2 type] 
Type domain.Driver is not enhanced.

[2025-03-27 10:09:17 #3 type] 
Type domain.Ride is not enhanced.

[2025-03-27 10:09:17 #4 type] 
Type domain.Passenger is not enhanced.

[2025-03-27 10:09:17 #5 type] 
Type domain.Reservation is not enhanced.

------------------------------------------------------------------------------------------------------------------------

[2025-03-27 10:10:26 #1 store] 
Database 'C:\Users\1153342\git\rides\Rides24\src\main\resources\rides.temp' is opened by 448@Anne

[2025-03-27 10:10:26 #2 type] 
Type domain.Driver is not enhanced.

[2025-03-27 10:10:26 #3 type] 
Type domain.Ride is not enhanced.

[2025-03-27 10:10:26 #4 type] 
Type domain.Passenger is not enhanced.

[2025-03-27 10:10:26 #5 type] 
Type domain.Reservation is not enhanced.

------------------------------------------------------------------------------------------------------------------------

[2025-03-27 10:11:46 #1 store] 
Database 'C:\Users\1153342\git\rides\Rides24\src\main\resources\rides.temp' is opened by 11428@Anne

[2025-03-27 10:11:46 #2 type] 
Type domain.Driver is not enhanced.

[2025-03-27 10:11:46 #3 type] 
Type domain.Ride is not enhanced.

[2025-03-27 10:11:46 #4 type] 
Type domain.Passenger is not enhanced.

[2025-03-27 10:11:46 #5 type] 
Type domain.Reservation is not enhanced.

------------------------------------------------------------------------------------------------------------------------

[2025-03-27 10:14:49 #1 store] 
Database 'C:\Users\1153342\git\rides\Rides24\src\main\resources\rides.temp' is opened by 13668@Anne

[2025-03-27 10:14:49 #2 type] 
Type domain.Driver is not enhanced.

[2025-03-27 10:14:49 #3 type] 
Type domain.Ride is not enhanced.

[2025-03-27 10:14:49 #4 type] 
Type domain.Passenger is not enhanced.

[2025-03-27 10:14:49 #5 type] 
Type domain.Reservation is not enhanced.

------------------------------------------------------------------------------------------------------------------------

[2025-03-27 10:16:03 #1 store] 
Database 'C:\Users\1153342\git\rides\Rides24\src\main\resources\rides.temp' is opened by 39112@Anne

[2025-03-27 10:16:04 #2 type] 
Type domain.Driver is not enhanced.

[2025-03-27 10:16:04 #3 type] 
Type domain.Ride is not enhanced.

[2025-03-27 10:16:04 #4 type] 
Type domain.Passenger is not enhanced.

[2025-03-27 10:16:04 #5 type] 
Type domain.Reservation is not enhanced.

