------------------------------------------------------------------------------------------------------------------------

[2025-02-27 12:18:00 #1 store] 
Database 'C:\Users\baque\Downloads\Rides24-master\Rides24-master\src\main\resources\rides.temp' is opened by 29284@LAPTOP-8LAMOHBR

[2025-02-27 12:18:00 #2 type.registry] 
New type domain.Driver

[2025-02-27 12:18:00 #3 type] 
Type domain.Driver is not enhanced.

[2025-02-27 12:18:00 #4 type.registry] 
New type domain.Ride

[2025-02-27 12:18:00 #5 type] 
Type domain.Ride is not enhanced.

[2025-02-27 12:18:00 #6 type.registry] 
New type domain.Passenger

[2025-02-27 12:18:00 #7 type] 
Type domain.Passenger is not enhanced.

[2025-02-27 12:18:00 #8 type.registry] 
New type java.util.Vector<java.lang.Object>

[2025-02-27 12:18:00 #9 type.registry] 
New type java.util.Vector<domain.Ride>

[2025-02-27 12:18:00 #10 type.registry] 
New type java.util.Vector<domain.Passenger>

------------------------------------------------------------------------------------------------------------------------

[2025-02-27 12:20:09 #1 store] 
Database 'C:\Users\baque\Downloads\Rides24-master\Rides24-master\src\main\resources\rides.temp' is opened by 30580@LAPTOP-8LAMOHBR

[2025-02-27 12:20:09 #2 type.registry] 
New type domain.Driver

[2025-02-27 12:20:09 #3 type] 
Type domain.Driver is not enhanced.

[2025-02-27 12:20:09 #4 type.registry] 
New type domain.Ride

[2025-02-27 12:20:09 #5 type] 
Type domain.Ride is not enhanced.

[2025-02-27 12:20:09 #6 type.registry] 
New type domain.Passenger

[2025-02-27 12:20:09 #7 type] 
Type domain.Passenger is not enhanced.

[2025-02-27 12:20:09 #8 type.registry] 
New type java.util.Vector<java.lang.Object>

[2025-02-27 12:20:09 #9 type.registry] 
New type java.util.Vector<domain.Ride>

[2025-02-27 12:20:09 #10 type.registry] 
New type java.util.Vector<domain.Passenger>

------------------------------------------------------------------------------------------------------------------------

[2025-02-27 12:23:00 #1 store] 
Database 'C:\Users\baque\Downloads\Rides24-master\Rides24-master\src\main\resources\rides.temp' is opened by 30876@LAPTOP-8LAMOHBR

[2025-02-27 12:23:00 #2 type.registry] 
New type domain.Driver

[2025-02-27 12:23:00 #3 type] 
Type domain.Driver is not enhanced.

[2025-02-27 12:23:00 #4 type.registry] 
New type domain.Ride

[2025-02-27 12:23:00 #5 type] 
Type domain.Ride is not enhanced.

[2025-02-27 12:23:00 #6 type.registry] 
New type domain.Passenger

[2025-02-27 12:23:00 #7 type] 
Type domain.Passenger is not enhanced.

[2025-02-27 12:23:00 #8 type.registry] 
New type java.util.Vector<java.lang.Object>

[2025-02-27 12:23:00 #9 type.registry] 
New type java.util.Vector<domain.Ride>

[2025-02-27 12:23:00 #10 type.registry] 
New type java.util.Vector<domain.Passenger>

------------------------------------------------------------------------------------------------------------------------

[2025-02-27 12:25:37 #1 store] 
Database 'C:\Users\baque\Downloads\Rides24-master\Rides24-master\src\main\resources\rides.temp' is opened by 31596@LAPTOP-8LAMOHBR

[2025-02-27 12:25:38 #2 type.registry] 
New type domain.Driver

[2025-02-27 12:25:38 #3 type] 
Type domain.Driver is not enhanced.

[2025-02-27 12:25:38 #4 type.registry] 
New type domain.Ride

[2025-02-27 12:25:38 #5 type] 
Type domain.Ride is not enhanced.

[2025-02-27 12:25:38 #6 type.registry] 
New type domain.Passenger

[2025-02-27 12:25:38 #7 type] 
Type domain.Passenger is not enhanced.

[2025-02-27 12:25:38 #8 type.registry] 
New type java.util.Vector<java.lang.Object>

[2025-02-27 12:25:38 #9 type.registry] 
New type java.util.Vector<domain.Ride>

[2025-02-27 12:25:38 #10 type.registry] 
New type java.util.Vector<domain.Passenger>

------------------------------------------------------------------------------------------------------------------------

[2025-02-27 12:28:43 #1 store] 
Database 'C:\Users\baque\Downloads\Rides24-master\Rides24-master\src\main\resources\rides.temp' is opened by 18840@LAPTOP-8LAMOHBR

[2025-02-27 12:28:43 #2 type.registry] 
New type domain.Driver

[2025-02-27 12:28:43 #3 type] 
Type domain.Driver is not enhanced.

[2025-02-27 12:28:43 #4 type.registry] 
New type domain.Ride

[2025-02-27 12:28:43 #5 type] 
Type domain.Ride is not enhanced.

[2025-02-27 12:28:43 #6 type.registry] 
New type domain.Passenger

[2025-02-27 12:28:43 #7 type] 
Type domain.Passenger is not enhanced.

[2025-02-27 12:28:43 #8 type.registry] 
New type java.util.Vector<java.lang.Object>

[2025-02-27 12:28:43 #9 type.registry] 
New type java.util.Vector<domain.Ride>

[2025-02-27 12:28:43 #10 type.registry] 
New type java.util.Vector<domain.Passenger>

