------------------------------------------------------------------------------------------------------------------------

[2025-05-08 18:30:37 #1 store] 
Database 'C:\Users\34639\git\Rides\Rides24\src\main\resources\rides.temp' has been recovered (tr. 33-36)

[2025-05-08 18:30:37 #2 store] 
Database 'C:\Users\34639\git\Rides\Rides24\src\main\resources\rides.temp' is opened by 12324@DESKTOP-MHH985K

[2025-05-08 18:30:37 #3 type] 
Type domain.Driver is not enhanced.

[2025-05-08 18:30:37 #4 type] 
Type domain.Monedero is not enhanced.

[2025-05-08 18:30:37 #5 type] 
Type domain.Ride is not enhanced.

[2025-05-08 18:30:37 #6 type] 
Type domain.Transaction is not enhanced.

[2025-05-08 18:30:37 #7 type] 
Type domain.Passenger is not enhanced.

[2025-05-08 18:30:37 #8 type] 
Type domain.Reservation is not enhanced.

[2025-05-08 18:30:37 #9 type] 
Type domain.Mail is not enhanced.

------------------------------------------------------------------------------------------------------------------------

[2025-05-08 18:45:27 #1 store] 
Database 'C:\Users\34639\git\Rides\Rides24\src\main\resources\rides.temp' has been recovered (tr. 37-37)

[2025-05-08 18:45:27 #2 store] 
Database 'C:\Users\34639\git\Rides\Rides24\src\main\resources\rides.temp' is opened by 1772@DESKTOP-MHH985K

[2025-05-08 18:45:27 #3 type] 
Type domain.Driver is not enhanced.

[2025-05-08 18:45:27 #4 type] 
Type domain.Monedero is not enhanced.

[2025-05-08 18:45:27 #5 type] 
Type domain.Ride is not enhanced.

[2025-05-08 18:45:27 #6 type] 
Type domain.Transaction is not enhanced.

[2025-05-08 18:45:27 #7 type] 
Type domain.Passenger is not enhanced.

[2025-05-08 18:45:27 #8 type] 
Type domain.Reservation is not enhanced.

[2025-05-08 18:45:27 #9 type] 
Type domain.Mail is not enhanced.

[2025-05-08 18:46:24 #10 type.registry] 
New type domain.Car

[2025-05-08 18:46:24 #11 type] 
Type domain.Car is not enhanced.

[2025-05-08 18:46:28 #12 type.registry] 
New type domain.Rating

[2025-05-08 18:46:28 #13 type] 
Type domain.Rating is not enhanced.

------------------------------------------------------------------------------------------------------------------------

[2025-05-08 18:46:41 #1 store] 
Database 'C:\Users\34639\git\Rides\Rides24\src\main\resources\rides.temp' has been recovered (tr. 38-43)

[2025-05-08 18:46:41 #2 store] 
Database 'C:\Users\34639\git\Rides\Rides24\src\main\resources\rides.temp' is opened by 16296@DESKTOP-MHH985K

[2025-05-08 18:46:41 #3 type] 
Type domain.Driver is not enhanced.

[2025-05-08 18:46:41 #4 type] 
Type domain.Monedero is not enhanced.

[2025-05-08 18:46:41 #5 type] 
Type domain.Ride is not enhanced.

[2025-05-08 18:46:41 #6 type] 
Type domain.Transaction is not enhanced.

[2025-05-08 18:46:41 #7 type] 
Type domain.Passenger is not enhanced.

[2025-05-08 18:46:41 #8 type] 
Type domain.Reservation is not enhanced.

[2025-05-08 18:46:41 #9 type] 
Type domain.Mail is not enhanced.

[2025-05-08 18:46:41 #10 type] 
Type domain.Car is not enhanced.

[2025-05-08 18:46:41 #11 type] 
Type domain.Rating is not enhanced.

------------------------------------------------------------------------------------------------------------------------

[2025-05-08 18:46:55 #1 store] 
Database 'C:\Users\34639\git\Rides\Rides24\src\main\resources\rides.temp' is opened by 25464@DESKTOP-MHH985K

[2025-05-08 18:46:55 #2 type] 
Type domain.Driver is not enhanced.

[2025-05-08 18:46:55 #3 type] 
Type domain.Monedero is not enhanced.

[2025-05-08 18:46:55 #4 type] 
Type domain.Ride is not enhanced.

[2025-05-08 18:46:55 #5 type] 
Type domain.Transaction is not enhanced.

[2025-05-08 18:46:55 #6 type] 
Type domain.Passenger is not enhanced.

[2025-05-08 18:46:55 #7 type] 
Type domain.Reservation is not enhanced.

[2025-05-08 18:46:55 #8 type] 
Type domain.Mail is not enhanced.

[2025-05-08 18:46:55 #9 type] 
Type domain.Car is not enhanced.

[2025-05-08 18:46:55 #10 type] 
Type domain.Rating is not enhanced.

------------------------------------------------------------------------------------------------------------------------

[2025-05-08 18:47:23 #1 store] 
Database 'C:\Users\34639\git\Rides\Rides24\src\main\resources\rides.temp' has been recovered (tr. 44-44)

[2025-05-08 18:47:23 #2 store] 
Database 'C:\Users\34639\git\Rides\Rides24\src\main\resources\rides.temp' is opened by 19664@DESKTOP-MHH985K

[2025-05-08 18:47:23 #3 type] 
Type domain.Driver is not enhanced.

[2025-05-08 18:47:23 #4 type] 
Type domain.Monedero is not enhanced.

[2025-05-08 18:47:23 #5 type] 
Type domain.Ride is not enhanced.

[2025-05-08 18:47:23 #6 type] 
Type domain.Transaction is not enhanced.

[2025-05-08 18:47:23 #7 type] 
Type domain.Passenger is not enhanced.

[2025-05-08 18:47:23 #8 type] 
Type domain.Reservation is not enhanced.

[2025-05-08 18:47:23 #9 type] 
Type domain.Mail is not enhanced.

[2025-05-08 18:47:23 #10 type] 
Type domain.Car is not enhanced.

[2025-05-08 18:47:23 #11 type] 
Type domain.Rating is not enhanced.

------------------------------------------------------------------------------------------------------------------------

[2025-05-08 18:47:57 #1 store] 
Database 'C:\Users\34639\git\Rides\Rides24\src\main\resources\rides.temp' has been recovered (tr. 45-46)

[2025-05-08 18:47:57 #2 store] 
Database 'C:\Users\34639\git\Rides\Rides24\src\main\resources\rides.temp' is opened by 14780@DESKTOP-MHH985K

[2025-05-08 18:47:57 #3 type] 
Type domain.Driver is not enhanced.

[2025-05-08 18:47:57 #4 type] 
Type domain.Monedero is not enhanced.

[2025-05-08 18:47:57 #5 type] 
Type domain.Ride is not enhanced.

[2025-05-08 18:47:57 #6 type] 
Type domain.Transaction is not enhanced.

[2025-05-08 18:47:57 #7 type] 
Type domain.Passenger is not enhanced.

[2025-05-08 18:47:57 #8 type] 
Type domain.Reservation is not enhanced.

[2025-05-08 18:47:57 #9 type] 
Type domain.Mail is not enhanced.

[2025-05-08 18:47:57 #10 type] 
Type domain.Car is not enhanced.

[2025-05-08 18:47:57 #11 type] 
Type domain.Rating is not enhanced.

------------------------------------------------------------------------------------------------------------------------

[2025-05-08 18:48:12 #1 store] 
Database 'C:\Users\34639\git\Rides\Rides24\src\main\resources\rides.temp' has been recovered (tr. 47-48)

[2025-05-08 18:48:12 #2 store] 
Database 'C:\Users\34639\git\Rides\Rides24\src\main\resources\rides.temp' is opened by 9232@DESKTOP-MHH985K

[2025-05-08 18:48:12 #3 type] 
Type domain.Driver is not enhanced.

[2025-05-08 18:48:12 #4 type] 
Type domain.Monedero is not enhanced.

[2025-05-08 18:48:12 #5 type] 
Type domain.Ride is not enhanced.

[2025-05-08 18:48:12 #6 type] 
Type domain.Transaction is not enhanced.

[2025-05-08 18:48:12 #7 type] 
Type domain.Passenger is not enhanced.

[2025-05-08 18:48:12 #8 type] 
Type domain.Reservation is not enhanced.

[2025-05-08 18:48:12 #9 type] 
Type domain.Mail is not enhanced.

[2025-05-08 18:48:12 #10 type] 
Type domain.Car is not enhanced.

[2025-05-08 18:48:12 #11 type] 
Type domain.Rating is not enhanced.

------------------------------------------------------------------------------------------------------------------------

[2025-05-08 18:48:50 #1 store] 
Database 'C:\Users\34639\git\Rides\Rides24\src\main\resources\rides.temp' has been recovered (tr. 49-49)

[2025-05-08 18:48:50 #2 store] 
Database 'C:\Users\34639\git\Rides\Rides24\src\main\resources\rides.temp' is opened by 19712@DESKTOP-MHH985K

[2025-05-08 18:48:50 #3 type] 
Type domain.Driver is not enhanced.

[2025-05-08 18:48:50 #4 type] 
Type domain.Monedero is not enhanced.

[2025-05-08 18:48:50 #5 type] 
Type domain.Ride is not enhanced.

[2025-05-08 18:48:50 #6 type] 
Type domain.Transaction is not enhanced.

[2025-05-08 18:48:50 #7 type] 
Type domain.Passenger is not enhanced.

[2025-05-08 18:48:50 #8 type] 
Type domain.Reservation is not enhanced.

[2025-05-08 18:48:50 #9 type] 
Type domain.Mail is not enhanced.

[2025-05-08 18:48:50 #10 type] 
Type domain.Car is not enhanced.

[2025-05-08 18:48:50 #11 type] 
Type domain.Rating is not enhanced.

------------------------------------------------------------------------------------------------------------------------

[2025-05-08 18:49:23 #1 store] 
Database 'C:\Users\34639\git\Rides\Rides24\src\main\resources\rides.temp' has been recovered (tr. 50-51)

[2025-05-08 18:49:23 #2 store] 
Database 'C:\Users\34639\git\Rides\Rides24\src\main\resources\rides.temp' is opened by 14108@DESKTOP-MHH985K

[2025-05-08 18:49:23 #3 type] 
Type domain.Driver is not enhanced.

[2025-05-08 18:49:23 #4 type] 
Type domain.Monedero is not enhanced.

[2025-05-08 18:49:23 #5 type] 
Type domain.Ride is not enhanced.

[2025-05-08 18:49:23 #6 type] 
Type domain.Transaction is not enhanced.

[2025-05-08 18:49:23 #7 type] 
Type domain.Passenger is not enhanced.

[2025-05-08 18:49:23 #8 type] 
Type domain.Reservation is not enhanced.

[2025-05-08 18:49:23 #9 type] 
Type domain.Mail is not enhanced.

[2025-05-08 18:49:23 #10 type] 
Type domain.Car is not enhanced.

[2025-05-08 18:49:23 #11 type] 
Type domain.Rating is not enhanced.

------------------------------------------------------------------------------------------------------------------------

[2025-05-08 18:49:35 #1 store] 
Database 'C:\Users\34639\git\Rides\Rides24\src\main\resources\rides.temp' has been recovered (tr. 52-53)

[2025-05-08 18:49:35 #2 store] 
Database 'C:\Users\34639\git\Rides\Rides24\src\main\resources\rides.temp' is opened by 13684@DESKTOP-MHH985K

[2025-05-08 18:49:35 #3 type] 
Type domain.Driver is not enhanced.

[2025-05-08 18:49:35 #4 type] 
Type domain.Monedero is not enhanced.

[2025-05-08 18:49:35 #5 type] 
Type domain.Ride is not enhanced.

[2025-05-08 18:49:35 #6 type] 
Type domain.Transaction is not enhanced.

[2025-05-08 18:49:35 #7 type] 
Type domain.Passenger is not enhanced.

[2025-05-08 18:49:35 #8 type] 
Type domain.Reservation is not enhanced.

[2025-05-08 18:49:35 #9 type] 
Type domain.Mail is not enhanced.

[2025-05-08 18:49:35 #10 type] 
Type domain.Car is not enhanced.

[2025-05-08 18:49:35 #11 type] 
Type domain.Rating is not enhanced.

------------------------------------------------------------------------------------------------------------------------

[2025-05-08 18:49:54 #1 store] 
Database 'C:\Users\34639\git\Rides\Rides24\src\main\resources\rides.temp' has been recovered (tr. 54-55)

[2025-05-08 18:49:54 #2 store] 
Database 'C:\Users\34639\git\Rides\Rides24\src\main\resources\rides.temp' is opened by 11012@DESKTOP-MHH985K

[2025-05-08 18:49:54 #3 type] 
Type domain.Driver is not enhanced.

[2025-05-08 18:49:54 #4 type] 
Type domain.Monedero is not enhanced.

[2025-05-08 18:49:54 #5 type] 
Type domain.Ride is not enhanced.

[2025-05-08 18:49:54 #6 type] 
Type domain.Transaction is not enhanced.

[2025-05-08 18:49:54 #7 type] 
Type domain.Passenger is not enhanced.

[2025-05-08 18:49:54 #8 type] 
Type domain.Reservation is not enhanced.

[2025-05-08 18:49:54 #9 type] 
Type domain.Mail is not enhanced.

[2025-05-08 18:49:54 #10 type] 
Type domain.Car is not enhanced.

[2025-05-08 18:49:54 #11 type] 
Type domain.Rating is not enhanced.

------------------------------------------------------------------------------------------------------------------------

[2025-05-08 18:50:32 #1 store] 
Database 'C:\Users\34639\git\Rides\Rides24\src\main\resources\rides.temp' has been recovered (tr. 56-57)

[2025-05-08 18:50:32 #2 store] 
Database 'C:\Users\34639\git\Rides\Rides24\src\main\resources\rides.temp' is opened by 436@DESKTOP-MHH985K

[2025-05-08 18:50:32 #3 type] 
Type domain.Driver is not enhanced.

[2025-05-08 18:50:32 #4 type] 
Type domain.Monedero is not enhanced.

[2025-05-08 18:50:32 #5 type] 
Type domain.Ride is not enhanced.

[2025-05-08 18:50:32 #6 type] 
Type domain.Transaction is not enhanced.

[2025-05-08 18:50:32 #7 type] 
Type domain.Passenger is not enhanced.

[2025-05-08 18:50:32 #8 type] 
Type domain.Reservation is not enhanced.

[2025-05-08 18:50:32 #9 type] 
Type domain.Mail is not enhanced.

[2025-05-08 18:50:32 #10 type] 
Type domain.Car is not enhanced.

[2025-05-08 18:50:32 #11 type] 
Type domain.Rating is not enhanced.

------------------------------------------------------------------------------------------------------------------------

[2025-05-08 19:04:31 #1 store] 
Database 'C:\Users\34639\git\Rides\Rides24\src\main\resources\rides.temp' is opened by 13644@DESKTOP-MHH985K

[2025-05-08 19:04:31 #2 type] 
Type domain.Driver is not enhanced.

[2025-05-08 19:04:31 #3 type] 
Type domain.Monedero is not enhanced.

[2025-05-08 19:04:31 #4 type] 
Type domain.Ride is not enhanced.

[2025-05-08 19:04:31 #5 type] 
Type domain.Transaction is not enhanced.

[2025-05-08 19:04:31 #6 type] 
Type domain.Passenger is not enhanced.

[2025-05-08 19:04:31 #7 type] 
Type domain.Reservation is not enhanced.

[2025-05-08 19:04:31 #8 type] 
Type domain.Mail is not enhanced.

[2025-05-08 19:04:31 #9 type] 
Type domain.Car is not enhanced.

[2025-05-08 19:04:31 #10 type] 
Type domain.Rating is not enhanced.

------------------------------------------------------------------------------------------------------------------------

[2025-05-08 19:05:23 #1 store] 
Database 'C:\Users\34639\git\Rides\Rides24\src\main\resources\rides.temp' has been recovered (tr. 58-58)

[2025-05-08 19:05:23 #2 store] 
Database 'C:\Users\34639\git\Rides\Rides24\src\main\resources\rides.temp' is opened by 3080@DESKTOP-MHH985K

[2025-05-08 19:05:23 #3 type] 
Type domain.Driver is not enhanced.

[2025-05-08 19:05:23 #4 type] 
Type domain.Monedero is not enhanced.

[2025-05-08 19:05:23 #5 type] 
Type domain.Ride is not enhanced.

[2025-05-08 19:05:23 #6 type] 
Type domain.Transaction is not enhanced.

[2025-05-08 19:05:23 #7 type] 
Type domain.Passenger is not enhanced.

[2025-05-08 19:05:23 #8 type] 
Type domain.Reservation is not enhanced.

[2025-05-08 19:05:23 #9 type] 
Type domain.Mail is not enhanced.

[2025-05-08 19:05:23 #10 type] 
Type domain.Car is not enhanced.

[2025-05-08 19:05:23 #11 type] 
Type domain.Rating is not enhanced.

------------------------------------------------------------------------------------------------------------------------

[2025-05-08 19:10:06 #1 store] 
Database 'C:\Users\34639\git\Rides\Rides24\src\main\resources\rides.temp' has been recovered (tr. 59-59)

[2025-05-08 19:10:06 #2 store] 
Database 'C:\Users\34639\git\Rides\Rides24\src\main\resources\rides.temp' is opened by 22688@DESKTOP-MHH985K

[2025-05-08 19:10:06 #3 type] 
Type domain.Driver is not enhanced.

[2025-05-08 19:10:06 #4 type] 
Type domain.Monedero is not enhanced.

[2025-05-08 19:10:06 #5 type] 
Type domain.Ride is not enhanced.

[2025-05-08 19:10:06 #6 type] 
Type domain.Transaction is not enhanced.

[2025-05-08 19:10:06 #7 type] 
Type domain.Passenger is not enhanced.

[2025-05-08 19:10:06 #8 type] 
Type domain.Reservation is not enhanced.

[2025-05-08 19:10:06 #9 type] 
Type domain.Mail is not enhanced.

[2025-05-08 19:10:06 #10 type] 
Type domain.Car is not enhanced.

[2025-05-08 19:10:06 #11 type] 
Type domain.Rating is not enhanced.

------------------------------------------------------------------------------------------------------------------------

[2025-05-08 19:10:24 #1 store] 
Database 'C:\Users\34639\git\Rides\Rides24\src\main\resources\rides.temp' is opened by 10024@DESKTOP-MHH985K

[2025-05-08 19:10:24 #2 type] 
Type domain.Driver is not enhanced.

[2025-05-08 19:10:24 #3 type] 
Type domain.Monedero is not enhanced.

[2025-05-08 19:10:24 #4 type] 
Type domain.Ride is not enhanced.

[2025-05-08 19:10:24 #5 type] 
Type domain.Transaction is not enhanced.

[2025-05-08 19:10:24 #6 type] 
Type domain.Passenger is not enhanced.

[2025-05-08 19:10:24 #7 type] 
Type domain.Reservation is not enhanced.

[2025-05-08 19:10:24 #8 type] 
Type domain.Mail is not enhanced.

[2025-05-08 19:10:24 #9 type] 
Type domain.Car is not enhanced.

[2025-05-08 19:10:24 #10 type] 
Type domain.Rating is not enhanced.

------------------------------------------------------------------------------------------------------------------------

[2025-05-08 19:10:56 #1 store] 
Database 'C:\Users\34639\git\Rides\Rides24\src\main\resources\rides.temp' has been recovered (tr. 60-60)

[2025-05-08 19:10:56 #2 store] 
Database 'C:\Users\34639\git\Rides\Rides24\src\main\resources\rides.temp' is opened by 5724@DESKTOP-MHH985K

[2025-05-08 19:10:56 #3 type] 
Type domain.Driver is not enhanced.

[2025-05-08 19:10:56 #4 type] 
Type domain.Monedero is not enhanced.

[2025-05-08 19:10:56 #5 type] 
Type domain.Ride is not enhanced.

[2025-05-08 19:10:56 #6 type] 
Type domain.Transaction is not enhanced.

[2025-05-08 19:10:56 #7 type] 
Type domain.Passenger is not enhanced.

[2025-05-08 19:10:56 #8 type] 
Type domain.Reservation is not enhanced.

[2025-05-08 19:10:56 #9 type] 
Type domain.Mail is not enhanced.

[2025-05-08 19:10:56 #10 type] 
Type domain.Car is not enhanced.

[2025-05-08 19:10:56 #11 type] 
Type domain.Rating is not enhanced.

------------------------------------------------------------------------------------------------------------------------

[2025-05-08 19:12:56 #1 store] 
Database 'C:\Users\34639\git\Rides\Rides24\src\main\resources\rides.temp' has been recovered (tr. 61-61)

[2025-05-08 19:12:56 #2 store] 
Database 'C:\Users\34639\git\Rides\Rides24\src\main\resources\rides.temp' is opened by 10640@DESKTOP-MHH985K

[2025-05-08 19:12:56 #3 type] 
Type domain.Driver is not enhanced.

[2025-05-08 19:12:56 #4 type] 
Type domain.Monedero is not enhanced.

[2025-05-08 19:12:56 #5 type] 
Type domain.Ride is not enhanced.

[2025-05-08 19:12:56 #6 type] 
Type domain.Transaction is not enhanced.

[2025-05-08 19:12:56 #7 type] 
Type domain.Passenger is not enhanced.

[2025-05-08 19:12:56 #8 type] 
Type domain.Reservation is not enhanced.

[2025-05-08 19:12:56 #9 type] 
Type domain.Mail is not enhanced.

[2025-05-08 19:12:56 #10 type] 
Type domain.Car is not enhanced.

[2025-05-08 19:12:56 #11 type] 
Type domain.Rating is not enhanced.

------------------------------------------------------------------------------------------------------------------------

[2025-05-08 19:13:30 #1 store] 
Database 'C:\Users\34639\git\Rides\Rides24\src\main\resources\rides.temp' has been recovered (tr. 62-62)

[2025-05-08 19:13:30 #2 store] 
Database 'C:\Users\34639\git\Rides\Rides24\src\main\resources\rides.temp' is opened by 19884@DESKTOP-MHH985K

[2025-05-08 19:13:30 #3 type] 
Type domain.Driver is not enhanced.

[2025-05-08 19:13:30 #4 type] 
Type domain.Monedero is not enhanced.

[2025-05-08 19:13:30 #5 type] 
Type domain.Ride is not enhanced.

[2025-05-08 19:13:30 #6 type] 
Type domain.Transaction is not enhanced.

[2025-05-08 19:13:30 #7 type] 
Type domain.Passenger is not enhanced.

[2025-05-08 19:13:30 #8 type] 
Type domain.Reservation is not enhanced.

[2025-05-08 19:13:30 #9 type] 
Type domain.Mail is not enhanced.

[2025-05-08 19:13:30 #10 type] 
Type domain.Car is not enhanced.

[2025-05-08 19:13:30 #11 type] 
Type domain.Rating is not enhanced.

------------------------------------------------------------------------------------------------------------------------

[2025-05-08 19:17:23 #1 store] 
Database 'C:\Users\34639\git\Rides\Rides24\src\main\resources\rides.temp' has been recovered (tr. 63-63)

[2025-05-08 19:17:23 #2 store] 
Database 'C:\Users\34639\git\Rides\Rides24\src\main\resources\rides.temp' is opened by 2692@DESKTOP-MHH985K

[2025-05-08 19:17:23 #3 type] 
Type domain.Driver is not enhanced.

[2025-05-08 19:17:23 #4 type] 
Type domain.Monedero is not enhanced.

[2025-05-08 19:17:23 #5 type] 
Type domain.Ride is not enhanced.

[2025-05-08 19:17:23 #6 type] 
Type domain.Transaction is not enhanced.

[2025-05-08 19:17:23 #7 type] 
Type domain.Passenger is not enhanced.

[2025-05-08 19:17:23 #8 type] 
Type domain.Reservation is not enhanced.

[2025-05-08 19:17:23 #9 type] 
Type domain.Mail is not enhanced.

[2025-05-08 19:17:23 #10 type] 
Type domain.Car is not enhanced.

[2025-05-08 19:17:23 #11 type] 
Type domain.Rating is not enhanced.

------------------------------------------------------------------------------------------------------------------------

[2025-05-08 19:18:20 #1 store] 
Database 'C:\Users\34639\git\Rides\Rides24\src\main\resources\rides.temp' has been recovered (tr. 64-64)

[2025-05-08 19:18:20 #2 store] 
Database 'C:\Users\34639\git\Rides\Rides24\src\main\resources\rides.temp' is opened by 16976@DESKTOP-MHH985K

[2025-05-08 19:18:20 #3 type] 
Type domain.Driver is not enhanced.

[2025-05-08 19:18:20 #4 type] 
Type domain.Monedero is not enhanced.

[2025-05-08 19:18:20 #5 type] 
Type domain.Ride is not enhanced.

[2025-05-08 19:18:20 #6 type] 
Type domain.Transaction is not enhanced.

[2025-05-08 19:18:20 #7 type] 
Type domain.Passenger is not enhanced.

[2025-05-08 19:18:20 #8 type] 
Type domain.Reservation is not enhanced.

[2025-05-08 19:18:20 #9 type] 
Type domain.Mail is not enhanced.

[2025-05-08 19:18:20 #10 type] 
Type domain.Car is not enhanced.

[2025-05-08 19:18:20 #11 type] 
Type domain.Rating is not enhanced.

------------------------------------------------------------------------------------------------------------------------

[2025-05-08 19:25:36 #1 store] 
Database 'C:\Users\34639\git\Rides\Rides24\src\main\resources\rides.temp' has been recovered (tr. 65-65)

[2025-05-08 19:25:36 #2 store] 
Database 'C:\Users\34639\git\Rides\Rides24\src\main\resources\rides.temp' is opened by 11692@DESKTOP-MHH985K

[2025-05-08 19:25:36 #3 type] 
Type domain.Driver is not enhanced.

[2025-05-08 19:25:36 #4 type] 
Type domain.Monedero is not enhanced.

[2025-05-08 19:25:36 #5 type] 
Type domain.Ride is not enhanced.

[2025-05-08 19:25:36 #6 type] 
Type domain.Transaction is not enhanced.

[2025-05-08 19:25:36 #7 type] 
Type domain.Passenger is not enhanced.

[2025-05-08 19:25:36 #8 type] 
Type domain.Reservation is not enhanced.

[2025-05-08 19:25:36 #9 type] 
Type domain.Mail is not enhanced.

[2025-05-08 19:25:36 #10 type] 
Type domain.Car is not enhanced.

[2025-05-08 19:25:36 #11 type] 
Type domain.Rating is not enhanced.

------------------------------------------------------------------------------------------------------------------------

[2025-05-08 19:26:22 #1 store] 
Database 'C:\Users\34639\git\Rides\Rides24\src\main\resources\rides.temp' has been recovered (tr. 66-66)

[2025-05-08 19:26:22 #2 store] 
Database 'C:\Users\34639\git\Rides\Rides24\src\main\resources\rides.temp' is opened by 7132@DESKTOP-MHH985K

[2025-05-08 19:26:22 #3 type] 
Type domain.Driver is not enhanced.

[2025-05-08 19:26:22 #4 type] 
Type domain.Monedero is not enhanced.

[2025-05-08 19:26:22 #5 type] 
Type domain.Ride is not enhanced.

[2025-05-08 19:26:22 #6 type] 
Type domain.Transaction is not enhanced.

[2025-05-08 19:26:22 #7 type] 
Type domain.Passenger is not enhanced.

[2025-05-08 19:26:22 #8 type] 
Type domain.Reservation is not enhanced.

[2025-05-08 19:26:22 #9 type] 
Type domain.Mail is not enhanced.

[2025-05-08 19:26:22 #10 type] 
Type domain.Car is not enhanced.

[2025-05-08 19:26:22 #11 type] 
Type domain.Rating is not enhanced.

------------------------------------------------------------------------------------------------------------------------

[2025-05-08 19:27:27 #1 store] 
Database 'C:\Users\34639\git\Rides\Rides24\src\main\resources\rides.temp' has been recovered (tr. 67-67)

[2025-05-08 19:27:27 #2 store] 
Database 'C:\Users\34639\git\Rides\Rides24\src\main\resources\rides.temp' is opened by 21196@DESKTOP-MHH985K

[2025-05-08 19:27:27 #3 type] 
Type domain.Driver is not enhanced.

[2025-05-08 19:27:27 #4 type] 
Type domain.Monedero is not enhanced.

[2025-05-08 19:27:27 #5 type] 
Type domain.Ride is not enhanced.

[2025-05-08 19:27:27 #6 type] 
Type domain.Transaction is not enhanced.

[2025-05-08 19:27:27 #7 type] 
Type domain.Passenger is not enhanced.

[2025-05-08 19:27:27 #8 type] 
Type domain.Reservation is not enhanced.

[2025-05-08 19:27:27 #9 type] 
Type domain.Mail is not enhanced.

[2025-05-08 19:27:27 #10 type] 
Type domain.Car is not enhanced.

[2025-05-08 19:27:27 #11 type] 
Type domain.Rating is not enhanced.

------------------------------------------------------------------------------------------------------------------------

[2025-05-08 19:28:42 #1 store] 
Database 'C:\Users\34639\git\Rides\Rides24\src\main\resources\rides.temp' has been recovered (tr. 68-68)

[2025-05-08 19:28:42 #2 store] 
Database 'C:\Users\34639\git\Rides\Rides24\src\main\resources\rides.temp' is opened by 22256@DESKTOP-MHH985K

[2025-05-08 19:28:43 #3 type] 
Type domain.Driver is not enhanced.

[2025-05-08 19:28:43 #4 type] 
Type domain.Monedero is not enhanced.

[2025-05-08 19:28:43 #5 type] 
Type domain.Ride is not enhanced.

[2025-05-08 19:28:43 #6 type] 
Type domain.Transaction is not enhanced.

[2025-05-08 19:28:43 #7 type] 
Type domain.Passenger is not enhanced.

[2025-05-08 19:28:43 #8 type] 
Type domain.Reservation is not enhanced.

[2025-05-08 19:28:43 #9 type] 
Type domain.Mail is not enhanced.

[2025-05-08 19:28:43 #10 type] 
Type domain.Car is not enhanced.

[2025-05-08 19:28:43 #11 type] 
Type domain.Rating is not enhanced.

------------------------------------------------------------------------------------------------------------------------

[2025-05-08 19:31:02 #1 store] 
Database 'C:\Users\34639\git\Rides\Rides24\src\main\resources\rides.temp' has been recovered (tr. 69-69)

[2025-05-08 19:31:02 #2 store] 
Database 'C:\Users\34639\git\Rides\Rides24\src\main\resources\rides.temp' is opened by 9828@DESKTOP-MHH985K

[2025-05-08 19:31:02 #3 type] 
Type domain.Driver is not enhanced.

[2025-05-08 19:31:02 #4 type] 
Type domain.Monedero is not enhanced.

[2025-05-08 19:31:02 #5 type] 
Type domain.Ride is not enhanced.

[2025-05-08 19:31:02 #6 type] 
Type domain.Transaction is not enhanced.

[2025-05-08 19:31:02 #7 type] 
Type domain.Passenger is not enhanced.

[2025-05-08 19:31:02 #8 type] 
Type domain.Reservation is not enhanced.

[2025-05-08 19:31:02 #9 type] 
Type domain.Mail is not enhanced.

[2025-05-08 19:31:02 #10 type] 
Type domain.Car is not enhanced.

[2025-05-08 19:31:02 #11 type] 
Type domain.Rating is not enhanced.

------------------------------------------------------------------------------------------------------------------------

[2025-05-08 19:35:15 #1 store] 
Database 'C:\Users\34639\git\Rides\Rides24\src\main\resources\rides.temp' has been recovered (tr. 70-70)

[2025-05-08 19:35:15 #2 store] 
Database 'C:\Users\34639\git\Rides\Rides24\src\main\resources\rides.temp' is opened by 9664@DESKTOP-MHH985K

[2025-05-08 19:35:15 #3 type] 
Type domain.Driver is not enhanced.

[2025-05-08 19:35:15 #4 type] 
Type domain.Monedero is not enhanced.

[2025-05-08 19:35:15 #5 type] 
Type domain.Ride is not enhanced.

[2025-05-08 19:35:15 #6 type] 
Type domain.Transaction is not enhanced.

[2025-05-08 19:35:15 #7 type] 
Type domain.Passenger is not enhanced.

[2025-05-08 19:35:15 #8 type] 
Type domain.Reservation is not enhanced.

[2025-05-08 19:35:15 #9 type] 
Type domain.Mail is not enhanced.

[2025-05-08 19:35:15 #10 type] 
Type domain.Car is not enhanced.

[2025-05-08 19:35:15 #11 type] 
Type domain.Rating is not enhanced.

------------------------------------------------------------------------------------------------------------------------

[2025-05-08 19:39:01 #1 store] 
Database 'C:\Users\34639\git\Rides\Rides24\src\main\resources\rides.temp' has been recovered (tr. 71-72)

[2025-05-08 19:39:01 #2 store] 
Database 'C:\Users\34639\git\Rides\Rides24\src\main\resources\rides.temp' is opened by 25012@DESKTOP-MHH985K

[2025-05-08 19:39:02 #3 type] 
Type domain.Driver is not enhanced.

[2025-05-08 19:39:02 #4 type] 
Type domain.Monedero is not enhanced.

[2025-05-08 19:39:02 #5 type] 
Type domain.Ride is not enhanced.

[2025-05-08 19:39:02 #6 type] 
Type domain.Transaction is not enhanced.

[2025-05-08 19:39:02 #7 type] 
Type domain.Passenger is not enhanced.

[2025-05-08 19:39:02 #8 type] 
Type domain.Reservation is not enhanced.

[2025-05-08 19:39:02 #9 type] 
Type domain.Mail is not enhanced.

[2025-05-08 19:39:02 #10 type] 
Type domain.Car is not enhanced.

[2025-05-08 19:39:02 #11 type] 
Type domain.Rating is not enhanced.

------------------------------------------------------------------------------------------------------------------------

[2025-05-08 19:39:23 #1 store] 
Database 'C:\Users\34639\git\Rides\Rides24\src\main\resources\rides.temp' has been recovered (tr. 73-73)

[2025-05-08 19:39:23 #2 store] 
Database 'C:\Users\34639\git\Rides\Rides24\src\main\resources\rides.temp' is opened by 6752@DESKTOP-MHH985K

[2025-05-08 19:39:23 #3 type] 
Type domain.Driver is not enhanced.

[2025-05-08 19:39:23 #4 type] 
Type domain.Monedero is not enhanced.

[2025-05-08 19:39:23 #5 type] 
Type domain.Ride is not enhanced.

[2025-05-08 19:39:23 #6 type] 
Type domain.Transaction is not enhanced.

[2025-05-08 19:39:23 #7 type] 
Type domain.Passenger is not enhanced.

[2025-05-08 19:39:23 #8 type] 
Type domain.Reservation is not enhanced.

[2025-05-08 19:39:23 #9 type] 
Type domain.Mail is not enhanced.

[2025-05-08 19:39:23 #10 type] 
Type domain.Car is not enhanced.

[2025-05-08 19:39:23 #11 type] 
Type domain.Rating is not enhanced.

------------------------------------------------------------------------------------------------------------------------

[2025-05-08 19:53:18 #1 store] 
Database 'C:\Users\34639\git\Rides\Rides24\src\main\resources\rides.temp' is opened by 14308@DESKTOP-MHH985K

[2025-05-08 19:53:19 #2 type] 
Type domain.Driver is not enhanced.

[2025-05-08 19:53:19 #3 type] 
Type domain.Monedero is not enhanced.

[2025-05-08 19:53:19 #4 type] 
Type domain.Ride is not enhanced.

[2025-05-08 19:53:19 #5 type] 
Type domain.Transaction is not enhanced.

[2025-05-08 19:53:19 #6 type] 
Type domain.Passenger is not enhanced.

[2025-05-08 19:53:19 #7 type] 
Type domain.Reservation is not enhanced.

[2025-05-08 19:53:19 #8 type] 
Type domain.Mail is not enhanced.

[2025-05-08 19:53:19 #9 type] 
Type domain.Car is not enhanced.

[2025-05-08 19:53:19 #10 type] 
Type domain.Rating is not enhanced.

------------------------------------------------------------------------------------------------------------------------

[2025-05-08 19:54:16 #1 store] 
Database 'C:\Users\34639\git\Rides\Rides24\src\main\resources\rides.temp' has been recovered (tr. 74-75)

[2025-05-08 19:54:16 #2 store] 
Database 'C:\Users\34639\git\Rides\Rides24\src\main\resources\rides.temp' is opened by 18292@DESKTOP-MHH985K

[2025-05-08 19:54:16 #3 type] 
Type domain.Driver is not enhanced.

[2025-05-08 19:54:16 #4 type] 
Type domain.Monedero is not enhanced.

[2025-05-08 19:54:16 #5 type] 
Type domain.Ride is not enhanced.

[2025-05-08 19:54:16 #6 type] 
Type domain.Transaction is not enhanced.

[2025-05-08 19:54:16 #7 type] 
Type domain.Passenger is not enhanced.

[2025-05-08 19:54:16 #8 type] 
Type domain.Reservation is not enhanced.

[2025-05-08 19:54:16 #9 type] 
Type domain.Mail is not enhanced.

[2025-05-08 19:54:16 #10 type] 
Type domain.Car is not enhanced.

[2025-05-08 19:54:16 #11 type] 
Type domain.Rating is not enhanced.

------------------------------------------------------------------------------------------------------------------------

[2025-05-08 19:57:28 #1 store] 
Database 'C:\Users\34639\git\Rides\Rides24\src\main\resources\rides.temp' has been recovered (tr. 76-76)

[2025-05-08 19:57:28 #2 store] 
Database 'C:\Users\34639\git\Rides\Rides24\src\main\resources\rides.temp' is opened by 21100@DESKTOP-MHH985K

[2025-05-08 19:57:28 #3 type] 
Type domain.Driver is not enhanced.

[2025-05-08 19:57:28 #4 type] 
Type domain.Monedero is not enhanced.

[2025-05-08 19:57:28 #5 type] 
Type domain.Ride is not enhanced.

[2025-05-08 19:57:28 #6 type] 
Type domain.Transaction is not enhanced.

[2025-05-08 19:57:28 #7 type] 
Type domain.Passenger is not enhanced.

[2025-05-08 19:57:28 #8 type] 
Type domain.Reservation is not enhanced.

[2025-05-08 19:57:28 #9 type] 
Type domain.Mail is not enhanced.

[2025-05-08 19:57:28 #10 type] 
Type domain.Car is not enhanced.

[2025-05-08 19:57:28 #11 type] 
Type domain.Rating is not enhanced.

------------------------------------------------------------------------------------------------------------------------

[2025-05-08 20:00:20 #1 store] 
Database 'C:\Users\34639\git\Rides\Rides24\src\main\resources\rides.temp' is opened by 3880@DESKTOP-MHH985K

[2025-05-08 20:00:20 #2 type.registry] 
New type domain.Driver

[2025-05-08 20:00:20 #3 type] 
Type domain.Driver is not enhanced.

[2025-05-08 20:00:20 #4 type.registry] 
New type domain.Monedero

[2025-05-08 20:00:20 #5 type.registry] 
New type domain.Ride

[2025-05-08 20:00:20 #6 type] 
Type domain.Monedero is not enhanced.

[2025-05-08 20:00:20 #7 type.registry] 
New type domain.Transaction

[2025-05-08 20:00:20 #8 type.registry] 
New type java.util.ArrayList<domain.Transaction>

[2025-05-08 20:00:20 #9 type] 
Type domain.Ride is not enhanced.

[2025-05-08 20:00:20 #10 type.registry] 
New type domain.Passenger

[2025-05-08 20:00:20 #11 type] 
Type domain.Transaction is not enhanced.

[2025-05-08 20:00:20 #12 type] 
Type domain.Passenger is not enhanced.

[2025-05-08 20:00:20 #13 type.registry] 
New type java.util.Vector<java.lang.Object>

[2025-05-08 20:00:20 #14 type.registry] 
New type java.util.ArrayList<java.lang.Object>

[2025-05-08 20:00:20 #15 type.registry] 
New type java.util.Vector<domain.Ride>

[2025-05-08 20:00:20 #16 type.registry] 
New type java.util.Vector<domain.Passenger>

------------------------------------------------------------------------------------------------------------------------

[2025-05-08 20:00:28 #1 store] 
Database 'C:\Users\34639\git\Rides\Rides24\src\main\resources\rides.temp' has been recovered (tr. 1-8)

[2025-05-08 20:00:28 #2 store] 
Database 'C:\Users\34639\git\Rides\Rides24\src\main\resources\rides.temp' is opened by 8720@DESKTOP-MHH985K

[2025-05-08 20:00:28 #3 type] 
Type domain.Driver is not enhanced.

[2025-05-08 20:00:28 #4 type] 
Type domain.Monedero is not enhanced.

[2025-05-08 20:00:28 #5 type] 
Type domain.Ride is not enhanced.

[2025-05-08 20:00:28 #6 type] 
Type domain.Transaction is not enhanced.

[2025-05-08 20:00:28 #7 type] 
Type domain.Passenger is not enhanced.

------------------------------------------------------------------------------------------------------------------------

[2025-05-08 20:01:18 #1 store] 
Database 'C:\Users\34639\git\Rides\Rides24\src\main\resources\rides.temp' is opened by 2388@DESKTOP-MHH985K

[2025-05-08 20:01:18 #2 type.registry] 
New type domain.Driver

[2025-05-08 20:01:18 #3 type] 
Type domain.Driver is not enhanced.

[2025-05-08 20:01:18 #4 type.registry] 
New type domain.Monedero

[2025-05-08 20:01:18 #5 type.registry] 
New type domain.Ride

[2025-05-08 20:01:18 #6 type] 
Type domain.Monedero is not enhanced.

[2025-05-08 20:01:18 #7 type.registry] 
New type domain.Transaction

[2025-05-08 20:01:18 #8 type.registry] 
New type java.util.ArrayList<domain.Transaction>

[2025-05-08 20:01:18 #9 type] 
Type domain.Ride is not enhanced.

[2025-05-08 20:01:18 #10 type.registry] 
New type domain.Passenger

[2025-05-08 20:01:18 #11 type] 
Type domain.Transaction is not enhanced.

[2025-05-08 20:01:18 #12 type] 
Type domain.Passenger is not enhanced.

[2025-05-08 20:01:18 #13 type.registry] 
New type java.util.Vector<java.lang.Object>

[2025-05-08 20:01:18 #14 type.registry] 
New type java.util.ArrayList<java.lang.Object>

[2025-05-08 20:01:18 #15 type.registry] 
New type java.util.Vector<domain.Ride>

[2025-05-08 20:01:18 #16 type.registry] 
New type java.util.Vector<domain.Passenger>

[2025-05-08 20:01:32 #17 type.registry] 
New type domain.Mail

[2025-05-08 20:01:32 #18 type] 
Type domain.Mail is not enhanced.

------------------------------------------------------------------------------------------------------------------------

[2025-05-08 20:01:58 #1 store] 
Database 'C:\Users\34639\git\Rides\Rides24\src\main\resources\rides.temp' has been recovered (tr. 1-9)

[2025-05-08 20:01:58 #2 store] 
Database 'C:\Users\34639\git\Rides\Rides24\src\main\resources\rides.temp' is opened by 25732@DESKTOP-MHH985K

[2025-05-08 20:01:58 #3 type] 
Type domain.Driver is not enhanced.

[2025-05-08 20:01:58 #4 type] 
Type domain.Monedero is not enhanced.

[2025-05-08 20:01:58 #5 type] 
Type domain.Ride is not enhanced.

[2025-05-08 20:01:58 #6 type] 
Type domain.Transaction is not enhanced.

[2025-05-08 20:01:58 #7 type] 
Type domain.Passenger is not enhanced.

[2025-05-08 20:01:58 #8 type] 
Type domain.Mail is not enhanced.

[2025-05-08 20:02:26 #9 type.registry] 
New type domain.Reservation

[2025-05-08 20:02:26 #10 type] 
Type domain.Reservation is not enhanced.

------------------------------------------------------------------------------------------------------------------------

[2025-05-08 20:02:35 #1 store] 
Database 'C:\Users\34639\git\Rides\Rides24\src\main\resources\rides.temp' has been recovered (tr. 10-15)

[2025-05-08 20:02:35 #2 store] 
Database 'C:\Users\34639\git\Rides\Rides24\src\main\resources\rides.temp' is opened by 26404@DESKTOP-MHH985K

[2025-05-08 20:02:35 #3 type] 
Type domain.Driver is not enhanced.

[2025-05-08 20:02:35 #4 type] 
Type domain.Monedero is not enhanced.

[2025-05-08 20:02:35 #5 type] 
Type domain.Ride is not enhanced.

[2025-05-08 20:02:35 #6 type] 
Type domain.Transaction is not enhanced.

[2025-05-08 20:02:35 #7 type] 
Type domain.Passenger is not enhanced.

[2025-05-08 20:02:35 #8 type] 
Type domain.Mail is not enhanced.

[2025-05-08 20:02:35 #9 type] 
Type domain.Reservation is not enhanced.

------------------------------------------------------------------------------------------------------------------------

[2025-05-08 20:03:27 #1 store] 
Database 'C:\Users\34639\git\Rides\Rides24\src\main\resources\rides.temp' has been recovered (tr. 16-16)

[2025-05-08 20:03:28 #2 store] 
Database 'C:\Users\34639\git\Rides\Rides24\src\main\resources\rides.temp' is opened by 5284@DESKTOP-MHH985K

[2025-05-08 20:03:28 #3 type] 
Type domain.Driver is not enhanced.

[2025-05-08 20:03:28 #4 type] 
Type domain.Monedero is not enhanced.

[2025-05-08 20:03:28 #5 type] 
Type domain.Ride is not enhanced.

[2025-05-08 20:03:28 #6 type] 
Type domain.Transaction is not enhanced.

[2025-05-08 20:03:28 #7 type] 
Type domain.Passenger is not enhanced.

[2025-05-08 20:03:28 #8 type] 
Type domain.Mail is not enhanced.

[2025-05-08 20:03:28 #9 type] 
Type domain.Reservation is not enhanced.

------------------------------------------------------------------------------------------------------------------------

[2025-05-08 20:05:04 #1 store] 
Database 'C:\Users\34639\git\Rides\Rides24\src\main\resources\rides.temp' is opened by 5696@DESKTOP-MHH985K

[2025-05-08 20:05:04 #2 type] 
Type domain.Driver is not enhanced.

[2025-05-08 20:05:04 #3 type] 
Type domain.Monedero is not enhanced.

[2025-05-08 20:05:04 #4 type] 
Type domain.Ride is not enhanced.

[2025-05-08 20:05:04 #5 type] 
Type domain.Transaction is not enhanced.

[2025-05-08 20:05:04 #6 type] 
Type domain.Passenger is not enhanced.

[2025-05-08 20:05:04 #7 type] 
Type domain.Mail is not enhanced.

[2025-05-08 20:05:04 #8 type] 
Type domain.Reservation is not enhanced.

------------------------------------------------------------------------------------------------------------------------

[2025-05-08 20:14:26 #1 store] 
Database 'C:\Users\1153342\Downloads\TerceraIteracionCompleta\Rides24\src\main\resources\rides.temp' is opened by 18468@Anne

[2025-05-08 20:14:26 #2 type] 
Type domain.Driver is not enhanced.

[2025-05-08 20:14:26 #3 type] 
Type domain.Monedero is not enhanced.

[2025-05-08 20:14:26 #4 type] 
Type domain.Ride is not enhanced.

[2025-05-08 20:14:26 #5 type] 
Type domain.Transaction is not enhanced.

[2025-05-08 20:14:26 #6 type] 
Type domain.Passenger is not enhanced.

[2025-05-08 20:14:26 #7 type] 
Type domain.Mail is not enhanced.

[2025-05-08 20:14:26 #8 type] 
Type domain.Reservation is not enhanced.

------------------------------------------------------------------------------------------------------------------------

[2025-05-08 20:15:10 #1 store] 
Database 'C:\Users\1153342\Downloads\TerceraIteracionCompleta\Rides24\src\main\resources\rides.temp' has been recovered (tr. 17-18)

[2025-05-08 20:15:10 #2 store] 
Database 'C:\Users\1153342\Downloads\TerceraIteracionCompleta\Rides24\src\main\resources\rides.temp' is opened by 28772@Anne

[2025-05-08 20:15:10 #3 type] 
Type domain.Driver is not enhanced.

[2025-05-08 20:15:10 #4 type] 
Type domain.Monedero is not enhanced.

[2025-05-08 20:15:10 #5 type] 
Type domain.Ride is not enhanced.

[2025-05-08 20:15:10 #6 type] 
Type domain.Transaction is not enhanced.

[2025-05-08 20:15:10 #7 type] 
Type domain.Passenger is not enhanced.

[2025-05-08 20:15:10 #8 type] 
Type domain.Mail is not enhanced.

[2025-05-08 20:15:10 #9 type] 
Type domain.Reservation is not enhanced.

------------------------------------------------------------------------------------------------------------------------

[2025-05-08 20:15:31 #1 store] 
Database 'C:\Users\1153342\Downloads\TerceraIteracionCompleta\Rides24\src\main\resources\rides.temp' has been recovered (tr. 19-21)

[2025-05-08 20:15:31 #2 store] 
Database 'C:\Users\1153342\Downloads\TerceraIteracionCompleta\Rides24\src\main\resources\rides.temp' is opened by 21584@Anne

[2025-05-08 20:15:31 #3 type] 
Type domain.Driver is not enhanced.

[2025-05-08 20:15:31 #4 type] 
Type domain.Monedero is not enhanced.

[2025-05-08 20:15:31 #5 type] 
Type domain.Ride is not enhanced.

[2025-05-08 20:15:31 #6 type] 
Type domain.Transaction is not enhanced.

[2025-05-08 20:15:31 #7 type] 
Type domain.Passenger is not enhanced.

[2025-05-08 20:15:31 #8 type] 
Type domain.Mail is not enhanced.

[2025-05-08 20:15:31 #9 type] 
Type domain.Reservation is not enhanced.

------------------------------------------------------------------------------------------------------------------------

[2025-05-08 20:15:54 #1 store] 
Database 'C:\Users\1153342\Downloads\TerceraIteracionCompleta\Rides24\src\main\resources\rides.temp' has been recovered (tr. 22-22)

[2025-05-08 20:15:54 #2 store] 
Database 'C:\Users\1153342\Downloads\TerceraIteracionCompleta\Rides24\src\main\resources\rides.temp' is opened by 20156@Anne

[2025-05-08 20:15:54 #3 type] 
Type domain.Driver is not enhanced.

[2025-05-08 20:15:54 #4 type] 
Type domain.Monedero is not enhanced.

[2025-05-08 20:15:54 #5 type] 
Type domain.Ride is not enhanced.

[2025-05-08 20:15:54 #6 type] 
Type domain.Transaction is not enhanced.

[2025-05-08 20:15:54 #7 type] 
Type domain.Passenger is not enhanced.

[2025-05-08 20:15:54 #8 type] 
Type domain.Mail is not enhanced.

[2025-05-08 20:15:54 #9 type] 
Type domain.Reservation is not enhanced.

------------------------------------------------------------------------------------------------------------------------

[2025-05-08 20:16:10 #1 store] 
Database 'C:\Users\1153342\Downloads\TerceraIteracionCompleta\Rides24\src\main\resources\rides.temp' has been recovered (tr. 23-24)

[2025-05-08 20:16:10 #2 store] 
Database 'C:\Users\1153342\Downloads\TerceraIteracionCompleta\Rides24\src\main\resources\rides.temp' is opened by 13680@Anne

[2025-05-08 20:16:10 #3 type] 
Type domain.Driver is not enhanced.

[2025-05-08 20:16:10 #4 type] 
Type domain.Monedero is not enhanced.

[2025-05-08 20:16:10 #5 type] 
Type domain.Ride is not enhanced.

[2025-05-08 20:16:10 #6 type] 
Type domain.Transaction is not enhanced.

[2025-05-08 20:16:10 #7 type] 
Type domain.Passenger is not enhanced.

[2025-05-08 20:16:10 #8 type] 
Type domain.Mail is not enhanced.

[2025-05-08 20:16:10 #9 type] 
Type domain.Reservation is not enhanced.

------------------------------------------------------------------------------------------------------------------------

[2025-05-08 20:18:01 #1 store] 
Database 'C:\Users\1153342\Downloads\TerceraIteracionCompleta\Rides24\src\main\resources\rides.temp' has been recovered (tr. 25-26)

[2025-05-08 20:18:01 #2 store] 
Database 'C:\Users\1153342\Downloads\TerceraIteracionCompleta\Rides24\src\main\resources\rides.temp' is opened by 14140@Anne

[2025-05-08 20:18:01 #3 type] 
Type domain.Driver is not enhanced.

[2025-05-08 20:18:01 #4 type] 
Type domain.Monedero is not enhanced.

[2025-05-08 20:18:01 #5 type] 
Type domain.Ride is not enhanced.

[2025-05-08 20:18:01 #6 type] 
Type domain.Transaction is not enhanced.

[2025-05-08 20:18:01 #7 type] 
Type domain.Passenger is not enhanced.

[2025-05-08 20:18:01 #8 type] 
Type domain.Mail is not enhanced.

[2025-05-08 20:18:01 #9 type] 
Type domain.Reservation is not enhanced.

